[ 2017-10-25T09:08:34+08:00 ] 192.168.103.104 /weapp.zhongkaiyun.com/index.php?m=weapp&c=wxuser&a=checksessionkey
INFO: [ app_init ] --START--
INFO: Run Behavior\BuildLiteBehavior [ RunTime:0.000032s ]
INFO: [ app_init ] --END-- [ RunTime:0.000791s ]
INFO: [ app_begin ] --START--
INFO: Run Behavior\ReadHtmlCacheBehavior [ RunTime:0.000675s ]
INFO: [ app_begin ] --END-- [ RunTime:0.000768s ]
SQL: SHOW COLUMNS FROM `zk_sessionkey` [ RunTime:0.0009s ]
SQL: SELECT * FROM `zk_sessionkey` WHERE `session3key` = '5od9TYTayae2oGKG' LIMIT 1   [ RunTime:0.0004s ]

[ 2017-10-25T09:08:36+08:00 ] 192.168.103.104 /weapp.zhongkaiyun.com/index.php?m=Weapp&c=match&a=listAllMatchInfoUnfinished
INFO: [ app_init ] --START--
INFO: Run Behavior\BuildLiteBehavior [ RunTime:0.000009s ]
INFO: [ app_init ] --END-- [ RunTime:0.000175s ]
INFO: [ app_begin ] --START--
INFO: Run Behavior\ReadHtmlCacheBehavior [ RunTime:0.000216s ]
INFO: [ app_begin ] --END-- [ RunTime:0.000246s ]
SQL: SHOW COLUMNS FROM `zk_match` [ RunTime:0.0006s ]
SQL: SELECT * FROM `zk_match` WHERE `is_finish` = 0 ORDER BY gmt_create desc  [ RunTime:0.0004s ]
SQL: SHOW COLUMNS FROM `zk_event` [ RunTime:0.0004s ]
SQL: SELECT `name` FROM `zk_event` WHERE `event_id` = 36 LIMIT 1   [ RunTime:0.0002s ]
SQL: SHOW COLUMNS FROM `zk_image` [ RunTime:0.0004s ]
SQL: SELECT `image_url` FROM `zk_image` WHERE `match_id` = 2 LIMIT 1   [ RunTime:0.0003s ]
SQL: SELECT `name` FROM `zk_event` WHERE `event_id` = 7 LIMIT 1   [ RunTime:0.0002s ]
SQL: SELECT `image_url` FROM `zk_image` WHERE `match_id` = 1 LIMIT 1   [ RunTime:0.0001s ]

[ 2017-10-25T09:22:39+08:00 ] 192.168.103.104 /weapp.zhongkaiyun.com/index.php?m=weapp&c=wxuser&a=checksessionkey
INFO: [ app_init ] --START--
INFO: Run Behavior\BuildLiteBehavior [ RunTime:0.000011s ]
INFO: [ app_init ] --END-- [ RunTime:0.000382s ]
INFO: [ app_begin ] --START--
INFO: Run Behavior\ReadHtmlCacheBehavior [ RunTime:0.000552s ]
INFO: [ app_begin ] --END-- [ RunTime:0.000644s ]
SQL: SHOW COLUMNS FROM `zk_sessionkey` [ RunTime:0.0021s ]
SQL: SELECT * FROM `zk_sessionkey` WHERE `session3key` = '5od9TYTayae2oGKG' LIMIT 1   [ RunTime:0.0005s ]

[ 2017-10-25T09:22:51+08:00 ] 192.168.103.104 /weapp.zhongkaiyun.com/index.php?m=weapp&c=wxuser&a=checksessionkey
INFO: [ app_init ] --START--
INFO: Run Behavior\BuildLiteBehavior [ RunTime:0.000010s ]
INFO: [ app_init ] --END-- [ RunTime:0.000265s ]
INFO: [ app_begin ] --START--
INFO: Run Behavior\ReadHtmlCacheBehavior [ RunTime:0.000323s ]
INFO: [ app_begin ] --END-- [ RunTime:0.000392s ]
SQL: SHOW COLUMNS FROM `zk_sessionkey` [ RunTime:0.0005s ]
SQL: SELECT * FROM `zk_sessionkey` WHERE `session3key` = '5od9TYTayae2oGKG' LIMIT 1   [ RunTime:0.0002s ]

[ 2017-10-25T09:55:38+08:00 ] 192.168.103.104 /weapp.zhongkaiyun.com/index.php?m=weapp&c=wxuser&a=checksessionkey
INFO: [ app_init ] --START--
INFO: Run Behavior\BuildLiteBehavior [ RunTime:0.000017s ]
INFO: [ app_init ] --END-- [ RunTime:0.001022s ]
INFO: [ app_begin ] --START--
INFO: Run Behavior\ReadHtmlCacheBehavior [ RunTime:0.000531s ]
INFO: [ app_begin ] --END-- [ RunTime:0.000593s ]
SQL: SHOW COLUMNS FROM `zk_sessionkey` [ RunTime:0.0006s ]
SQL: SELECT * FROM `zk_sessionkey` WHERE `session3key` = '5od9TYTayae2oGKG' LIMIT 1   [ RunTime:0.0003s ]

[ 2017-10-25T09:56:12+08:00 ] 192.168.103.104 /weapp.zhongkaiyun.com/index.php?m=weapp&c=wxuser&a=checksessionkey
INFO: [ app_init ] --START--
INFO: Run Behavior\BuildLiteBehavior [ RunTime:0.000009s ]
INFO: [ app_init ] --END-- [ RunTime:0.000197s ]
INFO: [ app_begin ] --START--
INFO: Run Behavior\ReadHtmlCacheBehavior [ RunTime:0.000231s ]
INFO: [ app_begin ] --END-- [ RunTime:0.000262s ]
SQL: SHOW COLUMNS FROM `zk_sessionkey` [ RunTime:0.0004s ]
SQL: SELECT * FROM `zk_sessionkey` WHERE `session3key` = '5od9TYTayae2oGKG' LIMIT 1   [ RunTime:0.0004s ]

[ 2017-10-25T09:56:16+08:00 ] 192.168.103.104 /weapp.zhongkaiyun.com/index.php?m=Weapp&c=match&a=listAllMatchInfoUnfinished
INFO: [ app_init ] --START--
INFO: Run Behavior\BuildLiteBehavior [ RunTime:0.000009s ]
INFO: [ app_init ] --END-- [ RunTime:0.000206s ]
INFO: [ app_begin ] --START--
INFO: Run Behavior\ReadHtmlCacheBehavior [ RunTime:0.000411s ]
INFO: [ app_begin ] --END-- [ RunTime:0.000495s ]
SQL: SHOW COLUMNS FROM `zk_match` [ RunTime:0.0010s ]
SQL: SELECT * FROM `zk_match` WHERE `is_finish` = 0 ORDER BY gmt_create desc  [ RunTime:0.0006s ]
SQL: SHOW COLUMNS FROM `zk_event` [ RunTime:0.0007s ]
SQL: SELECT `name` FROM `zk_event` WHERE `event_id` = 36 LIMIT 1   [ RunTime:0.0003s ]
SQL: SHOW COLUMNS FROM `zk_image` [ RunTime:0.0007s ]
SQL: SELECT `image_url` FROM `zk_image` WHERE `match_id` = 2 LIMIT 1   [ RunTime:0.0004s ]
SQL: SELECT `name` FROM `zk_event` WHERE `event_id` = 7 LIMIT 1   [ RunTime:0.0007s ]
SQL: SELECT `image_url` FROM `zk_image` WHERE `match_id` = 1 LIMIT 1   [ RunTime:0.0003s ]

[ 2017-10-25T09:56:42+08:00 ] 192.168.103.104 /weapp.zhongkaiyun.com/index.php?m=weapp&c=wxuser&a=checksessionkey
INFO: [ app_init ] --START--
INFO: Run Behavior\BuildLiteBehavior [ RunTime:0.000015s ]
INFO: [ app_init ] --END-- [ RunTime:0.000502s ]
INFO: [ app_begin ] --START--
INFO: Run Behavior\ReadHtmlCacheBehavior [ RunTime:0.000320s ]
INFO: [ app_begin ] --END-- [ RunTime:0.000367s ]
SQL: SHOW COLUMNS FROM `zk_sessionkey` [ RunTime:0.0006s ]
SQL: SELECT * FROM `zk_sessionkey` WHERE `session3key` = '5od9TYTayae2oGKG' LIMIT 1   [ RunTime:0.0003s ]

[ 2017-10-25T10:04:54+08:00 ] 192.168.103.104 /weapp.zhongkaiyun.com/index.php?m=weapp&c=wxuser&a=checksessionkey
INFO: [ app_init ] --START--
INFO: Run Behavior\BuildLiteBehavior [ RunTime:0.000010s ]
INFO: [ app_init ] --END-- [ RunTime:0.000214s ]
INFO: [ app_begin ] --START--
INFO: Run Behavior\ReadHtmlCacheBehavior [ RunTime:0.000272s ]
INFO: [ app_begin ] --END-- [ RunTime:0.000312s ]
SQL: SHOW COLUMNS FROM `zk_sessionkey` [ RunTime:0.0005s ]
SQL: SELECT * FROM `zk_sessionkey` WHERE `session3key` = '5od9TYTayae2oGKG' LIMIT 1   [ RunTime:0.0002s ]

[ 2017-10-25T10:07:47+08:00 ] 192.168.103.104 /weapp.zhongkaiyun.com/index.php?m=weapp&c=wxuser&a=checksessionkey
INFO: [ app_init ] --START--
INFO: Run Behavior\BuildLiteBehavior [ RunTime:0.000015s ]
INFO: [ app_init ] --END-- [ RunTime:0.000323s ]
INFO: [ app_begin ] --START--
INFO: Run Behavior\ReadHtmlCacheBehavior [ RunTime:0.000390s ]
INFO: [ app_begin ] --END-- [ RunTime:0.000446s ]
SQL: SHOW COLUMNS FROM `zk_sessionkey` [ RunTime:0.0008s ]
SQL: SELECT * FROM `zk_sessionkey` WHERE `session3key` = '5od9TYTayae2oGKG' LIMIT 1   [ RunTime:0.0004s ]

[ 2017-10-25T10:13:16+08:00 ] 192.168.103.104 /weapp.zhongkaiyun.com/index.php?m=weapp&c=wxuser&a=checksessionkey
INFO: [ app_init ] --START--
INFO: Run Behavior\BuildLiteBehavior [ RunTime:0.000009s ]
INFO: [ app_init ] --END-- [ RunTime:0.000189s ]
INFO: [ app_begin ] --START--
INFO: Run Behavior\ReadHtmlCacheBehavior [ RunTime:0.000225s ]
INFO: [ app_begin ] --END-- [ RunTime:0.000257s ]
SQL: SHOW COLUMNS FROM `zk_sessionkey` [ RunTime:0.0008s ]
SQL: SELECT * FROM `zk_sessionkey` WHERE `session3key` = '5od9TYTayae2oGKG' LIMIT 1   [ RunTime:0.0003s ]

[ 2017-10-25T10:14:00+08:00 ] 192.168.103.104 /weapp.zhongkaiyun.com/index.php?m=weapp&c=wxuser&a=checksessionkey
INFO: [ app_init ] --START--
INFO: Run Behavior\BuildLiteBehavior [ RunTime:0.000010s ]
INFO: [ app_init ] --END-- [ RunTime:0.000276s ]
INFO: [ app_begin ] --START--
INFO: Run Behavior\ReadHtmlCacheBehavior [ RunTime:0.000332s ]
INFO: [ app_begin ] --END-- [ RunTime:0.000382s ]
SQL: SHOW COLUMNS FROM `zk_sessionkey` [ RunTime:0.0007s ]
SQL: SELECT * FROM `zk_sessionkey` WHERE `session3key` = '5od9TYTayae2oGKG' LIMIT 1   [ RunTime:0.0003s ]

[ 2017-10-25T10:16:06+08:00 ] 192.168.103.104 /weapp.zhongkaiyun.com/index.php?m=weapp&c=wxuser&a=checksessionkey
INFO: [ app_init ] --START--
INFO: Run Behavior\BuildLiteBehavior [ RunTime:0.000009s ]
INFO: [ app_init ] --END-- [ RunTime:0.000198s ]
INFO: [ app_begin ] --START--
INFO: Run Behavior\ReadHtmlCacheBehavior [ RunTime:0.000233s ]
INFO: [ app_begin ] --END-- [ RunTime:0.000263s ]
SQL: SHOW COLUMNS FROM `zk_sessionkey` [ RunTime:0.0004s ]
SQL: SELECT * FROM `zk_sessionkey` WHERE `session3key` = '5od9TYTayae2oGKG' LIMIT 1   [ RunTime:0.0003s ]

[ 2017-10-25T10:16:29+08:00 ] 192.168.103.104 /weapp.zhongkaiyun.com/index.php?m=weapp&c=wxuser&a=checksessionkey
INFO: [ app_init ] --START--
INFO: Run Behavior\BuildLiteBehavior [ RunTime:0.000035s ]
INFO: [ app_init ] --END-- [ RunTime:0.000519s ]
INFO: [ app_begin ] --START--
INFO: Run Behavior\ReadHtmlCacheBehavior [ RunTime:0.000618s ]
INFO: [ app_begin ] --END-- [ RunTime:0.000698s ]
SQL: SHOW COLUMNS FROM `zk_sessionkey` [ RunTime:0.0006s ]
SQL: SELECT * FROM `zk_sessionkey` WHERE `session3key` = '5od9TYTayae2oGKG' LIMIT 1   [ RunTime:0.0004s ]

[ 2017-10-25T10:17:07+08:00 ] 192.168.103.104 /weapp.zhongkaiyun.com/index.php?m=weapp&c=wxuser&a=checksessionkey
INFO: [ app_init ] --START--
INFO: Run Behavior\BuildLiteBehavior [ RunTime:0.000020s ]
INFO: [ app_init ] --END-- [ RunTime:0.000293s ]
INFO: [ app_begin ] --START--
INFO: Run Behavior\ReadHtmlCacheBehavior [ RunTime:0.000255s ]
INFO: [ app_begin ] --END-- [ RunTime:0.000298s ]
SQL: SHOW COLUMNS FROM `zk_sessionkey` [ RunTime:0.0008s ]
SQL: SELECT * FROM `zk_sessionkey` WHERE `session3key` = '5od9TYTayae2oGKG' LIMIT 1   [ RunTime:0.0003s ]

[ 2017-10-25T10:17:26+08:00 ] 192.168.103.104 /weapp.zhongkaiyun.com/index.php?m=weapp&c=wxuser&a=checksessionkey
INFO: [ app_init ] --START--
INFO: Run Behavior\BuildLiteBehavior [ RunTime:0.000017s ]
INFO: [ app_init ] --END-- [ RunTime:0.000339s ]
INFO: [ app_begin ] --START--
INFO: Run Behavior\ReadHtmlCacheBehavior [ RunTime:0.000440s ]
INFO: [ app_begin ] --END-- [ RunTime:0.000501s ]
SQL: SHOW COLUMNS FROM `zk_sessionkey` [ RunTime:0.0005s ]
SQL: SELECT * FROM `zk_sessionkey` WHERE `session3key` = '5od9TYTayae2oGKG' LIMIT 1   [ RunTime:0.0004s ]

[ 2017-10-25T10:17:42+08:00 ] 192.168.103.104 /weapp.zhongkaiyun.com/index.php?m=weapp&c=wxuser&a=checksessionkey
INFO: [ app_init ] --START--
INFO: Run Behavior\BuildLiteBehavior [ RunTime:0.000010s ]
INFO: [ app_init ] --END-- [ RunTime:0.000200s ]
INFO: [ app_begin ] --START--
INFO: Run Behavior\ReadHtmlCacheBehavior [ RunTime:0.000617s ]
INFO: [ app_begin ] --END-- [ RunTime:0.000703s ]
SQL: SHOW COLUMNS FROM `zk_sessionkey` [ RunTime:0.0006s ]
SQL: SELECT * FROM `zk_sessionkey` WHERE `session3key` = '5od9TYTayae2oGKG' LIMIT 1   [ RunTime:0.0005s ]

[ 2017-10-25T10:17:58+08:00 ] 192.168.103.104 /weapp.zhongkaiyun.com/index.php?m=weapp&c=wxuser&a=checksessionkey
INFO: [ app_init ] --START--
INFO: Run Behavior\BuildLiteBehavior [ RunTime:0.000009s ]
INFO: [ app_init ] --END-- [ RunTime:0.000187s ]
INFO: [ app_begin ] --START--
INFO: Run Behavior\ReadHtmlCacheBehavior [ RunTime:0.000232s ]
INFO: [ app_begin ] --END-- [ RunTime:0.000264s ]
SQL: SHOW COLUMNS FROM `zk_sessionkey` [ RunTime:0.0004s ]
SQL: SELECT * FROM `zk_sessionkey` WHERE `session3key` = '5od9TYTayae2oGKG' LIMIT 1   [ RunTime:0.0002s ]

[ 2017-10-25T10:18:31+08:00 ] 192.168.103.104 /weapp.zhongkaiyun.com/index.php?m=weapp&c=wxuser&a=checksessionkey
INFO: [ app_init ] --START--
INFO: Run Behavior\BuildLiteBehavior [ RunTime:0.000111s ]
INFO: [ app_init ] --END-- [ RunTime:0.000855s ]
INFO: [ app_begin ] --START--
INFO: Run Behavior\ReadHtmlCacheBehavior [ RunTime:0.000376s ]
INFO: [ app_begin ] --END-- [ RunTime:0.000428s ]
SQL: SHOW COLUMNS FROM `zk_sessionkey` [ RunTime:0.0005s ]
SQL: SELECT * FROM `zk_sessionkey` WHERE `session3key` = '5od9TYTayae2oGKG' LIMIT 1   [ RunTime:0.0003s ]

[ 2017-10-25T10:18:55+08:00 ] 192.168.103.104 /weapp.zhongkaiyun.com/index.php?m=weapp&c=wxuser&a=checksessionkey
INFO: [ app_init ] --START--
INFO: Run Behavior\BuildLiteBehavior [ RunTime:0.000009s ]
INFO: [ app_init ] --END-- [ RunTime:0.000178s ]
INFO: [ app_begin ] --START--
INFO: Run Behavior\ReadHtmlCacheBehavior [ RunTime:0.000215s ]
INFO: [ app_begin ] --END-- [ RunTime:0.000245s ]
SQL: SHOW COLUMNS FROM `zk_sessionkey` [ RunTime:0.0004s ]
SQL: SELECT * FROM `zk_sessionkey` WHERE `session3key` = '5od9TYTayae2oGKG' LIMIT 1   [ RunTime:0.0002s ]

[ 2017-10-25T10:20:01+08:00 ] 192.168.103.104 /weapp.zhongkaiyun.com/index.php?m=weapp&c=wxuser&a=checksessionkey
INFO: [ app_init ] --START--
INFO: Run Behavior\BuildLiteBehavior [ RunTime:0.000009s ]
INFO: [ app_init ] --END-- [ RunTime:0.000180s ]
INFO: [ app_begin ] --START--
INFO: Run Behavior\ReadHtmlCacheBehavior [ RunTime:0.000325s ]
INFO: [ app_begin ] --END-- [ RunTime:0.000366s ]
SQL: SHOW COLUMNS FROM `zk_sessionkey` [ RunTime:0.0005s ]
SQL: SELECT * FROM `zk_sessionkey` WHERE `session3key` = '5od9TYTayae2oGKG' LIMIT 1   [ RunTime:0.0003s ]

[ 2017-10-25T10:21:33+08:00 ] 192.168.103.104 /weapp.zhongkaiyun.com/index.php?m=weapp&c=wxuser&a=checksessionkey
INFO: [ app_init ] --START--
INFO: Run Behavior\BuildLiteBehavior [ RunTime:0.000009s ]
INFO: [ app_init ] --END-- [ RunTime:0.000200s ]
INFO: [ app_begin ] --START--
INFO: Run Behavior\ReadHtmlCacheBehavior [ RunTime:0.000664s ]
INFO: [ app_begin ] --END-- [ RunTime:0.000714s ]
SQL: SHOW COLUMNS FROM `zk_sessionkey` [ RunTime:0.0005s ]
SQL: SELECT * FROM `zk_sessionkey` WHERE `session3key` = '5od9TYTayae2oGKG' LIMIT 1   [ RunTime:0.0004s ]

[ 2017-10-25T10:22:06+08:00 ] 192.168.103.104 /weapp.zhongkaiyun.com/index.php?m=weapp&c=wxuser&a=checksessionkey
INFO: [ app_init ] --START--
INFO: Run Behavior\BuildLiteBehavior [ RunTime:0.000011s ]
INFO: [ app_init ] --END-- [ RunTime:0.000280s ]
INFO: [ app_begin ] --START--
INFO: Run Behavior\ReadHtmlCacheBehavior [ RunTime:0.000558s ]
INFO: [ app_begin ] --END-- [ RunTime:0.000638s ]
SQL: SHOW COLUMNS FROM `zk_sessionkey` [ RunTime:0.0004s ]
SQL: SELECT * FROM `zk_sessionkey` WHERE `session3key` = '5od9TYTayae2oGKG' LIMIT 1   [ RunTime:0.0003s ]

[ 2017-10-25T10:22:14+08:00 ] 192.168.103.104 /weapp.zhongkaiyun.com/index.php?m=weapp&c=wxuser&a=checksessionkey
INFO: [ app_init ] --START--
INFO: Run Behavior\BuildLiteBehavior [ RunTime:0.000010s ]
INFO: [ app_init ] --END-- [ RunTime:0.000298s ]
INFO: [ app_begin ] --START--
INFO: Run Behavior\ReadHtmlCacheBehavior [ RunTime:0.000375s ]
INFO: [ app_begin ] --END-- [ RunTime:0.000429s ]
SQL: SHOW COLUMNS FROM `zk_sessionkey` [ RunTime:0.0004s ]
SQL: SELECT * FROM `zk_sessionkey` WHERE `session3key` = '5od9TYTayae2oGKG' LIMIT 1   [ RunTime:0.0004s ]

[ 2017-10-25T10:22:58+08:00 ] 192.168.103.104 /weapp.zhongkaiyun.com/index.php?m=weapp&c=wxuser&a=checksessionkey
INFO: [ app_init ] --START--
INFO: Run Behavior\BuildLiteBehavior [ RunTime:0.000023s ]
INFO: [ app_init ] --END-- [ RunTime:0.000497s ]
INFO: [ app_begin ] --START--
INFO: Run Behavior\ReadHtmlCacheBehavior [ RunTime:0.000563s ]
INFO: [ app_begin ] --END-- [ RunTime:0.000651s ]
SQL: SHOW COLUMNS FROM `zk_sessionkey` [ RunTime:0.0005s ]
SQL: SELECT * FROM `zk_sessionkey` WHERE `session3key` = '5od9TYTayae2oGKG' LIMIT 1   [ RunTime:0.0004s ]

[ 2017-10-25T10:23:09+08:00 ] 192.168.103.104 /weapp.zhongkaiyun.com/index.php?m=weapp&c=wxuser&a=checksessionkey
INFO: [ app_init ] --START--
INFO: Run Behavior\BuildLiteBehavior [ RunTime:0.000009s ]
INFO: [ app_init ] --END-- [ RunTime:0.000193s ]
INFO: [ app_begin ] --START--
INFO: Run Behavior\ReadHtmlCacheBehavior [ RunTime:0.000551s ]
INFO: [ app_begin ] --END-- [ RunTime:0.000604s ]
SQL: SHOW COLUMNS FROM `zk_sessionkey` [ RunTime:0.0007s ]
SQL: SELECT * FROM `zk_sessionkey` WHERE `session3key` = '5od9TYTayae2oGKG' LIMIT 1   [ RunTime:0.0004s ]

[ 2017-10-25T10:23:16+08:00 ] 192.168.103.104 /weapp.zhongkaiyun.com/index.php?m=weapp&c=wxuser&a=checksessionkey
INFO: [ app_init ] --START--
INFO: Run Behavior\BuildLiteBehavior [ RunTime:0.000023s ]
INFO: [ app_init ] --END-- [ RunTime:0.000393s ]
INFO: [ app_begin ] --START--
INFO: Run Behavior\ReadHtmlCacheBehavior [ RunTime:0.000492s ]
INFO: [ app_begin ] --END-- [ RunTime:0.000583s ]
SQL: SHOW COLUMNS FROM `zk_sessionkey` [ RunTime:0.0006s ]
SQL: SELECT * FROM `zk_sessionkey` WHERE `session3key` = '5od9TYTayae2oGKG' LIMIT 1   [ RunTime:0.0003s ]

[ 2017-10-25T10:23:30+08:00 ] 192.168.103.104 /weapp.zhongkaiyun.com/index.php?m=weapp&c=wxuser&a=checksessionkey
INFO: [ app_init ] --START--
INFO: Run Behavior\BuildLiteBehavior [ RunTime:0.000009s ]
INFO: [ app_init ] --END-- [ RunTime:0.000177s ]
INFO: [ app_begin ] --START--
INFO: Run Behavior\ReadHtmlCacheBehavior [ RunTime:0.000215s ]
INFO: [ app_begin ] --END-- [ RunTime:0.000245s ]
SQL: SHOW COLUMNS FROM `zk_sessionkey` [ RunTime:0.0005s ]
SQL: SELECT * FROM `zk_sessionkey` WHERE `session3key` = '5od9TYTayae2oGKG' LIMIT 1   [ RunTime:0.0003s ]

[ 2017-10-25T10:23:43+08:00 ] 192.168.103.104 /weapp.zhongkaiyun.com/index.php?m=weapp&c=wxuser&a=checksessionkey
INFO: [ app_init ] --START--
INFO: Run Behavior\BuildLiteBehavior [ RunTime:0.000008s ]
INFO: [ app_init ] --END-- [ RunTime:0.000177s ]
INFO: [ app_begin ] --START--
INFO: Run Behavior\ReadHtmlCacheBehavior [ RunTime:0.000215s ]
INFO: [ app_begin ] --END-- [ RunTime:0.000249s ]
SQL: SHOW COLUMNS FROM `zk_sessionkey` [ RunTime:0.0004s ]
SQL: SELECT * FROM `zk_sessionkey` WHERE `session3key` = '5od9TYTayae2oGKG' LIMIT 1   [ RunTime:0.0002s ]

[ 2017-10-25T10:23:51+08:00 ] 192.168.103.104 /weapp.zhongkaiyun.com/index.php?m=weapp&c=wxuser&a=checksessionkey
INFO: [ app_init ] --START--
INFO: Run Behavior\BuildLiteBehavior [ RunTime:0.000008s ]
INFO: [ app_init ] --END-- [ RunTime:0.000180s ]
INFO: [ app_begin ] --START--
INFO: Run Behavior\ReadHtmlCacheBehavior [ RunTime:0.000221s ]
INFO: [ app_begin ] --END-- [ RunTime:0.000251s ]
SQL: SHOW COLUMNS FROM `zk_sessionkey` [ RunTime:0.0004s ]
SQL: SELECT * FROM `zk_sessionkey` WHERE `session3key` = '5od9TYTayae2oGKG' LIMIT 1   [ RunTime:0.0002s ]

[ 2017-10-25T10:23:56+08:00 ] 192.168.103.104 /weapp.zhongkaiyun.com/index.php?m=weapp&c=wxuser&a=checksessionkey
INFO: [ app_init ] --START--
INFO: Run Behavior\BuildLiteBehavior [ RunTime:0.000009s ]
INFO: [ app_init ] --END-- [ RunTime:0.000197s ]
INFO: [ app_begin ] --START--
INFO: Run Behavior\ReadHtmlCacheBehavior [ RunTime:0.000232s ]
INFO: [ app_begin ] --END-- [ RunTime:0.000268s ]
SQL: SHOW COLUMNS FROM `zk_sessionkey` [ RunTime:0.0007s ]
SQL: SELECT * FROM `zk_sessionkey` WHERE `session3key` = '5od9TYTayae2oGKG' LIMIT 1   [ RunTime:0.0005s ]

[ 2017-10-25T10:24:06+08:00 ] 192.168.103.104 /weapp.zhongkaiyun.com/index.php?m=weapp&c=wxuser&a=checksessionkey
INFO: [ app_init ] --START--
INFO: Run Behavior\BuildLiteBehavior [ RunTime:0.000012s ]
INFO: [ app_init ] --END-- [ RunTime:0.000423s ]
INFO: [ app_begin ] --START--
INFO: Run Behavior\ReadHtmlCacheBehavior [ RunTime:0.000560s ]
INFO: [ app_begin ] --END-- [ RunTime:0.000629s ]
SQL: SHOW COLUMNS FROM `zk_sessionkey` [ RunTime:0.0006s ]
SQL: SELECT * FROM `zk_sessionkey` WHERE `session3key` = '5od9TYTayae2oGKG' LIMIT 1   [ RunTime:0.0005s ]

[ 2017-10-25T10:24:27+08:00 ] 192.168.103.104 /weapp.zhongkaiyun.com/index.php?m=weapp&c=wxuser&a=checksessionkey
INFO: [ app_init ] --START--
INFO: Run Behavior\BuildLiteBehavior [ RunTime:0.000009s ]
INFO: [ app_init ] --END-- [ RunTime:0.000188s ]
INFO: [ app_begin ] --START--
INFO: Run Behavior\ReadHtmlCacheBehavior [ RunTime:0.000816s ]
INFO: [ app_begin ] --END-- [ RunTime:0.001317s ]
SQL: SHOW COLUMNS FROM `zk_sessionkey` [ RunTime:0.0007s ]
SQL: SELECT * FROM `zk_sessionkey` WHERE `session3key` = '5od9TYTayae2oGKG' LIMIT 1   [ RunTime:0.0004s ]

[ 2017-10-25T10:24:54+08:00 ] 192.168.103.104 /weapp.zhongkaiyun.com/index.php?m=weapp&c=wxuser&a=checksessionkey
INFO: [ app_init ] --START--
INFO: Run Behavior\BuildLiteBehavior [ RunTime:0.000009s ]
INFO: [ app_init ] --END-- [ RunTime:0.000186s ]
INFO: [ app_begin ] --START--
INFO: Run Behavior\ReadHtmlCacheBehavior [ RunTime:0.000243s ]
INFO: [ app_begin ] --END-- [ RunTime:0.000274s ]
SQL: SHOW COLUMNS FROM `zk_sessionkey` [ RunTime:0.0004s ]
SQL: SELECT * FROM `zk_sessionkey` WHERE `session3key` = '5od9TYTayae2oGKG' LIMIT 1   [ RunTime:0.0002s ]

[ 2017-10-25T10:25:03+08:00 ] 192.168.103.104 /weapp.zhongkaiyun.com/index.php?m=weapp&c=wxuser&a=checksessionkey
INFO: [ app_init ] --START--
INFO: Run Behavior\BuildLiteBehavior [ RunTime:0.000079s ]
INFO: [ app_init ] --END-- [ RunTime:0.000457s ]
INFO: [ app_begin ] --START--
INFO: Run Behavior\ReadHtmlCacheBehavior [ RunTime:0.000333s ]
INFO: [ app_begin ] --END-- [ RunTime:0.000368s ]
SQL: SHOW COLUMNS FROM `zk_sessionkey` [ RunTime:0.0006s ]
SQL: SELECT * FROM `zk_sessionkey` WHERE `session3key` = '5od9TYTayae2oGKG' LIMIT 1   [ RunTime:0.0009s ]

[ 2017-10-25T10:25:07+08:00 ] 192.168.103.104 /weapp.zhongkaiyun.com/index.php?m=weapp&c=wxuser&a=checksessionkey
INFO: [ app_init ] --START--
INFO: Run Behavior\BuildLiteBehavior [ RunTime:0.000009s ]
INFO: [ app_init ] --END-- [ RunTime:0.000194s ]
INFO: [ app_begin ] --START--
INFO: Run Behavior\ReadHtmlCacheBehavior [ RunTime:0.000222s ]
INFO: [ app_begin ] --END-- [ RunTime:0.000252s ]
SQL: SHOW COLUMNS FROM `zk_sessionkey` [ RunTime:0.0007s ]
SQL: SELECT * FROM `zk_sessionkey` WHERE `session3key` = '5od9TYTayae2oGKG' LIMIT 1   [ RunTime:0.0004s ]

[ 2017-10-25T10:25:12+08:00 ] 192.168.103.104 /weapp.zhongkaiyun.com/index.php?m=weapp&c=wxuser&a=checksessionkey
INFO: [ app_init ] --START--
INFO: Run Behavior\BuildLiteBehavior [ RunTime:0.000008s ]
INFO: [ app_init ] --END-- [ RunTime:0.000183s ]
INFO: [ app_begin ] --START--
INFO: Run Behavior\ReadHtmlCacheBehavior [ RunTime:0.000295s ]
INFO: [ app_begin ] --END-- [ RunTime:0.000328s ]
SQL: SHOW COLUMNS FROM `zk_sessionkey` [ RunTime:0.0004s ]
SQL: SELECT * FROM `zk_sessionkey` WHERE `session3key` = '5od9TYTayae2oGKG' LIMIT 1   [ RunTime:0.0002s ]

[ 2017-10-25T10:25:16+08:00 ] 192.168.103.104 /weapp.zhongkaiyun.com/index.php?m=weapp&c=wxuser&a=checksessionkey
INFO: [ app_init ] --START--
INFO: Run Behavior\BuildLiteBehavior [ RunTime:0.000009s ]
INFO: [ app_init ] --END-- [ RunTime:0.000207s ]
INFO: [ app_begin ] --START--
INFO: Run Behavior\ReadHtmlCacheBehavior [ RunTime:0.000219s ]
INFO: [ app_begin ] --END-- [ RunTime:0.000247s ]
SQL: SHOW COLUMNS FROM `zk_sessionkey` [ RunTime:0.0004s ]
SQL: SELECT * FROM `zk_sessionkey` WHERE `session3key` = '5od9TYTayae2oGKG' LIMIT 1   [ RunTime:0.0003s ]

[ 2017-10-25T10:25:29+08:00 ] 192.168.103.104 /weapp.zhongkaiyun.com/index.php?m=weapp&c=wxuser&a=checksessionkey
INFO: [ app_init ] --START--
INFO: Run Behavior\BuildLiteBehavior [ RunTime:0.000008s ]
INFO: [ app_init ] --END-- [ RunTime:0.000187s ]
INFO: [ app_begin ] --START--
INFO: Run Behavior\ReadHtmlCacheBehavior [ RunTime:0.000434s ]
INFO: [ app_begin ] --END-- [ RunTime:0.000495s ]
SQL: SHOW COLUMNS FROM `zk_sessionkey` [ RunTime:0.0010s ]
SQL: SELECT * FROM `zk_sessionkey` WHERE `session3key` = '5od9TYTayae2oGKG' LIMIT 1   [ RunTime:0.0026s ]

[ 2017-10-25T10:29:18+08:00 ] 192.168.103.104 /weapp.zhongkaiyun.com/index.php?m=weapp&c=wxuser&a=checksessionkey
INFO: [ app_init ] --START--
INFO: Run Behavior\BuildLiteBehavior [ RunTime:0.000013s ]
INFO: [ app_init ] --END-- [ RunTime:0.000355s ]
INFO: [ app_begin ] --START--
INFO: Run Behavior\ReadHtmlCacheBehavior [ RunTime:0.000476s ]
INFO: [ app_begin ] --END-- [ RunTime:0.000541s ]
SQL: SHOW COLUMNS FROM `zk_sessionkey` [ RunTime:0.0004s ]
SQL: SELECT * FROM `zk_sessionkey` WHERE `session3key` = '5od9TYTayae2oGKG' LIMIT 1   [ RunTime:0.0003s ]

[ 2017-10-25T10:29:31+08:00 ] 192.168.103.104 /weapp.zhongkaiyun.com/index.php?m=weapp&c=wxuser&a=checksessionkey
INFO: [ app_init ] --START--
INFO: Run Behavior\BuildLiteBehavior [ RunTime:0.000010s ]
INFO: [ app_init ] --END-- [ RunTime:0.000184s ]
INFO: [ app_begin ] --START--
INFO: Run Behavior\ReadHtmlCacheBehavior [ RunTime:0.000321s ]
INFO: [ app_begin ] --END-- [ RunTime:0.000354s ]
SQL: SHOW COLUMNS FROM `zk_sessionkey` [ RunTime:0.0005s ]
SQL: SELECT * FROM `zk_sessionkey` WHERE `session3key` = '5od9TYTayae2oGKG' LIMIT 1   [ RunTime:0.0004s ]

[ 2017-10-25T10:29:50+08:00 ] 192.168.103.104 /weapp.zhongkaiyun.com/index.php?m=weapp&c=wxuser&a=checksessionkey
INFO: [ app_init ] --START--
INFO: Run Behavior\BuildLiteBehavior [ RunTime:0.000008s ]
INFO: [ app_init ] --END-- [ RunTime:0.000177s ]
INFO: [ app_begin ] --START--
INFO: Run Behavior\ReadHtmlCacheBehavior [ RunTime:0.000229s ]
INFO: [ app_begin ] --END-- [ RunTime:0.000259s ]
SQL: SHOW COLUMNS FROM `zk_sessionkey` [ RunTime:0.0004s ]
SQL: SELECT * FROM `zk_sessionkey` WHERE `session3key` = '5od9TYTayae2oGKG' LIMIT 1   [ RunTime:0.0002s ]

[ 2017-10-25T10:31:42+08:00 ] 192.168.103.104 /weapp.zhongkaiyun.com/index.php?m=weapp&c=wxuser&a=checksessionkey
INFO: [ app_init ] --START--
INFO: Run Behavior\BuildLiteBehavior [ RunTime:0.000009s ]
INFO: [ app_init ] --END-- [ RunTime:0.000200s ]
INFO: [ app_begin ] --START--
INFO: Run Behavior\ReadHtmlCacheBehavior [ RunTime:0.000263s ]
INFO: [ app_begin ] --END-- [ RunTime:0.000303s ]
SQL: SHOW COLUMNS FROM `zk_sessionkey` [ RunTime:0.0006s ]
SQL: SELECT * FROM `zk_sessionkey` WHERE `session3key` = '5od9TYTayae2oGKG' LIMIT 1   [ RunTime:0.0003s ]

[ 2017-10-25T10:32:05+08:00 ] 192.168.103.104 /weapp.zhongkaiyun.com/index.php?m=weapp&c=wxuser&a=checksessionkey
INFO: [ app_init ] --START--
INFO: Run Behavior\BuildLiteBehavior [ RunTime:0.000008s ]
INFO: [ app_init ] --END-- [ RunTime:0.000175s ]
INFO: [ app_begin ] --START--
INFO: Run Behavior\ReadHtmlCacheBehavior [ RunTime:0.000218s ]
INFO: [ app_begin ] --END-- [ RunTime:0.000248s ]
SQL: SHOW COLUMNS FROM `zk_sessionkey` [ RunTime:0.0004s ]
SQL: SELECT * FROM `zk_sessionkey` WHERE `session3key` = '5od9TYTayae2oGKG' LIMIT 1   [ RunTime:0.0002s ]

[ 2017-10-25T10:32:27+08:00 ] 192.168.103.104 /weapp.zhongkaiyun.com/index.php?m=weapp&c=wxuser&a=checksessionkey
INFO: [ app_init ] --START--
INFO: Run Behavior\BuildLiteBehavior [ RunTime:0.000014s ]
INFO: [ app_init ] --END-- [ RunTime:0.000396s ]
INFO: [ app_begin ] --START--
INFO: Run Behavior\ReadHtmlCacheBehavior [ RunTime:0.000625s ]
INFO: [ app_begin ] --END-- [ RunTime:0.000747s ]
SQL: SHOW COLUMNS FROM `zk_sessionkey` [ RunTime:0.0006s ]
SQL: SELECT * FROM `zk_sessionkey` WHERE `session3key` = '5od9TYTayae2oGKG' LIMIT 1   [ RunTime:0.0004s ]

[ 2017-10-25T10:32:52+08:00 ] 192.168.103.104 /weapp.zhongkaiyun.com/index.php?m=weapp&c=wxuser&a=checksessionkey
INFO: [ app_init ] --START--
INFO: Run Behavior\BuildLiteBehavior [ RunTime:0.000009s ]
INFO: [ app_init ] --END-- [ RunTime:0.000209s ]
INFO: [ app_begin ] --START--
INFO: Run Behavior\ReadHtmlCacheBehavior [ RunTime:0.000301s ]
INFO: [ app_begin ] --END-- [ RunTime:0.000361s ]
SQL: SHOW COLUMNS FROM `zk_sessionkey` [ RunTime:0.0004s ]
SQL: SELECT * FROM `zk_sessionkey` WHERE `session3key` = '5od9TYTayae2oGKG' LIMIT 1   [ RunTime:0.0003s ]

[ 2017-10-25T10:33:00+08:00 ] 192.168.103.104 /weapp.zhongkaiyun.com/index.php?m=weapp&c=wxuser&a=checksessionkey
INFO: [ app_init ] --START--
INFO: Run Behavior\BuildLiteBehavior [ RunTime:0.000008s ]
INFO: [ app_init ] --END-- [ RunTime:0.000177s ]
INFO: [ app_begin ] --START--
INFO: Run Behavior\ReadHtmlCacheBehavior [ RunTime:0.000235s ]
INFO: [ app_begin ] --END-- [ RunTime:0.000268s ]
SQL: SHOW COLUMNS FROM `zk_sessionkey` [ RunTime:0.0007s ]
SQL: SELECT * FROM `zk_sessionkey` WHERE `session3key` = '5od9TYTayae2oGKG' LIMIT 1   [ RunTime:0.0004s ]

[ 2017-10-25T10:33:12+08:00 ] 192.168.103.104 /weapp.zhongkaiyun.com/index.php?m=weapp&c=wxuser&a=checksessionkey
INFO: [ app_init ] --START--
INFO: Run Behavior\BuildLiteBehavior [ RunTime:0.000028s ]
INFO: [ app_init ] --END-- [ RunTime:0.000322s ]
INFO: [ app_begin ] --START--
INFO: Run Behavior\ReadHtmlCacheBehavior [ RunTime:0.000581s ]
INFO: [ app_begin ] --END-- [ RunTime:0.000651s ]
SQL: SHOW COLUMNS FROM `zk_sessionkey` [ RunTime:0.0007s ]
SQL: SELECT * FROM `zk_sessionkey` WHERE `session3key` = '5od9TYTayae2oGKG' LIMIT 1   [ RunTime:0.0003s ]

[ 2017-10-25T10:33:27+08:00 ] 192.168.103.104 /weapp.zhongkaiyun.com/index.php?m=weapp&c=wxuser&a=checksessionkey
INFO: [ app_init ] --START--
INFO: Run Behavior\BuildLiteBehavior [ RunTime:0.000008s ]
INFO: [ app_init ] --END-- [ RunTime:0.000178s ]
INFO: [ app_begin ] --START--
INFO: Run Behavior\ReadHtmlCacheBehavior [ RunTime:0.000387s ]
INFO: [ app_begin ] --END-- [ RunTime:0.000588s ]
SQL: SHOW COLUMNS FROM `zk_sessionkey` [ RunTime:0.0011s ]
SQL: SELECT * FROM `zk_sessionkey` WHERE `session3key` = '5od9TYTayae2oGKG' LIMIT 1   [ RunTime:0.0004s ]

[ 2017-10-25T10:33:46+08:00 ] 192.168.103.104 /weapp.zhongkaiyun.com/index.php?m=weapp&c=wxuser&a=checksessionkey
INFO: [ app_init ] --START--
INFO: Run Behavior\BuildLiteBehavior [ RunTime:0.000010s ]
INFO: [ app_init ] --END-- [ RunTime:0.000207s ]
INFO: [ app_begin ] --START--
INFO: Run Behavior\ReadHtmlCacheBehavior [ RunTime:0.000238s ]
INFO: [ app_begin ] --END-- [ RunTime:0.000271s ]
SQL: SHOW COLUMNS FROM `zk_sessionkey` [ RunTime:0.0005s ]
SQL: SELECT * FROM `zk_sessionkey` WHERE `session3key` = '5od9TYTayae2oGKG' LIMIT 1   [ RunTime:0.0004s ]

[ 2017-10-25T10:33:53+08:00 ] 192.168.103.104 /weapp.zhongkaiyun.com/index.php?m=weapp&c=wxuser&a=checksessionkey
INFO: [ app_init ] --START--
INFO: Run Behavior\BuildLiteBehavior [ RunTime:0.000009s ]
INFO: [ app_init ] --END-- [ RunTime:0.000196s ]
INFO: [ app_begin ] --START--
INFO: Run Behavior\ReadHtmlCacheBehavior [ RunTime:0.000342s ]
INFO: [ app_begin ] --END-- [ RunTime:0.000449s ]
SQL: SHOW COLUMNS FROM `zk_sessionkey` [ RunTime:0.0007s ]
SQL: SELECT * FROM `zk_sessionkey` WHERE `session3key` = '5od9TYTayae2oGKG' LIMIT 1   [ RunTime:0.0004s ]

[ 2017-10-25T10:34:01+08:00 ] 192.168.103.104 /weapp.zhongkaiyun.com/index.php?m=weapp&c=wxuser&a=checksessionkey
INFO: [ app_init ] --START--
INFO: Run Behavior\BuildLiteBehavior [ RunTime:0.000010s ]
INFO: [ app_init ] --END-- [ RunTime:0.000212s ]
INFO: [ app_begin ] --START--
INFO: Run Behavior\ReadHtmlCacheBehavior [ RunTime:0.000349s ]
INFO: [ app_begin ] --END-- [ RunTime:0.000399s ]
SQL: SHOW COLUMNS FROM `zk_sessionkey` [ RunTime:0.0005s ]
SQL: SELECT * FROM `zk_sessionkey` WHERE `session3key` = '5od9TYTayae2oGKG' LIMIT 1   [ RunTime:0.0004s ]

[ 2017-10-25T10:59:21+08:00 ] 192.168.103.104 /weapp.zhongkaiyun.com/index.php?m=weapp&c=wxuser&a=checksessionkey
INFO: [ app_init ] --START--
INFO: Run Behavior\BuildLiteBehavior [ RunTime:0.000008s ]
INFO: [ app_init ] --END-- [ RunTime:0.000186s ]
INFO: [ app_begin ] --START--
INFO: Run Behavior\ReadHtmlCacheBehavior [ RunTime:0.000226s ]
INFO: [ app_begin ] --END-- [ RunTime:0.000256s ]
SQL: SHOW COLUMNS FROM `zk_sessionkey` [ RunTime:0.0004s ]
SQL: SELECT * FROM `zk_sessionkey` WHERE `session3key` = '5od9TYTayae2oGKG' LIMIT 1   [ RunTime:0.0002s ]

[ 2017-10-25T10:59:29+08:00 ] 192.168.103.104 /weapp.zhongkaiyun.com/index.php?m=weapp&c=wxuser&a=saveWxUserInfo
INFO: [ app_init ] --START--
INFO: Run Behavior\BuildLiteBehavior [ RunTime:0.000009s ]
INFO: [ app_init ] --END-- [ RunTime:0.000192s ]
INFO: [ app_begin ] --START--
INFO: Run Behavior\ReadHtmlCacheBehavior [ RunTime:0.000237s ]
INFO: [ app_begin ] --END-- [ RunTime:0.000269s ]
SQL: SHOW COLUMNS FROM `zk_sessionkey` [ RunTime:0.0005s ]
SQL: SELECT * FROM `zk_sessionkey` WHERE `session3key` = '5od9TYTayae2oGKG' LIMIT 1   [ RunTime:0.0003s ]
SQL: SHOW COLUMNS FROM `zk_wxuser` [ RunTime:0.0006s ]
NOTIC: 建议使用E方法替代throw_exception

[ 2017-10-25T11:00:33+08:00 ] 192.168.103.104 /weapp.zhongkaiyun.com/index.php?m=weapp&c=wxuser&a=checksessionkey
INFO: [ app_init ] --START--
INFO: Run Behavior\BuildLiteBehavior [ RunTime:0.000016s ]
INFO: [ app_init ] --END-- [ RunTime:0.000465s ]
INFO: [ app_begin ] --START--
INFO: Run Behavior\ReadHtmlCacheBehavior [ RunTime:0.000313s ]
INFO: [ app_begin ] --END-- [ RunTime:0.000355s ]
SQL: SHOW COLUMNS FROM `zk_sessionkey` [ RunTime:0.0006s ]
SQL: SELECT * FROM `zk_sessionkey` WHERE `session3key` = '5od9TYTayae2oGKG' LIMIT 1   [ RunTime:0.0003s ]

[ 2017-10-25T11:00:38+08:00 ] 192.168.103.104 /weapp.zhongkaiyun.com/index.php?m=weapp&c=wxuser&a=saveWxUserInfo
INFO: [ app_init ] --START--
INFO: Run Behavior\BuildLiteBehavior [ RunTime:0.000009s ]
INFO: [ app_init ] --END-- [ RunTime:0.000186s ]
INFO: [ app_begin ] --START--
INFO: Run Behavior\ReadHtmlCacheBehavior [ RunTime:0.000234s ]
INFO: [ app_begin ] --END-- [ RunTime:0.000266s ]
SQL: SHOW COLUMNS FROM `zk_sessionkey` [ RunTime:0.0004s ]
SQL: SELECT * FROM `zk_sessionkey` WHERE `session3key` = '5od9TYTayae2oGKG' LIMIT 1   [ RunTime:0.0004s ]
SQL: SHOW COLUMNS FROM `zk_wxuser` [ RunTime:0.0005s ]
NOTIC: 建议使用E方法替代throw_exception

[ 2017-10-25T11:00:49+08:00 ] 192.168.103.104 /weapp.zhongkaiyun.com/index.php?m=weapp&c=wxuser&a=saveWxUserInfo
INFO: [ app_init ] --START--
INFO: Run Behavior\BuildLiteBehavior [ RunTime:0.000017s ]
INFO: [ app_init ] --END-- [ RunTime:0.000196s ]
INFO: [ app_begin ] --START--
INFO: Run Behavior\ReadHtmlCacheBehavior [ RunTime:0.000263s ]
INFO: [ app_begin ] --END-- [ RunTime:0.000298s ]
SQL: SHOW COLUMNS FROM `zk_sessionkey` [ RunTime:0.0005s ]
SQL: SELECT * FROM `zk_sessionkey` WHERE `session3key` = '5od9TYTayae2oGKG' LIMIT 1   [ RunTime:0.0003s ]
SQL: SHOW COLUMNS FROM `zk_wxuser` [ RunTime:0.0006s ]
NOTIC: 建议使用E方法替代throw_exception

[ 2017-10-25T11:00:54+08:00 ] 192.168.103.104 /weapp.zhongkaiyun.com/index.php?m=weapp&c=wxuser&a=login
INFO: [ app_init ] --START--
INFO: Run Behavior\BuildLiteBehavior [ RunTime:0.000010s ]
INFO: [ app_init ] --END-- [ RunTime:0.000224s ]
INFO: [ app_begin ] --START--
INFO: Run Behavior\ReadHtmlCacheBehavior [ RunTime:0.000468s ]
INFO: [ app_begin ] --END-- [ RunTime:0.000553s ]
SQL: SHOW COLUMNS FROM `zk_sessionkey` [ RunTime:0.0006s ]
SQL: SELECT * FROM `zk_sessionkey` WHERE `openid` = 'oUpv60E98MOGnr9Z9Ele1UYroiLQ' LIMIT 1   [ RunTime:0.0006s ]
NOTIC: [8] Undefined index: unionid /Work/wwwroot/weapp.zhongkaiyun.com/Application/Weapp/Controller/WxuserController.class.php 第 41 行.
SQL: UPDATE `zk_sessionkey` SET `session3key`='WAfPFimNHUynsmiT',`session_key`='YFLsiCTH8n7rufbUF83QGg==',`unionid`=NULL,`gmt_create`='2017-10-25 11:00:54' WHERE `openid` = 'oUpv60E98MOGnr9Z9Ele1UYroiLQ' [ RunTime:0.0010s ]
SQL: SHOW COLUMNS FROM `zk_wxuser` [ RunTime:0.0008s ]
SQL: SELECT * FROM `zk_wxuser` WHERE `openid` = 'oUpv60E98MOGnr9Z9Ele1UYroiLQ' LIMIT 1   [ RunTime:0.0005s ]

[ 2017-10-25T11:00:58+08:00 ] 192.168.103.104 /weapp.zhongkaiyun.com/index.php?m=weapp&c=wxuser&a=saveWxUserInfo
INFO: [ app_init ] --START--
INFO: Run Behavior\BuildLiteBehavior [ RunTime:0.000013s ]
INFO: [ app_init ] --END-- [ RunTime:0.000337s ]
INFO: [ app_begin ] --START--
INFO: Run Behavior\ReadHtmlCacheBehavior [ RunTime:0.000541s ]
INFO: [ app_begin ] --END-- [ RunTime:0.000593s ]
SQL: SHOW COLUMNS FROM `zk_sessionkey` [ RunTime:0.0005s ]
SQL: SELECT * FROM `zk_sessionkey` WHERE `session3key` = 'WAfPFimNHUynsmiT' LIMIT 1   [ RunTime:0.0002s ]
SQL: SHOW COLUMNS FROM `zk_wxuser` [ RunTime:0.0006s ]
NOTIC: 建议使用E方法替代throw_exception

[ 2017-10-25T11:02:01+08:00 ] 192.168.103.104 /weapp.zhongkaiyun.com/index.php?m=weapp&c=wxuser&a=checksessionkey
INFO: [ app_init ] --START--
INFO: Run Behavior\BuildLiteBehavior [ RunTime:0.000010s ]
INFO: [ app_init ] --END-- [ RunTime:0.000331s ]
INFO: [ app_begin ] --START--
INFO: Run Behavior\ReadHtmlCacheBehavior [ RunTime:0.000237s ]
INFO: [ app_begin ] --END-- [ RunTime:0.000272s ]
SQL: SHOW COLUMNS FROM `zk_sessionkey` [ RunTime:0.0004s ]
SQL: SELECT * FROM `zk_sessionkey` WHERE `session3key` = 'WAfPFimNHUynsmiT' LIMIT 1   [ RunTime:0.0003s ]

[ 2017-10-25T11:02:03+08:00 ] 192.168.103.104 /weapp.zhongkaiyun.com/index.php?m=weapp&c=wxuser&a=saveWxUserInfo
INFO: [ app_init ] --START--
INFO: Run Behavior\BuildLiteBehavior [ RunTime:0.000009s ]
INFO: [ app_init ] --END-- [ RunTime:0.000197s ]
INFO: [ app_begin ] --START--
INFO: Run Behavior\ReadHtmlCacheBehavior [ RunTime:0.000394s ]
INFO: [ app_begin ] --END-- [ RunTime:0.000432s ]
SQL: SHOW COLUMNS FROM `zk_sessionkey` [ RunTime:0.0005s ]
SQL: SELECT * FROM `zk_sessionkey` WHERE `session3key` = 'WAfPFimNHUynsmiT' LIMIT 1   [ RunTime:0.0003s ]
SQL: SHOW COLUMNS FROM `zk_wxuser` [ RunTime:0.0005s ]
SQL: UPDATE `zk_wxuser` SET `nickName`='刘泽中',`gender`='1',`city`='',`province`='',`country`='China',`avatarUrl`='https://wx.qlogo.cn/mmopen/vi_32/DYAIOgq83er4x36mk2xToWWVHeia2FwvRTswHcia0p9IF7lx8HNMtE0sian7Ie1uHq6Nu9MQsaianSy1552HF0QQqA/0' WHERE `openid` = 'oUpv60E98MOGnr9Z9Ele1UYroiLQ' [ RunTime:0.0059s ]

[ 2017-10-25T11:04:39+08:00 ] 192.168.103.104 /weapp.zhongkaiyun.com/index.php?m=weapp&c=wxuser&a=checksessionkey
INFO: [ app_init ] --START--
INFO: Run Behavior\BuildLiteBehavior [ RunTime:0.000010s ]
INFO: [ app_init ] --END-- [ RunTime:0.000272s ]
INFO: [ app_begin ] --START--
INFO: Run Behavior\ReadHtmlCacheBehavior [ RunTime:0.000388s ]
INFO: [ app_begin ] --END-- [ RunTime:0.000433s ]
SQL: SHOW COLUMNS FROM `zk_sessionkey` [ RunTime:0.0005s ]
SQL: SELECT * FROM `zk_sessionkey` WHERE `session3key` = 'WAfPFimNHUynsmiT' LIMIT 1   [ RunTime:0.0003s ]

[ 2017-10-25T11:04:47+08:00 ] 192.168.103.104 /weapp.zhongkaiyun.com/index.php?m=weapp&c=wxuser&a=saveWxUserInfo
INFO: [ app_init ] --START--
INFO: Run Behavior\BuildLiteBehavior [ RunTime:0.000011s ]
INFO: [ app_init ] --END-- [ RunTime:0.000315s ]
INFO: [ app_begin ] --START--
INFO: Run Behavior\ReadHtmlCacheBehavior [ RunTime:0.000245s ]
INFO: [ app_begin ] --END-- [ RunTime:0.000279s ]
SQL: SHOW COLUMNS FROM `zk_sessionkey` [ RunTime:0.0005s ]
SQL: SELECT * FROM `zk_sessionkey` WHERE `session3key` = 'WAfPFimNHUynsmiT' LIMIT 1   [ RunTime:0.0003s ]
SQL: SHOW COLUMNS FROM `zk_wxuser` [ RunTime:0.0004s ]
SQL: UPDATE `zk_wxuser` SET `nickName`='刘泽中',`gender`='1',`city`='',`province`='',`country`='China',`avatarUrl`='https://wx.qlogo.cn/mmopen/vi_32/DYAIOgq83er4x36mk2xToWWVHeia2FwvRTswHcia0p9IF7lx8HNMtE0sian7Ie1uHq6Nu9MQsaianSy1552HF0QQqA/0',`gmt_modified`='2017-10-25 11:04:47' WHERE `openid` = 'oUpv60E98MOGnr9Z9Ele1UYroiLQ' [ RunTime:0.0056s ]

[ 2017-10-25T11:05:40+08:00 ] 192.168.103.104 /weapp.zhongkaiyun.com/index.php?m=weapp&c=wxuser&a=checksessionkey
INFO: [ app_init ] --START--
INFO: Run Behavior\BuildLiteBehavior [ RunTime:0.000009s ]
INFO: [ app_init ] --END-- [ RunTime:0.000274s ]
INFO: [ app_begin ] --START--
INFO: Run Behavior\ReadHtmlCacheBehavior [ RunTime:0.000315s ]
INFO: [ app_begin ] --END-- [ RunTime:0.000367s ]
SQL: SHOW COLUMNS FROM `zk_sessionkey` [ RunTime:0.0006s ]
SQL: SELECT * FROM `zk_sessionkey` WHERE `session3key` = 'WAfPFimNHUynsmiT' LIMIT 1   [ RunTime:0.0003s ]

[ 2017-10-25T11:05:42+08:00 ] 192.168.103.104 /weapp.zhongkaiyun.com/index.php?m=weapp&c=wxuser&a=saveWxUserInfo
INFO: [ app_init ] --START--
INFO: Run Behavior\BuildLiteBehavior [ RunTime:0.000009s ]
INFO: [ app_init ] --END-- [ RunTime:0.000294s ]
INFO: [ app_begin ] --START--
INFO: Run Behavior\ReadHtmlCacheBehavior [ RunTime:0.000299s ]
INFO: [ app_begin ] --END-- [ RunTime:0.000342s ]
SQL: SHOW COLUMNS FROM `zk_sessionkey` [ RunTime:0.0004s ]
SQL: SELECT * FROM `zk_sessionkey` WHERE `session3key` = 'WAfPFimNHUynsmiT' LIMIT 1   [ RunTime:0.0002s ]
SQL: SHOW COLUMNS FROM `zk_wxuser` [ RunTime:0.0004s ]
SQL: UPDATE `zk_wxuser` SET `nickName`='刘泽中',`gender`='1',`city`='',`province`='',`country`='China',`avatarUrl`='https://wx.qlogo.cn/mmopen/vi_32/DYAIOgq83er4x36mk2xToWWVHeia2FwvRTswHcia0p9IF7lx8HNMtE0sian7Ie1uHq6Nu9MQsaianSy1552HF0QQqA/0',`gmt_modified`='2017-10-25 11:05:42' WHERE `openid` = 'oUpv60E98MOGnr9Z9Ele1UYroiLQ' [ RunTime:0.0056s ]

[ 2017-10-25T11:08:58+08:00 ] 192.168.103.104 /weapp.zhongkaiyun.com/index.php?m=weapp&c=wxuser&a=checksessionkey
INFO: [ app_init ] --START--
INFO: Run Behavior\BuildLiteBehavior [ RunTime:0.000014s ]
INFO: [ app_init ] --END-- [ RunTime:0.000412s ]
INFO: [ app_begin ] --START--
INFO: Run Behavior\ReadHtmlCacheBehavior [ RunTime:0.000281s ]
INFO: [ app_begin ] --END-- [ RunTime:0.000325s ]
SQL: SHOW COLUMNS FROM `zk_sessionkey` [ RunTime:0.0006s ]
SQL: SELECT * FROM `zk_sessionkey` WHERE `session3key` = 'WAfPFimNHUynsmiT' LIMIT 1   [ RunTime:0.0004s ]

[ 2017-10-25T11:09:12+08:00 ] 192.168.103.104 /weapp.zhongkaiyun.com/index.php?m=weapp&c=wxuser&a=checksessionkey
INFO: [ app_init ] --START--
INFO: Run Behavior\BuildLiteBehavior [ RunTime:0.000016s ]
INFO: [ app_init ] --END-- [ RunTime:0.000491s ]
INFO: [ app_begin ] --START--
INFO: Run Behavior\ReadHtmlCacheBehavior [ RunTime:0.000443s ]
INFO: [ app_begin ] --END-- [ RunTime:0.000522s ]
SQL: SHOW COLUMNS FROM `zk_sessionkey` [ RunTime:0.0008s ]
SQL: SELECT * FROM `zk_sessionkey` WHERE `session3key` = 'WAfPFimNHUynsmiT' LIMIT 1   [ RunTime:0.0005s ]

[ 2017-10-25T11:09:39+08:00 ] 192.168.103.104 /weapp.zhongkaiyun.com/index.php?m=weapp&c=wxuser&a=checksessionkey
INFO: [ app_init ] --START--
INFO: Run Behavior\BuildLiteBehavior [ RunTime:0.000011s ]
INFO: [ app_init ] --END-- [ RunTime:0.000215s ]
INFO: [ app_begin ] --START--
INFO: Run Behavior\ReadHtmlCacheBehavior [ RunTime:0.000318s ]
INFO: [ app_begin ] --END-- [ RunTime:0.000353s ]
SQL: SHOW COLUMNS FROM `zk_sessionkey` [ RunTime:0.0005s ]
SQL: SELECT * FROM `zk_sessionkey` WHERE `session3key` = 'WAfPFimNHUynsmiT' LIMIT 1   [ RunTime:0.0003s ]

[ 2017-10-25T11:09:46+08:00 ] 192.168.103.104 /weapp.zhongkaiyun.com/index.php?m=weapp&c=wxuser&a=checksessionkey
INFO: [ app_init ] --START--
INFO: Run Behavior\BuildLiteBehavior [ RunTime:0.000011s ]
INFO: [ app_init ] --END-- [ RunTime:0.000289s ]
INFO: [ app_begin ] --START--
INFO: Run Behavior\ReadHtmlCacheBehavior [ RunTime:0.000580s ]
INFO: [ app_begin ] --END-- [ RunTime:0.000651s ]
SQL: SHOW COLUMNS FROM `zk_sessionkey` [ RunTime:0.0006s ]
SQL: SELECT * FROM `zk_sessionkey` WHERE `session3key` = 'WAfPFimNHUynsmiT' LIMIT 1   [ RunTime:0.0004s ]

[ 2017-10-25T11:11:26+08:00 ] 192.168.103.104 /weapp.zhongkaiyun.com/index.php?m=weapp&c=wxuser&a=checksessionkey
INFO: [ app_init ] --START--
INFO: Run Behavior\BuildLiteBehavior [ RunTime:0.000019s ]
INFO: [ app_init ] --END-- [ RunTime:0.000378s ]
INFO: [ app_begin ] --START--
INFO: Run Behavior\ReadHtmlCacheBehavior [ RunTime:0.000551s ]
INFO: [ app_begin ] --END-- [ RunTime:0.000655s ]
SQL: SHOW COLUMNS FROM `zk_sessionkey` [ RunTime:0.0008s ]
SQL: SELECT * FROM `zk_sessionkey` WHERE `session3key` = 'WAfPFimNHUynsmiT' LIMIT 1   [ RunTime:0.0004s ]

[ 2017-10-25T11:11:29+08:00 ] 192.168.103.104 /weapp.zhongkaiyun.com/index.php?m=weapp&c=wxuser&a=saveWxUserInfo
INFO: [ app_init ] --START--
INFO: Run Behavior\BuildLiteBehavior [ RunTime:0.000037s ]
INFO: [ app_init ] --END-- [ RunTime:0.000303s ]
INFO: [ app_begin ] --START--
INFO: Run Behavior\ReadHtmlCacheBehavior [ RunTime:0.000263s ]
INFO: [ app_begin ] --END-- [ RunTime:0.000300s ]
SQL: SHOW COLUMNS FROM `zk_sessionkey` [ RunTime:0.0004s ]
SQL: SELECT * FROM `zk_sessionkey` WHERE `session3key` = 'WAfPFimNHUynsmiT' LIMIT 1   [ RunTime:0.0002s ]
SQL: SHOW COLUMNS FROM `zk_wxuser` [ RunTime:0.0004s ]
SQL: UPDATE `zk_wxuser` SET `nickName`='刘泽中',`gender`='1',`city`='',`province`='',`country`='China',`avatarUrl`='https://wx.qlogo.cn/mmopen/vi_32/DYAIOgq83er4x36mk2xToWWVHeia2FwvRTswHcia0p9IF7lx8HNMtE0sian7Ie1uHq6Nu9MQsaianSy1552HF0QQqA/0',`gmt_modified`='2017-10-25 11:11:29' WHERE `openid` = 'oUpv60E98MOGnr9Z9Ele1UYroiLQ' [ RunTime:0.0055s ]

[ 2017-10-25T11:11:40+08:00 ] 192.168.103.104 /weapp.zhongkaiyun.com/index.php?m=weapp&c=wxuser&a=checksessionkey
INFO: [ app_init ] --START--
INFO: Run Behavior\BuildLiteBehavior [ RunTime:0.000008s ]
INFO: [ app_init ] --END-- [ RunTime:0.000180s ]
INFO: [ app_begin ] --START--
INFO: Run Behavior\ReadHtmlCacheBehavior [ RunTime:0.000251s ]
INFO: [ app_begin ] --END-- [ RunTime:0.000289s ]
SQL: SHOW COLUMNS FROM `zk_sessionkey` [ RunTime:0.0006s ]
SQL: SELECT * FROM `zk_sessionkey` WHERE `session3key` = 'WAfPFimNHUynsmiT' LIMIT 1   [ RunTime:0.0003s ]

[ 2017-10-25T11:11:42+08:00 ] 192.168.103.104 /weapp.zhongkaiyun.com/index.php?m=weapp&c=wxuser&a=saveWxUserInfo
INFO: [ app_init ] --START--
INFO: Run Behavior\BuildLiteBehavior [ RunTime:0.000010s ]
INFO: [ app_init ] --END-- [ RunTime:0.000199s ]
INFO: [ app_begin ] --START--
INFO: Run Behavior\ReadHtmlCacheBehavior [ RunTime:0.000250s ]
INFO: [ app_begin ] --END-- [ RunTime:0.000299s ]
SQL: SHOW COLUMNS FROM `zk_sessionkey` [ RunTime:0.0004s ]
SQL: SELECT * FROM `zk_sessionkey` WHERE `session3key` = 'WAfPFimNHUynsmiT' LIMIT 1   [ RunTime:0.0002s ]
SQL: SHOW COLUMNS FROM `zk_wxuser` [ RunTime:0.0003s ]
SQL: UPDATE `zk_wxuser` SET `nickName`='刘泽中',`gender`='1',`city`='',`province`='',`country`='China',`avatarUrl`='https://wx.qlogo.cn/mmopen/vi_32/DYAIOgq83er4x36mk2xToWWVHeia2FwvRTswHcia0p9IF7lx8HNMtE0sian7Ie1uHq6Nu9MQsaianSy1552HF0QQqA/0',`gmt_modified`='2017-10-25 11:11:42' WHERE `openid` = 'oUpv60E98MOGnr9Z9Ele1UYroiLQ' [ RunTime:0.0058s ]

[ 2017-10-25T11:13:26+08:00 ] 192.168.103.104 /weapp.zhongkaiyun.com/index.php?m=weapp&c=wxuser&a=checksessionkey
INFO: [ app_init ] --START--
INFO: Run Behavior\BuildLiteBehavior [ RunTime:0.000009s ]
INFO: [ app_init ] --END-- [ RunTime:0.000277s ]
INFO: [ app_begin ] --START--
INFO: Run Behavior\ReadHtmlCacheBehavior [ RunTime:0.000281s ]
INFO: [ app_begin ] --END-- [ RunTime:0.000318s ]
SQL: SHOW COLUMNS FROM `zk_sessionkey` [ RunTime:0.0004s ]
SQL: SELECT * FROM `zk_sessionkey` WHERE `session3key` = 'WAfPFimNHUynsmiT' LIMIT 1   [ RunTime:0.0003s ]

[ 2017-10-25T11:13:45+08:00 ] 192.168.103.104 /weapp.zhongkaiyun.com/index.php?m=weapp&c=wxuser&a=checksessionkey
INFO: [ app_init ] --START--
INFO: Run Behavior\BuildLiteBehavior [ RunTime:0.000009s ]
INFO: [ app_init ] --END-- [ RunTime:0.000199s ]
INFO: [ app_begin ] --START--
INFO: Run Behavior\ReadHtmlCacheBehavior [ RunTime:0.000240s ]
INFO: [ app_begin ] --END-- [ RunTime:0.000272s ]
SQL: SHOW COLUMNS FROM `zk_sessionkey` [ RunTime:0.0005s ]
SQL: SELECT * FROM `zk_sessionkey` WHERE `session3key` = 'WAfPFimNHUynsmiT' LIMIT 1   [ RunTime:0.0003s ]

[ 2017-10-25T11:13:54+08:00 ] 192.168.103.104 /weapp.zhongkaiyun.com/index.php?m=weapp&c=wxuser&a=checksessionkey
INFO: [ app_init ] --START--
INFO: Run Behavior\BuildLiteBehavior [ RunTime:0.000009s ]
INFO: [ app_init ] --END-- [ RunTime:0.000192s ]
INFO: [ app_begin ] --START--
INFO: Run Behavior\ReadHtmlCacheBehavior [ RunTime:0.000244s ]
INFO: [ app_begin ] --END-- [ RunTime:0.000279s ]
SQL: SHOW COLUMNS FROM `zk_sessionkey` [ RunTime:0.0004s ]
SQL: SELECT * FROM `zk_sessionkey` WHERE `session3key` = 'WAfPFimNHUynsmiT' LIMIT 1   [ RunTime:0.0003s ]

[ 2017-10-25T11:13:59+08:00 ] 192.168.103.104 /weapp.zhongkaiyun.com/index.php?m=weapp&c=wxuser&a=saveWxUserInfo
INFO: [ app_init ] --START--
INFO: Run Behavior\BuildLiteBehavior [ RunTime:0.000010s ]
INFO: [ app_init ] --END-- [ RunTime:0.000277s ]
INFO: [ app_begin ] --START--
INFO: Run Behavior\ReadHtmlCacheBehavior [ RunTime:0.000242s ]
INFO: [ app_begin ] --END-- [ RunTime:0.000275s ]
SQL: SHOW COLUMNS FROM `zk_sessionkey` [ RunTime:0.0004s ]
SQL: SELECT * FROM `zk_sessionkey` WHERE `session3key` = 'WAfPFimNHUynsmiT' LIMIT 1   [ RunTime:0.0003s ]
SQL: SHOW COLUMNS FROM `zk_wxuser` [ RunTime:0.0005s ]
SQL: UPDATE `zk_wxuser` SET `nickName`='刘泽中',`gender`='1',`city`='',`province`='',`country`='China',`avatarUrl`='https://wx.qlogo.cn/mmopen/vi_32/DYAIOgq83er4x36mk2xToWWVHeia2FwvRTswHcia0p9IF7lx8HNMtE0sian7Ie1uHq6Nu9MQsaianSy1552HF0QQqA/0',`gmt_modified`='2017-10-25 11:13:59' WHERE `openid` = 'oUpv60E98MOGnr9Z9Ele1UYroiLQ' [ RunTime:0.0057s ]

[ 2017-10-25T11:14:35+08:00 ] 192.168.103.104 /weapp.zhongkaiyun.com/index.php?m=weapp&c=wxuser&a=checksessionkey
INFO: [ app_init ] --START--
INFO: Run Behavior\BuildLiteBehavior [ RunTime:0.000009s ]
INFO: [ app_init ] --END-- [ RunTime:0.000189s ]
INFO: [ app_begin ] --START--
INFO: Run Behavior\ReadHtmlCacheBehavior [ RunTime:0.000233s ]
INFO: [ app_begin ] --END-- [ RunTime:0.000265s ]
SQL: SHOW COLUMNS FROM `zk_sessionkey` [ RunTime:0.0007s ]
SQL: SELECT * FROM `zk_sessionkey` WHERE `session3key` = 'WAfPFimNHUynsmiT' LIMIT 1   [ RunTime:0.0003s ]

[ 2017-10-25T11:15:08+08:00 ] 192.168.103.104 /weapp.zhongkaiyun.com/index.php?m=weapp&c=wxuser&a=checksessionkey
INFO: [ app_init ] --START--
INFO: Run Behavior\BuildLiteBehavior [ RunTime:0.000033s ]
INFO: [ app_init ] --END-- [ RunTime:0.000679s ]
INFO: [ app_begin ] --START--
INFO: Run Behavior\ReadHtmlCacheBehavior [ RunTime:0.000409s ]
INFO: [ app_begin ] --END-- [ RunTime:0.000500s ]
SQL: SHOW COLUMNS FROM `zk_sessionkey` [ RunTime:0.0004s ]
SQL: SELECT * FROM `zk_sessionkey` WHERE `session3key` = 'WAfPFimNHUynsmiT' LIMIT 1   [ RunTime:0.0003s ]

[ 2017-10-25T11:15:19+08:00 ] 192.168.103.104 /weapp.zhongkaiyun.com/index.php?m=weapp&c=wxuser&a=checksessionkey
INFO: [ app_init ] --START--
INFO: Run Behavior\BuildLiteBehavior [ RunTime:0.000008s ]
INFO: [ app_init ] --END-- [ RunTime:0.000178s ]
INFO: [ app_begin ] --START--
INFO: Run Behavior\ReadHtmlCacheBehavior [ RunTime:0.000221s ]
INFO: [ app_begin ] --END-- [ RunTime:0.000251s ]
SQL: SHOW COLUMNS FROM `zk_sessionkey` [ RunTime:0.0004s ]
SQL: SELECT * FROM `zk_sessionkey` WHERE `session3key` = 'WAfPFimNHUynsmiT' LIMIT 1   [ RunTime:0.0002s ]

[ 2017-10-25T11:15:21+08:00 ] 192.168.103.104 /weapp.zhongkaiyun.com/index.php?m=weapp&c=wxuser&a=checksessionkey
INFO: [ app_init ] --START--
INFO: Run Behavior\BuildLiteBehavior [ RunTime:0.000008s ]
INFO: [ app_init ] --END-- [ RunTime:0.000186s ]
INFO: [ app_begin ] --START--
INFO: Run Behavior\ReadHtmlCacheBehavior [ RunTime:0.000258s ]
INFO: [ app_begin ] --END-- [ RunTime:0.000296s ]
SQL: SHOW COLUMNS FROM `zk_sessionkey` [ RunTime:0.0004s ]
SQL: SELECT * FROM `zk_sessionkey` WHERE `session3key` = 'WAfPFimNHUynsmiT' LIMIT 1   [ RunTime:0.0002s ]

[ 2017-10-25T11:16:50+08:00 ] 192.168.103.104 /weapp.zhongkaiyun.com/index.php?m=weapp&c=wxuser&a=checksessionkey
INFO: [ app_init ] --START--
INFO: Run Behavior\BuildLiteBehavior [ RunTime:0.000011s ]
INFO: [ app_init ] --END-- [ RunTime:0.000262s ]
INFO: [ app_begin ] --START--
INFO: Run Behavior\ReadHtmlCacheBehavior [ RunTime:0.000319s ]
INFO: [ app_begin ] --END-- [ RunTime:0.000380s ]
SQL: SHOW COLUMNS FROM `zk_sessionkey` [ RunTime:0.0004s ]
SQL: SELECT * FROM `zk_sessionkey` WHERE `session3key` = 'WAfPFimNHUynsmiT' LIMIT 1   [ RunTime:0.0002s ]

[ 2017-10-25T11:16:51+08:00 ] 192.168.103.104 /weapp.zhongkaiyun.com/index.php?m=weapp&c=wxuser&a=checksessionkey
INFO: [ app_init ] --START--
INFO: Run Behavior\BuildLiteBehavior [ RunTime:0.000008s ]
INFO: [ app_init ] --END-- [ RunTime:0.000182s ]
INFO: [ app_begin ] --START--
INFO: Run Behavior\ReadHtmlCacheBehavior [ RunTime:0.000221s ]
INFO: [ app_begin ] --END-- [ RunTime:0.000252s ]
SQL: SHOW COLUMNS FROM `zk_sessionkey` [ RunTime:0.0004s ]
SQL: SELECT * FROM `zk_sessionkey` WHERE `session3key` = 'WAfPFimNHUynsmiT' LIMIT 1   [ RunTime:0.0002s ]

[ 2017-10-25T11:17:58+08:00 ] 192.168.103.104 /weapp.zhongkaiyun.com/index.php?m=weapp&c=wxuser&a=checksessionkey
INFO: [ app_init ] --START--
INFO: Run Behavior\BuildLiteBehavior [ RunTime:0.000010s ]
INFO: [ app_init ] --END-- [ RunTime:0.000206s ]
INFO: [ app_begin ] --START--
INFO: Run Behavior\ReadHtmlCacheBehavior [ RunTime:0.000293s ]
INFO: [ app_begin ] --END-- [ RunTime:0.000352s ]
SQL: SHOW COLUMNS FROM `zk_sessionkey` [ RunTime:0.0005s ]
SQL: SELECT * FROM `zk_sessionkey` WHERE `session3key` = 'WAfPFimNHUynsmiT' LIMIT 1   [ RunTime:0.0003s ]

[ 2017-10-25T11:18:20+08:00 ] 192.168.103.104 /weapp.zhongkaiyun.com/index.php?m=weapp&c=wxuser&a=checksessionkey
INFO: [ app_init ] --START--
INFO: Run Behavior\BuildLiteBehavior [ RunTime:0.000010s ]
INFO: [ app_init ] --END-- [ RunTime:0.000196s ]
INFO: [ app_begin ] --START--
INFO: Run Behavior\ReadHtmlCacheBehavior [ RunTime:0.000259s ]
INFO: [ app_begin ] --END-- [ RunTime:0.000297s ]
SQL: SHOW COLUMNS FROM `zk_sessionkey` [ RunTime:0.0006s ]
SQL: SELECT * FROM `zk_sessionkey` WHERE `session3key` = 'WAfPFimNHUynsmiT' LIMIT 1   [ RunTime:0.0004s ]

[ 2017-10-25T11:19:20+08:00 ] 192.168.103.104 /weapp.zhongkaiyun.com/index.php?m=weapp&c=wxuser&a=checksessionkey
INFO: [ app_init ] --START--
INFO: Run Behavior\BuildLiteBehavior [ RunTime:0.000010s ]
INFO: [ app_init ] --END-- [ RunTime:0.000336s ]
INFO: [ app_begin ] --START--
INFO: Run Behavior\ReadHtmlCacheBehavior [ RunTime:0.000274s ]
INFO: [ app_begin ] --END-- [ RunTime:0.000315s ]
SQL: SHOW COLUMNS FROM `zk_sessionkey` [ RunTime:0.0006s ]
SQL: SELECT * FROM `zk_sessionkey` WHERE `session3key` = 'WAfPFimNHUynsmiT' LIMIT 1   [ RunTime:0.0005s ]

[ 2017-10-25T11:19:20+08:00 ] 192.168.103.104 /weapp.zhongkaiyun.com/index.php?m=weapp&c=wxuser&a=checksessionkey
INFO: [ app_init ] --START--
INFO: Run Behavior\BuildLiteBehavior [ RunTime:0.000009s ]
INFO: [ app_init ] --END-- [ RunTime:0.000187s ]
INFO: [ app_begin ] --START--
INFO: Run Behavior\ReadHtmlCacheBehavior [ RunTime:0.000253s ]
INFO: [ app_begin ] --END-- [ RunTime:0.000285s ]
SQL: SHOW COLUMNS FROM `zk_sessionkey` [ RunTime:0.0004s ]
SQL: SELECT * FROM `zk_sessionkey` WHERE `session3key` = 'WAfPFimNHUynsmiT' LIMIT 1   [ RunTime:0.0002s ]

[ 2017-10-25T15:39:46+08:00 ] 192.168.103.104 /weapp.zhongkaiyun.com/index.php?m=weapp&c=wxuser&a=checksessionkey
INFO: [ app_init ] --START--
INFO: Run Behavior\BuildLiteBehavior [ RunTime:0.000012s ]
INFO: [ app_init ] --END-- [ RunTime:0.000583s ]
INFO: [ app_begin ] --START--
INFO: Run Behavior\ReadHtmlCacheBehavior [ RunTime:0.001535s ]
INFO: [ app_begin ] --END-- [ RunTime:0.001579s ]
SQL: SHOW COLUMNS FROM `zk_sessionkey` [ RunTime:0.0004s ]
SQL: SELECT * FROM `zk_sessionkey` WHERE `session3key` = 'WAfPFimNHUynsmiT' LIMIT 1   [ RunTime:0.0002s ]

[ 2017-10-25T15:40:17+08:00 ] 192.168.103.104 /weapp.zhongkaiyun.com/index.php?m=weapp&c=wxuser&a=checksessionkey
INFO: [ app_init ] --START--
INFO: Run Behavior\BuildLiteBehavior [ RunTime:0.000015s ]
INFO: [ app_init ] --END-- [ RunTime:0.000387s ]
INFO: [ app_begin ] --START--
INFO: Run Behavior\ReadHtmlCacheBehavior [ RunTime:0.000438s ]
INFO: [ app_begin ] --END-- [ RunTime:0.000606s ]
SQL: SHOW COLUMNS FROM `zk_sessionkey` [ RunTime:0.0006s ]
SQL: SELECT * FROM `zk_sessionkey` WHERE `session3key` = 'WAfPFimNHUynsmiT' LIMIT 1   [ RunTime:0.0003s ]

[ 2017-10-25T15:40:28+08:00 ] 192.168.103.104 /weapp.zhongkaiyun.com/index.php?m=weapp&c=wxuser&a=checksessionkey
INFO: [ app_init ] --START--
INFO: Run Behavior\BuildLiteBehavior [ RunTime:0.000009s ]
INFO: [ app_init ] --END-- [ RunTime:0.000182s ]
INFO: [ app_begin ] --START--
INFO: Run Behavior\ReadHtmlCacheBehavior [ RunTime:0.000231s ]
INFO: [ app_begin ] --END-- [ RunTime:0.000260s ]
SQL: SHOW COLUMNS FROM `zk_sessionkey` [ RunTime:0.0005s ]
SQL: SELECT * FROM `zk_sessionkey` WHERE `session3key` = 'WAfPFimNHUynsmiT' LIMIT 1   [ RunTime:0.0003s ]

[ 2017-10-25T15:40:57+08:00 ] 192.168.103.104 /weapp.zhongkaiyun.com/index.php?m=weapp&c=wxuser&a=checksessionkey
INFO: [ app_init ] --START--
INFO: Run Behavior\BuildLiteBehavior [ RunTime:0.000011s ]
INFO: [ app_init ] --END-- [ RunTime:0.000254s ]
INFO: [ app_begin ] --START--
INFO: Run Behavior\ReadHtmlCacheBehavior [ RunTime:0.000309s ]
INFO: [ app_begin ] --END-- [ RunTime:0.000353s ]
SQL: SHOW COLUMNS FROM `zk_sessionkey` [ RunTime:0.0004s ]
SQL: SELECT * FROM `zk_sessionkey` WHERE `session3key` = 'WAfPFimNHUynsmiT' LIMIT 1   [ RunTime:0.0002s ]

[ 2017-10-25T15:42:21+08:00 ] 192.168.103.104 /weapp.zhongkaiyun.com/index.php?m=weapp&c=wxuser&a=checksessionkey
INFO: [ app_init ] --START--
INFO: Run Behavior\BuildLiteBehavior [ RunTime:0.000011s ]
INFO: [ app_init ] --END-- [ RunTime:0.000512s ]
INFO: [ app_begin ] --START--
INFO: Run Behavior\ReadHtmlCacheBehavior [ RunTime:0.000541s ]
INFO: [ app_begin ] --END-- [ RunTime:0.000598s ]
SQL: SHOW COLUMNS FROM `zk_sessionkey` [ RunTime:0.0004s ]
SQL: SELECT * FROM `zk_sessionkey` WHERE `session3key` = 'WAfPFimNHUynsmiT' LIMIT 1   [ RunTime:0.0002s ]

[ 2017-10-25T15:42:23+08:00 ] 192.168.103.104 /weapp.zhongkaiyun.com/index.php?m=weapp&c=wxuser&a=saveWxUserInfo
INFO: [ app_init ] --START--
INFO: Run Behavior\BuildLiteBehavior [ RunTime:0.000009s ]
INFO: [ app_init ] --END-- [ RunTime:0.000219s ]
INFO: [ app_begin ] --START--
INFO: Run Behavior\ReadHtmlCacheBehavior [ RunTime:0.000434s ]
INFO: [ app_begin ] --END-- [ RunTime:0.000471s ]
SQL: SHOW COLUMNS FROM `zk_sessionkey` [ RunTime:0.0005s ]
SQL: SELECT * FROM `zk_sessionkey` WHERE `session3key` = 'WAfPFimNHUynsmiT' LIMIT 1   [ RunTime:0.0003s ]
SQL: SHOW COLUMNS FROM `zk_wxuser` [ RunTime:0.0006s ]
SQL: UPDATE `zk_wxuser` SET `nickName`='刘泽中',`gender`='1',`city`='',`province`='',`country`='China',`avatarUrl`='https://wx.qlogo.cn/mmopen/vi_32/DYAIOgq83er4x36mk2xToWWVHeia2FwvRTswHcia0p9IF7lx8HNMtE0sian7Ie1uHq6Nu9MQsaianSy1552HF0QQqA/0',`gmt_modified`='2017-10-25 15:42:23' WHERE `openid` = 'oUpv60E98MOGnr9Z9Ele1UYroiLQ' [ RunTime:0.0006s ]

[ 2017-10-25T15:42:39+08:00 ] 192.168.103.104 /weapp.zhongkaiyun.com/index.php?m=weapp&c=wxuser&a=saveWxUserInfo
INFO: [ app_init ] --START--
INFO: Run Behavior\BuildLiteBehavior [ RunTime:0.000010s ]
INFO: [ app_init ] --END-- [ RunTime:0.000258s ]
INFO: [ app_begin ] --START--
INFO: Run Behavior\ReadHtmlCacheBehavior [ RunTime:0.000256s ]
INFO: [ app_begin ] --END-- [ RunTime:0.000293s ]
SQL: SHOW COLUMNS FROM `zk_sessionkey` [ RunTime:0.0004s ]
SQL: SELECT * FROM `zk_sessionkey` WHERE `session3key` = 'WAfPFimNHUynsmiT' LIMIT 1   [ RunTime:0.0003s ]
SQL: SHOW COLUMNS FROM `zk_wxuser` [ RunTime:0.0004s ]
SQL: UPDATE `zk_wxuser` SET `nickName`='刘泽中',`gender`='1',`city`='',`province`='',`country`='China',`avatarUrl`='https://wx.qlogo.cn/mmopen/vi_32/DYAIOgq83er4x36mk2xToWWVHeia2FwvRTswHcia0p9IF7lx8HNMtE0sian7Ie1uHq6Nu9MQsaianSy1552HF0QQqA/0',`gmt_modified`='2017-10-25 15:42:39' WHERE `openid` = 'oUpv60E98MOGnr9Z9Ele1UYroiLQ' [ RunTime:0.0006s ]

[ 2017-10-25T15:42:51+08:00 ] 192.168.103.104 /weapp.zhongkaiyun.com/index.php?m=weapp&c=wxuser&a=checksessionkey
INFO: [ app_init ] --START--
INFO: Run Behavior\BuildLiteBehavior [ RunTime:0.000032s ]
INFO: [ app_init ] --END-- [ RunTime:0.000497s ]
INFO: [ app_begin ] --START--
INFO: Run Behavior\ReadHtmlCacheBehavior [ RunTime:0.000668s ]
INFO: [ app_begin ] --END-- [ RunTime:0.000788s ]
SQL: SHOW COLUMNS FROM `zk_sessionkey` [ RunTime:0.0004s ]
SQL: SELECT * FROM `zk_sessionkey` WHERE `session3key` = 'WAfPFimNHUynsmiT' LIMIT 1   [ RunTime:0.0003s ]

[ 2017-10-25T15:44:17+08:00 ] 192.168.103.104 /weapp.zhongkaiyun.com/index.php?m=weapp&c=wxuser&a=checksessionkey
INFO: [ app_init ] --START--
INFO: Run Behavior\BuildLiteBehavior [ RunTime:0.000009s ]
INFO: [ app_init ] --END-- [ RunTime:0.000183s ]
INFO: [ app_begin ] --START--
INFO: Run Behavior\ReadHtmlCacheBehavior [ RunTime:0.000323s ]
INFO: [ app_begin ] --END-- [ RunTime:0.000361s ]
SQL: SHOW COLUMNS FROM `zk_sessionkey` [ RunTime:0.0004s ]
SQL: SELECT * FROM `zk_sessionkey` WHERE `session3key` = 'WAfPFimNHUynsmiT' LIMIT 1   [ RunTime:0.0002s ]

[ 2017-10-25T15:45:57+08:00 ] 192.168.103.104 /weapp.zhongkaiyun.com/index.php?m=weapp&c=wxuser&a=checksessionkey
INFO: [ app_init ] --START--
INFO: Run Behavior\BuildLiteBehavior [ RunTime:0.000008s ]
INFO: [ app_init ] --END-- [ RunTime:0.000184s ]
INFO: [ app_begin ] --START--
INFO: Run Behavior\ReadHtmlCacheBehavior [ RunTime:0.000221s ]
INFO: [ app_begin ] --END-- [ RunTime:0.000251s ]
SQL: SHOW COLUMNS FROM `zk_sessionkey` [ RunTime:0.0004s ]
SQL: SELECT * FROM `zk_sessionkey` WHERE `session3key` = 'WAfPFimNHUynsmiT' LIMIT 1   [ RunTime:0.0002s ]

[ 2017-10-25T15:46:01+08:00 ] 192.168.103.104 /weapp.zhongkaiyun.com/index.php?m=weapp&c=wxuser&a=saveWxUserInfo
INFO: [ app_init ] --START--
INFO: Run Behavior\BuildLiteBehavior [ RunTime:0.000010s ]
INFO: [ app_init ] --END-- [ RunTime:0.000205s ]
INFO: [ app_begin ] --START--
INFO: Run Behavior\ReadHtmlCacheBehavior [ RunTime:0.000682s ]
INFO: [ app_begin ] --END-- [ RunTime:0.000808s ]
SQL: SHOW COLUMNS FROM `zk_sessionkey` [ RunTime:0.0005s ]
SQL: SELECT * FROM `zk_sessionkey` WHERE `session3key` = 'WAfPFimNHUynsmiT' LIMIT 1   [ RunTime:0.0003s ]
SQL: SHOW COLUMNS FROM `zk_wxuser` [ RunTime:0.0005s ]
SQL: UPDATE `zk_wxuser` SET `nickName`='刘泽中',`gender`='1',`city`='',`province`='',`country`='China',`avatarUrl`='https://wx.qlogo.cn/mmopen/vi_32/DYAIOgq83er4x36mk2xToWWVHeia2FwvRTswHcia0p9IF7lx8HNMtE0sian7Ie1uHq6Nu9MQsaianSy1552HF0QQqA/0',`gmt_modified`='2017-10-25 15:46:01' WHERE `openid` = 'oUpv60E98MOGnr9Z9Ele1UYroiLQ' [ RunTime:0.0008s ]

[ 2017-10-25T15:46:29+08:00 ] 192.168.103.104 /weapp.zhongkaiyun.com/index.php?m=weapp&c=wxuser&a=checksessionkey
INFO: [ app_init ] --START--
INFO: Run Behavior\BuildLiteBehavior [ RunTime:0.000008s ]
INFO: [ app_init ] --END-- [ RunTime:0.000181s ]
INFO: [ app_begin ] --START--
INFO: Run Behavior\ReadHtmlCacheBehavior [ RunTime:0.000224s ]
INFO: [ app_begin ] --END-- [ RunTime:0.000254s ]
SQL: SHOW COLUMNS FROM `zk_sessionkey` [ RunTime:0.0004s ]
SQL: SELECT * FROM `zk_sessionkey` WHERE `session3key` = 'WAfPFimNHUynsmiT' LIMIT 1   [ RunTime:0.0002s ]

[ 2017-10-25T15:46:40+08:00 ] 192.168.103.104 /weapp.zhongkaiyun.com/index.php?m=weapp&c=wxuser&a=checksessionkey
INFO: [ app_init ] --START--
INFO: Run Behavior\BuildLiteBehavior [ RunTime:0.000015s ]
INFO: [ app_init ] --END-- [ RunTime:0.000331s ]
INFO: [ app_begin ] --START--
INFO: Run Behavior\ReadHtmlCacheBehavior [ RunTime:0.000579s ]
INFO: [ app_begin ] --END-- [ RunTime:0.000657s ]
SQL: SHOW COLUMNS FROM `zk_sessionkey` [ RunTime:0.0005s ]
SQL: SELECT * FROM `zk_sessionkey` WHERE `session3key` = 'WAfPFimNHUynsmiT' LIMIT 1   [ RunTime:0.0003s ]

[ 2017-10-25T16:01:41+08:00 ] 192.168.103.104 /weapp.zhongkaiyun.com/index.php?m=weapp&c=wxuser&a=checksessionkey
INFO: [ app_init ] --START--
INFO: Run Behavior\BuildLiteBehavior [ RunTime:0.000013s ]
INFO: [ app_init ] --END-- [ RunTime:0.000230s ]
INFO: [ app_begin ] --START--
INFO: Run Behavior\ReadHtmlCacheBehavior [ RunTime:0.000712s ]
INFO: [ app_begin ] --END-- [ RunTime:0.000801s ]
SQL: SHOW COLUMNS FROM `zk_sessionkey` [ RunTime:0.0006s ]
SQL: SELECT * FROM `zk_sessionkey` WHERE `session3key` = 'WAfPFimNHUynsmiT' LIMIT 1   [ RunTime:0.0004s ]

[ 2017-10-25T16:01:49+08:00 ] 192.168.103.104 /weapp.zhongkaiyun.com/index.php?m=weapp&c=wxuser&a=checksessionkey
INFO: [ app_init ] --START--
INFO: Run Behavior\BuildLiteBehavior [ RunTime:0.000009s ]
INFO: [ app_init ] --END-- [ RunTime:0.000186s ]
INFO: [ app_begin ] --START--
INFO: Run Behavior\ReadHtmlCacheBehavior [ RunTime:0.000259s ]
INFO: [ app_begin ] --END-- [ RunTime:0.000294s ]
SQL: SHOW COLUMNS FROM `zk_sessionkey` [ RunTime:0.0004s ]
SQL: SELECT * FROM `zk_sessionkey` WHERE `session3key` = 'WAfPFimNHUynsmiT' LIMIT 1   [ RunTime:0.0002s ]

[ 2017-10-25T16:01:54+08:00 ] 192.168.103.104 /weapp.zhongkaiyun.com/index.php?m=weapp&c=wxuser&a=checksessionkey
INFO: [ app_init ] --START--
INFO: Run Behavior\BuildLiteBehavior [ RunTime:0.000013s ]
INFO: [ app_init ] --END-- [ RunTime:0.000406s ]
INFO: [ app_begin ] --START--
INFO: Run Behavior\ReadHtmlCacheBehavior [ RunTime:0.001168s ]
INFO: [ app_begin ] --END-- [ RunTime:0.001292s ]
SQL: SHOW COLUMNS FROM `zk_sessionkey` [ RunTime:0.0006s ]
SQL: SELECT * FROM `zk_sessionkey` WHERE `session3key` = 'WAfPFimNHUynsmiT' LIMIT 1   [ RunTime:0.0003s ]

[ 2017-10-25T16:01:57+08:00 ] 192.168.103.104 /weapp.zhongkaiyun.com/index.php?m=weapp&c=wxuser&a=saveWxUserInfo
INFO: [ app_init ] --START--
INFO: Run Behavior\BuildLiteBehavior [ RunTime:0.000009s ]
INFO: [ app_init ] --END-- [ RunTime:0.000199s ]
INFO: [ app_begin ] --START--
INFO: Run Behavior\ReadHtmlCacheBehavior [ RunTime:0.000419s ]
INFO: [ app_begin ] --END-- [ RunTime:0.000487s ]
SQL: SHOW COLUMNS FROM `zk_sessionkey` [ RunTime:0.0006s ]
SQL: SELECT * FROM `zk_sessionkey` WHERE `session3key` = 'WAfPFimNHUynsmiT' LIMIT 1   [ RunTime:0.0004s ]
SQL: SHOW COLUMNS FROM `zk_wxuser` [ RunTime:0.0007s ]
SQL: UPDATE `zk_wxuser` SET `nickName`='刘泽中',`gender`='1',`city`='',`province`='',`country`='China',`avatarUrl`='https://wx.qlogo.cn/mmopen/vi_32/DYAIOgq83er4x36mk2xToWWVHeia2FwvRTswHcia0p9IF7lx8HNMtE0sian7Ie1uHq6Nu9MQsaianSy1552HF0QQqA/0',`gmt_modified`='2017-10-25 16:01:57' WHERE `openid` = 'oUpv60E98MOGnr9Z9Ele1UYroiLQ' [ RunTime:0.0006s ]

[ 2017-10-25T16:34:55+08:00 ] 192.168.103.104 /weapp.zhongkaiyun.com/index.php?m=Weapp&c=match&a=listAllMatchInfoUnfinished
INFO: [ app_init ] --START--
INFO: Run Behavior\BuildLiteBehavior [ RunTime:0.000013s ]
INFO: [ app_init ] --END-- [ RunTime:0.000222s ]
INFO: [ app_begin ] --START--
INFO: Run Behavior\ReadHtmlCacheBehavior [ RunTime:0.006582s ]
INFO: [ app_begin ] --END-- [ RunTime:0.006653s ]
SQL: SHOW COLUMNS FROM `zk_match` [ RunTime:0.0008s ]
SQL: SELECT * FROM `zk_match` WHERE `is_finish` = 0 ORDER BY gmt_create desc  [ RunTime:0.0004s ]
SQL: SHOW COLUMNS FROM `zk_event` [ RunTime:0.0005s ]
SQL: SELECT `name` FROM `zk_event` WHERE `event_id` = 36 LIMIT 1   [ RunTime:0.0003s ]
SQL: SHOW COLUMNS FROM `zk_image` [ RunTime:0.0006s ]
SQL: SELECT `image_url` FROM `zk_image` WHERE `match_id` = 2 LIMIT 1   [ RunTime:0.0004s ]
SQL: SELECT `name` FROM `zk_event` WHERE `event_id` = 7 LIMIT 1   [ RunTime:0.0003s ]
SQL: SELECT `image_url` FROM `zk_image` WHERE `match_id` = 1 LIMIT 1   [ RunTime:0.0002s ]

[ 2017-10-25T16:34:58+08:00 ] 192.168.103.104 /weapp.zhongkaiyun.com/index.php?m=Weapp&c=match&a=increaseViewTimes
INFO: [ app_init ] --START--
INFO: Run Behavior\BuildLiteBehavior [ RunTime:0.000029s ]
INFO: [ app_init ] --END-- [ RunTime:0.000368s ]
INFO: [ app_begin ] --START--
INFO: Run Behavior\ReadHtmlCacheBehavior [ RunTime:0.000481s ]
INFO: [ app_begin ] --END-- [ RunTime:0.000558s ]
SQL: SHOW COLUMNS FROM `zk_match` [ RunTime:0.0008s ]
SQL: UPDATE `zk_match` SET `view_times`=view_times+1 WHERE `match_id` = 2 [ RunTime:0.0008s ]

[ 2017-10-25T16:34:58+08:00 ] 192.168.103.104 /weapp.zhongkaiyun.com/index.php?m=Weapp&c=match&a=getMatchInfoByID
INFO: [ app_init ] --START--
INFO: Run Behavior\BuildLiteBehavior [ RunTime:0.000011s ]
INFO: [ app_init ] --END-- [ RunTime:0.000430s ]
INFO: [ app_begin ] --START--
INFO: Run Behavior\ReadHtmlCacheBehavior [ RunTime:0.000397s ]
INFO: [ app_begin ] --END-- [ RunTime:0.000476s ]
SQL: SHOW COLUMNS FROM `zk_match` [ RunTime:0.0009s ]
SQL: SELECT * FROM `zk_match` WHERE `match_id` = 2 LIMIT 1   [ RunTime:0.0010s ]
SQL: SHOW COLUMNS FROM `zk_image` [ RunTime:0.0006s ]
SQL: SELECT * FROM `zk_image` WHERE `match_id` = 2 AND `is_status` = 1  [ RunTime:0.0004s ]
SQL: SHOW COLUMNS FROM `zk_category` [ RunTime:0.0007s ]
SQL: SELECT * FROM `zk_category` WHERE `match_id` = 2  [ RunTime:0.0003s ]

[ 2017-10-25T17:00:55+08:00 ] 192.168.103.104 /weapp.zhongkaiyun.com/index.php?m=weapp&c=wxuser&a=checksessionkey
INFO: [ app_init ] --START--
INFO: Run Behavior\BuildLiteBehavior [ RunTime:0.000009s ]
INFO: [ app_init ] --END-- [ RunTime:0.000188s ]
INFO: [ app_begin ] --START--
INFO: Run Behavior\ReadHtmlCacheBehavior [ RunTime:0.000716s ]
INFO: [ app_begin ] --END-- [ RunTime:0.000759s ]
SQL: SHOW COLUMNS FROM `zk_sessionkey` [ RunTime:0.0004s ]
SQL: SELECT * FROM `zk_sessionkey` WHERE `session3key` = 'WAfPFimNHUynsmiT' LIMIT 1   [ RunTime:0.0003s ]

[ 2017-10-25T17:01:39+08:00 ] 192.168.103.104 /weapp.zhongkaiyun.com/index.php?m=weapp&c=wxuser&a=checksessionkey
INFO: [ app_init ] --START--
INFO: Run Behavior\BuildLiteBehavior [ RunTime:0.000009s ]
INFO: [ app_init ] --END-- [ RunTime:0.000187s ]
INFO: [ app_begin ] --START--
INFO: Run Behavior\ReadHtmlCacheBehavior [ RunTime:0.000228s ]
INFO: [ app_begin ] --END-- [ RunTime:0.000260s ]
SQL: SHOW COLUMNS FROM `zk_sessionkey` [ RunTime:0.0005s ]
SQL: SELECT * FROM `zk_sessionkey` WHERE `session3key` = 'WAfPFimNHUynsmiT' LIMIT 1   [ RunTime:0.0003s ]

