[ 2017-11-03T09:40:37+08:00 ] 192.168.103.251 /weapp.zhongkaiyun.com/index.php?m=weapp&c=wxuser&a=checksessionkey
INFO: [ app_init ] --START--
INFO: Run Behavior\BuildLiteBehavior [ RunTime:0.000043s ]
INFO: [ app_init ] --END-- [ RunTime:0.000877s ]
INFO: [ app_begin ] --START--
INFO: Run Behavior\ReadHtmlCacheBehavior [ RunTime:0.000897s ]
INFO: [ app_begin ] --END-- [ RunTime:0.001002s ]
SQL: SHOW COLUMNS FROM `zk_sessionkey` [ RunTime:0.0011s ]
SQL: SELECT * FROM `zk_sessionkey` WHERE `session3key` = 'fvhxJa5jXbHV5Tpq' LIMIT 1   [ RunTime:0.0009s ]

[ 2017-11-03T09:40:37+08:00 ] 192.168.103.251 /weapp.zhongkaiyun.com/index.php?m=Weapp&c=match&a=listAllMatchInfoUnfinished
INFO: [ app_init ] --START--
INFO: Run Behavior\BuildLiteBehavior [ RunTime:0.000013s ]
INFO: [ app_init ] --END-- [ RunTime:0.000232s ]
INFO: [ app_begin ] --START--
INFO: Run Behavior\ReadHtmlCacheBehavior [ RunTime:0.000283s ]
INFO: [ app_begin ] --END-- [ RunTime:0.000330s ]
SQL: SHOW COLUMNS FROM `zk_match` [ RunTime:0.0006s ]
SQL: SELECT * FROM `zk_match` WHERE `is_finish` = 0 ORDER BY gmt_create desc  [ RunTime:0.0005s ]
SQL: SHOW COLUMNS FROM `zk_event` [ RunTime:0.0005s ]
SQL: SELECT `name` FROM `zk_event` WHERE `event_id` = 36 LIMIT 1   [ RunTime:0.0003s ]
SQL: SHOW COLUMNS FROM `zk_image` [ RunTime:0.0004s ]
SQL: SELECT `image_url` FROM `zk_image` WHERE `match_id` = 2 LIMIT 1   [ RunTime:0.0003s ]
SQL: SHOW COLUMNS FROM `zk_register` [ RunTime:0.0005s ]
SQL: SELECT COUNT(register_id) AS tp_count FROM `zk_register` WHERE `match_id` = 2 LIMIT 1   [ RunTime:0.0003s ]
SQL: SELECT `name` FROM `zk_event` WHERE `event_id` = 7 LIMIT 1   [ RunTime:0.0002s ]
SQL: SELECT `image_url` FROM `zk_image` WHERE `match_id` = 1 LIMIT 1   [ RunTime:0.0003s ]
SQL: SELECT COUNT(register_id) AS tp_count FROM `zk_register` WHERE `match_id` = 1 LIMIT 1   [ RunTime:0.0003s ]

[ 2017-11-03T09:40:43+08:00 ] 192.168.103.251 /weapp.zhongkaiyun.com/index.php?m=Weapp&c=match&a=increaseViewTimes
INFO: [ app_init ] --START--
INFO: Run Behavior\BuildLiteBehavior [ RunTime:0.000133s ]
INFO: [ app_init ] --END-- [ RunTime:0.000797s ]
INFO: [ app_begin ] --START--
INFO: Run Behavior\ReadHtmlCacheBehavior [ RunTime:0.000624s ]
INFO: [ app_begin ] --END-- [ RunTime:0.000733s ]
SQL: SHOW COLUMNS FROM `zk_match` [ RunTime:0.0009s ]
SQL: UPDATE `zk_match` SET `view_times`=view_times+1 WHERE `match_id` = 2 [ RunTime:0.0048s ]

[ 2017-11-03T09:40:43+08:00 ] 192.168.103.251 /weapp.zhongkaiyun.com/index.php?m=Weapp&c=match&a=getMatchInfoByID
INFO: [ app_init ] --START--
INFO: Run Behavior\BuildLiteBehavior [ RunTime:0.000012s ]
INFO: [ app_init ] --END-- [ RunTime:0.000450s ]
INFO: [ app_begin ] --START--
INFO: Run Behavior\ReadHtmlCacheBehavior [ RunTime:0.000380s ]
INFO: [ app_begin ] --END-- [ RunTime:0.000434s ]
SQL: SHOW COLUMNS FROM `zk_match` [ RunTime:0.0007s ]
SQL: SELECT * FROM `zk_match` WHERE `match_id` = 2 LIMIT 1   [ RunTime:0.0004s ]
SQL: SHOW COLUMNS FROM `zk_image` [ RunTime:0.0008s ]
SQL: SELECT * FROM `zk_image` WHERE `match_id` = 2 AND `is_status` = 1  [ RunTime:0.0004s ]
SQL: SHOW COLUMNS FROM `zk_category` [ RunTime:0.0010s ]
SQL: SELECT * FROM `zk_category` WHERE `match_id` = 2  [ RunTime:0.0006s ]
SQL: SHOW COLUMNS FROM `zk_register` [ RunTime:0.0007s ]
SQL: SELECT * FROM `zk_register` WHERE `match_id` = 2  [ RunTime:0.0003s ]
SQL: SHOW COLUMNS FROM `zk_wxuser` [ RunTime:0.0009s ]
NOTIC: [2] Illegal string offset 'user_id' /Work/wwwroot/weapp.zhongkaiyun.com/Application/Weapp/Controller/MatchController.class.php 第 128 行.
SQL: SELECT * FROM `zk_wxuser` WHERE `user_id` = 1 LIMIT 1   [ RunTime:0.0005s ]
NOTIC: [2] Illegal string offset 'user' /Work/wwwroot/weapp.zhongkaiyun.com/Application/Weapp/Controller/MatchController.class.php 第 129 行.
NOTIC: [8] Array to string conversion /Work/wwwroot/weapp.zhongkaiyun.com/Application/Weapp/Controller/MatchController.class.php 第 129 行.

[ 2017-11-03T09:41:00+08:00 ] 192.168.103.251 /weapp.zhongkaiyun.com/index.php?m=weapp&c=wxuser&a=checksessionkey
INFO: [ app_init ] --START--
INFO: Run Behavior\BuildLiteBehavior [ RunTime:0.000008s ]
INFO: [ app_init ] --END-- [ RunTime:0.000194s ]
INFO: [ app_begin ] --START--
INFO: Run Behavior\ReadHtmlCacheBehavior [ RunTime:0.000228s ]
INFO: [ app_begin ] --END-- [ RunTime:0.000255s ]
SQL: SHOW COLUMNS FROM `zk_sessionkey` [ RunTime:0.0007s ]
SQL: SELECT * FROM `zk_sessionkey` WHERE `session3key` = 'fvhxJa5jXbHV5Tpq' LIMIT 1   [ RunTime:0.0003s ]

[ 2017-11-03T09:41:00+08:00 ] 192.168.103.251 /weapp.zhongkaiyun.com/index.php?m=Weapp&c=match&a=listAllMatchInfoUnfinished
INFO: [ app_init ] --START--
INFO: Run Behavior\BuildLiteBehavior [ RunTime:0.000008s ]
INFO: [ app_init ] --END-- [ RunTime:0.000185s ]
INFO: [ app_begin ] --START--
INFO: Run Behavior\ReadHtmlCacheBehavior [ RunTime:0.000230s ]
INFO: [ app_begin ] --END-- [ RunTime:0.000264s ]
SQL: SHOW COLUMNS FROM `zk_match` [ RunTime:0.0006s ]
SQL: SELECT * FROM `zk_match` WHERE `is_finish` = 0 ORDER BY gmt_create desc  [ RunTime:0.0011s ]
SQL: SHOW COLUMNS FROM `zk_event` [ RunTime:0.0004s ]
SQL: SELECT `name` FROM `zk_event` WHERE `event_id` = 36 LIMIT 1   [ RunTime:0.0002s ]
SQL: SHOW COLUMNS FROM `zk_image` [ RunTime:0.0004s ]
SQL: SELECT `image_url` FROM `zk_image` WHERE `match_id` = 2 LIMIT 1   [ RunTime:0.0002s ]
SQL: SHOW COLUMNS FROM `zk_register` [ RunTime:0.0004s ]
SQL: SELECT COUNT(register_id) AS tp_count FROM `zk_register` WHERE `match_id` = 2 LIMIT 1   [ RunTime:0.0002s ]
SQL: SELECT `name` FROM `zk_event` WHERE `event_id` = 7 LIMIT 1   [ RunTime:0.0002s ]
SQL: SELECT `image_url` FROM `zk_image` WHERE `match_id` = 1 LIMIT 1   [ RunTime:0.0002s ]
SQL: SELECT COUNT(register_id) AS tp_count FROM `zk_register` WHERE `match_id` = 1 LIMIT 1   [ RunTime:0.0002s ]

[ 2017-11-03T09:41:01+08:00 ] 192.168.103.251 /weapp.zhongkaiyun.com/index.php?m=Weapp&c=match&a=increaseViewTimes
INFO: [ app_init ] --START--
INFO: Run Behavior\BuildLiteBehavior [ RunTime:0.000008s ]
INFO: [ app_init ] --END-- [ RunTime:0.000192s ]
INFO: [ app_begin ] --START--
INFO: Run Behavior\ReadHtmlCacheBehavior [ RunTime:0.000246s ]
INFO: [ app_begin ] --END-- [ RunTime:0.000275s ]
SQL: SHOW COLUMNS FROM `zk_match` [ RunTime:0.0005s ]
SQL: UPDATE `zk_match` SET `view_times`=view_times+1 WHERE `match_id` = 2 [ RunTime:0.0006s ]

[ 2017-11-03T09:41:01+08:00 ] 192.168.103.251 /weapp.zhongkaiyun.com/index.php?m=Weapp&c=match&a=getMatchInfoByID
INFO: [ app_init ] --START--
INFO: Run Behavior\BuildLiteBehavior [ RunTime:0.000098s ]
INFO: [ app_init ] --END-- [ RunTime:0.000318s ]
INFO: [ app_begin ] --START--
INFO: Run Behavior\ReadHtmlCacheBehavior [ RunTime:0.000359s ]
INFO: [ app_begin ] --END-- [ RunTime:0.000414s ]
SQL: SHOW COLUMNS FROM `zk_match` [ RunTime:0.0007s ]
SQL: SELECT * FROM `zk_match` WHERE `match_id` = 2 LIMIT 1   [ RunTime:0.0007s ]
SQL: SHOW COLUMNS FROM `zk_image` [ RunTime:0.0005s ]
SQL: SELECT * FROM `zk_image` WHERE `match_id` = 2 AND `is_status` = 1  [ RunTime:0.0004s ]
SQL: SHOW COLUMNS FROM `zk_category` [ RunTime:0.0005s ]
SQL: SELECT * FROM `zk_category` WHERE `match_id` = 2  [ RunTime:0.0004s ]
SQL: SHOW COLUMNS FROM `zk_register` [ RunTime:0.0007s ]
SQL: SELECT * FROM `zk_register` WHERE `match_id` = 2  [ RunTime:0.0007s ]
SQL: SHOW COLUMNS FROM `zk_wxuser` [ RunTime:0.0009s ]
NOTIC: [2] Illegal string offset 'user_id' /Work/wwwroot/weapp.zhongkaiyun.com/Application/Weapp/Controller/MatchController.class.php 第 128 行.
SQL: SELECT * FROM `zk_wxuser` WHERE `user_id` = 1 LIMIT 1   [ RunTime:0.0004s ]
NOTIC: [2] Illegal string offset 'user' /Work/wwwroot/weapp.zhongkaiyun.com/Application/Weapp/Controller/MatchController.class.php 第 129 行.
NOTIC: [8] Array to string conversion /Work/wwwroot/weapp.zhongkaiyun.com/Application/Weapp/Controller/MatchController.class.php 第 129 行.

[ 2017-11-03T09:49:27+08:00 ] 192.168.103.251 /weapp.zhongkaiyun.com/index.php?m=weapp&c=wxuser&a=checksessionkey
INFO: [ app_init ] --START--
INFO: Run Behavior\BuildLiteBehavior [ RunTime:0.000009s ]
INFO: [ app_init ] --END-- [ RunTime:0.000214s ]
INFO: [ app_begin ] --START--
INFO: Run Behavior\ReadHtmlCacheBehavior [ RunTime:0.000253s ]
INFO: [ app_begin ] --END-- [ RunTime:0.000281s ]
SQL: SHOW COLUMNS FROM `zk_sessionkey` [ RunTime:0.0006s ]
SQL: SELECT * FROM `zk_sessionkey` WHERE `session3key` = 'fvhxJa5jXbHV5Tpq' LIMIT 1   [ RunTime:0.0003s ]

[ 2017-11-03T09:49:27+08:00 ] 192.168.103.251 /weapp.zhongkaiyun.com/index.php?m=Weapp&c=match&a=listAllMatchInfoUnfinished
INFO: [ app_init ] --START--
INFO: Run Behavior\BuildLiteBehavior [ RunTime:0.000009s ]
INFO: [ app_init ] --END-- [ RunTime:0.000243s ]
INFO: [ app_begin ] --START--
INFO: Run Behavior\ReadHtmlCacheBehavior [ RunTime:0.000254s ]
INFO: [ app_begin ] --END-- [ RunTime:0.000291s ]
SQL: SHOW COLUMNS FROM `zk_match` [ RunTime:0.0006s ]
SQL: SELECT * FROM `zk_match` WHERE `is_finish` = 0 ORDER BY gmt_create desc  [ RunTime:0.0004s ]
SQL: SHOW COLUMNS FROM `zk_event` [ RunTime:0.0004s ]
SQL: SELECT `name` FROM `zk_event` WHERE `event_id` = 36 LIMIT 1   [ RunTime:0.0002s ]
SQL: SHOW COLUMNS FROM `zk_image` [ RunTime:0.0004s ]
SQL: SELECT `image_url` FROM `zk_image` WHERE `match_id` = 2 LIMIT 1   [ RunTime:0.0002s ]
SQL: SHOW COLUMNS FROM `zk_register` [ RunTime:0.0008s ]
SQL: SELECT COUNT(register_id) AS tp_count FROM `zk_register` WHERE `match_id` = 2 LIMIT 1   [ RunTime:0.0003s ]
SQL: SELECT `name` FROM `zk_event` WHERE `event_id` = 7 LIMIT 1   [ RunTime:0.0002s ]
SQL: SELECT `image_url` FROM `zk_image` WHERE `match_id` = 1 LIMIT 1   [ RunTime:0.0002s ]
SQL: SELECT COUNT(register_id) AS tp_count FROM `zk_register` WHERE `match_id` = 1 LIMIT 1   [ RunTime:0.0002s ]

[ 2017-11-03T09:49:48+08:00 ] 192.168.103.251 /weapp.zhongkaiyun.com/index.php?m=weapp&c=wxuser&a=checksessionkey
INFO: [ app_init ] --START--
INFO: Run Behavior\BuildLiteBehavior [ RunTime:0.000010s ]
INFO: [ app_init ] --END-- [ RunTime:0.000231s ]
INFO: [ app_begin ] --START--
INFO: Run Behavior\ReadHtmlCacheBehavior [ RunTime:0.000420s ]
INFO: [ app_begin ] --END-- [ RunTime:0.000464s ]
SQL: SHOW COLUMNS FROM `zk_sessionkey` [ RunTime:0.0008s ]
SQL: SELECT * FROM `zk_sessionkey` WHERE `session3key` = 'fvhxJa5jXbHV5Tpq' LIMIT 1   [ RunTime:0.0003s ]

[ 2017-11-03T09:49:48+08:00 ] 192.168.103.251 /weapp.zhongkaiyun.com/index.php?m=Weapp&c=match&a=listAllMatchInfoUnfinished
INFO: [ app_init ] --START--
INFO: Run Behavior\BuildLiteBehavior [ RunTime:0.000008s ]
INFO: [ app_init ] --END-- [ RunTime:0.000165s ]
INFO: [ app_begin ] --START--
INFO: Run Behavior\ReadHtmlCacheBehavior [ RunTime:0.000218s ]
INFO: [ app_begin ] --END-- [ RunTime:0.000251s ]
SQL: SHOW COLUMNS FROM `zk_match` [ RunTime:0.0004s ]
SQL: SELECT * FROM `zk_match` WHERE `is_finish` = 0 ORDER BY gmt_create desc  [ RunTime:0.0003s ]
SQL: SHOW COLUMNS FROM `zk_event` [ RunTime:0.0004s ]
SQL: SELECT `name` FROM `zk_event` WHERE `event_id` = 36 LIMIT 1   [ RunTime:0.0002s ]
SQL: SHOW COLUMNS FROM `zk_image` [ RunTime:0.0003s ]
SQL: SELECT `image_url` FROM `zk_image` WHERE `match_id` = 2 LIMIT 1   [ RunTime:0.0002s ]
SQL: SHOW COLUMNS FROM `zk_register` [ RunTime:0.0003s ]
SQL: SELECT COUNT(register_id) AS tp_count FROM `zk_register` WHERE `match_id` = 2 LIMIT 1   [ RunTime:0.0002s ]
SQL: SELECT `name` FROM `zk_event` WHERE `event_id` = 7 LIMIT 1   [ RunTime:0.0003s ]
SQL: SELECT `image_url` FROM `zk_image` WHERE `match_id` = 1 LIMIT 1   [ RunTime:0.0002s ]
SQL: SELECT COUNT(register_id) AS tp_count FROM `zk_register` WHERE `match_id` = 1 LIMIT 1   [ RunTime:0.0002s ]

[ 2017-11-03T09:49:58+08:00 ] 192.168.103.251 /weapp.zhongkaiyun.com/index.php?m=Weapp&c=match&a=increaseViewTimes
INFO: [ app_init ] --START--
INFO: Run Behavior\BuildLiteBehavior [ RunTime:0.000008s ]
INFO: [ app_init ] --END-- [ RunTime:0.000186s ]
INFO: [ app_begin ] --START--
INFO: Run Behavior\ReadHtmlCacheBehavior [ RunTime:0.000221s ]
INFO: [ app_begin ] --END-- [ RunTime:0.000249s ]
SQL: SHOW COLUMNS FROM `zk_match` [ RunTime:0.0006s ]
SQL: UPDATE `zk_match` SET `view_times`=view_times+1 WHERE `match_id` = 2 [ RunTime:0.0006s ]

[ 2017-11-03T09:49:58+08:00 ] 192.168.103.251 /weapp.zhongkaiyun.com/index.php?m=Weapp&c=match&a=getMatchInfoByID
INFO: [ app_init ] --START--
INFO: Run Behavior\BuildLiteBehavior [ RunTime:0.000009s ]
INFO: [ app_init ] --END-- [ RunTime:0.000196s ]
INFO: [ app_begin ] --START--
INFO: Run Behavior\ReadHtmlCacheBehavior [ RunTime:0.000709s ]
INFO: [ app_begin ] --END-- [ RunTime:0.000783s ]
SQL: SHOW COLUMNS FROM `zk_match` [ RunTime:0.0009s ]
SQL: SELECT * FROM `zk_match` WHERE `match_id` = 2 LIMIT 1   [ RunTime:0.0006s ]
SQL: SHOW COLUMNS FROM `zk_image` [ RunTime:0.0008s ]
SQL: SELECT * FROM `zk_image` WHERE `match_id` = 2 AND `is_status` = 1  [ RunTime:0.0003s ]
SQL: SHOW COLUMNS FROM `zk_category` [ RunTime:0.0005s ]
SQL: SELECT * FROM `zk_category` WHERE `match_id` = 2  [ RunTime:0.0006s ]
SQL: SHOW COLUMNS FROM `zk_register` [ RunTime:0.0006s ]
SQL: SELECT * FROM `zk_register` WHERE `match_id` = 2  [ RunTime:0.0004s ]
SQL: SHOW COLUMNS FROM `zk_wxuser` [ RunTime:0.0029s ]
SQL: SELECT * FROM `zk_wxuser` WHERE `user_id` IN ('1')  [ RunTime:0.0007s ]

[ 2017-11-03T09:50:01+08:00 ] 192.168.103.251 /weapp.zhongkaiyun.com/index.php?m=Weapp&c=match&a=listAllMatchInfoUnfinished
INFO: [ app_init ] --START--
INFO: Run Behavior\BuildLiteBehavior [ RunTime:0.000010s ]
INFO: [ app_init ] --END-- [ RunTime:0.000246s ]
INFO: [ app_begin ] --START--
INFO: Run Behavior\ReadHtmlCacheBehavior [ RunTime:0.000692s ]
INFO: [ app_begin ] --END-- [ RunTime:0.000844s ]
SQL: SHOW COLUMNS FROM `zk_match` [ RunTime:0.0006s ]
SQL: SELECT * FROM `zk_match` WHERE `is_finish` = 0 ORDER BY gmt_create desc  [ RunTime:0.0004s ]
SQL: SHOW COLUMNS FROM `zk_event` [ RunTime:0.0004s ]
SQL: SELECT `name` FROM `zk_event` WHERE `event_id` = 36 LIMIT 1   [ RunTime:0.0003s ]
SQL: SHOW COLUMNS FROM `zk_image` [ RunTime:0.0004s ]
SQL: SELECT `image_url` FROM `zk_image` WHERE `match_id` = 2 LIMIT 1   [ RunTime:0.0002s ]
SQL: SHOW COLUMNS FROM `zk_register` [ RunTime:0.0004s ]
SQL: SELECT COUNT(register_id) AS tp_count FROM `zk_register` WHERE `match_id` = 2 LIMIT 1   [ RunTime:0.0002s ]
SQL: SELECT `name` FROM `zk_event` WHERE `event_id` = 7 LIMIT 1   [ RunTime:0.0003s ]
SQL: SELECT `image_url` FROM `zk_image` WHERE `match_id` = 1 LIMIT 1   [ RunTime:0.0002s ]
SQL: SELECT COUNT(register_id) AS tp_count FROM `zk_register` WHERE `match_id` = 1 LIMIT 1   [ RunTime:0.0002s ]

[ 2017-11-03T09:50:03+08:00 ] 192.168.103.251 /weapp.zhongkaiyun.com/index.php?m=Weapp&c=match&a=increaseViewTimes
INFO: [ app_init ] --START--
INFO: Run Behavior\BuildLiteBehavior [ RunTime:0.000013s ]
INFO: [ app_init ] --END-- [ RunTime:0.000252s ]
INFO: [ app_begin ] --START--
INFO: Run Behavior\ReadHtmlCacheBehavior [ RunTime:0.000305s ]
INFO: [ app_begin ] --END-- [ RunTime:0.000351s ]
SQL: SHOW COLUMNS FROM `zk_match` [ RunTime:0.0007s ]
SQL: UPDATE `zk_match` SET `view_times`=view_times+1 WHERE `match_id` = 2 [ RunTime:0.0012s ]

[ 2017-11-03T09:50:03+08:00 ] 192.168.103.251 /weapp.zhongkaiyun.com/index.php?m=Weapp&c=match&a=getMatchInfoByID
INFO: [ app_init ] --START--
INFO: Run Behavior\BuildLiteBehavior [ RunTime:0.000011s ]
INFO: [ app_init ] --END-- [ RunTime:0.000270s ]
INFO: [ app_begin ] --START--
INFO: Run Behavior\ReadHtmlCacheBehavior [ RunTime:0.000385s ]
INFO: [ app_begin ] --END-- [ RunTime:0.000426s ]
SQL: SHOW COLUMNS FROM `zk_match` [ RunTime:0.0006s ]
SQL: SELECT * FROM `zk_match` WHERE `match_id` = 2 LIMIT 1   [ RunTime:0.0011s ]
SQL: SHOW COLUMNS FROM `zk_image` [ RunTime:0.0009s ]
SQL: SELECT * FROM `zk_image` WHERE `match_id` = 2 AND `is_status` = 1  [ RunTime:0.0005s ]
SQL: SHOW COLUMNS FROM `zk_category` [ RunTime:0.0007s ]
SQL: SELECT * FROM `zk_category` WHERE `match_id` = 2  [ RunTime:0.0004s ]
SQL: SHOW COLUMNS FROM `zk_register` [ RunTime:0.0005s ]
SQL: SELECT * FROM `zk_register` WHERE `match_id` = 2  [ RunTime:0.0003s ]
SQL: SHOW COLUMNS FROM `zk_wxuser` [ RunTime:0.0008s ]
SQL: SELECT * FROM `zk_wxuser` WHERE `user_id` IN ('1')  [ RunTime:0.0008s ]

[ 2017-11-03T09:50:05+08:00 ] 192.168.103.251 /weapp.zhongkaiyun.com/index.php?m=Weapp&c=match&a=listAllMatchInfoUnfinished
INFO: [ app_init ] --START--
INFO: Run Behavior\BuildLiteBehavior [ RunTime:0.000009s ]
INFO: [ app_init ] --END-- [ RunTime:0.000237s ]
INFO: [ app_begin ] --START--
INFO: Run Behavior\ReadHtmlCacheBehavior [ RunTime:0.000419s ]
INFO: [ app_begin ] --END-- [ RunTime:0.000480s ]
SQL: SHOW COLUMNS FROM `zk_match` [ RunTime:0.0006s ]
SQL: SELECT * FROM `zk_match` WHERE `is_finish` = 0 ORDER BY gmt_create desc  [ RunTime:0.0004s ]
SQL: SHOW COLUMNS FROM `zk_event` [ RunTime:0.0004s ]
SQL: SELECT `name` FROM `zk_event` WHERE `event_id` = 36 LIMIT 1   [ RunTime:0.0003s ]
SQL: SHOW COLUMNS FROM `zk_image` [ RunTime:0.0004s ]
SQL: SELECT `image_url` FROM `zk_image` WHERE `match_id` = 2 LIMIT 1   [ RunTime:0.0003s ]
SQL: SHOW COLUMNS FROM `zk_register` [ RunTime:0.0004s ]
SQL: SELECT COUNT(register_id) AS tp_count FROM `zk_register` WHERE `match_id` = 2 LIMIT 1   [ RunTime:0.0002s ]
SQL: SELECT `name` FROM `zk_event` WHERE `event_id` = 7 LIMIT 1   [ RunTime:0.0002s ]
SQL: SELECT `image_url` FROM `zk_image` WHERE `match_id` = 1 LIMIT 1   [ RunTime:0.0002s ]
SQL: SELECT COUNT(register_id) AS tp_count FROM `zk_register` WHERE `match_id` = 1 LIMIT 1   [ RunTime:0.0002s ]

[ 2017-11-03T09:50:14+08:00 ] 192.168.103.251 /weapp.zhongkaiyun.com/index.php?m=weapp&c=wxuser&a=checksessionkey
INFO: [ app_init ] --START--
INFO: Run Behavior\BuildLiteBehavior [ RunTime:0.000009s ]
INFO: [ app_init ] --END-- [ RunTime:0.000275s ]
INFO: [ app_begin ] --START--
INFO: Run Behavior\ReadHtmlCacheBehavior [ RunTime:0.000461s ]
INFO: [ app_begin ] --END-- [ RunTime:0.000558s ]
SQL: SHOW COLUMNS FROM `zk_sessionkey` [ RunTime:0.0007s ]
SQL: SELECT * FROM `zk_sessionkey` WHERE `session3key` = 'fvhxJa5jXbHV5Tpq' LIMIT 1   [ RunTime:0.0004s ]

[ 2017-11-03T09:50:14+08:00 ] 192.168.103.251 /weapp.zhongkaiyun.com/index.php?m=Weapp&c=match&a=listAllMatchInfoUnfinished
INFO: [ app_init ] --START--
INFO: Run Behavior\BuildLiteBehavior [ RunTime:0.000010s ]
INFO: [ app_init ] --END-- [ RunTime:0.000273s ]
INFO: [ app_begin ] --START--
INFO: Run Behavior\ReadHtmlCacheBehavior [ RunTime:0.000606s ]
INFO: [ app_begin ] --END-- [ RunTime:0.000695s ]
SQL: SHOW COLUMNS FROM `zk_match` [ RunTime:0.0004s ]
SQL: SELECT * FROM `zk_match` WHERE `is_finish` = 0 ORDER BY gmt_create desc  [ RunTime:0.0003s ]
SQL: SHOW COLUMNS FROM `zk_event` [ RunTime:0.0003s ]
SQL: SELECT `name` FROM `zk_event` WHERE `event_id` = 36 LIMIT 1   [ RunTime:0.0002s ]
SQL: SHOW COLUMNS FROM `zk_image` [ RunTime:0.0004s ]
SQL: SELECT `image_url` FROM `zk_image` WHERE `match_id` = 2 LIMIT 1   [ RunTime:0.0002s ]
SQL: SHOW COLUMNS FROM `zk_register` [ RunTime:0.0003s ]
SQL: SELECT COUNT(register_id) AS tp_count FROM `zk_register` WHERE `match_id` = 2 LIMIT 1   [ RunTime:0.0002s ]
SQL: SELECT `name` FROM `zk_event` WHERE `event_id` = 7 LIMIT 1   [ RunTime:0.0002s ]
SQL: SELECT `image_url` FROM `zk_image` WHERE `match_id` = 1 LIMIT 1   [ RunTime:0.0001s ]
SQL: SELECT COUNT(register_id) AS tp_count FROM `zk_register` WHERE `match_id` = 1 LIMIT 1   [ RunTime:0.0002s ]

[ 2017-11-03T09:50:19+08:00 ] 192.168.103.251 /weapp.zhongkaiyun.com/index.php?m=Weapp&c=match&a=increaseViewTimes
INFO: [ app_init ] --START--
INFO: Run Behavior\BuildLiteBehavior [ RunTime:0.000009s ]
INFO: [ app_init ] --END-- [ RunTime:0.000188s ]
INFO: [ app_begin ] --START--
INFO: Run Behavior\ReadHtmlCacheBehavior [ RunTime:0.000257s ]
INFO: [ app_begin ] --END-- [ RunTime:0.000297s ]
SQL: SHOW COLUMNS FROM `zk_match` [ RunTime:0.0006s ]
SQL: UPDATE `zk_match` SET `view_times`=view_times+1 WHERE `match_id` = 2 [ RunTime:0.0018s ]

[ 2017-11-03T09:50:19+08:00 ] 192.168.103.251 /weapp.zhongkaiyun.com/index.php?m=Weapp&c=match&a=getMatchInfoByID
INFO: [ app_init ] --START--
INFO: Run Behavior\BuildLiteBehavior [ RunTime:0.000007s ]
INFO: [ app_init ] --END-- [ RunTime:0.000178s ]
INFO: [ app_begin ] --START--
INFO: Run Behavior\ReadHtmlCacheBehavior [ RunTime:0.000223s ]
INFO: [ app_begin ] --END-- [ RunTime:0.000250s ]
SQL: SHOW COLUMNS FROM `zk_match` [ RunTime:0.0008s ]
SQL: SELECT * FROM `zk_match` WHERE `match_id` = 2 LIMIT 1   [ RunTime:0.0005s ]
SQL: SHOW COLUMNS FROM `zk_image` [ RunTime:0.0005s ]
SQL: SELECT * FROM `zk_image` WHERE `match_id` = 2 AND `is_status` = 1  [ RunTime:0.0003s ]
SQL: SHOW COLUMNS FROM `zk_category` [ RunTime:0.0006s ]
SQL: SELECT * FROM `zk_category` WHERE `match_id` = 2  [ RunTime:0.0003s ]
SQL: SHOW COLUMNS FROM `zk_register` [ RunTime:0.0005s ]
SQL: SELECT * FROM `zk_register` WHERE `match_id` = 2  [ RunTime:0.0004s ]
SQL: SHOW COLUMNS FROM `zk_wxuser` [ RunTime:0.0007s ]
SQL: SELECT * FROM `zk_wxuser` WHERE `user_id` IN ('1')  [ RunTime:0.0004s ]

[ 2017-11-03T09:50:26+08:00 ] 192.168.103.251 /weapp.zhongkaiyun.com/index.php?m=weapp&c=wxuser&a=checksessionkey
INFO: [ app_init ] --START--
INFO: Run Behavior\BuildLiteBehavior [ RunTime:0.000008s ]
INFO: [ app_init ] --END-- [ RunTime:0.000178s ]
INFO: [ app_begin ] --START--
INFO: Run Behavior\ReadHtmlCacheBehavior [ RunTime:0.000216s ]
INFO: [ app_begin ] --END-- [ RunTime:0.000244s ]
SQL: SHOW COLUMNS FROM `zk_sessionkey` [ RunTime:0.0004s ]
SQL: SELECT * FROM `zk_sessionkey` WHERE `session3key` = 'fvhxJa5jXbHV5Tpq' LIMIT 1   [ RunTime:0.0002s ]

[ 2017-11-03T09:50:26+08:00 ] 192.168.103.251 /weapp.zhongkaiyun.com/index.php?m=Weapp&c=match&a=listAllMatchInfoUnfinished
INFO: [ app_init ] --START--
INFO: Run Behavior\BuildLiteBehavior [ RunTime:0.000008s ]
INFO: [ app_init ] --END-- [ RunTime:0.000172s ]
INFO: [ app_begin ] --START--
INFO: Run Behavior\ReadHtmlCacheBehavior [ RunTime:0.000227s ]
INFO: [ app_begin ] --END-- [ RunTime:0.000257s ]
SQL: SHOW COLUMNS FROM `zk_match` [ RunTime:0.0005s ]
SQL: SELECT * FROM `zk_match` WHERE `is_finish` = 0 ORDER BY gmt_create desc  [ RunTime:0.0003s ]
SQL: SHOW COLUMNS FROM `zk_event` [ RunTime:0.0005s ]
SQL: SELECT `name` FROM `zk_event` WHERE `event_id` = 36 LIMIT 1   [ RunTime:0.0002s ]
SQL: SHOW COLUMNS FROM `zk_image` [ RunTime:0.0003s ]
SQL: SELECT `image_url` FROM `zk_image` WHERE `match_id` = 2 LIMIT 1   [ RunTime:0.0002s ]
SQL: SHOW COLUMNS FROM `zk_register` [ RunTime:0.0003s ]
SQL: SELECT COUNT(register_id) AS tp_count FROM `zk_register` WHERE `match_id` = 2 LIMIT 1   [ RunTime:0.0001s ]
SQL: SELECT `name` FROM `zk_event` WHERE `event_id` = 7 LIMIT 1   [ RunTime:0.0001s ]
SQL: SELECT `image_url` FROM `zk_image` WHERE `match_id` = 1 LIMIT 1   [ RunTime:0.0001s ]
SQL: SELECT COUNT(register_id) AS tp_count FROM `zk_register` WHERE `match_id` = 1 LIMIT 1   [ RunTime:0.0001s ]

[ 2017-11-03T09:50:26+08:00 ] 192.168.103.251 /weapp.zhongkaiyun.com/index.php?m=weapp&c=wxuser&a=checksessionkey
INFO: [ app_init ] --START--
INFO: Run Behavior\BuildLiteBehavior [ RunTime:0.000007s ]
INFO: [ app_init ] --END-- [ RunTime:0.000170s ]
INFO: [ app_begin ] --START--
INFO: Run Behavior\ReadHtmlCacheBehavior [ RunTime:0.000427s ]
INFO: [ app_begin ] --END-- [ RunTime:0.000460s ]
SQL: SHOW COLUMNS FROM `zk_sessionkey` [ RunTime:0.0004s ]
SQL: SELECT * FROM `zk_sessionkey` WHERE `session3key` = 'fvhxJa5jXbHV5Tpq' LIMIT 1   [ RunTime:0.0002s ]

[ 2017-11-03T09:50:26+08:00 ] 192.168.103.251 /weapp.zhongkaiyun.com/index.php?m=Weapp&c=match&a=listAllMatchInfoUnfinished
INFO: [ app_init ] --START--
INFO: Run Behavior\BuildLiteBehavior [ RunTime:0.000009s ]
INFO: [ app_init ] --END-- [ RunTime:0.000203s ]
INFO: [ app_begin ] --START--
INFO: Run Behavior\ReadHtmlCacheBehavior [ RunTime:0.000447s ]
INFO: [ app_begin ] --END-- [ RunTime:0.000558s ]
SQL: SHOW COLUMNS FROM `zk_match` [ RunTime:0.0005s ]
SQL: SELECT * FROM `zk_match` WHERE `is_finish` = 0 ORDER BY gmt_create desc  [ RunTime:0.0003s ]
SQL: SHOW COLUMNS FROM `zk_event` [ RunTime:0.0003s ]
SQL: SELECT `name` FROM `zk_event` WHERE `event_id` = 36 LIMIT 1   [ RunTime:0.0002s ]
SQL: SHOW COLUMNS FROM `zk_image` [ RunTime:0.0004s ]
SQL: SELECT `image_url` FROM `zk_image` WHERE `match_id` = 2 LIMIT 1   [ RunTime:0.0002s ]
SQL: SHOW COLUMNS FROM `zk_register` [ RunTime:0.0004s ]
SQL: SELECT COUNT(register_id) AS tp_count FROM `zk_register` WHERE `match_id` = 2 LIMIT 1   [ RunTime:0.0002s ]
SQL: SELECT `name` FROM `zk_event` WHERE `event_id` = 7 LIMIT 1   [ RunTime:0.0002s ]
SQL: SELECT `image_url` FROM `zk_image` WHERE `match_id` = 1 LIMIT 1   [ RunTime:0.0001s ]
SQL: SELECT COUNT(register_id) AS tp_count FROM `zk_register` WHERE `match_id` = 1 LIMIT 1   [ RunTime:0.0002s ]

[ 2017-11-03T09:50:27+08:00 ] 192.168.103.251 /weapp.zhongkaiyun.com/index.php?m=Weapp&c=match&a=increaseViewTimes
INFO: [ app_init ] --START--
INFO: Run Behavior\BuildLiteBehavior [ RunTime:0.000008s ]
INFO: [ app_init ] --END-- [ RunTime:0.000178s ]
INFO: [ app_begin ] --START--
INFO: Run Behavior\ReadHtmlCacheBehavior [ RunTime:0.000221s ]
INFO: [ app_begin ] --END-- [ RunTime:0.000248s ]
SQL: SHOW COLUMNS FROM `zk_match` [ RunTime:0.0008s ]
SQL: UPDATE `zk_match` SET `view_times`=view_times+1 WHERE `match_id` = 2 [ RunTime:0.0006s ]

[ 2017-11-03T09:50:27+08:00 ] 192.168.103.251 /weapp.zhongkaiyun.com/index.php?m=Weapp&c=match&a=getMatchInfoByID
INFO: [ app_init ] --START--
INFO: Run Behavior\BuildLiteBehavior [ RunTime:0.000008s ]
INFO: [ app_init ] --END-- [ RunTime:0.000172s ]
INFO: [ app_begin ] --START--
INFO: Run Behavior\ReadHtmlCacheBehavior [ RunTime:0.000216s ]
INFO: [ app_begin ] --END-- [ RunTime:0.000265s ]
SQL: SHOW COLUMNS FROM `zk_match` [ RunTime:0.0007s ]
SQL: SELECT * FROM `zk_match` WHERE `match_id` = 2 LIMIT 1   [ RunTime:0.0004s ]
SQL: SHOW COLUMNS FROM `zk_image` [ RunTime:0.0006s ]
SQL: SELECT * FROM `zk_image` WHERE `match_id` = 2 AND `is_status` = 1  [ RunTime:0.0004s ]
SQL: SHOW COLUMNS FROM `zk_category` [ RunTime:0.0007s ]
SQL: SELECT * FROM `zk_category` WHERE `match_id` = 2  [ RunTime:0.0003s ]
SQL: SHOW COLUMNS FROM `zk_register` [ RunTime:0.0005s ]
SQL: SELECT * FROM `zk_register` WHERE `match_id` = 2  [ RunTime:0.0004s ]
SQL: SHOW COLUMNS FROM `zk_wxuser` [ RunTime:0.0006s ]
SQL: SELECT * FROM `zk_wxuser` WHERE `user_id` IN ('1')  [ RunTime:0.0004s ]

[ 2017-11-03T09:50:38+08:00 ] 192.168.103.251 /weapp.zhongkaiyun.com/index.php?m=weapp&c=wxuser&a=checksessionkey
INFO: [ app_init ] --START--
INFO: Run Behavior\BuildLiteBehavior [ RunTime:0.000014s ]
INFO: [ app_init ] --END-- [ RunTime:0.000295s ]
INFO: [ app_begin ] --START--
INFO: Run Behavior\ReadHtmlCacheBehavior [ RunTime:0.000538s ]
INFO: [ app_begin ] --END-- [ RunTime:0.000619s ]
SQL: SHOW COLUMNS FROM `zk_sessionkey` [ RunTime:0.0005s ]
SQL: SELECT * FROM `zk_sessionkey` WHERE `session3key` = 'fvhxJa5jXbHV5Tpq' LIMIT 1   [ RunTime:0.0002s ]

[ 2017-11-03T09:50:39+08:00 ] 192.168.103.251 /weapp.zhongkaiyun.com/index.php?m=Weapp&c=match&a=listAllMatchInfoUnfinished
INFO: [ app_init ] --START--
INFO: Run Behavior\BuildLiteBehavior [ RunTime:0.000011s ]
INFO: [ app_init ] --END-- [ RunTime:0.000364s ]
INFO: [ app_begin ] --START--
INFO: Run Behavior\ReadHtmlCacheBehavior [ RunTime:0.000263s ]
INFO: [ app_begin ] --END-- [ RunTime:0.000304s ]
SQL: SHOW COLUMNS FROM `zk_match` [ RunTime:0.0005s ]
SQL: SELECT * FROM `zk_match` WHERE `is_finish` = 0 ORDER BY gmt_create desc  [ RunTime:0.0004s ]
SQL: SHOW COLUMNS FROM `zk_event` [ RunTime:0.0005s ]
SQL: SELECT `name` FROM `zk_event` WHERE `event_id` = 36 LIMIT 1   [ RunTime:0.0003s ]
SQL: SHOW COLUMNS FROM `zk_image` [ RunTime:0.0004s ]
SQL: SELECT `image_url` FROM `zk_image` WHERE `match_id` = 2 LIMIT 1   [ RunTime:0.0002s ]
SQL: SHOW COLUMNS FROM `zk_register` [ RunTime:0.0003s ]
SQL: SELECT COUNT(register_id) AS tp_count FROM `zk_register` WHERE `match_id` = 2 LIMIT 1   [ RunTime:0.0002s ]
SQL: SELECT `name` FROM `zk_event` WHERE `event_id` = 7 LIMIT 1   [ RunTime:0.0002s ]
SQL: SELECT `image_url` FROM `zk_image` WHERE `match_id` = 1 LIMIT 1   [ RunTime:0.0002s ]
SQL: SELECT COUNT(register_id) AS tp_count FROM `zk_register` WHERE `match_id` = 1 LIMIT 1   [ RunTime:0.0002s ]

[ 2017-11-03T09:50:40+08:00 ] 192.168.103.251 /weapp.zhongkaiyun.com/index.php?m=Weapp&c=match&a=increaseViewTimes
INFO: [ app_init ] --START--
INFO: Run Behavior\BuildLiteBehavior [ RunTime:0.000011s ]
INFO: [ app_init ] --END-- [ RunTime:0.000245s ]
INFO: [ app_begin ] --START--
INFO: Run Behavior\ReadHtmlCacheBehavior [ RunTime:0.000339s ]
INFO: [ app_begin ] --END-- [ RunTime:0.000385s ]
SQL: SHOW COLUMNS FROM `zk_match` [ RunTime:0.0006s ]
SQL: UPDATE `zk_match` SET `view_times`=view_times+1 WHERE `match_id` = 2 [ RunTime:0.0006s ]

[ 2017-11-03T09:50:40+08:00 ] 192.168.103.251 /weapp.zhongkaiyun.com/index.php?m=Weapp&c=match&a=getMatchInfoByID
INFO: [ app_init ] --START--
INFO: Run Behavior\BuildLiteBehavior [ RunTime:0.000010s ]
INFO: [ app_init ] --END-- [ RunTime:0.000185s ]
INFO: [ app_begin ] --START--
INFO: Run Behavior\ReadHtmlCacheBehavior [ RunTime:0.000225s ]
INFO: [ app_begin ] --END-- [ RunTime:0.000256s ]
SQL: SHOW COLUMNS FROM `zk_match` [ RunTime:0.0006s ]
SQL: SELECT * FROM `zk_match` WHERE `match_id` = 2 LIMIT 1   [ RunTime:0.0005s ]
SQL: SHOW COLUMNS FROM `zk_image` [ RunTime:0.0005s ]
SQL: SELECT * FROM `zk_image` WHERE `match_id` = 2 AND `is_status` = 1  [ RunTime:0.0003s ]
SQL: SHOW COLUMNS FROM `zk_category` [ RunTime:0.0005s ]
SQL: SELECT * FROM `zk_category` WHERE `match_id` = 2  [ RunTime:0.0003s ]
SQL: SHOW COLUMNS FROM `zk_register` [ RunTime:0.0007s ]
SQL: SELECT * FROM `zk_register` WHERE `match_id` = 2  [ RunTime:0.0004s ]
SQL: SHOW COLUMNS FROM `zk_wxuser` [ RunTime:0.0008s ]
SQL: SELECT * FROM `zk_wxuser` WHERE `user_id` IN ('1')  [ RunTime:0.0003s ]

[ 2017-11-03T09:50:56+08:00 ] 192.168.103.251 /weapp.zhongkaiyun.com/index.php?m=weapp&c=wxuser&a=checksessionkey
INFO: [ app_init ] --START--
INFO: Run Behavior\BuildLiteBehavior [ RunTime:0.000008s ]
INFO: [ app_init ] --END-- [ RunTime:0.000185s ]
INFO: [ app_begin ] --START--
INFO: Run Behavior\ReadHtmlCacheBehavior [ RunTime:0.000228s ]
INFO: [ app_begin ] --END-- [ RunTime:0.000256s ]
SQL: SHOW COLUMNS FROM `zk_sessionkey` [ RunTime:0.0009s ]
SQL: SELECT * FROM `zk_sessionkey` WHERE `session3key` = 'fvhxJa5jXbHV5Tpq' LIMIT 1   [ RunTime:0.0004s ]

[ 2017-11-03T09:50:57+08:00 ] 192.168.103.251 /weapp.zhongkaiyun.com/index.php?m=Weapp&c=match&a=listAllMatchInfoUnfinished
INFO: [ app_init ] --START--
INFO: Run Behavior\BuildLiteBehavior [ RunTime:0.000010s ]
INFO: [ app_init ] --END-- [ RunTime:0.000206s ]
INFO: [ app_begin ] --START--
INFO: Run Behavior\ReadHtmlCacheBehavior [ RunTime:0.000244s ]
INFO: [ app_begin ] --END-- [ RunTime:0.000280s ]
SQL: SHOW COLUMNS FROM `zk_match` [ RunTime:0.0007s ]
SQL: SELECT * FROM `zk_match` WHERE `is_finish` = 0 ORDER BY gmt_create desc  [ RunTime:0.0004s ]
SQL: SHOW COLUMNS FROM `zk_event` [ RunTime:0.0004s ]
SQL: SELECT `name` FROM `zk_event` WHERE `event_id` = 36 LIMIT 1   [ RunTime:0.0002s ]
SQL: SHOW COLUMNS FROM `zk_image` [ RunTime:0.0003s ]
SQL: SELECT `image_url` FROM `zk_image` WHERE `match_id` = 2 LIMIT 1   [ RunTime:0.0002s ]
SQL: SHOW COLUMNS FROM `zk_register` [ RunTime:0.0004s ]
SQL: SELECT COUNT(register_id) AS tp_count FROM `zk_register` WHERE `match_id` = 2 LIMIT 1   [ RunTime:0.0002s ]
SQL: SELECT `name` FROM `zk_event` WHERE `event_id` = 7 LIMIT 1   [ RunTime:0.0002s ]
SQL: SELECT `image_url` FROM `zk_image` WHERE `match_id` = 1 LIMIT 1   [ RunTime:0.0002s ]
SQL: SELECT COUNT(register_id) AS tp_count FROM `zk_register` WHERE `match_id` = 1 LIMIT 1   [ RunTime:0.0002s ]

[ 2017-11-03T09:50:58+08:00 ] 192.168.103.251 /weapp.zhongkaiyun.com/index.php?m=Weapp&c=match&a=increaseViewTimes
INFO: [ app_init ] --START--
INFO: Run Behavior\BuildLiteBehavior [ RunTime:0.000009s ]
INFO: [ app_init ] --END-- [ RunTime:0.000355s ]
INFO: [ app_begin ] --START--
INFO: Run Behavior\ReadHtmlCacheBehavior [ RunTime:0.000335s ]
INFO: [ app_begin ] --END-- [ RunTime:0.000376s ]
SQL: SHOW COLUMNS FROM `zk_match` [ RunTime:0.0006s ]
SQL: UPDATE `zk_match` SET `view_times`=view_times+1 WHERE `match_id` = 2 [ RunTime:0.0007s ]

[ 2017-11-03T09:50:58+08:00 ] 192.168.103.251 /weapp.zhongkaiyun.com/index.php?m=Weapp&c=match&a=getMatchInfoByID
INFO: [ app_init ] --START--
INFO: Run Behavior\BuildLiteBehavior [ RunTime:0.000015s ]
INFO: [ app_init ] --END-- [ RunTime:0.000379s ]
INFO: [ app_begin ] --START--
INFO: Run Behavior\ReadHtmlCacheBehavior [ RunTime:0.000516s ]
INFO: [ app_begin ] --END-- [ RunTime:0.000558s ]
SQL: SHOW COLUMNS FROM `zk_match` [ RunTime:0.0005s ]
SQL: SELECT * FROM `zk_match` WHERE `match_id` = 2 LIMIT 1   [ RunTime:0.0004s ]
SQL: SHOW COLUMNS FROM `zk_image` [ RunTime:0.0005s ]
SQL: SELECT * FROM `zk_image` WHERE `match_id` = 2 AND `is_status` = 1  [ RunTime:0.0003s ]
SQL: SHOW COLUMNS FROM `zk_category` [ RunTime:0.0005s ]
SQL: SELECT * FROM `zk_category` WHERE `match_id` = 2  [ RunTime:0.0003s ]
SQL: SHOW COLUMNS FROM `zk_register` [ RunTime:0.0004s ]
SQL: SELECT * FROM `zk_register` WHERE `match_id` = 2  [ RunTime:0.0003s ]
SQL: SHOW COLUMNS FROM `zk_wxuser` [ RunTime:0.0005s ]
SQL: SELECT * FROM `zk_wxuser` WHERE `user_id` IN ('1')  [ RunTime:0.0004s ]

[ 2017-11-03T09:51:05+08:00 ] 192.168.103.251 /weapp.zhongkaiyun.com/index.php?m=weapp&c=wxuser&a=checksessionkey
INFO: [ app_init ] --START--
INFO: Run Behavior\BuildLiteBehavior [ RunTime:0.000012s ]
INFO: [ app_init ] --END-- [ RunTime:0.000407s ]
INFO: [ app_begin ] --START--
INFO: Run Behavior\ReadHtmlCacheBehavior [ RunTime:0.000456s ]
INFO: [ app_begin ] --END-- [ RunTime:0.000557s ]
SQL: SHOW COLUMNS FROM `zk_sessionkey` [ RunTime:0.0004s ]
SQL: SELECT * FROM `zk_sessionkey` WHERE `session3key` = 'fvhxJa5jXbHV5Tpq' LIMIT 1   [ RunTime:0.0003s ]

[ 2017-11-03T09:51:06+08:00 ] 192.168.103.251 /weapp.zhongkaiyun.com/index.php?m=Weapp&c=match&a=listAllMatchInfoUnfinished
INFO: [ app_init ] --START--
INFO: Run Behavior\BuildLiteBehavior [ RunTime:0.000010s ]
INFO: [ app_init ] --END-- [ RunTime:0.000206s ]
INFO: [ app_begin ] --START--
INFO: Run Behavior\ReadHtmlCacheBehavior [ RunTime:0.000236s ]
INFO: [ app_begin ] --END-- [ RunTime:0.000266s ]
SQL: SHOW COLUMNS FROM `zk_match` [ RunTime:0.0007s ]
SQL: SELECT * FROM `zk_match` WHERE `is_finish` = 0 ORDER BY gmt_create desc  [ RunTime:0.0007s ]
SQL: SHOW COLUMNS FROM `zk_event` [ RunTime:0.0005s ]
SQL: SELECT `name` FROM `zk_event` WHERE `event_id` = 36 LIMIT 1   [ RunTime:0.0002s ]
SQL: SHOW COLUMNS FROM `zk_image` [ RunTime:0.0005s ]
SQL: SELECT `image_url` FROM `zk_image` WHERE `match_id` = 2 LIMIT 1   [ RunTime:0.0002s ]
SQL: SHOW COLUMNS FROM `zk_register` [ RunTime:0.0004s ]
SQL: SELECT COUNT(register_id) AS tp_count FROM `zk_register` WHERE `match_id` = 2 LIMIT 1   [ RunTime:0.0002s ]
SQL: SELECT `name` FROM `zk_event` WHERE `event_id` = 7 LIMIT 1   [ RunTime:0.0002s ]
SQL: SELECT `image_url` FROM `zk_image` WHERE `match_id` = 1 LIMIT 1   [ RunTime:0.0002s ]
SQL: SELECT COUNT(register_id) AS tp_count FROM `zk_register` WHERE `match_id` = 1 LIMIT 1   [ RunTime:0.0002s ]

[ 2017-11-03T09:51:09+08:00 ] 192.168.103.251 /weapp.zhongkaiyun.com/index.php?m=Weapp&c=match&a=increaseViewTimes
INFO: [ app_init ] --START--
INFO: Run Behavior\BuildLiteBehavior [ RunTime:0.000012s ]
INFO: [ app_init ] --END-- [ RunTime:0.000290s ]
INFO: [ app_begin ] --START--
INFO: Run Behavior\ReadHtmlCacheBehavior [ RunTime:0.000226s ]
INFO: [ app_begin ] --END-- [ RunTime:0.000257s ]
SQL: SHOW COLUMNS FROM `zk_match` [ RunTime:0.0005s ]
SQL: UPDATE `zk_match` SET `view_times`=view_times+1 WHERE `match_id` = 2 [ RunTime:0.0005s ]

[ 2017-11-03T09:51:09+08:00 ] 192.168.103.251 /weapp.zhongkaiyun.com/index.php?m=Weapp&c=match&a=getMatchInfoByID
INFO: [ app_init ] --START--
INFO: Run Behavior\BuildLiteBehavior [ RunTime:0.000007s ]
INFO: [ app_init ] --END-- [ RunTime:0.000175s ]
INFO: [ app_begin ] --START--
INFO: Run Behavior\ReadHtmlCacheBehavior [ RunTime:0.000311s ]
INFO: [ app_begin ] --END-- [ RunTime:0.000350s ]
SQL: SHOW COLUMNS FROM `zk_match` [ RunTime:0.0005s ]
SQL: SELECT * FROM `zk_match` WHERE `match_id` = 2 LIMIT 1   [ RunTime:0.0003s ]
SQL: SHOW COLUMNS FROM `zk_image` [ RunTime:0.0004s ]
SQL: SELECT * FROM `zk_image` WHERE `match_id` = 2 AND `is_status` = 1  [ RunTime:0.0003s ]
SQL: SHOW COLUMNS FROM `zk_category` [ RunTime:0.0004s ]
SQL: SELECT * FROM `zk_category` WHERE `match_id` = 2  [ RunTime:0.0003s ]
SQL: SHOW COLUMNS FROM `zk_register` [ RunTime:0.0005s ]
SQL: SELECT * FROM `zk_register` WHERE `match_id` = 2  [ RunTime:0.0004s ]
SQL: SHOW COLUMNS FROM `zk_wxuser` [ RunTime:0.0007s ]
SQL: SELECT * FROM `zk_wxuser` WHERE `user_id` IN ('1')  [ RunTime:0.0004s ]

[ 2017-11-03T09:51:27+08:00 ] 192.168.103.251 /weapp.zhongkaiyun.com/index.php?m=weapp&c=wxuser&a=checksessionkey
INFO: [ app_init ] --START--
INFO: Run Behavior\BuildLiteBehavior [ RunTime:0.000008s ]
INFO: [ app_init ] --END-- [ RunTime:0.000176s ]
INFO: [ app_begin ] --START--
INFO: Run Behavior\ReadHtmlCacheBehavior [ RunTime:0.000210s ]
INFO: [ app_begin ] --END-- [ RunTime:0.000237s ]
SQL: SHOW COLUMNS FROM `zk_sessionkey` [ RunTime:0.0007s ]
SQL: SELECT * FROM `zk_sessionkey` WHERE `session3key` = 'fvhxJa5jXbHV5Tpq' LIMIT 1   [ RunTime:0.0003s ]

[ 2017-11-03T09:51:28+08:00 ] 192.168.103.251 /weapp.zhongkaiyun.com/index.php?m=Weapp&c=match&a=listAllMatchInfoUnfinished
INFO: [ app_init ] --START--
INFO: Run Behavior\BuildLiteBehavior [ RunTime:0.000008s ]
INFO: [ app_init ] --END-- [ RunTime:0.000190s ]
INFO: [ app_begin ] --START--
INFO: Run Behavior\ReadHtmlCacheBehavior [ RunTime:0.000268s ]
INFO: [ app_begin ] --END-- [ RunTime:0.000310s ]
SQL: SHOW COLUMNS FROM `zk_match` [ RunTime:0.0006s ]
SQL: SELECT * FROM `zk_match` WHERE `is_finish` = 0 ORDER BY gmt_create desc  [ RunTime:0.0003s ]
SQL: SHOW COLUMNS FROM `zk_event` [ RunTime:0.0004s ]
SQL: SELECT `name` FROM `zk_event` WHERE `event_id` = 36 LIMIT 1   [ RunTime:0.0002s ]
SQL: SHOW COLUMNS FROM `zk_image` [ RunTime:0.0003s ]
SQL: SELECT `image_url` FROM `zk_image` WHERE `match_id` = 2 LIMIT 1   [ RunTime:0.0002s ]
SQL: SHOW COLUMNS FROM `zk_register` [ RunTime:0.0004s ]
SQL: SELECT COUNT(register_id) AS tp_count FROM `zk_register` WHERE `match_id` = 2 LIMIT 1   [ RunTime:0.0002s ]
SQL: SELECT `name` FROM `zk_event` WHERE `event_id` = 7 LIMIT 1   [ RunTime:0.0002s ]
SQL: SELECT `image_url` FROM `zk_image` WHERE `match_id` = 1 LIMIT 1   [ RunTime:0.0002s ]
SQL: SELECT COUNT(register_id) AS tp_count FROM `zk_register` WHERE `match_id` = 1 LIMIT 1   [ RunTime:0.0002s ]

[ 2017-11-03T09:51:29+08:00 ] 192.168.103.251 /weapp.zhongkaiyun.com/index.php?m=Weapp&c=match&a=increaseViewTimes
INFO: [ app_init ] --START--
INFO: Run Behavior\BuildLiteBehavior [ RunTime:0.000009s ]
INFO: [ app_init ] --END-- [ RunTime:0.000193s ]
INFO: [ app_begin ] --START--
INFO: Run Behavior\ReadHtmlCacheBehavior [ RunTime:0.000269s ]
INFO: [ app_begin ] --END-- [ RunTime:0.000301s ]
SQL: SHOW COLUMNS FROM `zk_match` [ RunTime:0.0005s ]
SQL: UPDATE `zk_match` SET `view_times`=view_times+1 WHERE `match_id` = 2 [ RunTime:0.0004s ]

[ 2017-11-03T09:51:29+08:00 ] 192.168.103.251 /weapp.zhongkaiyun.com/index.php?m=Weapp&c=match&a=getMatchInfoByID
INFO: [ app_init ] --START--
INFO: Run Behavior\BuildLiteBehavior [ RunTime:0.000008s ]
INFO: [ app_init ] --END-- [ RunTime:0.000177s ]
INFO: [ app_begin ] --START--
INFO: Run Behavior\ReadHtmlCacheBehavior [ RunTime:0.000362s ]
INFO: [ app_begin ] --END-- [ RunTime:0.000391s ]
SQL: SHOW COLUMNS FROM `zk_match` [ RunTime:0.0007s ]
SQL: SELECT * FROM `zk_match` WHERE `match_id` = 2 LIMIT 1   [ RunTime:0.0004s ]
SQL: SHOW COLUMNS FROM `zk_image` [ RunTime:0.0005s ]
SQL: SELECT * FROM `zk_image` WHERE `match_id` = 2 AND `is_status` = 1  [ RunTime:0.0003s ]
SQL: SHOW COLUMNS FROM `zk_category` [ RunTime:0.0006s ]
SQL: SELECT * FROM `zk_category` WHERE `match_id` = 2  [ RunTime:0.0003s ]
SQL: SHOW COLUMNS FROM `zk_register` [ RunTime:0.0005s ]
SQL: SELECT * FROM `zk_register` WHERE `match_id` = 2  [ RunTime:0.0062s ]
SQL: SHOW COLUMNS FROM `zk_wxuser` [ RunTime:0.0006s ]
SQL: SELECT * FROM `zk_wxuser` WHERE `user_id` IN ('1')  [ RunTime:0.0003s ]

[ 2017-11-03T09:51:36+08:00 ] 192.168.103.251 /weapp.zhongkaiyun.com/index.php?m=Weapp&c=match&a=listAllMatchInfoUnfinished
INFO: [ app_init ] --START--
INFO: Run Behavior\BuildLiteBehavior [ RunTime:0.000010s ]
INFO: [ app_init ] --END-- [ RunTime:0.000217s ]
INFO: [ app_begin ] --START--
INFO: Run Behavior\ReadHtmlCacheBehavior [ RunTime:0.000250s ]
INFO: [ app_begin ] --END-- [ RunTime:0.000288s ]
SQL: SHOW COLUMNS FROM `zk_match` [ RunTime:0.0007s ]
SQL: SELECT * FROM `zk_match` WHERE `is_finish` = 0 ORDER BY gmt_create desc  [ RunTime:0.0004s ]
SQL: SHOW COLUMNS FROM `zk_event` [ RunTime:0.0004s ]
SQL: SELECT `name` FROM `zk_event` WHERE `event_id` = 36 LIMIT 1   [ RunTime:0.0002s ]
SQL: SHOW COLUMNS FROM `zk_image` [ RunTime:0.0004s ]
SQL: SELECT `image_url` FROM `zk_image` WHERE `match_id` = 2 LIMIT 1   [ RunTime:0.0002s ]
SQL: SHOW COLUMNS FROM `zk_register` [ RunTime:0.0006s ]
SQL: SELECT COUNT(register_id) AS tp_count FROM `zk_register` WHERE `match_id` = 2 LIMIT 1   [ RunTime:0.0003s ]
SQL: SELECT `name` FROM `zk_event` WHERE `event_id` = 7 LIMIT 1   [ RunTime:0.0003s ]
SQL: SELECT `image_url` FROM `zk_image` WHERE `match_id` = 1 LIMIT 1   [ RunTime:0.0002s ]
SQL: SELECT COUNT(register_id) AS tp_count FROM `zk_register` WHERE `match_id` = 1 LIMIT 1   [ RunTime:0.0002s ]

[ 2017-11-03T09:53:04+08:00 ] 192.168.103.251 /weapp.zhongkaiyun.com/index.php?m=weapp&c=wxuser&a=checksessionkey
INFO: [ app_init ] --START--
INFO: Run Behavior\BuildLiteBehavior [ RunTime:0.000010s ]
INFO: [ app_init ] --END-- [ RunTime:0.000190s ]
INFO: [ app_begin ] --START--
INFO: Run Behavior\ReadHtmlCacheBehavior [ RunTime:0.000265s ]
INFO: [ app_begin ] --END-- [ RunTime:0.000302s ]
SQL: SHOW COLUMNS FROM `zk_sessionkey` [ RunTime:0.0005s ]
SQL: SELECT * FROM `zk_sessionkey` WHERE `session3key` = 'fvhxJa5jXbHV5Tpq' LIMIT 1   [ RunTime:0.0004s ]

[ 2017-11-03T09:53:05+08:00 ] 192.168.103.251 /weapp.zhongkaiyun.com/index.php?m=Weapp&c=match&a=listAllMatchInfoUnfinished
INFO: [ app_init ] --START--
INFO: Run Behavior\BuildLiteBehavior [ RunTime:0.000010s ]
INFO: [ app_init ] --END-- [ RunTime:0.000193s ]
INFO: [ app_begin ] --START--
INFO: Run Behavior\ReadHtmlCacheBehavior [ RunTime:0.000279s ]
INFO: [ app_begin ] --END-- [ RunTime:0.000314s ]
SQL: SHOW COLUMNS FROM `zk_match` [ RunTime:0.0004s ]
SQL: SELECT * FROM `zk_match` WHERE `is_finish` = 0 ORDER BY gmt_create desc  [ RunTime:0.0003s ]
SQL: SHOW COLUMNS FROM `zk_event` [ RunTime:0.0003s ]
SQL: SELECT `name` FROM `zk_event` WHERE `event_id` = 36 LIMIT 1   [ RunTime:0.0002s ]
SQL: SHOW COLUMNS FROM `zk_image` [ RunTime:0.0003s ]
SQL: SELECT `image_url` FROM `zk_image` WHERE `match_id` = 2 LIMIT 1   [ RunTime:0.0002s ]
SQL: SHOW COLUMNS FROM `zk_register` [ RunTime:0.0003s ]
SQL: SELECT COUNT(user_id) AS tp_count FROM `zk_register` WHERE `match_id` = 2 LIMIT 1   [ RunTime:0.0002s ]
SQL: SELECT `name` FROM `zk_event` WHERE `event_id` = 7 LIMIT 1   [ RunTime:0.0002s ]
SQL: SELECT `image_url` FROM `zk_image` WHERE `match_id` = 1 LIMIT 1   [ RunTime:0.0001s ]
SQL: SELECT COUNT(user_id) AS tp_count FROM `zk_register` WHERE `match_id` = 1 LIMIT 1   [ RunTime:0.0001s ]

[ 2017-11-03T09:53:07+08:00 ] 192.168.103.251 /weapp.zhongkaiyun.com/index.php?m=weapp&c=wxuser&a=checksessionkey
INFO: [ app_init ] --START--
INFO: Run Behavior\BuildLiteBehavior [ RunTime:0.000009s ]
INFO: [ app_init ] --END-- [ RunTime:0.000185s ]
INFO: [ app_begin ] --START--
INFO: Run Behavior\ReadHtmlCacheBehavior [ RunTime:0.000248s ]
INFO: [ app_begin ] --END-- [ RunTime:0.000281s ]
SQL: SHOW COLUMNS FROM `zk_sessionkey` [ RunTime:0.0004s ]
SQL: SELECT * FROM `zk_sessionkey` WHERE `session3key` = 'fvhxJa5jXbHV5Tpq' LIMIT 1   [ RunTime:0.0004s ]

[ 2017-11-03T09:53:07+08:00 ] 192.168.103.251 /weapp.zhongkaiyun.com/index.php?m=Weapp&c=match&a=listAllMatchInfoUnfinished
INFO: [ app_init ] --START--
INFO: Run Behavior\BuildLiteBehavior [ RunTime:0.000008s ]
INFO: [ app_init ] --END-- [ RunTime:0.000191s ]
INFO: [ app_begin ] --START--
INFO: Run Behavior\ReadHtmlCacheBehavior [ RunTime:0.000234s ]
INFO: [ app_begin ] --END-- [ RunTime:0.000269s ]
SQL: SHOW COLUMNS FROM `zk_match` [ RunTime:0.0005s ]
SQL: SELECT * FROM `zk_match` WHERE `is_finish` = 0 ORDER BY gmt_create desc  [ RunTime:0.0004s ]
SQL: SHOW COLUMNS FROM `zk_event` [ RunTime:0.0005s ]
SQL: SELECT `name` FROM `zk_event` WHERE `event_id` = 36 LIMIT 1   [ RunTime:0.0002s ]
SQL: SHOW COLUMNS FROM `zk_image` [ RunTime:0.0005s ]
SQL: SELECT `image_url` FROM `zk_image` WHERE `match_id` = 2 LIMIT 1   [ RunTime:0.0003s ]
SQL: SHOW COLUMNS FROM `zk_register` [ RunTime:0.0004s ]
SQL: SELECT COUNT(user_id) AS tp_count FROM `zk_register` WHERE `match_id` = 2 LIMIT 1   [ RunTime:0.0002s ]
SQL: SELECT `name` FROM `zk_event` WHERE `event_id` = 7 LIMIT 1   [ RunTime:0.0002s ]
SQL: SELECT `image_url` FROM `zk_image` WHERE `match_id` = 1 LIMIT 1   [ RunTime:0.0002s ]
SQL: SELECT COUNT(user_id) AS tp_count FROM `zk_register` WHERE `match_id` = 1 LIMIT 1   [ RunTime:0.0002s ]

[ 2017-11-03T09:53:10+08:00 ] 192.168.103.251 /weapp.zhongkaiyun.com/index.php?m=weapp&c=wxuser&a=checksessionkey
INFO: [ app_init ] --START--
INFO: Run Behavior\BuildLiteBehavior [ RunTime:0.000010s ]
INFO: [ app_init ] --END-- [ RunTime:0.000211s ]
INFO: [ app_begin ] --START--
INFO: Run Behavior\ReadHtmlCacheBehavior [ RunTime:0.000229s ]
INFO: [ app_begin ] --END-- [ RunTime:0.000259s ]
SQL: SHOW COLUMNS FROM `zk_sessionkey` [ RunTime:0.0005s ]
SQL: SELECT * FROM `zk_sessionkey` WHERE `session3key` = 'fvhxJa5jXbHV5Tpq' LIMIT 1   [ RunTime:0.0003s ]

[ 2017-11-03T09:53:10+08:00 ] 192.168.103.251 /weapp.zhongkaiyun.com/index.php?m=Weapp&c=match&a=listAllMatchInfoUnfinished
INFO: [ app_init ] --START--
INFO: Run Behavior\BuildLiteBehavior [ RunTime:0.000010s ]
INFO: [ app_init ] --END-- [ RunTime:0.000222s ]
INFO: [ app_begin ] --START--
INFO: Run Behavior\ReadHtmlCacheBehavior [ RunTime:0.000230s ]
INFO: [ app_begin ] --END-- [ RunTime:0.000265s ]
SQL: SHOW COLUMNS FROM `zk_match` [ RunTime:0.0005s ]
SQL: SELECT * FROM `zk_match` WHERE `is_finish` = 0 ORDER BY gmt_create desc  [ RunTime:0.0004s ]
SQL: SHOW COLUMNS FROM `zk_event` [ RunTime:0.0004s ]
SQL: SELECT `name` FROM `zk_event` WHERE `event_id` = 36 LIMIT 1   [ RunTime:0.0002s ]
SQL: SHOW COLUMNS FROM `zk_image` [ RunTime:0.0003s ]
SQL: SELECT `image_url` FROM `zk_image` WHERE `match_id` = 2 LIMIT 1   [ RunTime:0.0002s ]
SQL: SHOW COLUMNS FROM `zk_register` [ RunTime:0.0004s ]
SQL: SELECT COUNT(user_id) AS tp_count FROM `zk_register` WHERE `match_id` = 2 LIMIT 1   [ RunTime:0.0002s ]
SQL: SELECT `name` FROM `zk_event` WHERE `event_id` = 7 LIMIT 1   [ RunTime:0.0002s ]
SQL: SELECT `image_url` FROM `zk_image` WHERE `match_id` = 1 LIMIT 1   [ RunTime:0.0002s ]
SQL: SELECT COUNT(user_id) AS tp_count FROM `zk_register` WHERE `match_id` = 1 LIMIT 1   [ RunTime:0.0002s ]

[ 2017-11-03T09:56:11+08:00 ] 192.168.103.251 /weapp.zhongkaiyun.com/index.php?m=weapp&c=wxuser&a=checksessionkey
INFO: [ app_init ] --START--
INFO: Run Behavior\BuildLiteBehavior [ RunTime:0.000009s ]
INFO: [ app_init ] --END-- [ RunTime:0.000187s ]
INFO: [ app_begin ] --START--
INFO: Run Behavior\ReadHtmlCacheBehavior [ RunTime:0.000565s ]
INFO: [ app_begin ] --END-- [ RunTime:0.000620s ]
SQL: SHOW COLUMNS FROM `zk_sessionkey` [ RunTime:0.0006s ]
SQL: SELECT * FROM `zk_sessionkey` WHERE `session3key` = 'fvhxJa5jXbHV5Tpq' LIMIT 1   [ RunTime:0.0003s ]

[ 2017-11-03T09:56:11+08:00 ] 192.168.103.251 /weapp.zhongkaiyun.com/index.php?m=Weapp&c=match&a=listAllMatchInfoUnfinished
INFO: [ app_init ] --START--
INFO: Run Behavior\BuildLiteBehavior [ RunTime:0.000008s ]
INFO: [ app_init ] --END-- [ RunTime:0.000175s ]
INFO: [ app_begin ] --START--
INFO: Run Behavior\ReadHtmlCacheBehavior [ RunTime:0.000214s ]
INFO: [ app_begin ] --END-- [ RunTime:0.000246s ]
SQL: SHOW COLUMNS FROM `zk_match` [ RunTime:0.0004s ]
SQL: SELECT * FROM `zk_match` WHERE `is_finish` = 0 ORDER BY gmt_create desc  [ RunTime:0.0003s ]
SQL: SHOW COLUMNS FROM `zk_event` [ RunTime:0.0003s ]
SQL: SELECT `name` FROM `zk_event` WHERE `event_id` = 36 LIMIT 1   [ RunTime:0.0002s ]
SQL: SHOW COLUMNS FROM `zk_image` [ RunTime:0.0003s ]
SQL: SELECT `image_url` FROM `zk_image` WHERE `match_id` = 2 LIMIT 1   [ RunTime:0.0002s ]
SQL: SHOW COLUMNS FROM `zk_register` [ RunTime:0.0003s ]
SQL: SELECT * FROM `zk_register` WHERE `match_id` = 2  [ RunTime:0.0002s ]
SQL: SELECT `name` FROM `zk_event` WHERE `event_id` = 7 LIMIT 1   [ RunTime:0.0001s ]
SQL: SELECT `image_url` FROM `zk_image` WHERE `match_id` = 1 LIMIT 1   [ RunTime:0.0001s ]
SQL: SELECT * FROM `zk_register` WHERE `match_id` = 1  [ RunTime:0.0002s ]

[ 2017-11-03T09:56:13+08:00 ] 192.168.103.251 /weapp.zhongkaiyun.com/index.php?m=Weapp&c=match&a=increaseViewTimes
INFO: [ app_init ] --START--
INFO: Run Behavior\BuildLiteBehavior [ RunTime:0.000007s ]
INFO: [ app_init ] --END-- [ RunTime:0.000180s ]
INFO: [ app_begin ] --START--
INFO: Run Behavior\ReadHtmlCacheBehavior [ RunTime:0.000222s ]
INFO: [ app_begin ] --END-- [ RunTime:0.000249s ]
SQL: SHOW COLUMNS FROM `zk_match` [ RunTime:0.0005s ]
SQL: UPDATE `zk_match` SET `view_times`=view_times+1 WHERE `match_id` = 2 [ RunTime:0.0012s ]

[ 2017-11-03T09:56:13+08:00 ] 192.168.103.251 /weapp.zhongkaiyun.com/index.php?m=Weapp&c=match&a=getMatchInfoByID
INFO: [ app_init ] --START--
INFO: Run Behavior\BuildLiteBehavior [ RunTime:0.000007s ]
INFO: [ app_init ] --END-- [ RunTime:0.000171s ]
INFO: [ app_begin ] --START--
INFO: Run Behavior\ReadHtmlCacheBehavior [ RunTime:0.000304s ]
INFO: [ app_begin ] --END-- [ RunTime:0.000340s ]
SQL: SHOW COLUMNS FROM `zk_match` [ RunTime:0.0006s ]
SQL: SELECT * FROM `zk_match` WHERE `match_id` = 2 LIMIT 1   [ RunTime:0.0003s ]
SQL: SHOW COLUMNS FROM `zk_image` [ RunTime:0.0005s ]
SQL: SELECT * FROM `zk_image` WHERE `match_id` = 2 AND `is_status` = 1  [ RunTime:0.0003s ]
SQL: SHOW COLUMNS FROM `zk_category` [ RunTime:0.0005s ]
SQL: SELECT * FROM `zk_category` WHERE `match_id` = 2  [ RunTime:0.0003s ]
SQL: SHOW COLUMNS FROM `zk_register` [ RunTime:0.0005s ]
SQL: SELECT * FROM `zk_register` WHERE `match_id` = 2  [ RunTime:0.0003s ]
SQL: SHOW COLUMNS FROM `zk_wxuser` [ RunTime:0.0005s ]
SQL: SELECT * FROM `zk_wxuser` WHERE `user_id` IN ('1')  [ RunTime:0.0003s ]

[ 2017-11-03T09:56:19+08:00 ] 192.168.103.251 /weapp.zhongkaiyun.com/index.php?m=Weapp&c=match&a=listAllMatchInfoUnfinished
INFO: [ app_init ] --START--
INFO: Run Behavior\BuildLiteBehavior [ RunTime:0.000009s ]
INFO: [ app_init ] --END-- [ RunTime:0.000207s ]
INFO: [ app_begin ] --START--
INFO: Run Behavior\ReadHtmlCacheBehavior [ RunTime:0.000293s ]
INFO: [ app_begin ] --END-- [ RunTime:0.000336s ]
SQL: SHOW COLUMNS FROM `zk_match` [ RunTime:0.0005s ]
SQL: SELECT * FROM `zk_match` WHERE `is_finish` = 0 ORDER BY gmt_create desc  [ RunTime:0.0005s ]
SQL: SHOW COLUMNS FROM `zk_event` [ RunTime:0.0005s ]
SQL: SELECT `name` FROM `zk_event` WHERE `event_id` = 36 LIMIT 1   [ RunTime:0.0003s ]
SQL: SHOW COLUMNS FROM `zk_image` [ RunTime:0.0004s ]
SQL: SELECT `image_url` FROM `zk_image` WHERE `match_id` = 2 LIMIT 1   [ RunTime:0.0002s ]
SQL: SHOW COLUMNS FROM `zk_register` [ RunTime:0.0004s ]
SQL: SELECT * FROM `zk_register` WHERE `match_id` = 2  [ RunTime:0.0002s ]
SQL: SELECT `name` FROM `zk_event` WHERE `event_id` = 7 LIMIT 1   [ RunTime:0.0002s ]
SQL: SELECT `image_url` FROM `zk_image` WHERE `match_id` = 1 LIMIT 1   [ RunTime:0.0002s ]
SQL: SELECT * FROM `zk_register` WHERE `match_id` = 1  [ RunTime:0.0002s ]

[ 2017-11-03T09:57:41+08:00 ] 192.168.103.251 /weapp.zhongkaiyun.com/index.php?m=weapp&c=wxuser&a=checksessionkey
INFO: [ app_init ] --START--
INFO: Run Behavior\BuildLiteBehavior [ RunTime:0.000008s ]
INFO: [ app_init ] --END-- [ RunTime:0.000162s ]
INFO: [ app_begin ] --START--
INFO: Run Behavior\ReadHtmlCacheBehavior [ RunTime:0.000435s ]
INFO: [ app_begin ] --END-- [ RunTime:0.000503s ]
SQL: SHOW COLUMNS FROM `zk_sessionkey` [ RunTime:0.0004s ]
SQL: SELECT * FROM `zk_sessionkey` WHERE `session3key` = 'fvhxJa5jXbHV5Tpq' LIMIT 1   [ RunTime:0.0003s ]

[ 2017-11-03T09:59:04+08:00 ] 192.168.103.251 /weapp.zhongkaiyun.com/index.php?m=weapp&c=wxuser&a=checksessionkey
INFO: [ app_init ] --START--
INFO: Run Behavior\BuildLiteBehavior [ RunTime:0.000011s ]
INFO: [ app_init ] --END-- [ RunTime:0.000253s ]
INFO: [ app_begin ] --START--
INFO: Run Behavior\ReadHtmlCacheBehavior [ RunTime:0.000578s ]
INFO: [ app_begin ] --END-- [ RunTime:0.000627s ]
SQL: SHOW COLUMNS FROM `zk_sessionkey` [ RunTime:0.0004s ]
SQL: SELECT * FROM `zk_sessionkey` WHERE `session3key` = 'fvhxJa5jXbHV5Tpq' LIMIT 1   [ RunTime:0.0003s ]

[ 2017-11-03T09:59:33+08:00 ] 192.168.103.251 /weapp.zhongkaiyun.com/index.php?m=weapp&c=wxuser&a=checksessionkey
INFO: [ app_init ] --START--
INFO: Run Behavior\BuildLiteBehavior [ RunTime:0.000006s ]
INFO: [ app_init ] --END-- [ RunTime:0.000205s ]
INFO: [ app_begin ] --START--
INFO: Run Behavior\ReadHtmlCacheBehavior [ RunTime:0.000468s ]
INFO: [ app_begin ] --END-- [ RunTime:0.000505s ]
SQL: SHOW COLUMNS FROM `zk_sessionkey` [ RunTime:0.0004s ]
SQL: SELECT * FROM `zk_sessionkey` WHERE `session3key` = 'fvhxJa5jXbHV5Tpq' LIMIT 1   [ RunTime:0.0003s ]

[ 2017-11-03T09:59:39+08:00 ] 192.168.103.251 /weapp.zhongkaiyun.com/index.php?m=weapp&c=wxuser&a=checksessionkey
INFO: [ app_init ] --START--
INFO: Run Behavior\BuildLiteBehavior [ RunTime:0.000010s ]
INFO: [ app_init ] --END-- [ RunTime:0.000265s ]
INFO: [ app_begin ] --START--
INFO: Run Behavior\ReadHtmlCacheBehavior [ RunTime:0.000366s ]
INFO: [ app_begin ] --END-- [ RunTime:0.000430s ]
SQL: SHOW COLUMNS FROM `zk_sessionkey` [ RunTime:0.0006s ]
SQL: SELECT * FROM `zk_sessionkey` WHERE `session3key` = 'fvhxJa5jXbHV5Tpq' LIMIT 1   [ RunTime:0.0003s ]

[ 2017-11-03T09:59:59+08:00 ] 192.168.103.251 /weapp.zhongkaiyun.com/index.php?m=weapp&c=wxuser&a=checksessionkey
INFO: [ app_init ] --START--
INFO: Run Behavior\BuildLiteBehavior [ RunTime:0.000012s ]
INFO: [ app_init ] --END-- [ RunTime:0.000396s ]
INFO: [ app_begin ] --START--
INFO: Run Behavior\ReadHtmlCacheBehavior [ RunTime:0.000961s ]
INFO: [ app_begin ] --END-- [ RunTime:0.001183s ]
SQL: SHOW COLUMNS FROM `zk_sessionkey` [ RunTime:0.0004s ]
SQL: SELECT * FROM `zk_sessionkey` WHERE `session3key` = 'fvhxJa5jXbHV5Tpq' LIMIT 1   [ RunTime:0.0003s ]

[ 2017-11-03T10:00:24+08:00 ] 192.168.103.251 /weapp.zhongkaiyun.com/index.php?m=weapp&c=wxuser&a=checksessionkey
INFO: [ app_init ] --START--
INFO: Run Behavior\BuildLiteBehavior [ RunTime:0.000012s ]
INFO: [ app_init ] --END-- [ RunTime:0.000304s ]
INFO: [ app_begin ] --START--
INFO: Run Behavior\ReadHtmlCacheBehavior [ RunTime:0.000479s ]
INFO: [ app_begin ] --END-- [ RunTime:0.000574s ]
SQL: SHOW COLUMNS FROM `zk_sessionkey` [ RunTime:0.0004s ]
SQL: SELECT * FROM `zk_sessionkey` WHERE `session3key` = 'fvhxJa5jXbHV5Tpq' LIMIT 1   [ RunTime:0.0003s ]

[ 2017-11-03T10:00:38+08:00 ] 192.168.103.251 /weapp.zhongkaiyun.com/index.php?m=weapp&c=wxuser&a=checksessionkey
INFO: [ app_init ] --START--
INFO: Run Behavior\BuildLiteBehavior [ RunTime:0.000009s ]
INFO: [ app_init ] --END-- [ RunTime:0.000208s ]
INFO: [ app_begin ] --START--
INFO: Run Behavior\ReadHtmlCacheBehavior [ RunTime:0.000247s ]
INFO: [ app_begin ] --END-- [ RunTime:0.000276s ]
SQL: SHOW COLUMNS FROM `zk_sessionkey` [ RunTime:0.0005s ]
SQL: SELECT * FROM `zk_sessionkey` WHERE `session3key` = 'fvhxJa5jXbHV5Tpq' LIMIT 1   [ RunTime:0.0003s ]

[ 2017-11-03T10:00:56+08:00 ] 192.168.103.251 /weapp.zhongkaiyun.com/index.php?m=weapp&c=wxuser&a=checksessionkey
INFO: [ app_init ] --START--
INFO: Run Behavior\BuildLiteBehavior [ RunTime:0.000009s ]
INFO: [ app_init ] --END-- [ RunTime:0.000210s ]
INFO: [ app_begin ] --START--
INFO: Run Behavior\ReadHtmlCacheBehavior [ RunTime:0.000249s ]
INFO: [ app_begin ] --END-- [ RunTime:0.000279s ]
SQL: SHOW COLUMNS FROM `zk_sessionkey` [ RunTime:0.0005s ]
SQL: SELECT * FROM `zk_sessionkey` WHERE `session3key` = 'fvhxJa5jXbHV5Tpq' LIMIT 1   [ RunTime:0.0003s ]

[ 2017-11-03T10:01:11+08:00 ] 192.168.103.251 /weapp.zhongkaiyun.com/index.php?m=weapp&c=wxuser&a=checksessionkey
INFO: [ app_init ] --START--
INFO: Run Behavior\BuildLiteBehavior [ RunTime:0.000013s ]
INFO: [ app_init ] --END-- [ RunTime:0.000375s ]
INFO: [ app_begin ] --START--
INFO: Run Behavior\ReadHtmlCacheBehavior [ RunTime:0.000287s ]
INFO: [ app_begin ] --END-- [ RunTime:0.000460s ]
SQL: SHOW COLUMNS FROM `zk_sessionkey` [ RunTime:0.0005s ]
SQL: SELECT * FROM `zk_sessionkey` WHERE `session3key` = 'fvhxJa5jXbHV5Tpq' LIMIT 1   [ RunTime:0.0003s ]

[ 2017-11-03T10:01:23+08:00 ] 192.168.103.251 /weapp.zhongkaiyun.com/index.php?m=weapp&c=wxuser&a=checksessionkey
INFO: [ app_init ] --START--
INFO: Run Behavior\BuildLiteBehavior [ RunTime:0.000008s ]
INFO: [ app_init ] --END-- [ RunTime:0.000177s ]
INFO: [ app_begin ] --START--
INFO: Run Behavior\ReadHtmlCacheBehavior [ RunTime:0.000214s ]
INFO: [ app_begin ] --END-- [ RunTime:0.000240s ]
SQL: SHOW COLUMNS FROM `zk_sessionkey` [ RunTime:0.0006s ]
SQL: SELECT * FROM `zk_sessionkey` WHERE `session3key` = 'fvhxJa5jXbHV5Tpq' LIMIT 1   [ RunTime:0.0004s ]

[ 2017-11-03T10:01:38+08:00 ] 192.168.103.251 /weapp.zhongkaiyun.com/index.php?m=weapp&c=wxuser&a=checksessionkey
INFO: [ app_init ] --START--
INFO: Run Behavior\BuildLiteBehavior [ RunTime:0.000007s ]
INFO: [ app_init ] --END-- [ RunTime:0.000173s ]
INFO: [ app_begin ] --START--
INFO: Run Behavior\ReadHtmlCacheBehavior [ RunTime:0.000214s ]
INFO: [ app_begin ] --END-- [ RunTime:0.000240s ]
SQL: SHOW COLUMNS FROM `zk_sessionkey` [ RunTime:0.0004s ]
SQL: SELECT * FROM `zk_sessionkey` WHERE `session3key` = 'fvhxJa5jXbHV5Tpq' LIMIT 1   [ RunTime:0.0004s ]

[ 2017-11-03T10:01:51+08:00 ] 192.168.103.251 /weapp.zhongkaiyun.com/index.php?m=weapp&c=wxuser&a=checksessionkey
INFO: [ app_init ] --START--
INFO: Run Behavior\BuildLiteBehavior [ RunTime:0.000016s ]
INFO: [ app_init ] --END-- [ RunTime:0.000984s ]
INFO: [ app_begin ] --START--
INFO: Run Behavior\ReadHtmlCacheBehavior [ RunTime:0.000287s ]
INFO: [ app_begin ] --END-- [ RunTime:0.000326s ]
SQL: SHOW COLUMNS FROM `zk_sessionkey` [ RunTime:0.0004s ]
SQL: SELECT * FROM `zk_sessionkey` WHERE `session3key` = 'fvhxJa5jXbHV5Tpq' LIMIT 1   [ RunTime:0.0003s ]

[ 2017-11-03T10:01:55+08:00 ] 192.168.103.251 /weapp.zhongkaiyun.com/index.php?m=Weapp&c=match&a=listAllMatchInfoUnfinished
INFO: [ app_init ] --START--
INFO: Run Behavior\BuildLiteBehavior [ RunTime:0.000016s ]
INFO: [ app_init ] --END-- [ RunTime:0.000688s ]
INFO: [ app_begin ] --START--
INFO: Run Behavior\ReadHtmlCacheBehavior [ RunTime:0.000469s ]
INFO: [ app_begin ] --END-- [ RunTime:0.000533s ]
SQL: SHOW COLUMNS FROM `zk_match` [ RunTime:0.0012s ]
SQL: SELECT * FROM `zk_match` WHERE `is_finish` = 0 ORDER BY gmt_create desc  [ RunTime:0.0005s ]
SQL: SHOW COLUMNS FROM `zk_event` [ RunTime:0.0008s ]
SQL: SELECT `name` FROM `zk_event` WHERE `event_id` = 36 LIMIT 1   [ RunTime:0.0004s ]
SQL: SHOW COLUMNS FROM `zk_image` [ RunTime:0.0005s ]
SQL: SELECT `image_url` FROM `zk_image` WHERE `match_id` = 2 LIMIT 1   [ RunTime:0.0002s ]
SQL: SHOW COLUMNS FROM `zk_register` [ RunTime:0.0005s ]
SQL: SELECT * FROM `zk_register` WHERE `match_id` = 2  [ RunTime:0.0004s ]
SQL: SELECT `name` FROM `zk_event` WHERE `event_id` = 7 LIMIT 1   [ RunTime:0.0003s ]
SQL: SELECT `image_url` FROM `zk_image` WHERE `match_id` = 1 LIMIT 1   [ RunTime:0.0003s ]
SQL: SELECT * FROM `zk_register` WHERE `match_id` = 1  [ RunTime:0.0003s ]

[ 2017-11-03T10:02:02+08:00 ] 192.168.103.251 /weapp.zhongkaiyun.com/index.php?m=weapp&c=wxuser&a=checksessionkey
INFO: [ app_init ] --START--
INFO: Run Behavior\BuildLiteBehavior [ RunTime:0.000011s ]
INFO: [ app_init ] --END-- [ RunTime:0.000234s ]
INFO: [ app_begin ] --START--
INFO: Run Behavior\ReadHtmlCacheBehavior [ RunTime:0.000986s ]
INFO: [ app_begin ] --END-- [ RunTime:0.001098s ]
SQL: SHOW COLUMNS FROM `zk_sessionkey` [ RunTime:0.0007s ]
SQL: SELECT * FROM `zk_sessionkey` WHERE `session3key` = 'fvhxJa5jXbHV5Tpq' LIMIT 1   [ RunTime:0.0006s ]

[ 2017-11-03T10:02:02+08:00 ] 192.168.103.251 /weapp.zhongkaiyun.com/index.php?m=Weapp&c=match&a=listAllMatchInfoUnfinished
INFO: [ app_init ] --START--
INFO: Run Behavior\BuildLiteBehavior [ RunTime:0.000010s ]
INFO: [ app_init ] --END-- [ RunTime:0.000248s ]
INFO: [ app_begin ] --START--
INFO: Run Behavior\ReadHtmlCacheBehavior [ RunTime:0.000444s ]
INFO: [ app_begin ] --END-- [ RunTime:0.000483s ]
SQL: SHOW COLUMNS FROM `zk_match` [ RunTime:0.0006s ]
SQL: SELECT * FROM `zk_match` WHERE `is_finish` = 0 ORDER BY gmt_create desc  [ RunTime:0.0004s ]
SQL: SHOW COLUMNS FROM `zk_event` [ RunTime:0.0004s ]
SQL: SELECT `name` FROM `zk_event` WHERE `event_id` = 36 LIMIT 1   [ RunTime:0.0002s ]
SQL: SHOW COLUMNS FROM `zk_image` [ RunTime:0.0004s ]
SQL: SELECT `image_url` FROM `zk_image` WHERE `match_id` = 2 LIMIT 1   [ RunTime:0.0002s ]
SQL: SHOW COLUMNS FROM `zk_register` [ RunTime:0.0005s ]
SQL: SELECT * FROM `zk_register` WHERE `match_id` = 2  [ RunTime:0.0003s ]
SQL: SELECT `name` FROM `zk_event` WHERE `event_id` = 7 LIMIT 1   [ RunTime:0.0002s ]
SQL: SELECT `image_url` FROM `zk_image` WHERE `match_id` = 1 LIMIT 1   [ RunTime:0.0001s ]
SQL: SELECT * FROM `zk_register` WHERE `match_id` = 1  [ RunTime:0.0002s ]

[ 2017-11-03T10:02:07+08:00 ] 192.168.103.251 /weapp.zhongkaiyun.com/index.php?m=weapp&c=wxuser&a=getUserInfo
INFO: [ app_init ] --START--
INFO: Run Behavior\BuildLiteBehavior [ RunTime:0.000009s ]
INFO: [ app_init ] --END-- [ RunTime:0.000202s ]
INFO: [ app_begin ] --START--
INFO: Run Behavior\ReadHtmlCacheBehavior [ RunTime:0.000501s ]
INFO: [ app_begin ] --END-- [ RunTime:0.000590s ]
SQL: SHOW COLUMNS FROM `zk_sessionkey` [ RunTime:0.0005s ]
SQL: SELECT * FROM `zk_sessionkey` WHERE `session3key` = 'fvhxJa5jXbHV5Tpq' LIMIT 1   [ RunTime:0.0003s ]
SQL: SHOW COLUMNS FROM `zk_wxuser` [ RunTime:0.0004s ]
SQL: SELECT * FROM `zk_wxuser` WHERE `openid` = 'oUpv60E98MOGnr9Z9Ele1UYroiLQ' LIMIT 1   [ RunTime:0.0002s ]

[ 2017-11-03T10:02:10+08:00 ] 192.168.103.251 /weapp.zhongkaiyun.com/index.php?m=Weapp&c=match&a=listAllMatchInfoUnfinished
INFO: [ app_init ] --START--
INFO: Run Behavior\BuildLiteBehavior [ RunTime:0.000011s ]
INFO: [ app_init ] --END-- [ RunTime:0.000233s ]
INFO: [ app_begin ] --START--
INFO: Run Behavior\ReadHtmlCacheBehavior [ RunTime:0.000615s ]
INFO: [ app_begin ] --END-- [ RunTime:0.000707s ]
SQL: SHOW COLUMNS FROM `zk_match` [ RunTime:0.0005s ]
SQL: SELECT * FROM `zk_match` WHERE `is_finish` = 0 ORDER BY gmt_create desc  [ RunTime:0.0003s ]
SQL: SHOW COLUMNS FROM `zk_event` [ RunTime:0.0003s ]
SQL: SELECT `name` FROM `zk_event` WHERE `event_id` = 36 LIMIT 1   [ RunTime:0.0001s ]
SQL: SHOW COLUMNS FROM `zk_image` [ RunTime:0.0003s ]
SQL: SELECT `image_url` FROM `zk_image` WHERE `match_id` = 2 LIMIT 1   [ RunTime:0.0002s ]
SQL: SHOW COLUMNS FROM `zk_register` [ RunTime:0.0004s ]
SQL: SELECT * FROM `zk_register` WHERE `match_id` = 2  [ RunTime:0.0002s ]
SQL: SELECT `name` FROM `zk_event` WHERE `event_id` = 7 LIMIT 1   [ RunTime:0.0001s ]
SQL: SELECT `image_url` FROM `zk_image` WHERE `match_id` = 1 LIMIT 1   [ RunTime:0.0001s ]
SQL: SELECT * FROM `zk_register` WHERE `match_id` = 1  [ RunTime:0.0001s ]

[ 2017-11-03T10:02:32+08:00 ] 192.168.103.251 /weapp.zhongkaiyun.com/index.php?m=Weapp&c=match&a=increaseViewTimes
INFO: [ app_init ] --START--
INFO: Run Behavior\BuildLiteBehavior [ RunTime:0.000009s ]
INFO: [ app_init ] --END-- [ RunTime:0.000201s ]
INFO: [ app_begin ] --START--
INFO: Run Behavior\ReadHtmlCacheBehavior [ RunTime:0.000277s ]
INFO: [ app_begin ] --END-- [ RunTime:0.000313s ]
SQL: SHOW COLUMNS FROM `zk_match` [ RunTime:0.0014s ]
SQL: UPDATE `zk_match` SET `view_times`=view_times+1 WHERE `match_id` = 2 [ RunTime:0.0008s ]

[ 2017-11-03T10:02:32+08:00 ] 192.168.103.251 /weapp.zhongkaiyun.com/index.php?m=Weapp&c=match&a=getMatchInfoByID
INFO: [ app_init ] --START--
INFO: Run Behavior\BuildLiteBehavior [ RunTime:0.000017s ]
INFO: [ app_init ] --END-- [ RunTime:0.000609s ]
INFO: [ app_begin ] --START--
INFO: Run Behavior\ReadHtmlCacheBehavior [ RunTime:0.000547s ]
INFO: [ app_begin ] --END-- [ RunTime:0.000612s ]
SQL: SHOW COLUMNS FROM `zk_match` [ RunTime:0.0006s ]
SQL: SELECT * FROM `zk_match` WHERE `match_id` = 2 LIMIT 1   [ RunTime:0.0008s ]
SQL: SHOW COLUMNS FROM `zk_image` [ RunTime:0.0006s ]
SQL: SELECT * FROM `zk_image` WHERE `match_id` = 2 AND `is_status` = 1  [ RunTime:0.0003s ]
SQL: SHOW COLUMNS FROM `zk_category` [ RunTime:0.0006s ]
SQL: SELECT * FROM `zk_category` WHERE `match_id` = 2  [ RunTime:0.0003s ]
SQL: SHOW COLUMNS FROM `zk_register` [ RunTime:0.0007s ]
SQL: SELECT * FROM `zk_register` WHERE `match_id` = 2  [ RunTime:0.0003s ]
SQL: SHOW COLUMNS FROM `zk_wxuser` [ RunTime:0.0005s ]
SQL: SELECT * FROM `zk_wxuser` WHERE `user_id` IN ('1')  [ RunTime:0.0003s ]

[ 2017-11-03T10:02:34+08:00 ] 192.168.103.251 /weapp.zhongkaiyun.com/index.php?m=Weapp&c=match&a=listAllMatchInfoUnfinished
INFO: [ app_init ] --START--
INFO: Run Behavior\BuildLiteBehavior [ RunTime:0.000009s ]
INFO: [ app_init ] --END-- [ RunTime:0.000194s ]
INFO: [ app_begin ] --START--
INFO: Run Behavior\ReadHtmlCacheBehavior [ RunTime:0.000240s ]
INFO: [ app_begin ] --END-- [ RunTime:0.000273s ]
SQL: SHOW COLUMNS FROM `zk_match` [ RunTime:0.0007s ]
SQL: SELECT * FROM `zk_match` WHERE `is_finish` = 0 ORDER BY gmt_create desc  [ RunTime:0.0007s ]
SQL: SHOW COLUMNS FROM `zk_event` [ RunTime:0.0006s ]
SQL: SELECT `name` FROM `zk_event` WHERE `event_id` = 36 LIMIT 1   [ RunTime:0.0007s ]
SQL: SHOW COLUMNS FROM `zk_image` [ RunTime:0.0005s ]
SQL: SELECT `image_url` FROM `zk_image` WHERE `match_id` = 2 LIMIT 1   [ RunTime:0.0002s ]
SQL: SHOW COLUMNS FROM `zk_register` [ RunTime:0.0004s ]
SQL: SELECT * FROM `zk_register` WHERE `match_id` = 2  [ RunTime:0.0003s ]
SQL: SELECT `name` FROM `zk_event` WHERE `event_id` = 7 LIMIT 1   [ RunTime:0.0002s ]
SQL: SELECT `image_url` FROM `zk_image` WHERE `match_id` = 1 LIMIT 1   [ RunTime:0.0002s ]
SQL: SELECT * FROM `zk_register` WHERE `match_id` = 1  [ RunTime:0.0002s ]

[ 2017-11-03T10:06:56+08:00 ] 192.168.103.251 /weapp.zhongkaiyun.com/index.php?m=Weapp&c=match&a=listAllMatchInfoUnfinished
INFO: [ app_init ] --START--
INFO: Run Behavior\BuildLiteBehavior [ RunTime:0.000010s ]
INFO: [ app_init ] --END-- [ RunTime:0.000243s ]
INFO: [ app_begin ] --START--
INFO: Run Behavior\ReadHtmlCacheBehavior [ RunTime:0.000265s ]
INFO: [ app_begin ] --END-- [ RunTime:0.000301s ]
SQL: SHOW COLUMNS FROM `zk_match` [ RunTime:0.0006s ]
SQL: SELECT * FROM `zk_match` WHERE `is_finish` = 0 ORDER BY gmt_create desc  [ RunTime:0.0004s ]
SQL: SHOW COLUMNS FROM `zk_event` [ RunTime:0.0003s ]
SQL: SELECT `name` FROM `zk_event` WHERE `event_id` = 36 LIMIT 1   [ RunTime:0.0002s ]
SQL: SHOW COLUMNS FROM `zk_image` [ RunTime:0.0004s ]
SQL: SELECT `image_url` FROM `zk_image` WHERE `match_id` = 2 LIMIT 1   [ RunTime:0.0002s ]
SQL: SHOW COLUMNS FROM `zk_register` [ RunTime:0.0003s ]
SQL: SELECT * FROM `zk_register` WHERE `match_id` = 2  [ RunTime:0.0002s ]
SQL: SELECT `name` FROM `zk_event` WHERE `event_id` = 7 LIMIT 1   [ RunTime:0.0002s ]
SQL: SELECT `image_url` FROM `zk_image` WHERE `match_id` = 1 LIMIT 1   [ RunTime:0.0002s ]
SQL: SELECT * FROM `zk_register` WHERE `match_id` = 1  [ RunTime:0.0002s ]

[ 2017-11-03T10:06:58+08:00 ] 192.168.103.251 /weapp.zhongkaiyun.com/index.php?m=Weapp&c=match&a=increaseViewTimes
INFO: [ app_init ] --START--
INFO: Run Behavior\BuildLiteBehavior [ RunTime:0.000013s ]
INFO: [ app_init ] --END-- [ RunTime:0.000347s ]
INFO: [ app_begin ] --START--
INFO: Run Behavior\ReadHtmlCacheBehavior [ RunTime:0.000433s ]
INFO: [ app_begin ] --END-- [ RunTime:0.000493s ]
SQL: SHOW COLUMNS FROM `zk_match` [ RunTime:0.0006s ]
SQL: UPDATE `zk_match` SET `view_times`=view_times+1 WHERE `match_id` = 2 [ RunTime:0.0007s ]

[ 2017-11-03T10:06:58+08:00 ] 192.168.103.251 /weapp.zhongkaiyun.com/index.php?m=Weapp&c=match&a=getMatchInfoByID
INFO: [ app_init ] --START--
INFO: Run Behavior\BuildLiteBehavior [ RunTime:0.000013s ]
INFO: [ app_init ] --END-- [ RunTime:0.000562s ]
INFO: [ app_begin ] --START--
INFO: Run Behavior\ReadHtmlCacheBehavior [ RunTime:0.000539s ]
INFO: [ app_begin ] --END-- [ RunTime:0.000735s ]
SQL: SHOW COLUMNS FROM `zk_match` [ RunTime:0.0006s ]
SQL: SELECT * FROM `zk_match` WHERE `match_id` = 2 LIMIT 1   [ RunTime:0.0005s ]
SQL: SHOW COLUMNS FROM `zk_image` [ RunTime:0.0005s ]
SQL: SELECT * FROM `zk_image` WHERE `match_id` = 2 AND `is_status` = 1  [ RunTime:0.0003s ]
SQL: SHOW COLUMNS FROM `zk_category` [ RunTime:0.0005s ]
SQL: SELECT * FROM `zk_category` WHERE `match_id` = 2  [ RunTime:0.0003s ]
SQL: SHOW COLUMNS FROM `zk_register` [ RunTime:0.0005s ]
SQL: SELECT * FROM `zk_register` WHERE `match_id` = 2  [ RunTime:0.0003s ]
SQL: SHOW COLUMNS FROM `zk_wxuser` [ RunTime:0.0004s ]
SQL: SELECT * FROM `zk_wxuser` WHERE `user_id` IN ('1')  [ RunTime:0.0003s ]

[ 2017-11-03T10:07:00+08:00 ] 192.168.103.251 /weapp.zhongkaiyun.com/index.php?m=Weapp&c=match&a=listAllMatchInfoUnfinished
INFO: [ app_init ] --START--
INFO: Run Behavior\BuildLiteBehavior [ RunTime:0.000016s ]
INFO: [ app_init ] --END-- [ RunTime:0.000430s ]
INFO: [ app_begin ] --START--
INFO: Run Behavior\ReadHtmlCacheBehavior [ RunTime:0.000570s ]
INFO: [ app_begin ] --END-- [ RunTime:0.000654s ]
SQL: SHOW COLUMNS FROM `zk_match` [ RunTime:0.0006s ]
SQL: SELECT * FROM `zk_match` WHERE `is_finish` = 0 ORDER BY gmt_create desc  [ RunTime:0.0004s ]
SQL: SHOW COLUMNS FROM `zk_event` [ RunTime:0.0004s ]
SQL: SELECT `name` FROM `zk_event` WHERE `event_id` = 36 LIMIT 1   [ RunTime:0.0002s ]
SQL: SHOW COLUMNS FROM `zk_image` [ RunTime:0.0004s ]
SQL: SELECT `image_url` FROM `zk_image` WHERE `match_id` = 2 LIMIT 1   [ RunTime:0.0002s ]
SQL: SHOW COLUMNS FROM `zk_register` [ RunTime:0.0004s ]
SQL: SELECT * FROM `zk_register` WHERE `match_id` = 2  [ RunTime:0.0002s ]
SQL: SELECT `name` FROM `zk_event` WHERE `event_id` = 7 LIMIT 1   [ RunTime:0.0002s ]
SQL: SELECT `image_url` FROM `zk_image` WHERE `match_id` = 1 LIMIT 1   [ RunTime:0.0002s ]
SQL: SELECT * FROM `zk_register` WHERE `match_id` = 1  [ RunTime:0.0002s ]

[ 2017-11-03T10:07:15+08:00 ] 192.168.103.251 /weapp.zhongkaiyun.com/index.php?m=Weapp&c=match&a=listAllMatchInfoUnfinished
INFO: [ app_init ] --START--
INFO: Run Behavior\BuildLiteBehavior [ RunTime:0.000009s ]
INFO: [ app_init ] --END-- [ RunTime:0.000224s ]
INFO: [ app_begin ] --START--
INFO: Run Behavior\ReadHtmlCacheBehavior [ RunTime:0.000327s ]
INFO: [ app_begin ] --END-- [ RunTime:0.000399s ]
SQL: SHOW COLUMNS FROM `zk_match` [ RunTime:0.0009s ]
SQL: SELECT * FROM `zk_match` WHERE `is_finish` = 0 ORDER BY gmt_create desc  [ RunTime:0.0005s ]
SQL: SHOW COLUMNS FROM `zk_event` [ RunTime:0.0006s ]
SQL: SELECT `name` FROM `zk_event` WHERE `event_id` = 36 LIMIT 1   [ RunTime:0.0003s ]
SQL: SHOW COLUMNS FROM `zk_image` [ RunTime:0.0004s ]
SQL: SELECT `image_url` FROM `zk_image` WHERE `match_id` = 2 LIMIT 1   [ RunTime:0.0002s ]
SQL: SHOW COLUMNS FROM `zk_register` [ RunTime:0.0004s ]
SQL: SELECT * FROM `zk_register` WHERE `match_id` = 2  [ RunTime:0.0002s ]
SQL: SELECT `name` FROM `zk_event` WHERE `event_id` = 7 LIMIT 1   [ RunTime:0.0002s ]
SQL: SELECT `image_url` FROM `zk_image` WHERE `match_id` = 1 LIMIT 1   [ RunTime:0.0002s ]
SQL: SELECT * FROM `zk_register` WHERE `match_id` = 1  [ RunTime:0.0002s ]

