[ 2017-08-02T01:28:58+08:00 ] 127.0.0.1 /
INFO: [ app_init ] --START--
INFO: Run Behavior\BuildLiteBehavior [ RunTime:0.000000s ]
INFO: [ app_init ] --END-- [ RunTime:0.000000s ]
INFO: [ app_begin ] --START--
INFO: Run Behavior\ReadHtmlCacheBehavior [ RunTime:0.000000s ]
INFO: [ app_begin ] --END-- [ RunTime:0.000000s ]
NOTIC: [2] http_build_query(): Parameter 1 expected to be Array or Object.  Incorrect value given E:\wwwroot\Application\Home\Model\CommonModel.class.php 第 28 行.
INFO: [ view_parse ] --START--
INFO: [ template_filter ] --START--
INFO: Run Behavior\ContentReplaceBehavior [ RunTime:0.000000s ]
INFO: [ template_filter ] --END-- [ RunTime:0.000000s ]
INFO: Run Behavior\ParseTemplateBehavior [ RunTime:0.081004s ]
INFO: [ view_parse ] --END-- [ RunTime:0.081004s ]
INFO: [ view_filter ] --START--
INFO: Run Behavior\WriteHtmlCacheBehavior [ RunTime:0.009001s ]
INFO: [ view_filter ] --END-- [ RunTime:0.009001s ]
INFO: [ app_end ] --START--
INFO: Run Behavior\ShowPageTraceBehavior [ RunTime:0.010000s ]
INFO: [ app_end ] --END-- [ RunTime:0.010000s ]

[ 2017-08-02T09:10:57+08:00 ] 192.168.100.252 /index.php?m=home&c=login&a=get3rd_session
INFO: [ app_init ] --START--
INFO: Run Behavior\BuildLiteBehavior [ RunTime:0.000000s ]
INFO: [ app_init ] --END-- [ RunTime:0.001000s ]
INFO: [ app_begin ] --START--
INFO: Run Behavior\ReadHtmlCacheBehavior [ RunTime:0.001000s ]
INFO: [ app_begin ] --END-- [ RunTime:0.001000s ]
SQL: SHOW COLUMNS FROM `zk_user` [ RunTime:0.0020s ]
SQL: SELECT * FROM `zk_user` WHERE `openid` = 'oUpv60E98MOGnr9Z9Ele1UYroiLQ' LIMIT 1   [ RunTime:0.0010s ]
SQL: SHOW COLUMNS FROM `zk_session` [ RunTime:0.0030s ]
SQL: SELECT * FROM `zk_session` WHERE `openid` = 'oUpv60E98MOGnr9Z9Ele1UYroiLQ' LIMIT 1   [ RunTime:0.0000s ]
SQL: UPDATE `zk_session` SET `session_key`='hMt3ZgLZ7b4K9Y2z5CooRw==',`skey`='c6542911b09b0421332b84b1bac08c28',`last_visit_time`='1501636257' [ RunTime:0.0680s ]

[ 2017-08-02T09:11:28+08:00 ] 192.168.100.252 /index.php?m=home&c=login&a=get3rd_session
INFO: [ app_init ] --START--
INFO: Run Behavior\BuildLiteBehavior [ RunTime:0.000000s ]
INFO: [ app_init ] --END-- [ RunTime:0.000000s ]
INFO: [ app_begin ] --START--
INFO: Run Behavior\ReadHtmlCacheBehavior [ RunTime:0.000000s ]
INFO: [ app_begin ] --END-- [ RunTime:0.000000s ]
SQL: SHOW COLUMNS FROM `zk_user` [ RunTime:0.0030s ]
SQL: SELECT * FROM `zk_user` WHERE `openid` = 'oUpv60E98MOGnr9Z9Ele1UYroiLQ' LIMIT 1   [ RunTime:0.0000s ]
SQL: SHOW COLUMNS FROM `zk_session` [ RunTime:0.0020s ]
SQL: SELECT * FROM `zk_session` WHERE `openid` = 'oUpv60E98MOGnr9Z9Ele1UYroiLQ' LIMIT 1   [ RunTime:0.0000s ]
SQL: UPDATE `zk_session` SET `session_key`='hMt3ZgLZ7b4K9Y2z5CooRw==',`skey`='409ed0f03fd8e05f270c73a4ba2298a7',`last_visit_time`='1501636288' [ RunTime:0.0470s ]

[ 2017-08-02T09:14:10+08:00 ] 192.168.100.252 /index.php?m=home&c=login&a=get3rd_session
INFO: [ app_init ] --START--
INFO: Run Behavior\BuildLiteBehavior [ RunTime:0.000000s ]
INFO: [ app_init ] --END-- [ RunTime:0.000000s ]
INFO: [ app_begin ] --START--
INFO: Run Behavior\ReadHtmlCacheBehavior [ RunTime:0.001000s ]
INFO: [ app_begin ] --END-- [ RunTime:0.001000s ]
SQL: SHOW COLUMNS FROM `zk_user` [ RunTime:0.0030s ]
SQL: SELECT * FROM `zk_user` WHERE `openid` = 'oUpv60E98MOGnr9Z9Ele1UYroiLQ' LIMIT 1   [ RunTime:0.0000s ]
SQL: SHOW COLUMNS FROM `zk_session` [ RunTime:0.0020s ]
SQL: SELECT * FROM `zk_session` WHERE `openid` = 'oUpv60E98MOGnr9Z9Ele1UYroiLQ' LIMIT 1   [ RunTime:0.0000s ]
SQL: UPDATE `zk_session` SET `session_key`='b38FMN9MnIpUX80I/Wm1mQ==',`skey`='d94276cc4033202d5c01b4bb48fcfa85',`last_visit_time`='1501636450' [ RunTime:0.0530s ]

[ 2017-08-02T09:22:10+08:00 ] 192.168.100.252 /index.php?m=home&c=login&a=get3rd_session
INFO: [ app_init ] --START--
INFO: Run Behavior\BuildLiteBehavior [ RunTime:0.000000s ]
INFO: [ app_init ] --END-- [ RunTime:0.001000s ]
INFO: [ app_begin ] --START--
INFO: Run Behavior\ReadHtmlCacheBehavior [ RunTime:0.000000s ]
INFO: [ app_begin ] --END-- [ RunTime:0.000000s ]
SQL: SHOW COLUMNS FROM `zk_user` [ RunTime:0.0020s ]
SQL: SELECT * FROM `zk_user` WHERE `openid` = 'oUpv60E98MOGnr9Z9Ele1UYroiLQ' LIMIT 1   [ RunTime:0.0000s ]
SQL: SHOW COLUMNS FROM `zk_session` [ RunTime:0.0020s ]
SQL: SELECT * FROM `zk_session` WHERE `openid` = 'oUpv60E98MOGnr9Z9Ele1UYroiLQ' LIMIT 1   [ RunTime:0.0000s ]
SQL: UPDATE `zk_session` SET `session_key`='vvksuLbfMP5JGnqVzRVtcQ==',`skey`='32680ec80e752d434758a0e2e0d2b021',`last_visit_time`='1501636930' [ RunTime:0.0700s ]

[ 2017-08-02T09:23:10+08:00 ] 192.168.101.16 /index.php?m=home&c=login&a=checksession
INFO: [ app_init ] --START--
INFO: Run Behavior\BuildLiteBehavior [ RunTime:0.000000s ]
INFO: [ app_init ] --END-- [ RunTime:0.000000s ]
INFO: [ app_begin ] --START--
INFO: Run Behavior\ReadHtmlCacheBehavior [ RunTime:0.000000s ]
INFO: [ app_begin ] --END-- [ RunTime:0.000000s ]
SQL: SHOW COLUMNS FROM `zk_session` [ RunTime:0.0020s ]
SQL: SELECT * FROM `zk_session` WHERE `skey` = 'a6424a2bdac65bca63dd232940434fb9' LIMIT 1   [ RunTime:0.0000s ]

[ 2017-08-02T09:23:12+08:00 ] 192.168.101.16 /index.php?m=home&c=login&a=index
INFO: [ app_init ] --START--
INFO: Run Behavior\BuildLiteBehavior [ RunTime:0.000000s ]
INFO: [ app_init ] --END-- [ RunTime:0.000000s ]
INFO: [ app_begin ] --START--
INFO: Run Behavior\ReadHtmlCacheBehavior [ RunTime:0.000000s ]
INFO: [ app_begin ] --END-- [ RunTime:0.000000s ]
SQL: SHOW COLUMNS FROM `zk_user` [ RunTime:0.0030s ]
SQL: SELECT * FROM `zk_user` WHERE `openid` = 'oUpv60P1jYIMF2DYDyZJ6w3xW5VA' LIMIT 1   [ RunTime:0.0000s ]
SQL: INSERT INTO `zk_user` (`openid`,`nick_name`,`avatarurl`,`rankmoney`,`user_type`,`user_status`,`create_time`) VALUES ('oUpv60P1jYIMF2DYDyZJ6w3xW5VA','💭','https://wx.qlogo.cn/mmopen/vi_32/9GfxzBVyich4r6JuMB2xakhhZYFiaMd0PHBrbhsW6zxncLMoz1pyXgKJUFtMEyJ4TEGWQRwlG7eVd0ScPXWsf3ibQ/0','0','0','0','1501636991') [ RunTime:0.0470s ]
SQL: SHOW COLUMNS FROM `zk_session` [ RunTime:0.0030s ]
SQL: INSERT INTO `zk_session` (`openid`,`session_key`,`skey`,`create_time`,`last_visit_time`) VALUES ('oUpv60P1jYIMF2DYDyZJ6w3xW5VA','PkJue4nfqqH57GZfHJUwdA==','39e45e75778b89c27592376b19588f67','1501636991','1501636991') [ RunTime:0.0550s ]

[ 2017-08-02T09:26:14+08:00 ] 192.168.100.252 /index.php?m=home&c=login&a=get3rd_session
INFO: [ app_init ] --START--
INFO: Run Behavior\BuildLiteBehavior [ RunTime:0.000000s ]
INFO: [ app_init ] --END-- [ RunTime:0.001000s ]
INFO: [ app_begin ] --START--
INFO: Run Behavior\ReadHtmlCacheBehavior [ RunTime:0.001000s ]
INFO: [ app_begin ] --END-- [ RunTime:0.001000s ]
SQL: SHOW COLUMNS FROM `zk_user` [ RunTime:0.0070s ]
SQL: SELECT * FROM `zk_user` WHERE `openid` = 'oUpv60E98MOGnr9Z9Ele1UYroiLQ' LIMIT 1   [ RunTime:0.0010s ]
SQL: SHOW COLUMNS FROM `zk_session` [ RunTime:0.0060s ]
SQL: SELECT * FROM `zk_session` WHERE `openid` = 'oUpv60E98MOGnr9Z9Ele1UYroiLQ' LIMIT 1   [ RunTime:0.0000s ]
SQL: UPDATE `zk_session` SET `session_key`='NPHX2Jg9ok7ZtxlwWY9ceQ==',`skey`='988dcfcabbc66341c9b2864d7a85f422',`last_visit_time`='1501637174' [ RunTime:0.2780s ]

[ 2017-08-02T09:39:59+08:00 ] 192.168.100.252 /index.php?m=home&c=login&a=get3rd_session
INFO: [ app_init ] --START--
INFO: Run Behavior\BuildLiteBehavior [ RunTime:0.000000s ]
INFO: [ app_init ] --END-- [ RunTime:0.000000s ]
INFO: [ app_begin ] --START--
INFO: Run Behavior\ReadHtmlCacheBehavior [ RunTime:0.001000s ]
INFO: [ app_begin ] --END-- [ RunTime:0.001000s ]
SQL: SHOW COLUMNS FROM `zk_user` [ RunTime:0.0060s ]
SQL: SELECT * FROM `zk_user` WHERE `openid` = 'oUpv60E98MOGnr9Z9Ele1UYroiLQ' LIMIT 1   [ RunTime:0.0000s ]
SQL: SHOW COLUMNS FROM `zk_session` [ RunTime:0.0050s ]
SQL: SELECT * FROM `zk_session` WHERE `openid` = 'oUpv60E98MOGnr9Z9Ele1UYroiLQ' LIMIT 1   [ RunTime:0.0000s ]
SQL: UPDATE `zk_session` SET `session_key`='jo4dnXQee77FYqPvRYKnzA==',`skey`='e766b3f7e55d7770f1c7c1f3a81f1676',`last_visit_time`='1501637999' [ RunTime:0.1830s ]

[ 2017-08-02T09:43:19+08:00 ] 192.168.100.252 /index.php?m=home&c=login&a=get3rd_session
INFO: [ app_init ] --START--
INFO: Run Behavior\BuildLiteBehavior [ RunTime:0.000000s ]
INFO: [ app_init ] --END-- [ RunTime:0.000000s ]
INFO: [ app_begin ] --START--
INFO: Run Behavior\ReadHtmlCacheBehavior [ RunTime:0.000000s ]
INFO: [ app_begin ] --END-- [ RunTime:0.000000s ]
SQL: SHOW COLUMNS FROM `zk_user` [ RunTime:0.0050s ]
SQL: SELECT * FROM `zk_user` WHERE `openid` = 'oUpv60E98MOGnr9Z9Ele1UYroiLQ' LIMIT 1   [ RunTime:0.0000s ]
SQL: SHOW COLUMNS FROM `zk_session` [ RunTime:0.0040s ]
SQL: SELECT * FROM `zk_session` WHERE `openid` = 'oUpv60E98MOGnr9Z9Ele1UYroiLQ' LIMIT 1   [ RunTime:0.0010s ]
SQL: UPDATE `zk_session` SET `session_key`='M9r2rSiWGgqPeQSUsHGYDA==',`skey`='cba4e83587729c219b6455a303c63cec',`last_visit_time`='1501638199' [ RunTime:0.1010s ]

[ 2017-08-02T09:45:02+08:00 ] 192.168.100.252 /index.php?m=home&c=login&a=get3rd_session
INFO: [ app_init ] --START--
INFO: Run Behavior\BuildLiteBehavior [ RunTime:0.000000s ]
INFO: [ app_init ] --END-- [ RunTime:0.000000s ]
INFO: [ app_begin ] --START--
INFO: Run Behavior\ReadHtmlCacheBehavior [ RunTime:0.000000s ]
INFO: [ app_begin ] --END-- [ RunTime:0.000000s ]
SQL: SHOW COLUMNS FROM `zk_user` [ RunTime:0.0070s ]
SQL: SELECT * FROM `zk_user` WHERE `openid` = 'oUpv60E98MOGnr9Z9Ele1UYroiLQ' LIMIT 1   [ RunTime:0.0000s ]
SQL: SHOW COLUMNS FROM `zk_session` [ RunTime:0.0060s ]
SQL: SELECT * FROM `zk_session` WHERE `openid` = 'oUpv60E98MOGnr9Z9Ele1UYroiLQ' LIMIT 1   [ RunTime:0.0010s ]
SQL: UPDATE `zk_session` SET `session_key`='M9r2rSiWGgqPeQSUsHGYDA==',`skey`='35bcb6ebcc0689f1e70d3c3283b1780e',`last_visit_time`='1501638302' [ RunTime:0.1880s ]

[ 2017-08-02T10:01:38+08:00 ] 192.168.100.252 /index.php?m=home&c=login&a=get3rd_session
INFO: [ app_init ] --START--
INFO: Run Behavior\BuildLiteBehavior [ RunTime:0.000000s ]
INFO: [ app_init ] --END-- [ RunTime:0.000000s ]
INFO: [ app_begin ] --START--
INFO: Run Behavior\ReadHtmlCacheBehavior [ RunTime:0.000000s ]
INFO: [ app_begin ] --END-- [ RunTime:0.000000s ]
SQL: SHOW COLUMNS FROM `zk_user` [ RunTime:0.0060s ]
SQL: SELECT * FROM `zk_user` WHERE `openid` = 'oUpv60E98MOGnr9Z9Ele1UYroiLQ' LIMIT 1   [ RunTime:0.0000s ]
SQL: SHOW COLUMNS FROM `zk_session` [ RunTime:0.0060s ]
SQL: SELECT * FROM `zk_session` WHERE `openid` = 'oUpv60E98MOGnr9Z9Ele1UYroiLQ' LIMIT 1   [ RunTime:0.0010s ]
SQL: UPDATE `zk_session` SET `session_key`='ZeciRuAxqJJn3ZLMA0lqRg==',`skey`='733565e776c2e3415b6d298d9223d0e8',`last_visit_time`='1501639298' [ RunTime:0.2290s ]

[ 2017-08-02T10:15:20+08:00 ] 192.168.100.252 /index.php?m=home&c=login&a=get3rd_session
INFO: [ app_init ] --START--
INFO: Run Behavior\BuildLiteBehavior [ RunTime:0.000000s ]
INFO: [ app_init ] --END-- [ RunTime:0.000000s ]
INFO: [ app_begin ] --START--
INFO: Run Behavior\ReadHtmlCacheBehavior [ RunTime:0.000000s ]
INFO: [ app_begin ] --END-- [ RunTime:0.000000s ]
SQL: SHOW COLUMNS FROM `zk_user` [ RunTime:0.0040s ]
SQL: SELECT * FROM `zk_user` WHERE `openid` = 'oUpv60E98MOGnr9Z9Ele1UYroiLQ' LIMIT 1   [ RunTime:0.0000s ]
SQL: SHOW COLUMNS FROM `zk_session` [ RunTime:0.0030s ]
SQL: SELECT * FROM `zk_session` WHERE `openid` = 'oUpv60E98MOGnr9Z9Ele1UYroiLQ' LIMIT 1   [ RunTime:0.0000s ]
SQL: UPDATE `zk_session` SET `session_key`='o+G3kmlu5BCb2rMs/aRzWg==',`skey`='8344219572809a77a70488af2b845c54',`last_visit_time`='1501640120' [ RunTime:0.1280s ]

[ 2017-08-02T10:18:21+08:00 ] 192.168.100.252 /index.php?m=home&c=login&a=get3rd_session
INFO: [ app_init ] --START--
INFO: Run Behavior\BuildLiteBehavior [ RunTime:0.000000s ]
INFO: [ app_init ] --END-- [ RunTime:0.000000s ]
INFO: [ app_begin ] --START--
INFO: Run Behavior\ReadHtmlCacheBehavior [ RunTime:0.000000s ]
INFO: [ app_begin ] --END-- [ RunTime:0.000000s ]
SQL: SHOW COLUMNS FROM `zk_user` [ RunTime:0.0060s ]
SQL: SELECT * FROM `zk_user` WHERE `openid` = 'oUpv60E98MOGnr9Z9Ele1UYroiLQ' LIMIT 1   [ RunTime:0.0000s ]
SQL: SHOW COLUMNS FROM `zk_session` [ RunTime:0.0020s ]
SQL: SELECT * FROM `zk_session` WHERE `openid` = 'oUpv60E98MOGnr9Z9Ele1UYroiLQ' LIMIT 1   [ RunTime:0.0000s ]
SQL: UPDATE `zk_session` SET `session_key`='lGibHYJFNVax3/qo5mUd4w==',`skey`='2f87ede0af7ac33aa76df3151a773f03',`last_visit_time`='1501640301' [ RunTime:0.1660s ]

[ 2017-08-02T10:19:53+08:00 ] 192.168.100.252 /index.php?m=home&c=login&a=get3rd_session
INFO: [ app_init ] --START--
INFO: Run Behavior\BuildLiteBehavior [ RunTime:0.000000s ]
INFO: [ app_init ] --END-- [ RunTime:0.000000s ]
INFO: [ app_begin ] --START--
INFO: Run Behavior\ReadHtmlCacheBehavior [ RunTime:0.001000s ]
INFO: [ app_begin ] --END-- [ RunTime:0.001000s ]
SQL: SHOW COLUMNS FROM `zk_user` [ RunTime:0.0020s ]
SQL: SELECT * FROM `zk_user` WHERE `openid` = 'oUpv60E98MOGnr9Z9Ele1UYroiLQ' LIMIT 1   [ RunTime:0.0000s ]
SQL: SHOW COLUMNS FROM `zk_session` [ RunTime:0.0020s ]
SQL: SELECT * FROM `zk_session` WHERE `openid` = 'oUpv60E98MOGnr9Z9Ele1UYroiLQ' LIMIT 1   [ RunTime:0.0010s ]
SQL: UPDATE `zk_session` SET `session_key`='lGibHYJFNVax3/qo5mUd4w==',`skey`='bcd35861da6f438a4f340255db548426',`last_visit_time`='1501640393' [ RunTime:0.0600s ]
ERR: Call to a member function getLastSql() on null

[ 2017-08-02T10:21:49+08:00 ] 192.168.100.252 /index.php?m=home&c=login&a=get3rd_session
INFO: [ app_init ] --START--
INFO: Run Behavior\BuildLiteBehavior [ RunTime:0.000000s ]
INFO: [ app_init ] --END-- [ RunTime:0.000000s ]
INFO: [ app_begin ] --START--
INFO: Run Behavior\ReadHtmlCacheBehavior [ RunTime:0.000000s ]
INFO: [ app_begin ] --END-- [ RunTime:0.000000s ]
SQL: SHOW COLUMNS FROM `zk_user` [ RunTime:0.0030s ]
SQL: SELECT * FROM `zk_user` WHERE `openid` = 'oUpv60E98MOGnr9Z9Ele1UYroiLQ' LIMIT 1   [ RunTime:0.0000s ]
SQL: SHOW COLUMNS FROM `zk_session` [ RunTime:0.0020s ]
SQL: SELECT * FROM `zk_session` WHERE `openid` = 'oUpv60E98MOGnr9Z9Ele1UYroiLQ' LIMIT 1   [ RunTime:0.0000s ]
SQL: UPDATE `zk_session` SET `session_key`='MJMgN6pbN6X88lyEedrHoA==',`skey`='89c87b1df4692c87dd4aba1b490e131e',`last_visit_time`='1501640509' [ RunTime:0.0570s ]
ERR: Call to a member function getLastSql() on null

[ 2017-08-02T10:21:56+08:00 ] 192.168.100.252 /index.php?m=home&c=login&a=get3rd_session
INFO: [ app_init ] --START--
INFO: Run Behavior\BuildLiteBehavior [ RunTime:0.000000s ]
INFO: [ app_init ] --END-- [ RunTime:0.001000s ]
INFO: [ app_begin ] --START--
INFO: Run Behavior\ReadHtmlCacheBehavior [ RunTime:0.000000s ]
INFO: [ app_begin ] --END-- [ RunTime:0.000000s ]
SQL: SHOW COLUMNS FROM `zk_user` [ RunTime:0.0030s ]
SQL: SELECT * FROM `zk_user` WHERE `openid` = 'oUpv60E98MOGnr9Z9Ele1UYroiLQ' LIMIT 1   [ RunTime:0.0000s ]
SQL: SHOW COLUMNS FROM `zk_session` [ RunTime:0.0030s ]
SQL: SELECT * FROM `zk_session` WHERE `openid` = 'oUpv60E98MOGnr9Z9Ele1UYroiLQ' LIMIT 1   [ RunTime:0.0000s ]
SQL: UPDATE `zk_session` SET `session_key`='MJMgN6pbN6X88lyEedrHoA==',`skey`='6b6e130aaea9c4b479f70736afbc5968',`last_visit_time`='1501640516' [ RunTime:0.0740s ]
ERR: Call to a member function getLastSql() on null

[ 2017-08-02T10:25:03+08:00 ] 192.168.100.252 /index.php?m=home&c=login&a=get3rd_session
INFO: [ app_init ] --START--
INFO: Run Behavior\BuildLiteBehavior [ RunTime:0.001000s ]
INFO: [ app_init ] --END-- [ RunTime:0.001000s ]
INFO: [ app_begin ] --START--
INFO: Run Behavior\ReadHtmlCacheBehavior [ RunTime:0.000000s ]
INFO: [ app_begin ] --END-- [ RunTime:0.000000s ]
SQL: SHOW COLUMNS FROM `zk_user` [ RunTime:0.0050s ]
SQL: SELECT * FROM `zk_user` WHERE `openid` = 'oUpv60E98MOGnr9Z9Ele1UYroiLQ' LIMIT 1   [ RunTime:0.0000s ]
SQL: SHOW COLUMNS FROM `zk_session` [ RunTime:0.0050s ]
SQL: SELECT * FROM `zk_session` WHERE `openid` = 'oUpv60E98MOGnr9Z9Ele1UYroiLQ' LIMIT 1   [ RunTime:0.0000s ]
SQL: UPDATE `zk_session` SET `session_key`='GwCxU2MwDSogUChT+I8ZuA==',`skey`='f947b4da332d867f4a4f5678eecbf1c6',`last_visit_time`='1501640703' [ RunTime:0.1030s ]

[ 2017-08-02T10:27:19+08:00 ] 192.168.100.252 /index.php?m=home&c=login&a=get3rd_session
INFO: [ app_init ] --START--
INFO: Run Behavior\BuildLiteBehavior [ RunTime:0.000000s ]
INFO: [ app_init ] --END-- [ RunTime:0.000000s ]
INFO: [ app_begin ] --START--
INFO: Run Behavior\ReadHtmlCacheBehavior [ RunTime:0.000000s ]
INFO: [ app_begin ] --END-- [ RunTime:0.000000s ]
SQL: SHOW COLUMNS FROM `zk_user` [ RunTime:0.0030s ]
SQL: SELECT * FROM `zk_user` WHERE `openid` = 'oUpv60E98MOGnr9Z9Ele1UYroiLQ' LIMIT 1   [ RunTime:0.0000s ]
SQL: SHOW COLUMNS FROM `zk_session` [ RunTime:0.0030s ]
SQL: SELECT * FROM `zk_session` WHERE `openid` = 'oUpv60E98MOGnr9Z9Ele1UYroiLQ' LIMIT 1   [ RunTime:0.0000s ]
SQL: UPDATE `zk_session` SET `session_key`='34gg+u/whA0IQzoE0qY+2w==',`skey`='13015917ebed87a4553be39c8764f998',`last_visit_time`='1501640839' [ RunTime:0.0670s ]
SQL: UPDATE `zk_session` SET `session_key`='34gg+u/whA0IQzoE0qY+2w==',`skey`='13015917ebed87a4553be39c8764f998',`last_visit_time`='1501640839' [ RunTime:0.0350s ]

[ 2017-08-02T10:29:30+08:00 ] 192.168.100.252 /index.php?m=home&c=login&a=get3rd_session
INFO: [ app_init ] --START--
INFO: Run Behavior\BuildLiteBehavior [ RunTime:0.000000s ]
INFO: [ app_init ] --END-- [ RunTime:0.000000s ]
INFO: [ app_begin ] --START--
INFO: Run Behavior\ReadHtmlCacheBehavior [ RunTime:0.001000s ]
INFO: [ app_begin ] --END-- [ RunTime:0.001000s ]
SQL: SHOW COLUMNS FROM `zk_user` [ RunTime:0.0030s ]
SQL: SELECT * FROM `zk_user` WHERE `openid` = 'oUpv60E98MOGnr9Z9Ele1UYroiLQ' LIMIT 1   [ RunTime:0.0010s ]
SQL: SHOW COLUMNS FROM `zk_session` [ RunTime:0.0030s ]
SQL: SELECT * FROM `zk_session` WHERE `openid` = 'oUpv60E98MOGnr9Z9Ele1UYroiLQ' LIMIT 1   [ RunTime:0.0000s ]
SQL: UPDATE `zk_session` SET `session_key`='7InfnQ6wKZ4UGeNIxMDVag==',`skey`='b9c905e8f91fc5e2202bd84cdd211210',`last_visit_time`='1501640970' WHERE `openid` = 'oUpv60E98MOGnr9Z9Ele1UYroiLQ' [ RunTime:0.0860s ]
SQL: UPDATE `zk_session` SET `session_key`='7InfnQ6wKZ4UGeNIxMDVag==',`skey`='b9c905e8f91fc5e2202bd84cdd211210',`last_visit_time`='1501640970' WHERE `openid` = 'oUpv60E98MOGnr9Z9Ele1UYroiLQ' [ RunTime:0.0450s ]

[ 2017-08-02T10:30:44+08:00 ] 192.168.100.252 /index.php?m=home&c=login&a=get3rd_session
INFO: [ app_init ] --START--
INFO: Run Behavior\BuildLiteBehavior [ RunTime:0.000000s ]
INFO: [ app_init ] --END-- [ RunTime:0.001000s ]
INFO: [ app_begin ] --START--
INFO: Run Behavior\ReadHtmlCacheBehavior [ RunTime:0.000000s ]
INFO: [ app_begin ] --END-- [ RunTime:0.000000s ]
SQL: SHOW COLUMNS FROM `zk_user` [ RunTime:0.0040s ]
SQL: SELECT * FROM `zk_user` WHERE `openid` = 'oUpv60E98MOGnr9Z9Ele1UYroiLQ' LIMIT 1   [ RunTime:0.0000s ]
SQL: SHOW COLUMNS FROM `zk_session` [ RunTime:0.0020s ]
SQL: SELECT * FROM `zk_session` WHERE `openid` = 'oUpv60E98MOGnr9Z9Ele1UYroiLQ' LIMIT 1   [ RunTime:0.0000s ]
SQL: UPDATE `zk_session` SET `session_key`='7InfnQ6wKZ4UGeNIxMDVag==',`skey`='122b702c08d7c8994a7af8eb7431e46f',`last_visit_time`='1501641044' WHERE `openid` = 'oUpv60E98MOGnr9Z9Ele1UYroiLQ' [ RunTime:0.0650s ]
SQL: UPDATE `zk_session` SET `session_key`='7InfnQ6wKZ4UGeNIxMDVag==',`skey`='122b702c08d7c8994a7af8eb7431e46f',`last_visit_time`='1501641044' WHERE `openid` = 'oUpv60E98MOGnr9Z9Ele1UYroiLQ' [ RunTime:0.0210s ]

[ 2017-08-02T10:31:43+08:00 ] 192.168.100.252 /index.php?m=home&c=login&a=get3rd_session
INFO: [ app_init ] --START--
INFO: Run Behavior\BuildLiteBehavior [ RunTime:0.000000s ]
INFO: [ app_init ] --END-- [ RunTime:0.001000s ]
INFO: [ app_begin ] --START--
INFO: Run Behavior\ReadHtmlCacheBehavior [ RunTime:0.000000s ]
INFO: [ app_begin ] --END-- [ RunTime:0.000000s ]
SQL: SHOW COLUMNS FROM `zk_user` [ RunTime:0.0080s ]
SQL: SELECT * FROM `zk_user` WHERE `openid` = 'oUpv60E98MOGnr9Z9Ele1UYroiLQ' LIMIT 1   [ RunTime:0.0000s ]
SQL: SHOW COLUMNS FROM `zk_session` [ RunTime:0.0030s ]
SQL: SELECT * FROM `zk_session` WHERE `openid` = 'oUpv60E98MOGnr9Z9Ele1UYroiLQ' LIMIT 1   [ RunTime:0.0000s ]
SQL: UPDATE `zk_session` SET `session_key`='kdMqRfnkFzX8rf9Bx4+K0A==',`skey`='444fb1be897f61e675e42ccd1fc01589',`last_visit_time`='1501641103' WHERE `openid` = 'oUpv60E98MOGnr9Z9Ele1UYroiLQ' [ RunTime:0.0450s ]

[ 2017-08-02T10:35:14+08:00 ] 192.168.100.252 /index.php?m=home&c=login&a=get3rd_session
INFO: [ app_init ] --START--
INFO: Run Behavior\BuildLiteBehavior [ RunTime:0.000000s ]
INFO: [ app_init ] --END-- [ RunTime:0.000000s ]
INFO: [ app_begin ] --START--
INFO: Run Behavior\ReadHtmlCacheBehavior [ RunTime:0.001000s ]
INFO: [ app_begin ] --END-- [ RunTime:0.001000s ]
SQL: SHOW COLUMNS FROM `zk_user` [ RunTime:0.0030s ]
SQL: SELECT * FROM `zk_user` WHERE `openid` = 'oUpv60E98MOGnr9Z9Ele1UYroiLQ' LIMIT 1   [ RunTime:0.0010s ]
SQL: SHOW COLUMNS FROM `zk_session` [ RunTime:0.0030s ]
SQL: SELECT * FROM `zk_session` WHERE `openid` = 'oUpv60E98MOGnr9Z9Ele1UYroiLQ' LIMIT 1   [ RunTime:0.0000s ]
SQL: UPDATE `zk_session` SET `session_key`='6vOMe704h7tmB8tPB00H+w==',`skey`='8516fb73903ea899278e6d118ce5a4e0',`last_visit_time`='1501641313' WHERE `openid` = 'oUpv60E98MOGnr9Z9Ele1UYroiLQ' [ RunTime:0.1580s ]
SQL: SELECT * FROM `zk_session` WHERE `openid` = 'oUpv60E98MOGnr9Z9Ele1UYroiLQ' LIMIT 1   [ RunTime:0.0010s ]

[ 2017-08-02T10:35:43+08:00 ] 192.168.100.252 /index.php?m=home&c=login&a=get3rd_session
INFO: [ app_init ] --START--
INFO: Run Behavior\BuildLiteBehavior [ RunTime:0.000000s ]
INFO: [ app_init ] --END-- [ RunTime:0.000000s ]
INFO: [ app_begin ] --START--
INFO: Run Behavior\ReadHtmlCacheBehavior [ RunTime:0.000000s ]
INFO: [ app_begin ] --END-- [ RunTime:0.000000s ]
SQL: SHOW COLUMNS FROM `zk_user` [ RunTime:0.0030s ]
SQL: SELECT * FROM `zk_user` WHERE `openid` = 'oUpv60E98MOGnr9Z9Ele1UYroiLQ' LIMIT 1   [ RunTime:0.0000s ]
SQL: SHOW COLUMNS FROM `zk_session` [ RunTime:0.0020s ]
SQL: SELECT * FROM `zk_session` WHERE `openid` = 'oUpv60E98MOGnr9Z9Ele1UYroiLQ' LIMIT 1   [ RunTime:0.0000s ]
SQL: UPDATE `zk_session` SET `session_key`='6vOMe704h7tmB8tPB00H+w==',`skey`='e53dcebf5f344b6e23ffcadd3cfb0a89',`last_visit_time`='1501641343' WHERE `openid` = 'oUpv60E98MOGnr9Z9Ele1UYroiLQ' [ RunTime:0.0450s ]
SQL: SELECT * FROM `zk_session` WHERE `openid` = 'oUpv60E98MOGnr9Z9Ele1UYroiLQ' LIMIT 1   [ RunTime:0.0000s ]

[ 2017-08-02T10:36:59+08:00 ] 192.168.100.252 /index.php?m=home&c=login&a=get3rd_session
INFO: [ app_init ] --START--
INFO: Run Behavior\BuildLiteBehavior [ RunTime:0.000000s ]
INFO: [ app_init ] --END-- [ RunTime:0.000000s ]
INFO: [ app_begin ] --START--
INFO: Run Behavior\ReadHtmlCacheBehavior [ RunTime:0.000000s ]
INFO: [ app_begin ] --END-- [ RunTime:0.000000s ]
SQL: SHOW COLUMNS FROM `zk_user` [ RunTime:0.0020s ]
SQL: SELECT * FROM `zk_user` WHERE `openid` = 'oUpv60E98MOGnr9Z9Ele1UYroiLQ' LIMIT 1   [ RunTime:0.0010s ]
SQL: SHOW COLUMNS FROM `zk_session` [ RunTime:0.0030s ]
SQL: SELECT * FROM `zk_session` WHERE `openid` = 'oUpv60E98MOGnr9Z9Ele1UYroiLQ' LIMIT 1   [ RunTime:0.0000s ]
SQL: UPDATE `zk_session` SET `session_key`='6vOMe704h7tmB8tPB00H+w==',`skey`='1fc432a2913ca3c6d859ecd80beedfbb',`last_visit_time`='1501641419' WHERE `openid` = 'oUpv60E98MOGnr9Z9Ele1UYroiLQ' [ RunTime:0.0470s ]
SQL: SELECT * FROM `zk_session` WHERE `openid` = 'oUpv60E98MOGnr9Z9Ele1UYroiLQ' LIMIT 1   [ RunTime:0.0000s ]

[ 2017-08-02T10:42:11+08:00 ] 192.168.100.252 /index.php?m=home&c=login&a=get3rd_session
INFO: [ app_init ] --START--
INFO: Run Behavior\BuildLiteBehavior [ RunTime:0.000000s ]
INFO: [ app_init ] --END-- [ RunTime:0.001000s ]
INFO: [ app_begin ] --START--
INFO: Run Behavior\ReadHtmlCacheBehavior [ RunTime:0.000000s ]
INFO: [ app_begin ] --END-- [ RunTime:0.000000s ]
SQL: SHOW COLUMNS FROM `zk_user` [ RunTime:0.0030s ]
SQL: SELECT * FROM `zk_user` WHERE `openid` = 'oUpv60E98MOGnr9Z9Ele1UYroiLQ' LIMIT 1   [ RunTime:0.0000s ]
SQL: SHOW COLUMNS FROM `zk_session` [ RunTime:0.0030s ]
SQL: SELECT * FROM `zk_session` WHERE `openid` = 'oUpv60E98MOGnr9Z9Ele1UYroiLQ' LIMIT 1   [ RunTime:0.0010s ]
SQL: UPDATE `zk_session` SET `session_key`='Ai2emyssYrRWFHXbq5b7ow==',`skey`='2b3bae6954bf27d5312d6e776bca3a66',`last_visit_time`='1501641731' WHERE `openid` = 'oUpv60E98MOGnr9Z9Ele1UYroiLQ' [ RunTime:0.0600s ]
SQL: SELECT * FROM `zk_session` WHERE `openid` = 'oUpv60E98MOGnr9Z9Ele1UYroiLQ' LIMIT 1   [ RunTime:0.0010s ]

[ 2017-08-02T10:44:04+08:00 ] 192.168.100.252 /index.php?m=home&c=login&a=get3rd_session
INFO: [ app_init ] --START--
INFO: Run Behavior\BuildLiteBehavior [ RunTime:0.000000s ]
INFO: [ app_init ] --END-- [ RunTime:0.001000s ]
INFO: [ app_begin ] --START--
INFO: Run Behavior\ReadHtmlCacheBehavior [ RunTime:0.000000s ]
INFO: [ app_begin ] --END-- [ RunTime:0.000000s ]
SQL: SHOW COLUMNS FROM `zk_user` [ RunTime:0.0080s ]
SQL: SELECT * FROM `zk_user` WHERE `openid` = 'oUpv60E98MOGnr9Z9Ele1UYroiLQ' LIMIT 1   [ RunTime:0.0010s ]
SQL: SHOW COLUMNS FROM `zk_session` [ RunTime:0.0060s ]
SQL: SELECT * FROM `zk_session` WHERE `openid` = 'oUpv60E98MOGnr9Z9Ele1UYroiLQ' LIMIT 1   [ RunTime:0.0010s ]
SQL: UPDATE `zk_session` SET `session_key`='Ai2emyssYrRWFHXbq5b7ow==',`skey`='c1dbff2eb0ccc1b7cb5141684cca61fb',`last_visit_time`='1501641844' WHERE `openid` = 'oUpv60E98MOGnr9Z9Ele1UYroiLQ' [ RunTime:0.3010s ]
SQL: SELECT * FROM `zk_session` WHERE `openid` = 'oUpv60E98MOGnr9Z9Ele1UYroiLQ' LIMIT 1   [ RunTime:0.0010s ]

[ 2017-08-02T10:45:00+08:00 ] 192.168.100.252 /index.php?m=home&c=login&a=get3rd_session
INFO: [ app_init ] --START--
INFO: Run Behavior\BuildLiteBehavior [ RunTime:0.000000s ]
INFO: [ app_init ] --END-- [ RunTime:0.000000s ]
INFO: [ app_begin ] --START--
INFO: Run Behavior\ReadHtmlCacheBehavior [ RunTime:0.000000s ]
INFO: [ app_begin ] --END-- [ RunTime:0.000000s ]
SQL: SHOW COLUMNS FROM `zk_user` [ RunTime:0.0020s ]
SQL: SELECT * FROM `zk_user` WHERE `openid` = 'oUpv60E98MOGnr9Z9Ele1UYroiLQ' LIMIT 1   [ RunTime:0.0010s ]
SQL: SHOW COLUMNS FROM `zk_session` [ RunTime:0.0030s ]
SQL: SELECT * FROM `zk_session` WHERE `openid` = 'oUpv60E98MOGnr9Z9Ele1UYroiLQ' LIMIT 1   [ RunTime:0.0000s ]
SQL: UPDATE `zk_session` SET `session_key`='YWFDKWLvqSRqf5IoNCsXbw==',`skey`='a9a1e2e549e144755a46ccd4770f52e7',`last_visit_time`='1501641900' WHERE `openid` = 'oUpv60E98MOGnr9Z9Ele1UYroiLQ' [ RunTime:0.1920s ]
SQL: SELECT * FROM `zk_session` WHERE `openid` = 'oUpv60E98MOGnr9Z9Ele1UYroiLQ' LIMIT 1   [ RunTime:0.0010s ]

[ 2017-08-02T10:54:12+08:00 ] 192.168.100.252 /index.php?m=home&c=login&a=get3rd_session
INFO: [ app_init ] --START--
INFO: Run Behavior\BuildLiteBehavior [ RunTime:0.000000s ]
INFO: [ app_init ] --END-- [ RunTime:0.000000s ]
INFO: [ app_begin ] --START--
INFO: Run Behavior\ReadHtmlCacheBehavior [ RunTime:0.001000s ]
INFO: [ app_begin ] --END-- [ RunTime:0.001000s ]
SQL: SHOW COLUMNS FROM `zk_user` [ RunTime:0.0100s ]
SQL: SELECT * FROM `zk_user` WHERE `openid` = 'oUpv60E98MOGnr9Z9Ele1UYroiLQ' LIMIT 1   [ RunTime:0.0010s ]
SQL: SHOW COLUMNS FROM `zk_session` [ RunTime:0.0100s ]
SQL: SELECT * FROM `zk_session` WHERE `openid` = 'oUpv60E98MOGnr9Z9Ele1UYroiLQ' LIMIT 1   [ RunTime:0.0010s ]
SQL: UPDATE `zk_session` SET `session_key`='RLLNvWwijeYiNt88AaRFOA==',`skey`='a49397be7a112b80c9d94e716341ff98',`last_visit_time`='1501642452' WHERE `openid` = 'oUpv60E98MOGnr9Z9Ele1UYroiLQ' [ RunTime:0.3890s ]
SQL: SELECT * FROM `zk_session` WHERE `openid` = 'oUpv60E98MOGnr9Z9Ele1UYroiLQ' LIMIT 1   [ RunTime:0.0000s ]

[ 2017-08-02T11:09:22+08:00 ] 192.168.100.252 /index.php?m=home&c=login&a=get3rd_session
INFO: [ app_init ] --START--
INFO: Run Behavior\BuildLiteBehavior [ RunTime:0.000000s ]
INFO: [ app_init ] --END-- [ RunTime:0.001000s ]
INFO: [ app_begin ] --START--
INFO: Run Behavior\ReadHtmlCacheBehavior [ RunTime:0.001000s ]
INFO: [ app_begin ] --END-- [ RunTime:0.001000s ]
SQL: SHOW COLUMNS FROM `zk_user` [ RunTime:0.0030s ]
SQL: SELECT * FROM `zk_user` WHERE `openid` = 'oUpv60E98MOGnr9Z9Ele1UYroiLQ' LIMIT 1   [ RunTime:0.0000s ]
SQL: SHOW COLUMNS FROM `zk_session` [ RunTime:0.0030s ]
SQL: SELECT * FROM `zk_session` WHERE `openid` = 'oUpv60E98MOGnr9Z9Ele1UYroiLQ' LIMIT 1   [ RunTime:0.0000s ]
SQL: UPDATE `zk_session` SET `session_key`='Xj55P7Zdb+OTqnXiU8tVYg==',`skey`='b7c4a0d1eefe6d3683f8ff653189db24',`last_visit_time`='1501643361' WHERE `openid` = 'oUpv60E98MOGnr9Z9Ele1UYroiLQ' [ RunTime:0.0990s ]
SQL: SELECT * FROM `zk_session` WHERE `openid` = 'oUpv60E98MOGnr9Z9Ele1UYroiLQ' LIMIT 1   [ RunTime:0.0010s ]

[ 2017-08-02T12:04:30+08:00 ] 127.0.0.1 /
INFO: [ app_init ] --START--
INFO: Run Behavior\BuildLiteBehavior [ RunTime:0.000000s ]
INFO: [ app_init ] --END-- [ RunTime:0.000000s ]
INFO: [ app_begin ] --START--
INFO: Run Behavior\ReadHtmlCacheBehavior [ RunTime:0.010001s ]
INFO: [ app_begin ] --END-- [ RunTime:0.010001s ]
NOTIC: [2] http_build_query(): Parameter 1 expected to be Array or Object.  Incorrect value given E:\wwwroot\Application\Home\Model\CommonModel.class.php 第 28 行.
INFO: [ view_parse ] --START--
INFO: [ template_filter ] --START--
INFO: Run Behavior\ContentReplaceBehavior [ RunTime:0.000000s ]
INFO: [ template_filter ] --END-- [ RunTime:0.000000s ]
INFO: Run Behavior\ParseTemplateBehavior [ RunTime:0.101006s ]
INFO: [ view_parse ] --END-- [ RunTime:0.101006s ]
INFO: [ view_filter ] --START--
INFO: Run Behavior\WriteHtmlCacheBehavior [ RunTime:0.005000s ]
INFO: [ view_filter ] --END-- [ RunTime:0.005000s ]
INFO: [ app_end ] --START--
INFO: Run Behavior\ShowPageTraceBehavior [ RunTime:0.010000s ]
INFO: [ app_end ] --END-- [ RunTime:0.010000s ]

[ 2017-08-02T12:14:17+08:00 ] 127.0.0.1 /
INFO: [ app_init ] --START--
INFO: Run Behavior\BuildLiteBehavior [ RunTime:0.000000s ]
INFO: [ app_init ] --END-- [ RunTime:0.000000s ]
INFO: [ app_begin ] --START--
INFO: Run Behavior\ReadHtmlCacheBehavior [ RunTime:0.001001s ]
INFO: [ app_begin ] --END-- [ RunTime:0.001001s ]
NOTIC: [2] http_build_query(): Parameter 1 expected to be Array or Object.  Incorrect value given E:\wwwroot\Application\Home\Model\CommonModel.class.php 第 28 行.
INFO: [ view_parse ] --START--
INFO: [ template_filter ] --START--
INFO: Run Behavior\ContentReplaceBehavior [ RunTime:0.000000s ]
INFO: [ template_filter ] --END-- [ RunTime:0.000000s ]
INFO: Run Behavior\ParseTemplateBehavior [ RunTime:0.012001s ]
INFO: [ view_parse ] --END-- [ RunTime:0.012001s ]
INFO: [ view_filter ] --START--
INFO: Run Behavior\WriteHtmlCacheBehavior [ RunTime:0.001000s ]
INFO: [ view_filter ] --END-- [ RunTime:0.001000s ]
INFO: [ app_end ] --START--
INFO: Run Behavior\ShowPageTraceBehavior [ RunTime:0.001000s ]
INFO: [ app_end ] --END-- [ RunTime:0.001000s ]

[ 2017-08-02T14:00:21+08:00 ] 192.168.100.252 /index.php?m=home&c=login&a=checksession
INFO: [ app_init ] --START--
INFO: Run Behavior\BuildLiteBehavior [ RunTime:0.000000s ]
INFO: [ app_init ] --END-- [ RunTime:0.000000s ]
INFO: [ app_begin ] --START--
INFO: Run Behavior\ReadHtmlCacheBehavior [ RunTime:0.000000s ]
INFO: [ app_begin ] --END-- [ RunTime:0.000000s ]
SQL: SHOW COLUMNS FROM `zk_session` [ RunTime:0.0030s ]
SQL: SELECT * FROM `zk_session` WHERE `skey` = 'bd0501182a03df0dec70e16d54bdeeed' LIMIT 1   [ RunTime:0.0010s ]

[ 2017-08-02T14:00:22+08:00 ] 192.168.100.252 /index.php?m=home&c=login&a=index
INFO: [ app_init ] --START--
INFO: Run Behavior\BuildLiteBehavior [ RunTime:0.000000s ]
INFO: [ app_init ] --END-- [ RunTime:0.001000s ]
INFO: [ app_begin ] --START--
INFO: Run Behavior\ReadHtmlCacheBehavior [ RunTime:0.001000s ]
INFO: [ app_begin ] --END-- [ RunTime:0.001000s ]
SQL: SHOW COLUMNS FROM `zk_user` [ RunTime:0.0030s ]
SQL: SELECT * FROM `zk_user` WHERE `openid` = 'oUpv60E98MOGnr9Z9Ele1UYroiLQ' LIMIT 1   [ RunTime:0.0000s ]
SQL: SHOW COLUMNS FROM `zk_session` [ RunTime:0.0020s ]
SQL: UPDATE `zk_session` SET `session_key`='xA6DLrq/NDYJMDUNXiKzlw==',`skey`='b86f852a0fb2c8ba154dd2153888caf0',`last_visit_time`='1501653622' WHERE `openid` = 'oUpv60E98MOGnr9Z9Ele1UYroiLQ' [ RunTime:0.0640s ]

[ 2017-08-02T14:11:54+08:00 ] 192.168.100.252 /index.php?m=home&c=login&a=get3rd_session
INFO: [ app_init ] --START--
INFO: Run Behavior\BuildLiteBehavior [ RunTime:0.000000s ]
INFO: [ app_init ] --END-- [ RunTime:0.000000s ]
INFO: [ app_begin ] --START--
INFO: Run Behavior\ReadHtmlCacheBehavior [ RunTime:0.001000s ]
INFO: [ app_begin ] --END-- [ RunTime:0.001000s ]
SQL: SHOW COLUMNS FROM `zk_user` [ RunTime:0.0040s ]
SQL: SELECT * FROM `zk_user` WHERE `openid` = 'oUpv60E98MOGnr9Z9Ele1UYroiLQ' LIMIT 1   [ RunTime:0.0000s ]
SQL: SHOW COLUMNS FROM `zk_session` [ RunTime:0.0030s ]
SQL: SELECT * FROM `zk_session` WHERE `openid` = 'oUpv60E98MOGnr9Z9Ele1UYroiLQ' LIMIT 1   [ RunTime:0.0000s ]
SQL: UPDATE `zk_session` SET `session_key`='owqIEIeg0yVLV04LZCgMQg==',`skey`='eba4bd310926df2f254e18e6e9dcafa4',`last_visit_time`='1501654314' WHERE `openid` = 'oUpv60E98MOGnr9Z9Ele1UYroiLQ' [ RunTime:0.0560s ]
SQL: SELECT * FROM `zk_session` WHERE `openid` = 'oUpv60E98MOGnr9Z9Ele1UYroiLQ' LIMIT 1   [ RunTime:0.0000s ]

[ 2017-08-02T14:12:55+08:00 ] 192.168.100.252 /index.php?m=home&c=login&a=get3rd_session
INFO: [ app_init ] --START--
INFO: Run Behavior\BuildLiteBehavior [ RunTime:0.000000s ]
INFO: [ app_init ] --END-- [ RunTime:0.001000s ]
INFO: [ app_begin ] --START--
INFO: Run Behavior\ReadHtmlCacheBehavior [ RunTime:0.000000s ]
INFO: [ app_begin ] --END-- [ RunTime:0.000000s ]
SQL: SHOW COLUMNS FROM `zk_user` [ RunTime:0.0030s ]
SQL: SELECT * FROM `zk_user` WHERE `openid` = 'oUpv60E98MOGnr9Z9Ele1UYroiLQ' LIMIT 1   [ RunTime:0.0000s ]
SQL: SHOW COLUMNS FROM `zk_session` [ RunTime:0.0030s ]
SQL: SELECT * FROM `zk_session` WHERE `openid` = 'oUpv60E98MOGnr9Z9Ele1UYroiLQ' LIMIT 1   [ RunTime:0.0000s ]
SQL: UPDATE `zk_session` SET `session_key`='owqIEIeg0yVLV04LZCgMQg==',`skey`='0f411026997733465e29960a131cb714',`last_visit_time`='1501654375' WHERE `openid` = 'oUpv60E98MOGnr9Z9Ele1UYroiLQ' [ RunTime:0.0470s ]
SQL: SELECT * FROM `zk_session` WHERE `openid` = 'oUpv60E98MOGnr9Z9Ele1UYroiLQ' LIMIT 1   [ RunTime:0.0000s ]

[ 2017-08-02T14:17:55+08:00 ] 192.168.100.252 /index.php?m=home&c=login&a=get3rd_session
INFO: [ app_init ] --START--
INFO: Run Behavior\BuildLiteBehavior [ RunTime:0.001000s ]
INFO: [ app_init ] --END-- [ RunTime:0.001000s ]
INFO: [ app_begin ] --START--
INFO: Run Behavior\ReadHtmlCacheBehavior [ RunTime:0.001000s ]
INFO: [ app_begin ] --END-- [ RunTime:0.001000s ]
SQL: SHOW COLUMNS FROM `zk_user` [ RunTime:0.0120s ]
SQL: SELECT * FROM `zk_user` WHERE `openid` = 'oUpv60E98MOGnr9Z9Ele1UYroiLQ' LIMIT 1   [ RunTime:0.0010s ]
SQL: SHOW COLUMNS FROM `zk_session` [ RunTime:0.0030s ]
SQL: SELECT * FROM `zk_session` WHERE `openid` = 'oUpv60E98MOGnr9Z9Ele1UYroiLQ' LIMIT 1   [ RunTime:0.0000s ]
SQL: UPDATE `zk_session` SET `session_key`='cSk/U7b2u+KBCX5V/0n2pA==',`skey`='fcc4ee4e09f677d5faa0226350ba910c',`last_visit_time`='1501654675' WHERE `openid` = 'oUpv60E98MOGnr9Z9Ele1UYroiLQ' [ RunTime:0.0530s ]
SQL: SELECT * FROM `zk_session` WHERE `openid` = 'oUpv60E98MOGnr9Z9Ele1UYroiLQ' LIMIT 1   [ RunTime:0.0010s ]

[ 2017-08-02T14:24:10+08:00 ] 192.168.100.252 /index.php?m=home&c=login&a=get3rd_session
INFO: [ app_init ] --START--
INFO: Run Behavior\BuildLiteBehavior [ RunTime:0.000000s ]
INFO: [ app_init ] --END-- [ RunTime:0.001001s ]
INFO: [ app_begin ] --START--
INFO: Run Behavior\ReadHtmlCacheBehavior [ RunTime:0.001000s ]
INFO: [ app_begin ] --END-- [ RunTime:0.001000s ]
SQL: SHOW COLUMNS FROM `zk_user` [ RunTime:0.0030s ]
SQL: SELECT * FROM `zk_user` WHERE `openid` = 'oUpv60E98MOGnr9Z9Ele1UYroiLQ' LIMIT 1   [ RunTime:0.0000s ]
SQL: SHOW COLUMNS FROM `zk_session` [ RunTime:0.0020s ]
SQL: SELECT * FROM `zk_session` WHERE `openid` = 'oUpv60E98MOGnr9Z9Ele1UYroiLQ' LIMIT 1   [ RunTime:0.0000s ]
SQL: UPDATE `zk_session` SET `session_key`='peUvY+xSc9uiKGg2yyOQWA==',`skey`='2a1132d886d86bf8dc8ab439400545ef',`last_visit_time`='1501655050' WHERE `openid` = 'oUpv60E98MOGnr9Z9Ele1UYroiLQ' [ RunTime:0.0430s ]
SQL: SELECT * FROM `zk_session` WHERE `openid` = 'oUpv60E98MOGnr9Z9Ele1UYroiLQ' LIMIT 1   [ RunTime:0.0010s ]

[ 2017-08-02T14:28:43+08:00 ] 192.168.100.252 /index.php?m=home&c=login&a=get3rd_session
INFO: [ app_init ] --START--
INFO: Run Behavior\BuildLiteBehavior [ RunTime:0.000000s ]
INFO: [ app_init ] --END-- [ RunTime:0.000000s ]
INFO: [ app_begin ] --START--
INFO: Run Behavior\ReadHtmlCacheBehavior [ RunTime:0.000000s ]
INFO: [ app_begin ] --END-- [ RunTime:0.000000s ]
SQL: SHOW COLUMNS FROM `zk_user` [ RunTime:0.0030s ]
SQL: SELECT * FROM `zk_user` WHERE `openid` = 'oUpv60E98MOGnr9Z9Ele1UYroiLQ' LIMIT 1   [ RunTime:0.0000s ]
SQL: SHOW COLUMNS FROM `zk_session` [ RunTime:0.0020s ]
SQL: SELECT * FROM `zk_session` WHERE `openid` = 'oUpv60E98MOGnr9Z9Ele1UYroiLQ' LIMIT 1   [ RunTime:0.0000s ]
SQL: UPDATE `zk_session` SET `session_key`='8vh8dw+K3xwgg/rO6W24wA==',`skey`='a45952093ada97fcf5c7ef537b6bc053',`last_visit_time`='1501655323' WHERE `openid` = 'oUpv60E98MOGnr9Z9Ele1UYroiLQ' [ RunTime:0.0610s ]
SQL: SELECT * FROM `zk_session` WHERE `openid` = 'oUpv60E98MOGnr9Z9Ele1UYroiLQ' LIMIT 1   [ RunTime:0.0000s ]

[ 2017-08-02T14:32:36+08:00 ] 192.168.100.252 /index.php?m=home&c=login&a=get3rd_session
INFO: [ app_init ] --START--
INFO: Run Behavior\BuildLiteBehavior [ RunTime:0.000000s ]
INFO: [ app_init ] --END-- [ RunTime:0.000000s ]
INFO: [ app_begin ] --START--
INFO: Run Behavior\ReadHtmlCacheBehavior [ RunTime:0.000000s ]
INFO: [ app_begin ] --END-- [ RunTime:0.000000s ]
SQL: SHOW COLUMNS FROM `zk_user` [ RunTime:0.0030s ]
SQL: SELECT * FROM `zk_user` WHERE `openid` = 'oUpv60E98MOGnr9Z9Ele1UYroiLQ' LIMIT 1   [ RunTime:0.0000s ]
SQL: SHOW COLUMNS FROM `zk_session` [ RunTime:0.0020s ]
SQL: SELECT * FROM `zk_session` WHERE `openid` = 'oUpv60E98MOGnr9Z9Ele1UYroiLQ' LIMIT 1   [ RunTime:0.0000s ]
SQL: UPDATE `zk_session` SET `session_key`='IcFsa0yXDeH64ZVBWcrL6g==',`skey`='d2c6cbbf4ad9d9615e160e43b166cbbe',`last_visit_time`='1501655555' WHERE `openid` = 'oUpv60E98MOGnr9Z9Ele1UYroiLQ' [ RunTime:0.0800s ]
SQL: SELECT * FROM `zk_session` WHERE `openid` = 'oUpv60E98MOGnr9Z9Ele1UYroiLQ' LIMIT 1   [ RunTime:0.0000s ]

