[ 2017-08-12T10:20:57+08:00 ] 192.168.100.252 /index.php?m=home&c=login&a=check3rdSession
INFO: [ app_init ] --START--
INFO: Run Behavior\BuildLiteBehavior [ RunTime:0.000000s ]
INFO: [ app_init ] --END-- [ RunTime:0.140008s ]
INFO: [ app_begin ] --START--
INFO: Run Behavior\ReadHtmlCacheBehavior [ RunTime:0.072004s ]
INFO: [ app_begin ] --END-- [ RunTime:0.072004s ]
SQL: SHOW COLUMNS FROM `zk_session` [ RunTime:0.3630s ]
SQL: SELECT * FROM `zk_session` WHERE `skey` = 'a9b12521550d5914ed64553515b59339' LIMIT 1   [ RunTime:0.0000s ]

[ 2017-08-12T10:20:59+08:00 ] 192.168.100.252 /index.php?m=home&c=login&a=get3rd_session
INFO: [ app_init ] --START--
INFO: Run Behavior\BuildLiteBehavior [ RunTime:0.000000s ]
INFO: [ app_init ] --END-- [ RunTime:0.001000s ]
INFO: [ app_begin ] --START--
INFO: Run Behavior\ReadHtmlCacheBehavior [ RunTime:0.001000s ]
INFO: [ app_begin ] --END-- [ RunTime:0.001000s ]
SQL: SHOW COLUMNS FROM `zk_user` [ RunTime:0.2530s ]
SQL: SELECT * FROM `zk_user` WHERE `openid` = 'oUpv60E98MOGnr9Z9Ele1UYroiLQ' LIMIT 1   [ RunTime:0.0010s ]
SQL: SHOW COLUMNS FROM `zk_session` [ RunTime:0.0030s ]
SQL: SELECT * FROM `zk_session` WHERE `openid` = 'oUpv60E98MOGnr9Z9Ele1UYroiLQ' LIMIT 1   [ RunTime:0.0000s ]
SQL: UPDATE `zk_session` SET `session_key`='3ltaoE7I7uKBuYA/ceLOOA==',`skey`='5c37bcad5a43cb15947c5ca6d5561a7c',`last_visit_time`='1502504458' WHERE `openid` = 'oUpv60E98MOGnr9Z9Ele1UYroiLQ' [ RunTime:0.4340s ]
SQL: SELECT * FROM `zk_session` WHERE `openid` = 'oUpv60E98MOGnr9Z9Ele1UYroiLQ' LIMIT 1   [ RunTime:0.0010s ]

[ 2017-08-12T10:24:29+08:00 ] 192.168.103.228 /index.php?m=home&c=login&a=check3rdSession
INFO: [ app_init ] --START--
INFO: Run Behavior\BuildLiteBehavior [ RunTime:0.000000s ]
INFO: [ app_init ] --END-- [ RunTime:0.001000s ]
INFO: [ app_begin ] --START--
INFO: Run Behavior\ReadHtmlCacheBehavior [ RunTime:0.001000s ]
INFO: [ app_begin ] --END-- [ RunTime:0.001000s ]
SQL: SHOW COLUMNS FROM `zk_session` [ RunTime:0.0040s ]
SQL: SELECT * FROM `zk_session` WHERE `skey` = '2d0d4528e004eb2233a0712383c4930e' LIMIT 1   [ RunTime:0.0010s ]

[ 2017-08-12T10:24:30+08:00 ] 192.168.103.228 /index.php?m=home&c=login&a=get3rd_session
INFO: [ app_init ] --START--
INFO: Run Behavior\BuildLiteBehavior [ RunTime:0.000000s ]
INFO: [ app_init ] --END-- [ RunTime:0.000000s ]
INFO: [ app_begin ] --START--
INFO: Run Behavior\ReadHtmlCacheBehavior [ RunTime:0.001000s ]
INFO: [ app_begin ] --END-- [ RunTime:0.001000s ]
SQL: SHOW COLUMNS FROM `zk_user` [ RunTime:0.0040s ]
SQL: SELECT * FROM `zk_user` WHERE `openid` = 'oUpv60E98MOGnr9Z9Ele1UYroiLQ' LIMIT 1   [ RunTime:0.0000s ]
SQL: SHOW COLUMNS FROM `zk_session` [ RunTime:0.0040s ]
SQL: SELECT * FROM `zk_session` WHERE `openid` = 'oUpv60E98MOGnr9Z9Ele1UYroiLQ' LIMIT 1   [ RunTime:0.0000s ]
SQL: UPDATE `zk_session` SET `session_key`='cxiiLA2/inLHKY71xHLPog==',`skey`='cc0f117f56b7b454e97591f5a031fbf3',`last_visit_time`='1502504669' WHERE `openid` = 'oUpv60E98MOGnr9Z9Ele1UYroiLQ' [ RunTime:0.4890s ]
SQL: SELECT * FROM `zk_session` WHERE `openid` = 'oUpv60E98MOGnr9Z9Ele1UYroiLQ' LIMIT 1   [ RunTime:0.0010s ]

[ 2017-08-12T10:46:15+08:00 ] 192.168.100.252 /index.php?m=home&c=login&a=check3rdSession
INFO: [ app_init ] --START--
INFO: Run Behavior\BuildLiteBehavior [ RunTime:0.000000s ]
INFO: [ app_init ] --END-- [ RunTime:0.103006s ]
INFO: [ app_begin ] --START--
INFO: Run Behavior\ReadHtmlCacheBehavior [ RunTime:0.045003s ]
INFO: [ app_begin ] --END-- [ RunTime:0.045003s ]
SQL: SHOW COLUMNS FROM `zk_session` [ RunTime:0.0080s ]
SQL: SELECT * FROM `zk_session` WHERE `skey` = '5c37bcad5a43cb15947c5ca6d5561a7c' LIMIT 1   [ RunTime:0.0010s ]

[ 2017-08-12T10:46:17+08:00 ] 192.168.100.252 /index.php?m=home&c=login&a=get3rd_session
INFO: [ app_init ] --START--
INFO: Run Behavior\BuildLiteBehavior [ RunTime:0.000000s ]
INFO: [ app_init ] --END-- [ RunTime:0.001000s ]
INFO: [ app_begin ] --START--
INFO: Run Behavior\ReadHtmlCacheBehavior [ RunTime:0.000000s ]
INFO: [ app_begin ] --END-- [ RunTime:0.000000s ]
SQL: SHOW COLUMNS FROM `zk_user` [ RunTime:0.0040s ]
SQL: SELECT * FROM `zk_user` WHERE `openid` = 'oUpv60E98MOGnr9Z9Ele1UYroiLQ' LIMIT 1   [ RunTime:0.0010s ]
SQL: SHOW COLUMNS FROM `zk_session` [ RunTime:0.0040s ]
SQL: SELECT * FROM `zk_session` WHERE `openid` = 'oUpv60E98MOGnr9Z9Ele1UYroiLQ' LIMIT 1   [ RunTime:0.0000s ]
SQL: UPDATE `zk_session` SET `session_key`='rLuBwUFZlBx+4KScByeG4Q==',`skey`='bfd0b7eb3f20240c2ba136fae3f7a74e',`last_visit_time`='1502505976' WHERE `openid` = 'oUpv60E98MOGnr9Z9Ele1UYroiLQ' [ RunTime:0.5750s ]
SQL: SELECT * FROM `zk_session` WHERE `openid` = 'oUpv60E98MOGnr9Z9Ele1UYroiLQ' LIMIT 1   [ RunTime:0.0010s ]

[ 2017-08-12T10:46:32+08:00 ] 192.168.103.228 /index.php?m=home&c=login&a=check3rdSession
INFO: [ app_init ] --START--
INFO: Run Behavior\BuildLiteBehavior [ RunTime:0.000000s ]
INFO: [ app_init ] --END-- [ RunTime:0.000000s ]
INFO: [ app_begin ] --START--
INFO: Run Behavior\ReadHtmlCacheBehavior [ RunTime:0.001001s ]
INFO: [ app_begin ] --END-- [ RunTime:0.001001s ]
SQL: SHOW COLUMNS FROM `zk_session` [ RunTime:0.0020s ]
SQL: SELECT * FROM `zk_session` WHERE `skey` = 'cc0f117f56b7b454e97591f5a031fbf3' LIMIT 1   [ RunTime:0.0000s ]

[ 2017-08-12T10:46:32+08:00 ] 192.168.103.228 /index.php?m=home&c=login&a=get3rd_session
INFO: [ app_init ] --START--
INFO: Run Behavior\BuildLiteBehavior [ RunTime:0.000000s ]
INFO: [ app_init ] --END-- [ RunTime:0.000000s ]
INFO: [ app_begin ] --START--
INFO: Run Behavior\ReadHtmlCacheBehavior [ RunTime:0.000000s ]
INFO: [ app_begin ] --END-- [ RunTime:0.001000s ]
SQL: SHOW COLUMNS FROM `zk_user` [ RunTime:0.0040s ]
SQL: SELECT * FROM `zk_user` WHERE `openid` = 'oUpv60E98MOGnr9Z9Ele1UYroiLQ' LIMIT 1   [ RunTime:0.0000s ]
SQL: SHOW COLUMNS FROM `zk_session` [ RunTime:0.0030s ]
SQL: SELECT * FROM `zk_session` WHERE `openid` = 'oUpv60E98MOGnr9Z9Ele1UYroiLQ' LIMIT 1   [ RunTime:0.0010s ]
SQL: UPDATE `zk_session` SET `session_key`='rLuBwUFZlBx+4KScByeG4Q==',`skey`='4415dcd6edcec7ab14d1ee5d7bbd53c1',`last_visit_time`='1502505992' WHERE `openid` = 'oUpv60E98MOGnr9Z9Ele1UYroiLQ' [ RunTime:0.1350s ]
SQL: SELECT * FROM `zk_session` WHERE `openid` = 'oUpv60E98MOGnr9Z9Ele1UYroiLQ' LIMIT 1   [ RunTime:0.0010s ]

[ 2017-08-12T10:47:32+08:00 ] 192.168.100.252 /index.php?m=home&c=login&a=check3rdSession
INFO: [ app_init ] --START--
INFO: Run Behavior\BuildLiteBehavior [ RunTime:0.000000s ]
INFO: [ app_init ] --END-- [ RunTime:0.000000s ]
INFO: [ app_begin ] --START--
INFO: Run Behavior\ReadHtmlCacheBehavior [ RunTime:0.001000s ]
INFO: [ app_begin ] --END-- [ RunTime:0.001000s ]
SQL: SHOW COLUMNS FROM `zk_session` [ RunTime:0.0020s ]
SQL: SELECT * FROM `zk_session` WHERE `skey` = 'bfd0b7eb3f20240c2ba136fae3f7a74e' LIMIT 1   [ RunTime:0.0000s ]

[ 2017-08-12T10:47:33+08:00 ] 192.168.100.252 /index.php?m=home&c=login&a=get3rd_session
INFO: [ app_init ] --START--
INFO: Run Behavior\BuildLiteBehavior [ RunTime:0.000000s ]
INFO: [ app_init ] --END-- [ RunTime:0.000000s ]
INFO: [ app_begin ] --START--
INFO: Run Behavior\ReadHtmlCacheBehavior [ RunTime:0.000000s ]
INFO: [ app_begin ] --END-- [ RunTime:0.000000s ]
SQL: SHOW COLUMNS FROM `zk_user` [ RunTime:0.0030s ]
SQL: SELECT * FROM `zk_user` WHERE `openid` = 'oUpv60E98MOGnr9Z9Ele1UYroiLQ' LIMIT 1   [ RunTime:0.0000s ]
SQL: SHOW COLUMNS FROM `zk_session` [ RunTime:0.0020s ]
SQL: SELECT * FROM `zk_session` WHERE `openid` = 'oUpv60E98MOGnr9Z9Ele1UYroiLQ' LIMIT 1   [ RunTime:0.0010s ]
SQL: UPDATE `zk_session` SET `session_key`='rLuBwUFZlBx+4KScByeG4Q==',`skey`='6da193371cd9225179b562e91980a4b0',`last_visit_time`='1502506053' WHERE `openid` = 'oUpv60E98MOGnr9Z9Ele1UYroiLQ' [ RunTime:0.3300s ]
SQL: SELECT * FROM `zk_session` WHERE `openid` = 'oUpv60E98MOGnr9Z9Ele1UYroiLQ' LIMIT 1   [ RunTime:0.0000s ]

[ 2017-08-12T10:50:08+08:00 ] 192.168.100.252 /index.php?m=home&c=login&a=check3rdSession
INFO: [ app_init ] --START--
INFO: Run Behavior\BuildLiteBehavior [ RunTime:0.000000s ]
INFO: [ app_init ] --END-- [ RunTime:0.000000s ]
INFO: [ app_begin ] --START--
INFO: Run Behavior\ReadHtmlCacheBehavior [ RunTime:0.000000s ]
INFO: [ app_begin ] --END-- [ RunTime:0.000000s ]
SQL: SHOW COLUMNS FROM `zk_session` [ RunTime:0.0030s ]
SQL: SELECT * FROM `zk_session` WHERE `skey` = '6da193371cd9225179b562e91980a4b0' LIMIT 1   [ RunTime:0.0000s ]

[ 2017-08-12T10:50:24+08:00 ] 192.168.100.252 /index.php?m=home&c=login&a=check3rdSession
INFO: [ app_init ] --START--
INFO: Run Behavior\BuildLiteBehavior [ RunTime:0.000000s ]
INFO: [ app_init ] --END-- [ RunTime:0.001000s ]
INFO: [ app_begin ] --START--
INFO: Run Behavior\ReadHtmlCacheBehavior [ RunTime:0.001000s ]
INFO: [ app_begin ] --END-- [ RunTime:0.001000s ]
SQL: SHOW COLUMNS FROM `zk_session` [ RunTime:0.0020s ]
SQL: SELECT * FROM `zk_session` WHERE `skey` = '6da193371cd9225179b562e91980a4b0' LIMIT 1   [ RunTime:0.0000s ]

[ 2017-08-12T10:51:28+08:00 ] 192.168.100.252 /index.php?m=home&c=login&a=check3rdSession
INFO: [ app_init ] --START--
INFO: Run Behavior\BuildLiteBehavior [ RunTime:0.000000s ]
INFO: [ app_init ] --END-- [ RunTime:0.000000s ]
INFO: [ app_begin ] --START--
INFO: Run Behavior\ReadHtmlCacheBehavior [ RunTime:0.001000s ]
INFO: [ app_begin ] --END-- [ RunTime:0.001000s ]
SQL: SHOW COLUMNS FROM `zk_session` [ RunTime:0.0030s ]
SQL: SELECT * FROM `zk_session` WHERE `skey` = '6da193371cd9225179b562e91980a4b0' LIMIT 1   [ RunTime:0.0010s ]

[ 2017-08-12T10:51:57+08:00 ] 192.168.100.252 /index.php?m=home&c=login&a=check3rdSession
INFO: [ app_init ] --START--
INFO: Run Behavior\BuildLiteBehavior [ RunTime:0.000000s ]
INFO: [ app_init ] --END-- [ RunTime:0.001000s ]
INFO: [ app_begin ] --START--
INFO: Run Behavior\ReadHtmlCacheBehavior [ RunTime:0.000000s ]
INFO: [ app_begin ] --END-- [ RunTime:0.000000s ]
SQL: SHOW COLUMNS FROM `zk_session` [ RunTime:0.0020s ]
SQL: SELECT * FROM `zk_session` WHERE `skey` = '6da193371cd9225179b562e91980a4b0' LIMIT 1   [ RunTime:0.0010s ]

[ 2017-08-12T10:53:46+08:00 ] 192.168.100.252 /index.php?m=home&c=login&a=check3rdSession
INFO: [ app_init ] --START--
INFO: Run Behavior\BuildLiteBehavior [ RunTime:0.000000s ]
INFO: [ app_init ] --END-- [ RunTime:0.000000s ]
INFO: [ app_begin ] --START--
INFO: Run Behavior\ReadHtmlCacheBehavior [ RunTime:0.000000s ]
INFO: [ app_begin ] --END-- [ RunTime:0.000000s ]
SQL: SHOW COLUMNS FROM `zk_session` [ RunTime:0.0020s ]
SQL: SELECT * FROM `zk_session` WHERE `skey` = '6da193371cd9225179b562e91980a4b0' LIMIT 1   [ RunTime:0.0000s ]

[ 2017-08-12T10:53:55+08:00 ] 192.168.100.252 /index.php?m=home&c=login&a=check3rdSession
INFO: [ app_init ] --START--
INFO: Run Behavior\BuildLiteBehavior [ RunTime:0.000000s ]
INFO: [ app_init ] --END-- [ RunTime:0.001000s ]
INFO: [ app_begin ] --START--
INFO: Run Behavior\ReadHtmlCacheBehavior [ RunTime:0.000000s ]
INFO: [ app_begin ] --END-- [ RunTime:0.000000s ]
SQL: SHOW COLUMNS FROM `zk_session` [ RunTime:0.0040s ]
SQL: SELECT * FROM `zk_session` WHERE `skey` = '6da193371cd9225179b562e91980a4b0' LIMIT 1   [ RunTime:0.0000s ]

[ 2017-08-12T10:54:52+08:00 ] 192.168.100.252 /index.php?m=home&c=login&a=check3rdSession
INFO: [ app_init ] --START--
INFO: Run Behavior\BuildLiteBehavior [ RunTime:0.000000s ]
INFO: [ app_init ] --END-- [ RunTime:0.000000s ]
INFO: [ app_begin ] --START--
INFO: Run Behavior\ReadHtmlCacheBehavior [ RunTime:0.001000s ]
INFO: [ app_begin ] --END-- [ RunTime:0.001000s ]
SQL: SHOW COLUMNS FROM `zk_session` [ RunTime:0.0020s ]
SQL: SELECT * FROM `zk_session` WHERE `skey` = '6da193371cd9225179b562e91980a4b0' LIMIT 1   [ RunTime:0.0000s ]

[ 2017-08-12T10:56:01+08:00 ] 192.168.100.252 /index.php?m=home&c=login&a=check3rdSession
INFO: [ app_init ] --START--
INFO: Run Behavior\BuildLiteBehavior [ RunTime:0.000000s ]
INFO: [ app_init ] --END-- [ RunTime:0.001000s ]
INFO: [ app_begin ] --START--
INFO: Run Behavior\ReadHtmlCacheBehavior [ RunTime:0.001000s ]
INFO: [ app_begin ] --END-- [ RunTime:0.001000s ]
SQL: SHOW COLUMNS FROM `zk_session` [ RunTime:0.0020s ]
SQL: SELECT * FROM `zk_session` WHERE `skey` = '6da193371cd9225179b562e91980a4b0' LIMIT 1   [ RunTime:0.0000s ]

[ 2017-08-12T10:56:13+08:00 ] 192.168.100.252 /index.php?m=home&c=login&a=check3rdSession
INFO: [ app_init ] --START--
INFO: Run Behavior\BuildLiteBehavior [ RunTime:0.000000s ]
INFO: [ app_init ] --END-- [ RunTime:0.001000s ]
INFO: [ app_begin ] --START--
INFO: Run Behavior\ReadHtmlCacheBehavior [ RunTime:0.001000s ]
INFO: [ app_begin ] --END-- [ RunTime:0.001000s ]
SQL: SHOW COLUMNS FROM `zk_session` [ RunTime:0.0030s ]
SQL: SELECT * FROM `zk_session` WHERE `skey` = '6da193371cd9225179b562e91980a4b0' LIMIT 1   [ RunTime:0.0000s ]

[ 2017-08-12T10:56:43+08:00 ] 192.168.103.228 /index.php?m=home&c=login&a=check3rdSession
INFO: [ app_init ] --START--
INFO: Run Behavior\BuildLiteBehavior [ RunTime:0.000000s ]
INFO: [ app_init ] --END-- [ RunTime:0.001000s ]
INFO: [ app_begin ] --START--
INFO: Run Behavior\ReadHtmlCacheBehavior [ RunTime:0.001000s ]
INFO: [ app_begin ] --END-- [ RunTime:0.001000s ]
SQL: SHOW COLUMNS FROM `zk_session` [ RunTime:0.0030s ]
SQL: SELECT * FROM `zk_session` WHERE `skey` = '4415dcd6edcec7ab14d1ee5d7bbd53c1' LIMIT 1   [ RunTime:0.0000s ]

[ 2017-08-12T10:56:44+08:00 ] 192.168.103.228 /index.php?m=home&c=login&a=get3rd_session
INFO: [ app_init ] --START--
INFO: Run Behavior\BuildLiteBehavior [ RunTime:0.000000s ]
INFO: [ app_init ] --END-- [ RunTime:0.001000s ]
INFO: [ app_begin ] --START--
INFO: Run Behavior\ReadHtmlCacheBehavior [ RunTime:0.000000s ]
INFO: [ app_begin ] --END-- [ RunTime:0.000000s ]
SQL: SHOW COLUMNS FROM `zk_user` [ RunTime:0.0050s ]
SQL: SELECT * FROM `zk_user` WHERE `openid` = 'oUpv60E98MOGnr9Z9Ele1UYroiLQ' LIMIT 1   [ RunTime:0.0000s ]
SQL: SHOW COLUMNS FROM `zk_session` [ RunTime:0.0050s ]
SQL: SELECT * FROM `zk_session` WHERE `openid` = 'oUpv60E98MOGnr9Z9Ele1UYroiLQ' LIMIT 1   [ RunTime:0.0000s ]
SQL: UPDATE `zk_session` SET `session_key`='UyHXcYFX8/s3sXothFb3cg==',`skey`='004b039a1bfb4898e2e05d023c3c6dc4',`last_visit_time`='1502506603' WHERE `openid` = 'oUpv60E98MOGnr9Z9Ele1UYroiLQ' [ RunTime:0.2850s ]
SQL: SELECT * FROM `zk_session` WHERE `openid` = 'oUpv60E98MOGnr9Z9Ele1UYroiLQ' LIMIT 1   [ RunTime:0.0010s ]

[ 2017-08-12T11:16:00+08:00 ] 192.168.100.252 /index.php?m=home&c=login&a=check3rdSession
INFO: [ app_init ] --START--
INFO: Run Behavior\BuildLiteBehavior [ RunTime:0.000000s ]
INFO: [ app_init ] --END-- [ RunTime:0.001000s ]
INFO: [ app_begin ] --START--
INFO: Run Behavior\ReadHtmlCacheBehavior [ RunTime:0.000000s ]
INFO: [ app_begin ] --END-- [ RunTime:0.000000s ]
SQL: SHOW COLUMNS FROM `zk_session` [ RunTime:0.0030s ]
SQL: SELECT * FROM `zk_session` WHERE `skey` = '6da193371cd9225179b562e91980a4b0' LIMIT 1   [ RunTime:0.0000s ]

[ 2017-08-12T11:16:01+08:00 ] 192.168.100.252 /index.php?m=home&c=login&a=get3rd_session
INFO: [ app_init ] --START--
INFO: Run Behavior\BuildLiteBehavior [ RunTime:0.000000s ]
INFO: [ app_init ] --END-- [ RunTime:0.001001s ]
INFO: [ app_begin ] --START--
INFO: Run Behavior\ReadHtmlCacheBehavior [ RunTime:0.001000s ]
INFO: [ app_begin ] --END-- [ RunTime:0.001000s ]
SQL: SHOW COLUMNS FROM `zk_user` [ RunTime:0.0020s ]
SQL: SELECT * FROM `zk_user` WHERE `openid` = 'oUpv60E98MOGnr9Z9Ele1UYroiLQ' LIMIT 1   [ RunTime:0.0000s ]
SQL: SHOW COLUMNS FROM `zk_session` [ RunTime:0.0020s ]
SQL: SELECT * FROM `zk_session` WHERE `openid` = 'oUpv60E98MOGnr9Z9Ele1UYroiLQ' LIMIT 1   [ RunTime:0.0000s ]
SQL: UPDATE `zk_session` SET `session_key`='fGMisqCTKSR0qgC2ebYGoA==',`skey`='d240d1ff360f57cb62286b597b9e19fa',`last_visit_time`='1502507760' WHERE `openid` = 'oUpv60E98MOGnr9Z9Ele1UYroiLQ' [ RunTime:0.1980s ]
SQL: SELECT * FROM `zk_session` WHERE `openid` = 'oUpv60E98MOGnr9Z9Ele1UYroiLQ' LIMIT 1   [ RunTime:0.0000s ]

[ 2017-08-12T11:16:16+08:00 ] 192.168.100.252 /index.php?m=home&c=login&a=check3rdSession
INFO: [ app_init ] --START--
INFO: Run Behavior\BuildLiteBehavior [ RunTime:0.000000s ]
INFO: [ app_init ] --END-- [ RunTime:0.000000s ]
INFO: [ app_begin ] --START--
INFO: Run Behavior\ReadHtmlCacheBehavior [ RunTime:0.000000s ]
INFO: [ app_begin ] --END-- [ RunTime:0.000000s ]
SQL: SHOW COLUMNS FROM `zk_session` [ RunTime:0.0030s ]
SQL: SELECT * FROM `zk_session` WHERE `skey` = 'd240d1ff360f57cb62286b597b9e19fa' LIMIT 1   [ RunTime:0.0000s ]

[ 2017-08-12T11:17:37+08:00 ] 192.168.100.252 /index.php?m=home&c=login&a=check3rdSession
INFO: [ app_init ] --START--
INFO: Run Behavior\BuildLiteBehavior [ RunTime:0.000000s ]
INFO: [ app_init ] --END-- [ RunTime:0.000000s ]
INFO: [ app_begin ] --START--
INFO: Run Behavior\ReadHtmlCacheBehavior [ RunTime:0.001000s ]
INFO: [ app_begin ] --END-- [ RunTime:0.001000s ]
SQL: SHOW COLUMNS FROM `zk_session` [ RunTime:0.0020s ]
SQL: SELECT * FROM `zk_session` WHERE `skey` = 'd240d1ff360f57cb62286b597b9e19fa' LIMIT 1   [ RunTime:0.0000s ]

[ 2017-08-12T11:18:01+08:00 ] 192.168.100.252 /index.php?m=home&c=login&a=check3rdSession
INFO: [ app_init ] --START--
INFO: Run Behavior\BuildLiteBehavior [ RunTime:0.000000s ]
INFO: [ app_init ] --END-- [ RunTime:0.000000s ]
INFO: [ app_begin ] --START--
INFO: Run Behavior\ReadHtmlCacheBehavior [ RunTime:0.001000s ]
INFO: [ app_begin ] --END-- [ RunTime:0.001000s ]
SQL: SHOW COLUMNS FROM `zk_session` [ RunTime:0.0020s ]
SQL: SELECT * FROM `zk_session` WHERE `skey` = 'd240d1ff360f57cb62286b597b9e19fa' LIMIT 1   [ RunTime:0.0000s ]

