[ 2017-07-28T09:18:55+08:00 ] 192.168.100.252 /index.php?m=home&c=login&a=checksession
INFO: [ app_init ] --START--
INFO: Run Behavior\BuildLiteBehavior [ RunTime:0.000000s ]
INFO: [ app_init ] --END-- [ RunTime:0.000000s ]
INFO: [ app_begin ] --START--
INFO: Run Behavior\ReadHtmlCacheBehavior [ RunTime:0.000000s ]
INFO: [ app_begin ] --END-- [ RunTime:0.000000s ]
SQL: SHOW COLUMNS FROM `zk_session` [ RunTime:0.0020s ]
SQL: SELECT * FROM `zk_session` WHERE `skey` = '05536d1653d74025ba85d982aebb5b81' LIMIT 1   [ RunTime:0.0000s ]

[ 2017-07-28T09:18:55+08:00 ] 192.168.100.252 /index.php?m=home&c=login&a=index
INFO: [ app_init ] --START--
INFO: Run Behavior\BuildLiteBehavior [ RunTime:0.000000s ]
INFO: [ app_init ] --END-- [ RunTime:0.001000s ]
INFO: [ app_begin ] --START--
INFO: Run Behavior\ReadHtmlCacheBehavior [ RunTime:0.001000s ]
INFO: [ app_begin ] --END-- [ RunTime:0.001000s ]
SQL: SHOW COLUMNS FROM `zk_user` [ RunTime:0.0010s ]
SQL: SELECT * FROM `zk_user` WHERE `openid` = 'oUpv60E98MOGnr9Z9Ele1UYroiLQ' LIMIT 1   [ RunTime:0.0000s ]
SQL: SHOW COLUMNS FROM `zk_session` [ RunTime:0.0020s ]
SQL: UPDATE `zk_session` SET `session_key`='tHwZqDAJPPucWeIE5AdCoQ==',`skey`='ce1f0ef16a1a9080218c8c4f12c1924a',`last_visit_time`='1501204735' [ RunTime:0.0500s ]

[ 2017-07-28T09:18:59+08:00 ] 192.168.100.252 /index.php?m=home&c=login&a=checksession
INFO: [ app_init ] --START--
INFO: Run Behavior\BuildLiteBehavior [ RunTime:0.000000s ]
INFO: [ app_init ] --END-- [ RunTime:0.000000s ]
INFO: [ app_begin ] --START--
INFO: Run Behavior\ReadHtmlCacheBehavior [ RunTime:0.000000s ]
INFO: [ app_begin ] --END-- [ RunTime:0.000000s ]
SQL: SHOW COLUMNS FROM `zk_session` [ RunTime:0.0020s ]
SQL: SELECT * FROM `zk_session` WHERE `skey` = 'ce1f0ef16a1a9080218c8c4f12c1924a' LIMIT 1   [ RunTime:0.0000s ]

[ 2017-07-28T09:26:51+08:00 ] 192.168.101.16 /index.php?m=home&c=login&a=checksession
INFO: [ app_init ] --START--
INFO: Run Behavior\BuildLiteBehavior [ RunTime:0.000000s ]
INFO: [ app_init ] --END-- [ RunTime:0.001000s ]
INFO: [ app_begin ] --START--
INFO: Run Behavior\ReadHtmlCacheBehavior [ RunTime:0.001000s ]
INFO: [ app_begin ] --END-- [ RunTime:0.001000s ]
SQL: SHOW COLUMNS FROM `zk_session` [ RunTime:0.0030s ]
SQL: SELECT * FROM `zk_session` WHERE `skey` = '9c8c81435b66cc42793a734ea5d189d1' LIMIT 1   [ RunTime:0.0000s ]

[ 2017-07-28T09:26:51+08:00 ] 192.168.101.16 /index.php?m=home&c=login&a=index
INFO: [ app_init ] --START--
INFO: Run Behavior\BuildLiteBehavior [ RunTime:0.000000s ]
INFO: [ app_init ] --END-- [ RunTime:0.000000s ]
INFO: [ app_begin ] --START--
INFO: Run Behavior\ReadHtmlCacheBehavior [ RunTime:0.001000s ]
INFO: [ app_begin ] --END-- [ RunTime:0.001000s ]
SQL: SHOW COLUMNS FROM `zk_user` [ RunTime:0.0050s ]
SQL: SELECT * FROM `zk_user` WHERE `openid` = 'oUpv60P1jYIMF2DYDyZJ6w3xW5VA' LIMIT 1   [ RunTime:0.0000s ]
SQL: SHOW COLUMNS FROM `zk_session` [ RunTime:0.0030s ]
SQL: UPDATE `zk_session` SET `session_key`='eGR4+eaXpHbsshCq1mBeew==',`skey`='53c0eaf41df80f8e98ede86b8c4157ae',`last_visit_time`='1501205211' [ RunTime:0.0470s ]

[ 2017-07-28T09:35:59+08:00 ] 192.168.100.252 /index.php?m=home&c=login&a=checksession
INFO: [ app_init ] --START--
INFO: Run Behavior\BuildLiteBehavior [ RunTime:0.000000s ]
INFO: [ app_init ] --END-- [ RunTime:0.000000s ]
INFO: [ app_begin ] --START--
INFO: Run Behavior\ReadHtmlCacheBehavior [ RunTime:0.000000s ]
INFO: [ app_begin ] --END-- [ RunTime:0.000000s ]
SQL: SHOW COLUMNS FROM `zk_session` [ RunTime:0.0020s ]
SQL: SELECT * FROM `zk_session` WHERE `skey` = 'ce1f0ef16a1a9080218c8c4f12c1924a' LIMIT 1   [ RunTime:0.0000s ]

[ 2017-07-28T09:36:00+08:00 ] 192.168.100.252 /index.php?m=home&c=login&a=index
INFO: [ app_init ] --START--
INFO: Run Behavior\BuildLiteBehavior [ RunTime:0.000000s ]
INFO: [ app_init ] --END-- [ RunTime:0.000000s ]
INFO: [ app_begin ] --START--
INFO: Run Behavior\ReadHtmlCacheBehavior [ RunTime:0.000000s ]
INFO: [ app_begin ] --END-- [ RunTime:0.000000s ]
SQL: SHOW COLUMNS FROM `zk_user` [ RunTime:0.0020s ]
SQL: SELECT * FROM `zk_user` WHERE `openid` = 'oUpv60E98MOGnr9Z9Ele1UYroiLQ' LIMIT 1   [ RunTime:0.0000s ]
SQL: SHOW COLUMNS FROM `zk_session` [ RunTime:0.0010s ]
SQL: UPDATE `zk_session` SET `session_key`='siSjbReuBs2ZHZWni3MRig==',`skey`='aff86c12c5641c380efbe2e82fcf1922',`last_visit_time`='1501205760' [ RunTime:0.0400s ]

[ 2017-07-28T09:36:01+08:00 ] 192.168.100.252 /index.php?m=home&c=login&a=getUserInfo
INFO: [ app_init ] --START--
INFO: Run Behavior\BuildLiteBehavior [ RunTime:0.000000s ]
INFO: [ app_init ] --END-- [ RunTime:0.001000s ]
INFO: [ app_begin ] --START--
INFO: Run Behavior\ReadHtmlCacheBehavior [ RunTime:0.000000s ]
INFO: [ app_begin ] --END-- [ RunTime:0.000000s ]
SQL: SHOW COLUMNS FROM `zk_session` [ RunTime:0.0040s ]
SQL: SELECT * FROM `zk_session` WHERE `skey` = 'aff86c12c5641c380efbe2e82fcf1922' LIMIT 1   [ RunTime:0.0010s ]
SQL: SHOW COLUMNS FROM `zk_rank` [ RunTime:0.0040s ]
SQL: SELECT * FROM `zk_rank` WHERE `openid` = 'oUpv60E98MOGnr9Z9Ele1UYroiLQ' LIMIT 1   [ RunTime:0.0000s ]

[ 2017-07-28T09:36:04+08:00 ] 192.168.100.252 /index.php?m=home&c=login&a=checksession
INFO: [ app_init ] --START--
INFO: Run Behavior\BuildLiteBehavior [ RunTime:0.000000s ]
INFO: [ app_init ] --END-- [ RunTime:0.000000s ]
INFO: [ app_begin ] --START--
INFO: Run Behavior\ReadHtmlCacheBehavior [ RunTime:0.000000s ]
INFO: [ app_begin ] --END-- [ RunTime:0.000000s ]
SQL: SHOW COLUMNS FROM `zk_session` [ RunTime:0.0010s ]
SQL: SELECT * FROM `zk_session` WHERE `skey` = 'aff86c12c5641c380efbe2e82fcf1922' LIMIT 1   [ RunTime:0.0000s ]

[ 2017-07-28T09:36:17+08:00 ] 192.168.100.252 /index.php?m=home&c=login&a=checksession
INFO: [ app_init ] --START--
INFO: Run Behavior\BuildLiteBehavior [ RunTime:0.001000s ]
INFO: [ app_init ] --END-- [ RunTime:0.001000s ]
INFO: [ app_begin ] --START--
INFO: Run Behavior\ReadHtmlCacheBehavior [ RunTime:0.001000s ]
INFO: [ app_begin ] --END-- [ RunTime:0.001000s ]
SQL: SHOW COLUMNS FROM `zk_session` [ RunTime:0.0020s ]
SQL: SELECT * FROM `zk_session` WHERE `skey` = 'aff86c12c5641c380efbe2e82fcf1922' LIMIT 1   [ RunTime:0.0010s ]

[ 2017-07-28T09:36:56+08:00 ] 192.168.100.252 /index.php?m=home&c=login&a=checksession
INFO: [ app_init ] --START--
INFO: Run Behavior\BuildLiteBehavior [ RunTime:0.000000s ]
INFO: [ app_init ] --END-- [ RunTime:0.000000s ]
INFO: [ app_begin ] --START--
INFO: Run Behavior\ReadHtmlCacheBehavior [ RunTime:0.000000s ]
INFO: [ app_begin ] --END-- [ RunTime:0.000000s ]
SQL: SHOW COLUMNS FROM `zk_session` [ RunTime:0.0020s ]
SQL: SELECT * FROM `zk_session` WHERE `skey` = 'aff86c12c5641c380efbe2e82fcf1922' LIMIT 1   [ RunTime:0.0010s ]

[ 2017-07-28T09:46:41+08:00 ] 192.168.100.252 /index.php?m=home&c=login&a=checksession
INFO: [ app_init ] --START--
INFO: Run Behavior\BuildLiteBehavior [ RunTime:0.000000s ]
INFO: [ app_init ] --END-- [ RunTime:0.000000s ]
INFO: [ app_begin ] --START--
INFO: Run Behavior\ReadHtmlCacheBehavior [ RunTime:0.000000s ]
INFO: [ app_begin ] --END-- [ RunTime:0.000000s ]
SQL: SHOW COLUMNS FROM `zk_session` [ RunTime:0.0010s ]
SQL: SELECT * FROM `zk_session` WHERE `skey` = 'aff86c12c5641c380efbe2e82fcf1922' LIMIT 1   [ RunTime:0.0000s ]

[ 2017-07-28T09:47:27+08:00 ] 192.168.100.252 /index.php?m=home&c=login&a=checksession
INFO: [ app_init ] --START--
INFO: Run Behavior\BuildLiteBehavior [ RunTime:0.000000s ]
INFO: [ app_init ] --END-- [ RunTime:0.000000s ]
INFO: [ app_begin ] --START--
INFO: Run Behavior\ReadHtmlCacheBehavior [ RunTime:0.001000s ]
INFO: [ app_begin ] --END-- [ RunTime:0.001000s ]
SQL: SHOW COLUMNS FROM `zk_session` [ RunTime:0.0020s ]
SQL: SELECT * FROM `zk_session` WHERE `skey` = 'aff86c12c5641c380efbe2e82fcf1922' LIMIT 1   [ RunTime:0.0010s ]

[ 2017-07-28T09:48:47+08:00 ] 192.168.100.252 /index.php?m=home&c=login&a=checksession
INFO: [ app_init ] --START--
INFO: Run Behavior\BuildLiteBehavior [ RunTime:0.000000s ]
INFO: [ app_init ] --END-- [ RunTime:0.000000s ]
INFO: [ app_begin ] --START--
INFO: Run Behavior\ReadHtmlCacheBehavior [ RunTime:0.000000s ]
INFO: [ app_begin ] --END-- [ RunTime:0.000000s ]
SQL: SHOW COLUMNS FROM `zk_session` [ RunTime:0.0020s ]
SQL: SELECT * FROM `zk_session` WHERE `skey` = 'aff86c12c5641c380efbe2e82fcf1922' LIMIT 1   [ RunTime:0.0000s ]

[ 2017-07-28T09:49:15+08:00 ] 192.168.100.252 /index.php?m=home&c=login&a=checksession
INFO: [ app_init ] --START--
INFO: Run Behavior\BuildLiteBehavior [ RunTime:0.000000s ]
INFO: [ app_init ] --END-- [ RunTime:0.000000s ]
INFO: [ app_begin ] --START--
INFO: Run Behavior\ReadHtmlCacheBehavior [ RunTime:0.001000s ]
INFO: [ app_begin ] --END-- [ RunTime:0.001000s ]
SQL: SHOW COLUMNS FROM `zk_session` [ RunTime:0.0020s ]
SQL: SELECT * FROM `zk_session` WHERE `skey` = 'aff86c12c5641c380efbe2e82fcf1922' LIMIT 1   [ RunTime:0.0000s ]

[ 2017-07-28T09:49:40+08:00 ] 192.168.100.252 /index.php?m=home&c=login&a=checksession
INFO: [ app_init ] --START--
INFO: Run Behavior\BuildLiteBehavior [ RunTime:0.000000s ]
INFO: [ app_init ] --END-- [ RunTime:0.000000s ]
INFO: [ app_begin ] --START--
INFO: Run Behavior\ReadHtmlCacheBehavior [ RunTime:0.001000s ]
INFO: [ app_begin ] --END-- [ RunTime:0.001000s ]
SQL: SHOW COLUMNS FROM `zk_session` [ RunTime:0.0020s ]
SQL: SELECT * FROM `zk_session` WHERE `skey` = 'aff86c12c5641c380efbe2e82fcf1922' LIMIT 1   [ RunTime:0.0000s ]

[ 2017-07-28T09:50:13+08:00 ] 192.168.100.252 /index.php?m=home&c=login&a=checksession
INFO: [ app_init ] --START--
INFO: Run Behavior\BuildLiteBehavior [ RunTime:0.000000s ]
INFO: [ app_init ] --END-- [ RunTime:0.000000s ]
INFO: [ app_begin ] --START--
INFO: Run Behavior\ReadHtmlCacheBehavior [ RunTime:0.000000s ]
INFO: [ app_begin ] --END-- [ RunTime:0.000000s ]
SQL: SHOW COLUMNS FROM `zk_session` [ RunTime:0.0010s ]
SQL: SELECT * FROM `zk_session` WHERE `skey` = 'aff86c12c5641c380efbe2e82fcf1922' LIMIT 1   [ RunTime:0.0000s ]

[ 2017-07-28T09:51:36+08:00 ] 192.168.100.252 /index.php?m=home&c=login&a=checksession
INFO: [ app_init ] --START--
INFO: Run Behavior\BuildLiteBehavior [ RunTime:0.000000s ]
INFO: [ app_init ] --END-- [ RunTime:0.000000s ]
INFO: [ app_begin ] --START--
INFO: Run Behavior\ReadHtmlCacheBehavior [ RunTime:0.000000s ]
INFO: [ app_begin ] --END-- [ RunTime:0.000000s ]
SQL: SHOW COLUMNS FROM `zk_session` [ RunTime:0.0020s ]
SQL: SELECT * FROM `zk_session` WHERE `skey` = 'aff86c12c5641c380efbe2e82fcf1922' LIMIT 1   [ RunTime:0.0000s ]

[ 2017-07-28T09:53:09+08:00 ] 192.168.100.252 /index.php?m=home&c=login&a=checksession
INFO: [ app_init ] --START--
INFO: Run Behavior\BuildLiteBehavior [ RunTime:0.000000s ]
INFO: [ app_init ] --END-- [ RunTime:0.000000s ]
INFO: [ app_begin ] --START--
INFO: Run Behavior\ReadHtmlCacheBehavior [ RunTime:0.000000s ]
INFO: [ app_begin ] --END-- [ RunTime:0.000000s ]
SQL: SHOW COLUMNS FROM `zk_session` [ RunTime:0.0020s ]
SQL: SELECT * FROM `zk_session` WHERE `skey` = 'aff86c12c5641c380efbe2e82fcf1922' LIMIT 1   [ RunTime:0.0000s ]

[ 2017-07-28T09:53:56+08:00 ] 192.168.100.252 /index.php?m=home&c=login&a=checksession
INFO: [ app_init ] --START--
INFO: Run Behavior\BuildLiteBehavior [ RunTime:0.000000s ]
INFO: [ app_init ] --END-- [ RunTime:0.001000s ]
INFO: [ app_begin ] --START--
INFO: Run Behavior\ReadHtmlCacheBehavior [ RunTime:0.001000s ]
INFO: [ app_begin ] --END-- [ RunTime:0.001000s ]
SQL: SHOW COLUMNS FROM `zk_session` [ RunTime:0.0020s ]
SQL: SELECT * FROM `zk_session` WHERE `skey` = 'aff86c12c5641c380efbe2e82fcf1922' LIMIT 1   [ RunTime:0.0000s ]

[ 2017-07-28T09:55:06+08:00 ] 192.168.100.252 /index.php?m=home&c=login&a=checksession
INFO: [ app_init ] --START--
INFO: Run Behavior\BuildLiteBehavior [ RunTime:0.000000s ]
INFO: [ app_init ] --END-- [ RunTime:0.000000s ]
INFO: [ app_begin ] --START--
INFO: Run Behavior\ReadHtmlCacheBehavior [ RunTime:0.000000s ]
INFO: [ app_begin ] --END-- [ RunTime:0.000000s ]
SQL: SHOW COLUMNS FROM `zk_session` [ RunTime:0.0020s ]
SQL: SELECT * FROM `zk_session` WHERE `skey` = 'aff86c12c5641c380efbe2e82fcf1922' LIMIT 1   [ RunTime:0.0000s ]

[ 2017-07-28T09:56:10+08:00 ] 192.168.100.252 /index.php?m=home&c=login&a=checksession
INFO: [ app_init ] --START--
INFO: Run Behavior\BuildLiteBehavior [ RunTime:0.000000s ]
INFO: [ app_init ] --END-- [ RunTime:0.000000s ]
INFO: [ app_begin ] --START--
INFO: Run Behavior\ReadHtmlCacheBehavior [ RunTime:0.000000s ]
INFO: [ app_begin ] --END-- [ RunTime:0.000000s ]
SQL: SHOW COLUMNS FROM `zk_session` [ RunTime:0.0010s ]
SQL: SELECT * FROM `zk_session` WHERE `skey` = 'aff86c12c5641c380efbe2e82fcf1922' LIMIT 1   [ RunTime:0.0010s ]

[ 2017-07-28T09:56:41+08:00 ] 192.168.100.252 /index.php?m=home&c=login&a=checksession
INFO: [ app_init ] --START--
INFO: Run Behavior\BuildLiteBehavior [ RunTime:0.000000s ]
INFO: [ app_init ] --END-- [ RunTime:0.000000s ]
INFO: [ app_begin ] --START--
INFO: Run Behavior\ReadHtmlCacheBehavior [ RunTime:0.000000s ]
INFO: [ app_begin ] --END-- [ RunTime:0.000000s ]
SQL: SHOW COLUMNS FROM `zk_session` [ RunTime:0.0020s ]
SQL: SELECT * FROM `zk_session` WHERE `skey` = 'aff86c12c5641c380efbe2e82fcf1922' LIMIT 1   [ RunTime:0.0000s ]

[ 2017-07-28T09:56:57+08:00 ] 192.168.100.252 /index.php?m=home&c=login&a=checksession
INFO: [ app_init ] --START--
INFO: Run Behavior\BuildLiteBehavior [ RunTime:0.000000s ]
INFO: [ app_init ] --END-- [ RunTime:0.000000s ]
INFO: [ app_begin ] --START--
INFO: Run Behavior\ReadHtmlCacheBehavior [ RunTime:0.000000s ]
INFO: [ app_begin ] --END-- [ RunTime:0.000000s ]
SQL: SHOW COLUMNS FROM `zk_session` [ RunTime:0.0010s ]
SQL: SELECT * FROM `zk_session` WHERE `skey` = 'aff86c12c5641c380efbe2e82fcf1922' LIMIT 1   [ RunTime:0.0010s ]

[ 2017-07-28T09:57:49+08:00 ] 192.168.100.252 /index.php?m=home&c=login&a=checksession
INFO: [ app_init ] --START--
INFO: Run Behavior\BuildLiteBehavior [ RunTime:0.000000s ]
INFO: [ app_init ] --END-- [ RunTime:0.000000s ]
INFO: [ app_begin ] --START--
INFO: Run Behavior\ReadHtmlCacheBehavior [ RunTime:0.000000s ]
INFO: [ app_begin ] --END-- [ RunTime:0.000000s ]
SQL: SHOW COLUMNS FROM `zk_session` [ RunTime:0.0020s ]
SQL: SELECT * FROM `zk_session` WHERE `skey` = 'aff86c12c5641c380efbe2e82fcf1922' LIMIT 1   [ RunTime:0.0000s ]

[ 2017-07-28T09:59:08+08:00 ] 192.168.100.252 /index.php?m=home&c=login&a=checksession
INFO: [ app_init ] --START--
INFO: Run Behavior\BuildLiteBehavior [ RunTime:0.000000s ]
INFO: [ app_init ] --END-- [ RunTime:0.000000s ]
INFO: [ app_begin ] --START--
INFO: Run Behavior\ReadHtmlCacheBehavior [ RunTime:0.000000s ]
INFO: [ app_begin ] --END-- [ RunTime:0.000000s ]
SQL: SHOW COLUMNS FROM `zk_session` [ RunTime:0.0020s ]
SQL: SELECT * FROM `zk_session` WHERE `skey` = 'aff86c12c5641c380efbe2e82fcf1922' LIMIT 1   [ RunTime:0.0000s ]

[ 2017-07-28T10:09:48+08:00 ] 192.168.100.252 /index.php?m=home&c=login&a=checksession
INFO: [ app_init ] --START--
INFO: Run Behavior\BuildLiteBehavior [ RunTime:0.000000s ]
INFO: [ app_init ] --END-- [ RunTime:0.000000s ]
INFO: [ app_begin ] --START--
INFO: Run Behavior\ReadHtmlCacheBehavior [ RunTime:0.000000s ]
INFO: [ app_begin ] --END-- [ RunTime:0.000000s ]
SQL: SHOW COLUMNS FROM `zk_session` [ RunTime:0.0010s ]
SQL: SELECT * FROM `zk_session` WHERE `skey` = 'aff86c12c5641c380efbe2e82fcf1922' LIMIT 1   [ RunTime:0.0000s ]

[ 2017-07-28T10:13:35+08:00 ] 192.168.100.252 /index.php?m=home&c=login&a=checksession
INFO: [ app_init ] --START--
INFO: Run Behavior\BuildLiteBehavior [ RunTime:0.000000s ]
INFO: [ app_init ] --END-- [ RunTime:0.000000s ]
INFO: [ app_begin ] --START--
INFO: Run Behavior\ReadHtmlCacheBehavior [ RunTime:0.000000s ]
INFO: [ app_begin ] --END-- [ RunTime:0.000000s ]
SQL: SHOW COLUMNS FROM `zk_session` [ RunTime:0.0020s ]
SQL: SELECT * FROM `zk_session` WHERE `skey` = 'aff86c12c5641c380efbe2e82fcf1922' LIMIT 1   [ RunTime:0.0000s ]

[ 2017-07-28T10:23:15+08:00 ] 192.168.100.252 /index.php?m=home&c=login&a=checksession
INFO: [ app_init ] --START--
INFO: Run Behavior\BuildLiteBehavior [ RunTime:0.000000s ]
INFO: [ app_init ] --END-- [ RunTime:0.001000s ]
INFO: [ app_begin ] --START--
INFO: Run Behavior\ReadHtmlCacheBehavior [ RunTime:0.001000s ]
INFO: [ app_begin ] --END-- [ RunTime:0.001000s ]
SQL: SHOW COLUMNS FROM `zk_session` [ RunTime:0.0020s ]
SQL: SELECT * FROM `zk_session` WHERE `skey` = 'aff86c12c5641c380efbe2e82fcf1922' LIMIT 1   [ RunTime:0.0000s ]

[ 2017-07-28T10:33:48+08:00 ] 192.168.101.16 /index.php?m=home&c=login&a=checksession
INFO: [ app_init ] --START--
INFO: Run Behavior\BuildLiteBehavior [ RunTime:0.000000s ]
INFO: [ app_init ] --END-- [ RunTime:0.001000s ]
INFO: [ app_begin ] --START--
INFO: Run Behavior\ReadHtmlCacheBehavior [ RunTime:0.001000s ]
INFO: [ app_begin ] --END-- [ RunTime:0.001000s ]
SQL: SHOW COLUMNS FROM `zk_session` [ RunTime:0.0030s ]
SQL: SELECT * FROM `zk_session` WHERE `skey` = '53c0eaf41df80f8e98ede86b8c4157ae' LIMIT 1   [ RunTime:0.0000s ]

[ 2017-07-28T10:33:48+08:00 ] 192.168.101.16 /index.php?m=home&c=login&a=index
INFO: [ app_init ] --START--
INFO: Run Behavior\BuildLiteBehavior [ RunTime:0.000000s ]
INFO: [ app_init ] --END-- [ RunTime:0.001000s ]
INFO: [ app_begin ] --START--
INFO: Run Behavior\ReadHtmlCacheBehavior [ RunTime:0.001000s ]
INFO: [ app_begin ] --END-- [ RunTime:0.001000s ]
SQL: SHOW COLUMNS FROM `zk_user` [ RunTime:0.0020s ]
SQL: SELECT * FROM `zk_user` WHERE `openid` = 'oUpv60P1jYIMF2DYDyZJ6w3xW5VA' LIMIT 1   [ RunTime:0.0000s ]
SQL: SHOW COLUMNS FROM `zk_session` [ RunTime:0.0010s ]
SQL: UPDATE `zk_session` SET `session_key`='jsz9fW0nmaixKm070xl9+w==',`skey`='1389e506f8f0ec74de3d616521fed2cc',`last_visit_time`='1501209228' [ RunTime:0.0620s ]

[ 2017-07-28T10:34:11+08:00 ] 192.168.101.16 /index.php?m=home&c=login&a=checksession
INFO: [ app_init ] --START--
INFO: Run Behavior\BuildLiteBehavior [ RunTime:0.000000s ]
INFO: [ app_init ] --END-- [ RunTime:0.000000s ]
INFO: [ app_begin ] --START--
INFO: Run Behavior\ReadHtmlCacheBehavior [ RunTime:0.001000s ]
INFO: [ app_begin ] --END-- [ RunTime:0.001000s ]
SQL: SHOW COLUMNS FROM `zk_session` [ RunTime:0.0020s ]
SQL: SELECT * FROM `zk_session` WHERE `skey` = '1389e506f8f0ec74de3d616521fed2cc' LIMIT 1   [ RunTime:0.0000s ]

[ 2017-07-28T10:55:19+08:00 ] 192.168.100.252 /index.php?m=home&c=login&a=checksession
INFO: [ app_init ] --START--
INFO: Run Behavior\BuildLiteBehavior [ RunTime:0.000000s ]
INFO: [ app_init ] --END-- [ RunTime:0.000000s ]
INFO: [ app_begin ] --START--
INFO: Run Behavior\ReadHtmlCacheBehavior [ RunTime:0.001000s ]
INFO: [ app_begin ] --END-- [ RunTime:0.001000s ]
SQL: SHOW COLUMNS FROM `zk_session` [ RunTime:0.0020s ]
SQL: SELECT * FROM `zk_session` WHERE `skey` = 'aff86c12c5641c380efbe2e82fcf1922' LIMIT 1   [ RunTime:0.0000s ]

[ 2017-07-28T10:55:19+08:00 ] 192.168.100.252 /index.php?m=home&c=login&a=index
INFO: [ app_init ] --START--
INFO: Run Behavior\BuildLiteBehavior [ RunTime:0.000000s ]
INFO: [ app_init ] --END-- [ RunTime:0.001000s ]
INFO: [ app_begin ] --START--
INFO: Run Behavior\ReadHtmlCacheBehavior [ RunTime:0.000000s ]
INFO: [ app_begin ] --END-- [ RunTime:0.000000s ]
SQL: SHOW COLUMNS FROM `zk_user` [ RunTime:0.0020s ]
SQL: SELECT * FROM `zk_user` WHERE `openid` = 'oUpv60E98MOGnr9Z9Ele1UYroiLQ' LIMIT 1   [ RunTime:0.0010s ]
SQL: SHOW COLUMNS FROM `zk_session` [ RunTime:0.0020s ]
SQL: UPDATE `zk_session` SET `session_key`='DJnld8nZbwmQpW96ZYCuyg==',`skey`='a8896a6d17301bb62576e576c1812bad',`last_visit_time`='1501210519' [ RunTime:0.0670s ]

[ 2017-07-28T10:55:23+08:00 ] 192.168.100.252 /index.php?m=home&c=login&a=checksession
INFO: [ app_init ] --START--
INFO: Run Behavior\BuildLiteBehavior [ RunTime:0.000000s ]
INFO: [ app_init ] --END-- [ RunTime:0.000000s ]
INFO: [ app_begin ] --START--
INFO: Run Behavior\ReadHtmlCacheBehavior [ RunTime:0.000000s ]
INFO: [ app_begin ] --END-- [ RunTime:0.000000s ]
SQL: SHOW COLUMNS FROM `zk_session` [ RunTime:0.0020s ]
SQL: SELECT * FROM `zk_session` WHERE `skey` = 'a8896a6d17301bb62576e576c1812bad' LIMIT 1   [ RunTime:0.0000s ]

[ 2017-07-28T10:57:04+08:00 ] 192.168.100.252 /index.php?m=home&c=login&a=checksession
INFO: [ app_init ] --START--
INFO: Run Behavior\BuildLiteBehavior [ RunTime:0.000000s ]
INFO: [ app_init ] --END-- [ RunTime:0.000000s ]
INFO: [ app_begin ] --START--
INFO: Run Behavior\ReadHtmlCacheBehavior [ RunTime:0.000000s ]
INFO: [ app_begin ] --END-- [ RunTime:0.000000s ]
SQL: SHOW COLUMNS FROM `zk_session` [ RunTime:0.0010s ]
SQL: SELECT * FROM `zk_session` WHERE `skey` = 'a8896a6d17301bb62576e576c1812bad' LIMIT 1   [ RunTime:0.0000s ]

[ 2017-07-28T10:58:10+08:00 ] 192.168.100.252 /index.php?m=home&c=login&a=checksession
INFO: [ app_init ] --START--
INFO: Run Behavior\BuildLiteBehavior [ RunTime:0.000000s ]
INFO: [ app_init ] --END-- [ RunTime:0.000000s ]
INFO: [ app_begin ] --START--
INFO: Run Behavior\ReadHtmlCacheBehavior [ RunTime:0.000000s ]
INFO: [ app_begin ] --END-- [ RunTime:0.000000s ]
SQL: SHOW COLUMNS FROM `zk_session` [ RunTime:0.0010s ]
SQL: SELECT * FROM `zk_session` WHERE `skey` = 'a8896a6d17301bb62576e576c1812bad' LIMIT 1   [ RunTime:0.0010s ]

[ 2017-07-28T10:58:13+08:00 ] 192.168.100.252 /index.php?m=home&c=login&a=checksession
INFO: [ app_init ] --START--
INFO: Run Behavior\BuildLiteBehavior [ RunTime:0.000000s ]
INFO: [ app_init ] --END-- [ RunTime:0.000000s ]
INFO: [ app_begin ] --START--
INFO: Run Behavior\ReadHtmlCacheBehavior [ RunTime:0.000000s ]
INFO: [ app_begin ] --END-- [ RunTime:0.000000s ]
SQL: SHOW COLUMNS FROM `zk_session` [ RunTime:0.0010s ]
SQL: SELECT * FROM `zk_session` WHERE `skey` = 'a8896a6d17301bb62576e576c1812bad' LIMIT 1   [ RunTime:0.0000s ]

[ 2017-07-28T10:58:59+08:00 ] 192.168.100.252 /index.php?m=home&c=login&a=checksession
INFO: [ app_init ] --START--
INFO: Run Behavior\BuildLiteBehavior [ RunTime:0.000000s ]
INFO: [ app_init ] --END-- [ RunTime:0.001000s ]
INFO: [ app_begin ] --START--
INFO: Run Behavior\ReadHtmlCacheBehavior [ RunTime:0.000000s ]
INFO: [ app_begin ] --END-- [ RunTime:0.000000s ]
SQL: SHOW COLUMNS FROM `zk_session` [ RunTime:0.0010s ]
SQL: SELECT * FROM `zk_session` WHERE `skey` = 'a8896a6d17301bb62576e576c1812bad' LIMIT 1   [ RunTime:0.0000s ]

[ 2017-07-28T10:59:20+08:00 ] 192.168.100.252 /index.php?m=home&c=login&a=checksession
INFO: [ app_init ] --START--
INFO: Run Behavior\BuildLiteBehavior [ RunTime:0.000000s ]
INFO: [ app_init ] --END-- [ RunTime:0.000000s ]
INFO: [ app_begin ] --START--
INFO: Run Behavior\ReadHtmlCacheBehavior [ RunTime:0.000000s ]
INFO: [ app_begin ] --END-- [ RunTime:0.000000s ]
SQL: SHOW COLUMNS FROM `zk_session` [ RunTime:0.0010s ]
SQL: SELECT * FROM `zk_session` WHERE `skey` = 'a8896a6d17301bb62576e576c1812bad' LIMIT 1   [ RunTime:0.0000s ]

[ 2017-07-28T10:59:42+08:00 ] 192.168.101.12 /index.php?m=home&c=login&a=checksession
INFO: [ app_init ] --START--
INFO: Run Behavior\BuildLiteBehavior [ RunTime:0.000000s ]
INFO: [ app_init ] --END-- [ RunTime:0.001000s ]
INFO: [ app_begin ] --START--
INFO: Run Behavior\ReadHtmlCacheBehavior [ RunTime:0.001000s ]
INFO: [ app_begin ] --END-- [ RunTime:0.001000s ]
SQL: SHOW COLUMNS FROM `zk_session` [ RunTime:0.0020s ]
SQL: SELECT * FROM `zk_session` WHERE `skey` = '39ac3315605885bb47990b255014b959' LIMIT 1   [ RunTime:0.0000s ]

[ 2017-07-28T10:59:43+08:00 ] 192.168.101.12 /index.php?m=home&c=login&a=index
INFO: [ app_init ] --START--
INFO: Run Behavior\BuildLiteBehavior [ RunTime:0.000000s ]
INFO: [ app_init ] --END-- [ RunTime:0.000000s ]
INFO: [ app_begin ] --START--
INFO: Run Behavior\ReadHtmlCacheBehavior [ RunTime:0.000000s ]
INFO: [ app_begin ] --END-- [ RunTime:0.000000s ]
SQL: SHOW COLUMNS FROM `zk_user` [ RunTime:0.0030s ]
SQL: SELECT * FROM `zk_user` WHERE `openid` = 'oUpv60HIpXCxcpjddDq5p7ZOPmYQ' LIMIT 1   [ RunTime:0.0000s ]
SQL: SHOW COLUMNS FROM `zk_session` [ RunTime:0.0030s ]
SQL: UPDATE `zk_session` SET `session_key`='JQzGIHbYMwRLEdyNgu04Nw==',`skey`='aa0de6bc7a0f11286db1f1906ec9a33b',`last_visit_time`='1501210783' [ RunTime:0.0950s ]

[ 2017-07-28T10:59:45+08:00 ] 192.168.100.252 /index.php?m=home&c=login&a=checksession
INFO: [ app_init ] --START--
INFO: Run Behavior\BuildLiteBehavior [ RunTime:0.000000s ]
INFO: [ app_init ] --END-- [ RunTime:0.000000s ]
INFO: [ app_begin ] --START--
INFO: Run Behavior\ReadHtmlCacheBehavior [ RunTime:0.000000s ]
INFO: [ app_begin ] --END-- [ RunTime:0.000000s ]
SQL: SHOW COLUMNS FROM `zk_session` [ RunTime:0.0020s ]
SQL: SELECT * FROM `zk_session` WHERE `skey` = 'a8896a6d17301bb62576e576c1812bad' LIMIT 1   [ RunTime:0.0000s ]

[ 2017-07-28T10:59:46+08:00 ] 192.168.100.252 /index.php?m=home&c=login&a=index
INFO: [ app_init ] --START--
INFO: Run Behavior\BuildLiteBehavior [ RunTime:0.000000s ]
INFO: [ app_init ] --END-- [ RunTime:0.000000s ]
INFO: [ app_begin ] --START--
INFO: Run Behavior\ReadHtmlCacheBehavior [ RunTime:0.000000s ]
INFO: [ app_begin ] --END-- [ RunTime:0.000000s ]
SQL: SHOW COLUMNS FROM `zk_user` [ RunTime:0.0020s ]
SQL: SELECT * FROM `zk_user` WHERE `openid` = 'oUpv60E98MOGnr9Z9Ele1UYroiLQ' LIMIT 1   [ RunTime:0.0000s ]
SQL: SHOW COLUMNS FROM `zk_session` [ RunTime:0.0020s ]
SQL: UPDATE `zk_session` SET `session_key`='ObpF+U7SpMPuRyqRWSOMLw==',`skey`='c31b35053ce563a1e3d41b6bcf07d6d0',`last_visit_time`='1501210786' [ RunTime:0.0450s ]

[ 2017-07-28T10:59:56+08:00 ] 192.168.100.252 /index.php?m=home&c=login&a=checksession
INFO: [ app_init ] --START--
INFO: Run Behavior\BuildLiteBehavior [ RunTime:0.000000s ]
INFO: [ app_init ] --END-- [ RunTime:0.000000s ]
INFO: [ app_begin ] --START--
INFO: Run Behavior\ReadHtmlCacheBehavior [ RunTime:0.001000s ]
INFO: [ app_begin ] --END-- [ RunTime:0.001000s ]
SQL: SHOW COLUMNS FROM `zk_session` [ RunTime:0.0020s ]
SQL: SELECT * FROM `zk_session` WHERE `skey` = 'c31b35053ce563a1e3d41b6bcf07d6d0' LIMIT 1   [ RunTime:0.0000s ]

[ 2017-07-28T11:10:28+08:00 ] 192.168.100.252 /index.php?m=home&c=login&a=checksession
INFO: [ app_init ] --START--
INFO: Run Behavior\BuildLiteBehavior [ RunTime:0.000000s ]
INFO: [ app_init ] --END-- [ RunTime:0.000000s ]
INFO: [ app_begin ] --START--
INFO: Run Behavior\ReadHtmlCacheBehavior [ RunTime:0.000000s ]
INFO: [ app_begin ] --END-- [ RunTime:0.000000s ]
SQL: SHOW COLUMNS FROM `zk_session` [ RunTime:0.0010s ]
SQL: SELECT * FROM `zk_session` WHERE `skey` = 'c31b35053ce563a1e3d41b6bcf07d6d0' LIMIT 1   [ RunTime:0.0000s ]

[ 2017-07-28T11:10:48+08:00 ] 192.168.100.252 /index.php?m=home&c=login&a=checksession
INFO: [ app_init ] --START--
INFO: Run Behavior\BuildLiteBehavior [ RunTime:0.000000s ]
INFO: [ app_init ] --END-- [ RunTime:0.001000s ]
INFO: [ app_begin ] --START--
INFO: Run Behavior\ReadHtmlCacheBehavior [ RunTime:0.000000s ]
INFO: [ app_begin ] --END-- [ RunTime:0.000000s ]
SQL: SHOW COLUMNS FROM `zk_session` [ RunTime:0.0010s ]
SQL: SELECT * FROM `zk_session` WHERE `skey` = 'c31b35053ce563a1e3d41b6bcf07d6d0' LIMIT 1   [ RunTime:0.0000s ]

[ 2017-07-28T11:11:02+08:00 ] 192.168.100.252 /index.php?m=home&c=login&a=checksession
INFO: [ app_init ] --START--
INFO: Run Behavior\BuildLiteBehavior [ RunTime:0.000000s ]
INFO: [ app_init ] --END-- [ RunTime:0.000000s ]
INFO: [ app_begin ] --START--
INFO: Run Behavior\ReadHtmlCacheBehavior [ RunTime:0.000000s ]
INFO: [ app_begin ] --END-- [ RunTime:0.000000s ]
SQL: SHOW COLUMNS FROM `zk_session` [ RunTime:0.0020s ]
SQL: SELECT * FROM `zk_session` WHERE `skey` = 'c31b35053ce563a1e3d41b6bcf07d6d0' LIMIT 1   [ RunTime:0.0000s ]

[ 2017-07-28T11:12:06+08:00 ] 192.168.100.252 /index.php?m=home&c=login&a=checksession
INFO: [ app_init ] --START--
INFO: Run Behavior\BuildLiteBehavior [ RunTime:0.000000s ]
INFO: [ app_init ] --END-- [ RunTime:0.001000s ]
INFO: [ app_begin ] --START--
INFO: Run Behavior\ReadHtmlCacheBehavior [ RunTime:0.000000s ]
INFO: [ app_begin ] --END-- [ RunTime:0.000000s ]
SQL: SHOW COLUMNS FROM `zk_session` [ RunTime:0.0010s ]
SQL: SELECT * FROM `zk_session` WHERE `skey` = 'c31b35053ce563a1e3d41b6bcf07d6d0' LIMIT 1   [ RunTime:0.0000s ]

[ 2017-07-28T11:13:41+08:00 ] 192.168.100.252 /index.php?m=home&c=login&a=checksession
INFO: [ app_init ] --START--
INFO: Run Behavior\BuildLiteBehavior [ RunTime:0.000000s ]
INFO: [ app_init ] --END-- [ RunTime:0.000000s ]
INFO: [ app_begin ] --START--
INFO: Run Behavior\ReadHtmlCacheBehavior [ RunTime:0.001000s ]
INFO: [ app_begin ] --END-- [ RunTime:0.001000s ]
SQL: SHOW COLUMNS FROM `zk_session` [ RunTime:0.0020s ]
SQL: SELECT * FROM `zk_session` WHERE `skey` = 'c31b35053ce563a1e3d41b6bcf07d6d0' LIMIT 1   [ RunTime:0.0000s ]

[ 2017-07-28T11:14:14+08:00 ] 192.168.100.252 /index.php?m=home&c=login&a=checksession
INFO: [ app_init ] --START--
INFO: Run Behavior\BuildLiteBehavior [ RunTime:0.000000s ]
INFO: [ app_init ] --END-- [ RunTime:0.000000s ]
INFO: [ app_begin ] --START--
INFO: Run Behavior\ReadHtmlCacheBehavior [ RunTime:0.000000s ]
INFO: [ app_begin ] --END-- [ RunTime:0.000000s ]
SQL: SHOW COLUMNS FROM `zk_session` [ RunTime:0.0010s ]
SQL: SELECT * FROM `zk_session` WHERE `skey` = 'c31b35053ce563a1e3d41b6bcf07d6d0' LIMIT 1   [ RunTime:0.0000s ]

[ 2017-07-28T11:15:15+08:00 ] 192.168.100.252 /index.php?m=home&c=login&a=checksession
INFO: [ app_init ] --START--
INFO: Run Behavior\BuildLiteBehavior [ RunTime:0.000000s ]
INFO: [ app_init ] --END-- [ RunTime:0.000000s ]
INFO: [ app_begin ] --START--
INFO: Run Behavior\ReadHtmlCacheBehavior [ RunTime:0.000000s ]
INFO: [ app_begin ] --END-- [ RunTime:0.000000s ]
SQL: SHOW COLUMNS FROM `zk_session` [ RunTime:0.0020s ]
SQL: SELECT * FROM `zk_session` WHERE `skey` = 'c31b35053ce563a1e3d41b6bcf07d6d0' LIMIT 1   [ RunTime:0.0000s ]

[ 2017-07-28T11:33:22+08:00 ] 192.168.100.252 /index.php?m=home&c=login&a=checksession
INFO: [ app_init ] --START--
INFO: Run Behavior\BuildLiteBehavior [ RunTime:0.000000s ]
INFO: [ app_init ] --END-- [ RunTime:0.000000s ]
INFO: [ app_begin ] --START--
INFO: Run Behavior\ReadHtmlCacheBehavior [ RunTime:0.001000s ]
INFO: [ app_begin ] --END-- [ RunTime:0.001000s ]
SQL: SHOW COLUMNS FROM `zk_session` [ RunTime:0.0010s ]
SQL: SELECT * FROM `zk_session` WHERE `skey` = 'c31b35053ce563a1e3d41b6bcf07d6d0' LIMIT 1   [ RunTime:0.0000s ]

[ 2017-07-28T13:25:11+08:00 ] 192.168.100.252 /index.php?m=home&c=login&a=checksession
INFO: [ app_init ] --START--
INFO: Run Behavior\BuildLiteBehavior [ RunTime:0.000000s ]
INFO: [ app_init ] --END-- [ RunTime:0.000000s ]
INFO: [ app_begin ] --START--
INFO: Run Behavior\ReadHtmlCacheBehavior [ RunTime:0.000000s ]
INFO: [ app_begin ] --END-- [ RunTime:0.000000s ]
SQL: SHOW COLUMNS FROM `zk_session` [ RunTime:0.0020s ]
SQL: SELECT * FROM `zk_session` WHERE `skey` = 'c31b35053ce563a1e3d41b6bcf07d6d0' LIMIT 1   [ RunTime:0.0000s ]

[ 2017-07-28T13:26:02+08:00 ] 192.168.100.252 /index.php?m=home&c=login&a=checksession
INFO: [ app_init ] --START--
INFO: Run Behavior\BuildLiteBehavior [ RunTime:0.000000s ]
INFO: [ app_init ] --END-- [ RunTime:0.000000s ]
INFO: [ app_begin ] --START--
INFO: Run Behavior\ReadHtmlCacheBehavior [ RunTime:0.000000s ]
INFO: [ app_begin ] --END-- [ RunTime:0.000000s ]
SQL: SHOW COLUMNS FROM `zk_session` [ RunTime:0.0020s ]
SQL: SELECT * FROM `zk_session` WHERE `skey` = 'c31b35053ce563a1e3d41b6bcf07d6d0' LIMIT 1   [ RunTime:0.0000s ]

[ 2017-07-28T13:26:44+08:00 ] 192.168.100.252 /index.php?m=home&c=login&a=checksession
INFO: [ app_init ] --START--
INFO: Run Behavior\BuildLiteBehavior [ RunTime:0.001000s ]
INFO: [ app_init ] --END-- [ RunTime:0.001000s ]
INFO: [ app_begin ] --START--
INFO: Run Behavior\ReadHtmlCacheBehavior [ RunTime:0.000000s ]
INFO: [ app_begin ] --END-- [ RunTime:0.000000s ]
SQL: SHOW COLUMNS FROM `zk_session` [ RunTime:0.0010s ]
SQL: SELECT * FROM `zk_session` WHERE `skey` = 'c31b35053ce563a1e3d41b6bcf07d6d0' LIMIT 1   [ RunTime:0.0000s ]

[ 2017-07-28T13:28:00+08:00 ] 192.168.100.252 /index.php?m=home&c=login&a=checksession
INFO: [ app_init ] --START--
INFO: Run Behavior\BuildLiteBehavior [ RunTime:0.000000s ]
INFO: [ app_init ] --END-- [ RunTime:0.000000s ]
INFO: [ app_begin ] --START--
INFO: Run Behavior\ReadHtmlCacheBehavior [ RunTime:0.000000s ]
INFO: [ app_begin ] --END-- [ RunTime:0.000000s ]
SQL: SHOW COLUMNS FROM `zk_session` [ RunTime:0.0020s ]
SQL: SELECT * FROM `zk_session` WHERE `skey` = 'c31b35053ce563a1e3d41b6bcf07d6d0' LIMIT 1   [ RunTime:0.0000s ]

[ 2017-07-28T13:28:41+08:00 ] 192.168.100.252 /index.php?m=home&c=login&a=checksession
INFO: [ app_init ] --START--
INFO: Run Behavior\BuildLiteBehavior [ RunTime:0.000000s ]
INFO: [ app_init ] --END-- [ RunTime:0.000000s ]
INFO: [ app_begin ] --START--
INFO: Run Behavior\ReadHtmlCacheBehavior [ RunTime:0.000000s ]
INFO: [ app_begin ] --END-- [ RunTime:0.000000s ]
SQL: SHOW COLUMNS FROM `zk_session` [ RunTime:0.0020s ]
SQL: SELECT * FROM `zk_session` WHERE `skey` = 'c31b35053ce563a1e3d41b6bcf07d6d0' LIMIT 1   [ RunTime:0.0000s ]

[ 2017-07-28T13:30:28+08:00 ] 192.168.100.252 /index.php?m=home&c=login&a=checksession
INFO: [ app_init ] --START--
INFO: Run Behavior\BuildLiteBehavior [ RunTime:0.000000s ]
INFO: [ app_init ] --END-- [ RunTime:0.000000s ]
INFO: [ app_begin ] --START--
INFO: Run Behavior\ReadHtmlCacheBehavior [ RunTime:0.000000s ]
INFO: [ app_begin ] --END-- [ RunTime:0.000000s ]
SQL: SHOW COLUMNS FROM `zk_session` [ RunTime:0.0020s ]
SQL: SELECT * FROM `zk_session` WHERE `skey` = 'c31b35053ce563a1e3d41b6bcf07d6d0' LIMIT 1   [ RunTime:0.0000s ]

[ 2017-07-28T13:30:54+08:00 ] 192.168.100.252 /index.php?m=home&c=login&a=checksession
INFO: [ app_init ] --START--
INFO: Run Behavior\BuildLiteBehavior [ RunTime:0.000000s ]
INFO: [ app_init ] --END-- [ RunTime:0.000000s ]
INFO: [ app_begin ] --START--
INFO: Run Behavior\ReadHtmlCacheBehavior [ RunTime:0.001000s ]
INFO: [ app_begin ] --END-- [ RunTime:0.001000s ]
SQL: SHOW COLUMNS FROM `zk_session` [ RunTime:0.0010s ]
SQL: SELECT * FROM `zk_session` WHERE `skey` = 'c31b35053ce563a1e3d41b6bcf07d6d0' LIMIT 1   [ RunTime:0.0010s ]

[ 2017-07-28T13:31:21+08:00 ] 192.168.100.252 /index.php?m=home&c=login&a=checksession
INFO: [ app_init ] --START--
INFO: Run Behavior\BuildLiteBehavior [ RunTime:0.000000s ]
INFO: [ app_init ] --END-- [ RunTime:0.000000s ]
INFO: [ app_begin ] --START--
INFO: Run Behavior\ReadHtmlCacheBehavior [ RunTime:0.001000s ]
INFO: [ app_begin ] --END-- [ RunTime:0.001000s ]
SQL: SHOW COLUMNS FROM `zk_session` [ RunTime:0.0030s ]
SQL: SELECT * FROM `zk_session` WHERE `skey` = 'c31b35053ce563a1e3d41b6bcf07d6d0' LIMIT 1   [ RunTime:0.0000s ]

[ 2017-07-28T13:32:10+08:00 ] 192.168.100.252 /index.php?m=home&c=login&a=checksession
INFO: [ app_init ] --START--
INFO: Run Behavior\BuildLiteBehavior [ RunTime:0.000000s ]
INFO: [ app_init ] --END-- [ RunTime:0.000000s ]
INFO: [ app_begin ] --START--
INFO: Run Behavior\ReadHtmlCacheBehavior [ RunTime:0.001000s ]
INFO: [ app_begin ] --END-- [ RunTime:0.001000s ]
SQL: SHOW COLUMNS FROM `zk_session` [ RunTime:0.0010s ]
SQL: SELECT * FROM `zk_session` WHERE `skey` = 'c31b35053ce563a1e3d41b6bcf07d6d0' LIMIT 1   [ RunTime:0.0010s ]

[ 2017-07-28T13:57:04+08:00 ] 192.168.101.16 /index.php?m=home&c=login&a=checksession
INFO: [ app_init ] --START--
INFO: Run Behavior\BuildLiteBehavior [ RunTime:0.000000s ]
INFO: [ app_init ] --END-- [ RunTime:0.001000s ]
INFO: [ app_begin ] --START--
INFO: Run Behavior\ReadHtmlCacheBehavior [ RunTime:0.001000s ]
INFO: [ app_begin ] --END-- [ RunTime:0.001000s ]
SQL: SHOW COLUMNS FROM `zk_session` [ RunTime:0.0030s ]
SQL: SELECT * FROM `zk_session` WHERE `skey` = '1389e506f8f0ec74de3d616521fed2cc' LIMIT 1   [ RunTime:0.0000s ]

[ 2017-07-28T13:57:04+08:00 ] 192.168.101.16 /index.php?m=home&c=login&a=index
INFO: [ app_init ] --START--
INFO: Run Behavior\BuildLiteBehavior [ RunTime:0.000000s ]
INFO: [ app_init ] --END-- [ RunTime:0.000000s ]
INFO: [ app_begin ] --START--
INFO: Run Behavior\ReadHtmlCacheBehavior [ RunTime:0.001000s ]
INFO: [ app_begin ] --END-- [ RunTime:0.001000s ]
SQL: SHOW COLUMNS FROM `zk_user` [ RunTime:0.0030s ]
SQL: SELECT * FROM `zk_user` WHERE `openid` = 'oUpv60P1jYIMF2DYDyZJ6w3xW5VA' LIMIT 1   [ RunTime:0.0000s ]
SQL: SHOW COLUMNS FROM `zk_session` [ RunTime:0.0020s ]
SQL: UPDATE `zk_session` SET `session_key`='YKPiFzn30N1L6kixAbwLuw==',`skey`='f4853769aa5f2adb360e41222b2c41cc',`last_visit_time`='1501221424' [ RunTime:0.0830s ]

[ 2017-07-28T14:01:04+08:00 ] 192.168.101.16 /index.php?m=home&c=login&a=checksession
INFO: [ app_init ] --START--
INFO: Run Behavior\BuildLiteBehavior [ RunTime:0.000000s ]
INFO: [ app_init ] --END-- [ RunTime:0.001000s ]
INFO: [ app_begin ] --START--
INFO: Run Behavior\ReadHtmlCacheBehavior [ RunTime:0.000000s ]
INFO: [ app_begin ] --END-- [ RunTime:0.001000s ]
SQL: SHOW COLUMNS FROM `zk_session` [ RunTime:0.0040s ]
SQL: SELECT * FROM `zk_session` WHERE `skey` = 'f4853769aa5f2adb360e41222b2c41cc' LIMIT 1   [ RunTime:0.0010s ]

[ 2017-07-28T14:02:13+08:00 ] 192.168.101.16 /index.php?m=home&c=login&a=checksession
INFO: [ app_init ] --START--
INFO: Run Behavior\BuildLiteBehavior [ RunTime:0.000000s ]
INFO: [ app_init ] --END-- [ RunTime:0.000000s ]
INFO: [ app_begin ] --START--
INFO: Run Behavior\ReadHtmlCacheBehavior [ RunTime:0.001000s ]
INFO: [ app_begin ] --END-- [ RunTime:0.001000s ]
SQL: SHOW COLUMNS FROM `zk_session` [ RunTime:0.0040s ]
SQL: SELECT * FROM `zk_session` WHERE `skey` = 'f4853769aa5f2adb360e41222b2c41cc' LIMIT 1   [ RunTime:0.0010s ]

[ 2017-07-28T14:02:49+08:00 ] 192.168.101.16 /index.php?m=home&c=login&a=checksession
INFO: [ app_init ] --START--
INFO: Run Behavior\BuildLiteBehavior [ RunTime:0.000000s ]
INFO: [ app_init ] --END-- [ RunTime:0.001000s ]
INFO: [ app_begin ] --START--
INFO: Run Behavior\ReadHtmlCacheBehavior [ RunTime:0.002000s ]
INFO: [ app_begin ] --END-- [ RunTime:0.002000s ]
SQL: SHOW COLUMNS FROM `zk_session` [ RunTime:0.0030s ]
SQL: SELECT * FROM `zk_session` WHERE `skey` = 'f4853769aa5f2adb360e41222b2c41cc' LIMIT 1   [ RunTime:0.0000s ]

[ 2017-07-28T14:03:38+08:00 ] 192.168.101.16 /index.php?m=home&c=login&a=checksession
INFO: [ app_init ] --START--
INFO: Run Behavior\BuildLiteBehavior [ RunTime:0.000000s ]
INFO: [ app_init ] --END-- [ RunTime:0.001000s ]
INFO: [ app_begin ] --START--
INFO: Run Behavior\ReadHtmlCacheBehavior [ RunTime:0.001000s ]
INFO: [ app_begin ] --END-- [ RunTime:0.001000s ]
SQL: SHOW COLUMNS FROM `zk_session` [ RunTime:0.0020s ]
SQL: SELECT * FROM `zk_session` WHERE `skey` = 'f4853769aa5f2adb360e41222b2c41cc' LIMIT 1   [ RunTime:0.0000s ]

[ 2017-07-28T14:04:19+08:00 ] 192.168.101.16 /index.php?m=home&c=login&a=checksession
INFO: [ app_init ] --START--
INFO: Run Behavior\BuildLiteBehavior [ RunTime:0.000000s ]
INFO: [ app_init ] --END-- [ RunTime:0.000000s ]
INFO: [ app_begin ] --START--
INFO: Run Behavior\ReadHtmlCacheBehavior [ RunTime:0.001000s ]
INFO: [ app_begin ] --END-- [ RunTime:0.001000s ]
SQL: SHOW COLUMNS FROM `zk_session` [ RunTime:0.0030s ]
SQL: SELECT * FROM `zk_session` WHERE `skey` = 'f4853769aa5f2adb360e41222b2c41cc' LIMIT 1   [ RunTime:0.0000s ]

[ 2017-07-28T14:05:25+08:00 ] 192.168.101.16 /index.php?m=home&c=login&a=checksession
INFO: [ app_init ] --START--
INFO: Run Behavior\BuildLiteBehavior [ RunTime:0.000000s ]
INFO: [ app_init ] --END-- [ RunTime:0.001000s ]
INFO: [ app_begin ] --START--
INFO: Run Behavior\ReadHtmlCacheBehavior [ RunTime:0.001000s ]
INFO: [ app_begin ] --END-- [ RunTime:0.002000s ]
SQL: SHOW COLUMNS FROM `zk_session` [ RunTime:0.0070s ]
SQL: SELECT * FROM `zk_session` WHERE `skey` = 'f4853769aa5f2adb360e41222b2c41cc' LIMIT 1   [ RunTime:0.0010s ]

[ 2017-07-28T14:05:28+08:00 ] 192.168.101.16 /index.php?m=home&c=login&a=checksession
INFO: [ app_init ] --START--
INFO: Run Behavior\BuildLiteBehavior [ RunTime:0.000000s ]
INFO: [ app_init ] --END-- [ RunTime:0.001000s ]
INFO: [ app_begin ] --START--
INFO: Run Behavior\ReadHtmlCacheBehavior [ RunTime:0.000000s ]
INFO: [ app_begin ] --END-- [ RunTime:0.000000s ]
SQL: SHOW COLUMNS FROM `zk_session` [ RunTime:0.0040s ]
SQL: SELECT * FROM `zk_session` WHERE `skey` = 'f4853769aa5f2adb360e41222b2c41cc' LIMIT 1   [ RunTime:0.0000s ]

[ 2017-07-28T14:05:36+08:00 ] 192.168.101.16 /index.php?m=home&c=login&a=checksession
INFO: [ app_init ] --START--
INFO: Run Behavior\BuildLiteBehavior [ RunTime:0.000000s ]
INFO: [ app_init ] --END-- [ RunTime:0.000000s ]
INFO: [ app_begin ] --START--
INFO: Run Behavior\ReadHtmlCacheBehavior [ RunTime:0.001000s ]
INFO: [ app_begin ] --END-- [ RunTime:0.001000s ]
SQL: SHOW COLUMNS FROM `zk_session` [ RunTime:0.0020s ]
SQL: SELECT * FROM `zk_session` WHERE `skey` = 'f4853769aa5f2adb360e41222b2c41cc' LIMIT 1   [ RunTime:0.0000s ]

[ 2017-07-28T14:05:42+08:00 ] 192.168.101.16 /index.php?m=home&c=login&a=checksession
INFO: [ app_init ] --START--
INFO: Run Behavior\BuildLiteBehavior [ RunTime:0.000000s ]
INFO: [ app_init ] --END-- [ RunTime:0.001000s ]
INFO: [ app_begin ] --START--
INFO: Run Behavior\ReadHtmlCacheBehavior [ RunTime:0.001000s ]
INFO: [ app_begin ] --END-- [ RunTime:0.001000s ]
SQL: SHOW COLUMNS FROM `zk_session` [ RunTime:0.0020s ]
SQL: SELECT * FROM `zk_session` WHERE `skey` = 'f4853769aa5f2adb360e41222b2c41cc' LIMIT 1   [ RunTime:0.0000s ]

[ 2017-07-28T14:39:36+08:00 ] 192.168.100.252 /index.php?m=home&c=login&a=checksession
INFO: [ app_init ] --START--
INFO: Run Behavior\BuildLiteBehavior [ RunTime:0.000000s ]
INFO: [ app_init ] --END-- [ RunTime:0.000000s ]
INFO: [ app_begin ] --START--
INFO: Run Behavior\ReadHtmlCacheBehavior [ RunTime:0.000000s ]
INFO: [ app_begin ] --END-- [ RunTime:0.000000s ]
SQL: SHOW COLUMNS FROM `zk_session` [ RunTime:0.0020s ]
SQL: SELECT * FROM `zk_session` WHERE `skey` = 'c31b35053ce563a1e3d41b6bcf07d6d0' LIMIT 1   [ RunTime:0.0000s ]

[ 2017-07-28T14:39:36+08:00 ] 192.168.100.252 /index.php?m=home&c=login&a=index
INFO: [ app_init ] --START--
INFO: Run Behavior\BuildLiteBehavior [ RunTime:0.000000s ]
INFO: [ app_init ] --END-- [ RunTime:0.000000s ]
INFO: [ app_begin ] --START--
INFO: Run Behavior\ReadHtmlCacheBehavior [ RunTime:0.000000s ]
INFO: [ app_begin ] --END-- [ RunTime:0.000000s ]
SQL: SHOW COLUMNS FROM `zk_user` [ RunTime:0.0020s ]
SQL: SELECT * FROM `zk_user` WHERE `openid` = 'oUpv60E98MOGnr9Z9Ele1UYroiLQ' LIMIT 1   [ RunTime:0.0000s ]
SQL: SHOW COLUMNS FROM `zk_session` [ RunTime:0.0020s ]
SQL: UPDATE `zk_session` SET `session_key`='mxHhDrYvHDZlJchTWtAYxg==',`skey`='d2fc15cf9ed4772207bfd5e5ac91be8c',`last_visit_time`='1501223976' [ RunTime:0.0720s ]

[ 2017-07-28T14:39:40+08:00 ] 192.168.100.252 /index.php?m=home&c=login&a=checksession
INFO: [ app_init ] --START--
INFO: Run Behavior\BuildLiteBehavior [ RunTime:0.000000s ]
INFO: [ app_init ] --END-- [ RunTime:0.000000s ]
INFO: [ app_begin ] --START--
INFO: Run Behavior\ReadHtmlCacheBehavior [ RunTime:0.001000s ]
INFO: [ app_begin ] --END-- [ RunTime:0.001000s ]
SQL: SHOW COLUMNS FROM `zk_session` [ RunTime:0.0020s ]
SQL: SELECT * FROM `zk_session` WHERE `skey` = 'd2fc15cf9ed4772207bfd5e5ac91be8c' LIMIT 1   [ RunTime:0.0000s ]

[ 2017-07-28T14:41:21+08:00 ] 192.168.100.252 /index.php?m=home&c=login&a=checksession
INFO: [ app_init ] --START--
INFO: Run Behavior\BuildLiteBehavior [ RunTime:0.000000s ]
INFO: [ app_init ] --END-- [ RunTime:0.001000s ]
INFO: [ app_begin ] --START--
INFO: Run Behavior\ReadHtmlCacheBehavior [ RunTime:0.000000s ]
INFO: [ app_begin ] --END-- [ RunTime:0.000000s ]
SQL: SHOW COLUMNS FROM `zk_session` [ RunTime:0.0020s ]
SQL: SELECT * FROM `zk_session` WHERE `skey` = 'd2fc15cf9ed4772207bfd5e5ac91be8c' LIMIT 1   [ RunTime:0.0000s ]

[ 2017-07-28T14:41:25+08:00 ] 192.168.100.252 /index.php?m=home&c=login&a=checksession
INFO: [ app_init ] --START--
INFO: Run Behavior\BuildLiteBehavior [ RunTime:0.000000s ]
INFO: [ app_init ] --END-- [ RunTime:0.000000s ]
INFO: [ app_begin ] --START--
INFO: Run Behavior\ReadHtmlCacheBehavior [ RunTime:0.001000s ]
INFO: [ app_begin ] --END-- [ RunTime:0.001000s ]
SQL: SHOW COLUMNS FROM `zk_session` [ RunTime:0.0020s ]
SQL: SELECT * FROM `zk_session` WHERE `skey` = 'd2fc15cf9ed4772207bfd5e5ac91be8c' LIMIT 1   [ RunTime:0.0000s ]

[ 2017-07-28T14:42:08+08:00 ] 192.168.100.252 /index.php?m=home&c=login&a=checksession
INFO: [ app_init ] --START--
INFO: Run Behavior\BuildLiteBehavior [ RunTime:0.000000s ]
INFO: [ app_init ] --END-- [ RunTime:0.000000s ]
INFO: [ app_begin ] --START--
INFO: Run Behavior\ReadHtmlCacheBehavior [ RunTime:0.000000s ]
INFO: [ app_begin ] --END-- [ RunTime:0.000000s ]
SQL: SHOW COLUMNS FROM `zk_session` [ RunTime:0.0010s ]
SQL: SELECT * FROM `zk_session` WHERE `skey` = 'd2fc15cf9ed4772207bfd5e5ac91be8c' LIMIT 1   [ RunTime:0.0000s ]

[ 2017-07-28T14:45:04+08:00 ] 192.168.101.16 /index.php?m=home&c=login&a=checksession
INFO: [ app_init ] --START--
INFO: Run Behavior\BuildLiteBehavior [ RunTime:0.000000s ]
INFO: [ app_init ] --END-- [ RunTime:0.001000s ]
INFO: [ app_begin ] --START--
INFO: Run Behavior\ReadHtmlCacheBehavior [ RunTime:0.001000s ]
INFO: [ app_begin ] --END-- [ RunTime:0.001000s ]
SQL: SHOW COLUMNS FROM `zk_session` [ RunTime:0.0030s ]
SQL: SELECT * FROM `zk_session` WHERE `skey` = 'f4853769aa5f2adb360e41222b2c41cc' LIMIT 1   [ RunTime:0.0000s ]

[ 2017-07-28T14:45:05+08:00 ] 192.168.101.16 /index.php?m=home&c=login&a=index
INFO: [ app_init ] --START--
INFO: Run Behavior\BuildLiteBehavior [ RunTime:0.000000s ]
INFO: [ app_init ] --END-- [ RunTime:0.001000s ]
INFO: [ app_begin ] --START--
INFO: Run Behavior\ReadHtmlCacheBehavior [ RunTime:0.001000s ]
INFO: [ app_begin ] --END-- [ RunTime:0.001000s ]
SQL: SHOW COLUMNS FROM `zk_user` [ RunTime:0.0070s ]
SQL: SELECT * FROM `zk_user` WHERE `openid` = 'oUpv60P1jYIMF2DYDyZJ6w3xW5VA' LIMIT 1   [ RunTime:0.0010s ]
SQL: SHOW COLUMNS FROM `zk_session` [ RunTime:0.0070s ]
SQL: UPDATE `zk_session` SET `session_key`='ashHLtL3qDU7WsmE2Zj9mg==',`skey`='51d559b857cc90d2d0ca8fa4d4b2e4e5',`last_visit_time`='1501224305' [ RunTime:0.0420s ]

[ 2017-07-28T14:45:28+08:00 ] 192.168.100.252 /index.php?m=home&c=login&a=checksession
INFO: [ app_init ] --START--
INFO: Run Behavior\BuildLiteBehavior [ RunTime:0.000000s ]
INFO: [ app_init ] --END-- [ RunTime:0.000000s ]
INFO: [ app_begin ] --START--
INFO: Run Behavior\ReadHtmlCacheBehavior [ RunTime:0.000000s ]
INFO: [ app_begin ] --END-- [ RunTime:0.000000s ]
SQL: SHOW COLUMNS FROM `zk_session` [ RunTime:0.0020s ]
SQL: SELECT * FROM `zk_session` WHERE `skey` = 'd2fc15cf9ed4772207bfd5e5ac91be8c' LIMIT 1   [ RunTime:0.0010s ]

[ 2017-07-28T14:45:28+08:00 ] 192.168.100.252 /index.php?m=home&c=login&a=index
INFO: [ app_init ] --START--
INFO: Run Behavior\BuildLiteBehavior [ RunTime:0.000000s ]
INFO: [ app_init ] --END-- [ RunTime:0.001000s ]
INFO: [ app_begin ] --START--
INFO: Run Behavior\ReadHtmlCacheBehavior [ RunTime:0.001000s ]
INFO: [ app_begin ] --END-- [ RunTime:0.001000s ]
SQL: SHOW COLUMNS FROM `zk_user` [ RunTime:0.0030s ]
SQL: SELECT * FROM `zk_user` WHERE `openid` = 'oUpv60E98MOGnr9Z9Ele1UYroiLQ' LIMIT 1   [ RunTime:0.0000s ]
SQL: SHOW COLUMNS FROM `zk_session` [ RunTime:0.0010s ]
SQL: UPDATE `zk_session` SET `session_key`='/Hd7VP+hRObVYSpHiXjHgQ==',`skey`='ac3d2206b90325a647f01b87f17a14c5',`last_visit_time`='1501224328' [ RunTime:0.0490s ]

[ 2017-07-28T14:45:32+08:00 ] 192.168.100.252 /index.php?m=home&c=login&a=checksession
INFO: [ app_init ] --START--
INFO: Run Behavior\BuildLiteBehavior [ RunTime:0.000000s ]
INFO: [ app_init ] --END-- [ RunTime:0.000000s ]
INFO: [ app_begin ] --START--
INFO: Run Behavior\ReadHtmlCacheBehavior [ RunTime:0.000000s ]
INFO: [ app_begin ] --END-- [ RunTime:0.000000s ]
SQL: SHOW COLUMNS FROM `zk_session` [ RunTime:0.0020s ]
SQL: SELECT * FROM `zk_session` WHERE `skey` = 'ac3d2206b90325a647f01b87f17a14c5' LIMIT 1   [ RunTime:0.0010s ]

[ 2017-07-28T14:46:10+08:00 ] 192.168.101.16 /index.php?m=home&c=login&a=checksession
INFO: [ app_init ] --START--
INFO: Run Behavior\BuildLiteBehavior [ RunTime:0.000000s ]
INFO: [ app_init ] --END-- [ RunTime:0.001000s ]
INFO: [ app_begin ] --START--
INFO: Run Behavior\ReadHtmlCacheBehavior [ RunTime:0.000000s ]
INFO: [ app_begin ] --END-- [ RunTime:0.000000s ]
SQL: SHOW COLUMNS FROM `zk_session` [ RunTime:0.0030s ]
SQL: SELECT * FROM `zk_session` WHERE `skey` = '51d559b857cc90d2d0ca8fa4d4b2e4e5' LIMIT 1   [ RunTime:0.0010s ]

[ 2017-07-28T14:46:11+08:00 ] 192.168.101.16 /index.php?m=home&c=login&a=index
INFO: [ app_init ] --START--
INFO: Run Behavior\BuildLiteBehavior [ RunTime:0.000000s ]
INFO: [ app_init ] --END-- [ RunTime:0.000000s ]
INFO: [ app_begin ] --START--
INFO: Run Behavior\ReadHtmlCacheBehavior [ RunTime:0.000000s ]
INFO: [ app_begin ] --END-- [ RunTime:0.000000s ]
SQL: SHOW COLUMNS FROM `zk_user` [ RunTime:0.0050s ]
SQL: SELECT * FROM `zk_user` WHERE `openid` = 'oUpv60P1jYIMF2DYDyZJ6w3xW5VA' LIMIT 1   [ RunTime:0.0000s ]
SQL: SHOW COLUMNS FROM `zk_session` [ RunTime:0.0040s ]
SQL: UPDATE `zk_session` SET `session_key`='ashHLtL3qDU7WsmE2Zj9mg==',`skey`='7a9ea3316a1ce4417e33b15c5d56a8fd',`last_visit_time`='1501224371' [ RunTime:0.0430s ]

[ 2017-07-28T14:46:20+08:00 ] 192.168.101.16 /index.php?m=home&c=login&a=checksession
INFO: [ app_init ] --START--
INFO: Run Behavior\BuildLiteBehavior [ RunTime:0.000000s ]
INFO: [ app_init ] --END-- [ RunTime:0.000000s ]
INFO: [ app_begin ] --START--
INFO: Run Behavior\ReadHtmlCacheBehavior [ RunTime:0.000000s ]
INFO: [ app_begin ] --END-- [ RunTime:0.000000s ]
SQL: SHOW COLUMNS FROM `zk_session` [ RunTime:0.0010s ]
SQL: SELECT * FROM `zk_session` WHERE `skey` = '7a9ea3316a1ce4417e33b15c5d56a8fd' LIMIT 1   [ RunTime:0.0010s ]

[ 2017-07-28T14:46:32+08:00 ] 192.168.101.16 /index.php?m=home&c=login&a=checksession
INFO: [ app_init ] --START--
INFO: Run Behavior\BuildLiteBehavior [ RunTime:0.000000s ]
INFO: [ app_init ] --END-- [ RunTime:0.001000s ]
INFO: [ app_begin ] --START--
INFO: Run Behavior\ReadHtmlCacheBehavior [ RunTime:0.001000s ]
INFO: [ app_begin ] --END-- [ RunTime:0.001000s ]
SQL: SHOW COLUMNS FROM `zk_session` [ RunTime:0.0020s ]
SQL: SELECT * FROM `zk_session` WHERE `skey` = '7a9ea3316a1ce4417e33b15c5d56a8fd' LIMIT 1   [ RunTime:0.0000s ]

[ 2017-07-28T14:46:38+08:00 ] 192.168.101.16 /index.php?m=home&c=login&a=checksession
INFO: [ app_init ] --START--
INFO: Run Behavior\BuildLiteBehavior [ RunTime:0.000000s ]
INFO: [ app_init ] --END-- [ RunTime:0.001001s ]
INFO: [ app_begin ] --START--
INFO: Run Behavior\ReadHtmlCacheBehavior [ RunTime:0.000000s ]
INFO: [ app_begin ] --END-- [ RunTime:0.000000s ]
SQL: SHOW COLUMNS FROM `zk_session` [ RunTime:0.0030s ]
SQL: SELECT * FROM `zk_session` WHERE `skey` = '7a9ea3316a1ce4417e33b15c5d56a8fd' LIMIT 1   [ RunTime:0.0010s ]

[ 2017-07-28T14:46:43+08:00 ] 192.168.101.16 /index.php?m=home&c=login&a=checksession
INFO: [ app_init ] --START--
INFO: Run Behavior\BuildLiteBehavior [ RunTime:0.000000s ]
INFO: [ app_init ] --END-- [ RunTime:0.001000s ]
INFO: [ app_begin ] --START--
INFO: Run Behavior\ReadHtmlCacheBehavior [ RunTime:0.002000s ]
INFO: [ app_begin ] --END-- [ RunTime:0.002000s ]
SQL: SHOW COLUMNS FROM `zk_session` [ RunTime:0.0030s ]
SQL: SELECT * FROM `zk_session` WHERE `skey` = '7a9ea3316a1ce4417e33b15c5d56a8fd' LIMIT 1   [ RunTime:0.0000s ]

[ 2017-07-28T14:47:18+08:00 ] 192.168.101.16 /index.php?m=home&c=login&a=checksession
INFO: [ app_init ] --START--
INFO: Run Behavior\BuildLiteBehavior [ RunTime:0.000000s ]
INFO: [ app_init ] --END-- [ RunTime:0.000000s ]
INFO: [ app_begin ] --START--
INFO: Run Behavior\ReadHtmlCacheBehavior [ RunTime:0.001000s ]
INFO: [ app_begin ] --END-- [ RunTime:0.001000s ]
SQL: SHOW COLUMNS FROM `zk_session` [ RunTime:0.0030s ]
SQL: SELECT * FROM `zk_session` WHERE `skey` = '7a9ea3316a1ce4417e33b15c5d56a8fd' LIMIT 1   [ RunTime:0.0000s ]

[ 2017-07-28T14:47:30+08:00 ] 192.168.101.16 /index.php?m=home&c=login&a=checksession
INFO: [ app_init ] --START--
INFO: Run Behavior\BuildLiteBehavior [ RunTime:0.001000s ]
INFO: [ app_init ] --END-- [ RunTime:0.001000s ]
INFO: [ app_begin ] --START--
INFO: Run Behavior\ReadHtmlCacheBehavior [ RunTime:0.000000s ]
INFO: [ app_begin ] --END-- [ RunTime:0.000000s ]
SQL: SHOW COLUMNS FROM `zk_session` [ RunTime:0.0030s ]
SQL: SELECT * FROM `zk_session` WHERE `skey` = '7a9ea3316a1ce4417e33b15c5d56a8fd' LIMIT 1   [ RunTime:0.0010s ]

[ 2017-07-28T14:49:41+08:00 ] 192.168.101.16 /index.php?m=home&c=login&a=checksession
INFO: [ app_init ] --START--
INFO: Run Behavior\BuildLiteBehavior [ RunTime:0.000000s ]
INFO: [ app_init ] --END-- [ RunTime:0.000000s ]
INFO: [ app_begin ] --START--
INFO: Run Behavior\ReadHtmlCacheBehavior [ RunTime:0.001000s ]
INFO: [ app_begin ] --END-- [ RunTime:0.001000s ]
SQL: SHOW COLUMNS FROM `zk_session` [ RunTime:0.0030s ]
SQL: SELECT * FROM `zk_session` WHERE `skey` = '7a9ea3316a1ce4417e33b15c5d56a8fd' LIMIT 1   [ RunTime:0.0000s ]

[ 2017-07-28T14:49:59+08:00 ] 192.168.101.16 /index.php?m=home&c=login&a=checksession
INFO: [ app_init ] --START--
INFO: Run Behavior\BuildLiteBehavior [ RunTime:0.000000s ]
INFO: [ app_init ] --END-- [ RunTime:0.000000s ]
INFO: [ app_begin ] --START--
INFO: Run Behavior\ReadHtmlCacheBehavior [ RunTime:0.001000s ]
INFO: [ app_begin ] --END-- [ RunTime:0.001000s ]
SQL: SHOW COLUMNS FROM `zk_session` [ RunTime:0.0040s ]
SQL: SELECT * FROM `zk_session` WHERE `skey` = '7a9ea3316a1ce4417e33b15c5d56a8fd' LIMIT 1   [ RunTime:0.0000s ]

[ 2017-07-28T14:50:07+08:00 ] 192.168.101.16 /index.php?m=home&c=login&a=checksession
INFO: [ app_init ] --START--
INFO: Run Behavior\BuildLiteBehavior [ RunTime:0.000000s ]
INFO: [ app_init ] --END-- [ RunTime:0.000000s ]
INFO: [ app_begin ] --START--
INFO: Run Behavior\ReadHtmlCacheBehavior [ RunTime:0.000000s ]
INFO: [ app_begin ] --END-- [ RunTime:0.000000s ]
SQL: SHOW COLUMNS FROM `zk_session` [ RunTime:0.0020s ]
SQL: SELECT * FROM `zk_session` WHERE `skey` = '7a9ea3316a1ce4417e33b15c5d56a8fd' LIMIT 1   [ RunTime:0.0000s ]

[ 2017-07-28T14:50:11+08:00 ] 192.168.101.16 /index.php?m=home&c=login&a=checksession
INFO: [ app_init ] --START--
INFO: Run Behavior\BuildLiteBehavior [ RunTime:0.000000s ]
INFO: [ app_init ] --END-- [ RunTime:0.001000s ]
INFO: [ app_begin ] --START--
INFO: Run Behavior\ReadHtmlCacheBehavior [ RunTime:0.001000s ]
INFO: [ app_begin ] --END-- [ RunTime:0.001000s ]
SQL: SHOW COLUMNS FROM `zk_session` [ RunTime:0.0030s ]
SQL: SELECT * FROM `zk_session` WHERE `skey` = '7a9ea3316a1ce4417e33b15c5d56a8fd' LIMIT 1   [ RunTime:0.0000s ]

[ 2017-07-28T14:50:38+08:00 ] 192.168.101.16 /index.php?m=home&c=login&a=checksession
INFO: [ app_init ] --START--
INFO: Run Behavior\BuildLiteBehavior [ RunTime:0.000000s ]
INFO: [ app_init ] --END-- [ RunTime:0.001000s ]
INFO: [ app_begin ] --START--
INFO: Run Behavior\ReadHtmlCacheBehavior [ RunTime:0.001000s ]
INFO: [ app_begin ] --END-- [ RunTime:0.001000s ]
SQL: SHOW COLUMNS FROM `zk_session` [ RunTime:0.0030s ]
SQL: SELECT * FROM `zk_session` WHERE `skey` = '7a9ea3316a1ce4417e33b15c5d56a8fd' LIMIT 1   [ RunTime:0.0000s ]

[ 2017-07-28T14:51:30+08:00 ] 192.168.101.16 /index.php?m=home&c=login&a=checksession
INFO: [ app_init ] --START--
INFO: Run Behavior\BuildLiteBehavior [ RunTime:0.000000s ]
INFO: [ app_init ] --END-- [ RunTime:0.001000s ]
INFO: [ app_begin ] --START--
INFO: Run Behavior\ReadHtmlCacheBehavior [ RunTime:0.001000s ]
INFO: [ app_begin ] --END-- [ RunTime:0.001000s ]
SQL: SHOW COLUMNS FROM `zk_session` [ RunTime:0.0040s ]
SQL: SELECT * FROM `zk_session` WHERE `skey` = '7a9ea3316a1ce4417e33b15c5d56a8fd' LIMIT 1   [ RunTime:0.0000s ]

[ 2017-07-28T14:52:51+08:00 ] 192.168.101.16 /index.php?m=home&c=login&a=checksession
INFO: [ app_init ] --START--
INFO: Run Behavior\BuildLiteBehavior [ RunTime:0.000000s ]
INFO: [ app_init ] --END-- [ RunTime:0.000000s ]
INFO: [ app_begin ] --START--
INFO: Run Behavior\ReadHtmlCacheBehavior [ RunTime:0.002000s ]
INFO: [ app_begin ] --END-- [ RunTime:0.002000s ]
SQL: SHOW COLUMNS FROM `zk_session` [ RunTime:0.0040s ]
SQL: SELECT * FROM `zk_session` WHERE `skey` = '7a9ea3316a1ce4417e33b15c5d56a8fd' LIMIT 1   [ RunTime:0.0010s ]

[ 2017-07-28T15:11:04+08:00 ] 192.168.101.16 /index.php?m=home&c=login&a=checksession
INFO: [ app_init ] --START--
INFO: Run Behavior\BuildLiteBehavior [ RunTime:0.000000s ]
INFO: [ app_init ] --END-- [ RunTime:0.000000s ]
INFO: [ app_begin ] --START--
INFO: Run Behavior\ReadHtmlCacheBehavior [ RunTime:0.000000s ]
INFO: [ app_begin ] --END-- [ RunTime:0.001000s ]
SQL: SHOW COLUMNS FROM `zk_session` [ RunTime:0.0040s ]
SQL: SELECT * FROM `zk_session` WHERE `skey` = '7a9ea3316a1ce4417e33b15c5d56a8fd' LIMIT 1   [ RunTime:0.0000s ]

[ 2017-07-28T15:11:58+08:00 ] 192.168.101.16 /index.php?m=home&c=login&a=checksession
INFO: [ app_init ] --START--
INFO: Run Behavior\BuildLiteBehavior [ RunTime:0.000000s ]
INFO: [ app_init ] --END-- [ RunTime:0.001001s ]
INFO: [ app_begin ] --START--
INFO: Run Behavior\ReadHtmlCacheBehavior [ RunTime:0.001000s ]
INFO: [ app_begin ] --END-- [ RunTime:0.001000s ]
SQL: SHOW COLUMNS FROM `zk_session` [ RunTime:0.0020s ]
SQL: SELECT * FROM `zk_session` WHERE `skey` = '7a9ea3316a1ce4417e33b15c5d56a8fd' LIMIT 1   [ RunTime:0.0000s ]

[ 2017-07-28T15:15:59+08:00 ] 192.168.101.16 /index.php?m=home&c=login&a=checksession
INFO: [ app_init ] --START--
INFO: Run Behavior\BuildLiteBehavior [ RunTime:0.000000s ]
INFO: [ app_init ] --END-- [ RunTime:0.001000s ]
INFO: [ app_begin ] --START--
INFO: Run Behavior\ReadHtmlCacheBehavior [ RunTime:0.001000s ]
INFO: [ app_begin ] --END-- [ RunTime:0.002000s ]
SQL: SHOW COLUMNS FROM `zk_session` [ RunTime:0.0030s ]
SQL: SELECT * FROM `zk_session` WHERE `skey` = '7a9ea3316a1ce4417e33b15c5d56a8fd' LIMIT 1   [ RunTime:0.0000s ]

[ 2017-07-28T15:16:32+08:00 ] 192.168.101.16 /index.php?m=home&c=login&a=checksession
INFO: [ app_init ] --START--
INFO: Run Behavior\BuildLiteBehavior [ RunTime:0.000000s ]
INFO: [ app_init ] --END-- [ RunTime:0.001000s ]
INFO: [ app_begin ] --START--
INFO: Run Behavior\ReadHtmlCacheBehavior [ RunTime:0.002000s ]
INFO: [ app_begin ] --END-- [ RunTime:0.002000s ]
SQL: SHOW COLUMNS FROM `zk_session` [ RunTime:0.0030s ]
SQL: SELECT * FROM `zk_session` WHERE `skey` = '7a9ea3316a1ce4417e33b15c5d56a8fd' LIMIT 1   [ RunTime:0.0000s ]

[ 2017-07-28T15:18:38+08:00 ] 192.168.101.16 /index.php?m=home&c=login&a=checksession
INFO: [ app_init ] --START--
INFO: Run Behavior\BuildLiteBehavior [ RunTime:0.000000s ]
INFO: [ app_init ] --END-- [ RunTime:0.001000s ]
INFO: [ app_begin ] --START--
INFO: Run Behavior\ReadHtmlCacheBehavior [ RunTime:0.001000s ]
INFO: [ app_begin ] --END-- [ RunTime:0.001000s ]
SQL: SHOW COLUMNS FROM `zk_session` [ RunTime:0.0020s ]
SQL: SELECT * FROM `zk_session` WHERE `skey` = '7a9ea3316a1ce4417e33b15c5d56a8fd' LIMIT 1   [ RunTime:0.0000s ]

[ 2017-07-28T15:19:09+08:00 ] 192.168.101.16 /index.php?m=home&c=login&a=checksession
INFO: [ app_init ] --START--
INFO: Run Behavior\BuildLiteBehavior [ RunTime:0.000000s ]
INFO: [ app_init ] --END-- [ RunTime:0.001001s ]
INFO: [ app_begin ] --START--
INFO: Run Behavior\ReadHtmlCacheBehavior [ RunTime:0.000000s ]
INFO: [ app_begin ] --END-- [ RunTime:0.000000s ]
SQL: SHOW COLUMNS FROM `zk_session` [ RunTime:0.0040s ]
SQL: SELECT * FROM `zk_session` WHERE `skey` = '7a9ea3316a1ce4417e33b15c5d56a8fd' LIMIT 1   [ RunTime:0.0000s ]

[ 2017-07-28T15:20:03+08:00 ] 192.168.101.16 /index.php?m=home&c=login&a=checksession
INFO: [ app_init ] --START--
INFO: Run Behavior\BuildLiteBehavior [ RunTime:0.000000s ]
INFO: [ app_init ] --END-- [ RunTime:0.000000s ]
INFO: [ app_begin ] --START--
INFO: Run Behavior\ReadHtmlCacheBehavior [ RunTime:0.001000s ]
INFO: [ app_begin ] --END-- [ RunTime:0.001000s ]
SQL: SHOW COLUMNS FROM `zk_session` [ RunTime:0.0040s ]
SQL: SELECT * FROM `zk_session` WHERE `skey` = '7a9ea3316a1ce4417e33b15c5d56a8fd' LIMIT 1   [ RunTime:0.0000s ]

[ 2017-07-28T15:20:18+08:00 ] 192.168.101.16 /index.php?m=home&c=login&a=checksession
INFO: [ app_init ] --START--
INFO: Run Behavior\BuildLiteBehavior [ RunTime:0.000000s ]
INFO: [ app_init ] --END-- [ RunTime:0.001000s ]
INFO: [ app_begin ] --START--
INFO: Run Behavior\ReadHtmlCacheBehavior [ RunTime:0.000000s ]
INFO: [ app_begin ] --END-- [ RunTime:0.000000s ]
SQL: SHOW COLUMNS FROM `zk_session` [ RunTime:0.0030s ]
SQL: SELECT * FROM `zk_session` WHERE `skey` = '7a9ea3316a1ce4417e33b15c5d56a8fd' LIMIT 1   [ RunTime:0.0000s ]

[ 2017-07-28T15:20:32+08:00 ] 192.168.101.16 /index.php?m=home&c=login&a=checksession
INFO: [ app_init ] --START--
INFO: Run Behavior\BuildLiteBehavior [ RunTime:0.000000s ]
INFO: [ app_init ] --END-- [ RunTime:0.001000s ]
INFO: [ app_begin ] --START--
INFO: Run Behavior\ReadHtmlCacheBehavior [ RunTime:0.001000s ]
INFO: [ app_begin ] --END-- [ RunTime:0.001000s ]
SQL: SHOW COLUMNS FROM `zk_session` [ RunTime:0.0040s ]
SQL: SELECT * FROM `zk_session` WHERE `skey` = '7a9ea3316a1ce4417e33b15c5d56a8fd' LIMIT 1   [ RunTime:0.0000s ]

[ 2017-07-28T15:20:39+08:00 ] 192.168.101.16 /index.php?m=home&c=login&a=checksession
INFO: [ app_init ] --START--
INFO: Run Behavior\BuildLiteBehavior [ RunTime:0.000000s ]
INFO: [ app_init ] --END-- [ RunTime:0.001000s ]
INFO: [ app_begin ] --START--
INFO: Run Behavior\ReadHtmlCacheBehavior [ RunTime:0.001000s ]
INFO: [ app_begin ] --END-- [ RunTime:0.001000s ]
SQL: SHOW COLUMNS FROM `zk_session` [ RunTime:0.0030s ]
SQL: SELECT * FROM `zk_session` WHERE `skey` = '7a9ea3316a1ce4417e33b15c5d56a8fd' LIMIT 1   [ RunTime:0.0000s ]

[ 2017-07-28T15:21:13+08:00 ] 192.168.101.16 /index.php?m=home&c=login&a=checksession
INFO: [ app_init ] --START--
INFO: Run Behavior\BuildLiteBehavior [ RunTime:0.000000s ]
INFO: [ app_init ] --END-- [ RunTime:0.001000s ]
INFO: [ app_begin ] --START--
INFO: Run Behavior\ReadHtmlCacheBehavior [ RunTime:0.001000s ]
INFO: [ app_begin ] --END-- [ RunTime:0.001000s ]
SQL: SHOW COLUMNS FROM `zk_session` [ RunTime:0.0050s ]
SQL: SELECT * FROM `zk_session` WHERE `skey` = '7a9ea3316a1ce4417e33b15c5d56a8fd' LIMIT 1   [ RunTime:0.0000s ]

[ 2017-07-28T15:21:21+08:00 ] 192.168.101.16 /index.php?m=home&c=login&a=checksession
INFO: [ app_init ] --START--
INFO: Run Behavior\BuildLiteBehavior [ RunTime:0.000000s ]
INFO: [ app_init ] --END-- [ RunTime:0.000000s ]
INFO: [ app_begin ] --START--
INFO: Run Behavior\ReadHtmlCacheBehavior [ RunTime:0.001000s ]
INFO: [ app_begin ] --END-- [ RunTime:0.001000s ]
SQL: SHOW COLUMNS FROM `zk_session` [ RunTime:0.0030s ]
SQL: SELECT * FROM `zk_session` WHERE `skey` = '7a9ea3316a1ce4417e33b15c5d56a8fd' LIMIT 1   [ RunTime:0.0000s ]

[ 2017-07-28T15:21:31+08:00 ] 192.168.101.16 /index.php?m=home&c=login&a=checksession
INFO: [ app_init ] --START--
INFO: Run Behavior\BuildLiteBehavior [ RunTime:0.000000s ]
INFO: [ app_init ] --END-- [ RunTime:0.000000s ]
INFO: [ app_begin ] --START--
INFO: Run Behavior\ReadHtmlCacheBehavior [ RunTime:0.002000s ]
INFO: [ app_begin ] --END-- [ RunTime:0.002000s ]
SQL: SHOW COLUMNS FROM `zk_session` [ RunTime:0.0030s ]
SQL: SELECT * FROM `zk_session` WHERE `skey` = '7a9ea3316a1ce4417e33b15c5d56a8fd' LIMIT 1   [ RunTime:0.0000s ]

[ 2017-07-28T15:21:36+08:00 ] 192.168.101.16 /index.php?m=home&c=login&a=checksession
INFO: [ app_init ] --START--
INFO: Run Behavior\BuildLiteBehavior [ RunTime:0.000000s ]
INFO: [ app_init ] --END-- [ RunTime:0.001000s ]
INFO: [ app_begin ] --START--
INFO: Run Behavior\ReadHtmlCacheBehavior [ RunTime:0.000000s ]
INFO: [ app_begin ] --END-- [ RunTime:0.000000s ]
SQL: SHOW COLUMNS FROM `zk_session` [ RunTime:0.0030s ]
SQL: SELECT * FROM `zk_session` WHERE `skey` = '7a9ea3316a1ce4417e33b15c5d56a8fd' LIMIT 1   [ RunTime:0.0010s ]

[ 2017-07-28T15:21:44+08:00 ] 192.168.101.16 /index.php?m=home&c=login&a=checksession
INFO: [ app_init ] --START--
INFO: Run Behavior\BuildLiteBehavior [ RunTime:0.000000s ]
INFO: [ app_init ] --END-- [ RunTime:0.001000s ]
INFO: [ app_begin ] --START--
INFO: Run Behavior\ReadHtmlCacheBehavior [ RunTime:0.000000s ]
INFO: [ app_begin ] --END-- [ RunTime:0.000000s ]
SQL: SHOW COLUMNS FROM `zk_session` [ RunTime:0.0030s ]
SQL: SELECT * FROM `zk_session` WHERE `skey` = '7a9ea3316a1ce4417e33b15c5d56a8fd' LIMIT 1   [ RunTime:0.0010s ]

[ 2017-07-28T15:22:10+08:00 ] 192.168.101.16 /index.php?m=home&c=login&a=checksession
INFO: [ app_init ] --START--
INFO: Run Behavior\BuildLiteBehavior [ RunTime:0.000000s ]
INFO: [ app_init ] --END-- [ RunTime:0.000000s ]
INFO: [ app_begin ] --START--
INFO: Run Behavior\ReadHtmlCacheBehavior [ RunTime:0.001000s ]
INFO: [ app_begin ] --END-- [ RunTime:0.001000s ]
SQL: SHOW COLUMNS FROM `zk_session` [ RunTime:0.0040s ]
SQL: SELECT * FROM `zk_session` WHERE `skey` = '7a9ea3316a1ce4417e33b15c5d56a8fd' LIMIT 1   [ RunTime:0.0000s ]

[ 2017-07-28T15:22:17+08:00 ] 192.168.101.16 /index.php?m=home&c=login&a=checksession
INFO: [ app_init ] --START--
INFO: Run Behavior\BuildLiteBehavior [ RunTime:0.000000s ]
INFO: [ app_init ] --END-- [ RunTime:0.001000s ]
INFO: [ app_begin ] --START--
INFO: Run Behavior\ReadHtmlCacheBehavior [ RunTime:0.002000s ]
INFO: [ app_begin ] --END-- [ RunTime:0.002000s ]
SQL: SHOW COLUMNS FROM `zk_session` [ RunTime:0.0030s ]
SQL: SELECT * FROM `zk_session` WHERE `skey` = '7a9ea3316a1ce4417e33b15c5d56a8fd' LIMIT 1   [ RunTime:0.0000s ]

[ 2017-07-28T15:22:21+08:00 ] 192.168.101.16 /index.php?m=home&c=login&a=checksession
INFO: [ app_init ] --START--
INFO: Run Behavior\BuildLiteBehavior [ RunTime:0.000000s ]
INFO: [ app_init ] --END-- [ RunTime:0.001000s ]
INFO: [ app_begin ] --START--
INFO: Run Behavior\ReadHtmlCacheBehavior [ RunTime:0.000000s ]
INFO: [ app_begin ] --END-- [ RunTime:0.000000s ]
SQL: SHOW COLUMNS FROM `zk_session` [ RunTime:0.0020s ]
SQL: SELECT * FROM `zk_session` WHERE `skey` = '7a9ea3316a1ce4417e33b15c5d56a8fd' LIMIT 1   [ RunTime:0.0000s ]

[ 2017-07-28T15:22:35+08:00 ] 192.168.101.16 /index.php?m=home&c=login&a=checksession
INFO: [ app_init ] --START--
INFO: Run Behavior\BuildLiteBehavior [ RunTime:0.000000s ]
INFO: [ app_init ] --END-- [ RunTime:0.001000s ]
INFO: [ app_begin ] --START--
INFO: Run Behavior\ReadHtmlCacheBehavior [ RunTime:0.001000s ]
INFO: [ app_begin ] --END-- [ RunTime:0.001000s ]
SQL: SHOW COLUMNS FROM `zk_session` [ RunTime:0.0040s ]
SQL: SELECT * FROM `zk_session` WHERE `skey` = '7a9ea3316a1ce4417e33b15c5d56a8fd' LIMIT 1   [ RunTime:0.0000s ]

[ 2017-07-28T15:42:27+08:00 ] 192.168.101.16 /index.php?m=home&c=login&a=checksession
INFO: [ app_init ] --START--
INFO: Run Behavior\BuildLiteBehavior [ RunTime:0.000000s ]
INFO: [ app_init ] --END-- [ RunTime:0.000000s ]
INFO: [ app_begin ] --START--
INFO: Run Behavior\ReadHtmlCacheBehavior [ RunTime:0.000000s ]
INFO: [ app_begin ] --END-- [ RunTime:0.000000s ]
SQL: SHOW COLUMNS FROM `zk_session` [ RunTime:0.0020s ]
SQL: SELECT * FROM `zk_session` WHERE `skey` = '7a9ea3316a1ce4417e33b15c5d56a8fd' LIMIT 1   [ RunTime:0.0000s ]

[ 2017-07-28T15:43:04+08:00 ] 192.168.101.16 /index.php?m=home&c=login&a=checksession
INFO: [ app_init ] --START--
INFO: Run Behavior\BuildLiteBehavior [ RunTime:0.000000s ]
INFO: [ app_init ] --END-- [ RunTime:0.001000s ]
INFO: [ app_begin ] --START--
INFO: Run Behavior\ReadHtmlCacheBehavior [ RunTime:0.001000s ]
INFO: [ app_begin ] --END-- [ RunTime:0.001000s ]
SQL: SHOW COLUMNS FROM `zk_session` [ RunTime:0.0040s ]
SQL: SELECT * FROM `zk_session` WHERE `skey` = '7a9ea3316a1ce4417e33b15c5d56a8fd' LIMIT 1   [ RunTime:0.0000s ]

[ 2017-07-28T15:43:07+08:00 ] 192.168.101.16 /index.php?m=home&c=login&a=checksession
INFO: [ app_init ] --START--
INFO: Run Behavior\BuildLiteBehavior [ RunTime:0.000000s ]
INFO: [ app_init ] --END-- [ RunTime:0.000000s ]
INFO: [ app_begin ] --START--
INFO: Run Behavior\ReadHtmlCacheBehavior [ RunTime:0.001000s ]
INFO: [ app_begin ] --END-- [ RunTime:0.001000s ]
SQL: SHOW COLUMNS FROM `zk_session` [ RunTime:0.0030s ]
SQL: SELECT * FROM `zk_session` WHERE `skey` = '7a9ea3316a1ce4417e33b15c5d56a8fd' LIMIT 1   [ RunTime:0.0000s ]

[ 2017-07-28T15:44:04+08:00 ] 192.168.101.16 /index.php?m=home&c=login&a=checksession
INFO: [ app_init ] --START--
INFO: Run Behavior\BuildLiteBehavior [ RunTime:0.000000s ]
INFO: [ app_init ] --END-- [ RunTime:0.000000s ]
INFO: [ app_begin ] --START--
INFO: Run Behavior\ReadHtmlCacheBehavior [ RunTime:0.001000s ]
INFO: [ app_begin ] --END-- [ RunTime:0.001000s ]
SQL: SHOW COLUMNS FROM `zk_session` [ RunTime:0.0030s ]
SQL: SELECT * FROM `zk_session` WHERE `skey` = '7a9ea3316a1ce4417e33b15c5d56a8fd' LIMIT 1   [ RunTime:0.0000s ]

[ 2017-07-28T15:44:18+08:00 ] 192.168.101.16 /index.php?m=home&c=login&a=checksession
INFO: [ app_init ] --START--
INFO: Run Behavior\BuildLiteBehavior [ RunTime:0.000000s ]
INFO: [ app_init ] --END-- [ RunTime:0.000000s ]
INFO: [ app_begin ] --START--
INFO: Run Behavior\ReadHtmlCacheBehavior [ RunTime:0.000000s ]
INFO: [ app_begin ] --END-- [ RunTime:0.000000s ]
SQL: SHOW COLUMNS FROM `zk_session` [ RunTime:0.0030s ]
SQL: SELECT * FROM `zk_session` WHERE `skey` = '7a9ea3316a1ce4417e33b15c5d56a8fd' LIMIT 1   [ RunTime:0.0010s ]

[ 2017-07-28T15:49:21+08:00 ] 192.168.101.16 /index.php?m=home&c=login&a=checksession
INFO: [ app_init ] --START--
INFO: Run Behavior\BuildLiteBehavior [ RunTime:0.000000s ]
INFO: [ app_init ] --END-- [ RunTime:0.001000s ]
INFO: [ app_begin ] --START--
INFO: Run Behavior\ReadHtmlCacheBehavior [ RunTime:0.001000s ]
INFO: [ app_begin ] --END-- [ RunTime:0.001000s ]
SQL: SHOW COLUMNS FROM `zk_session` [ RunTime:0.0040s ]
SQL: SELECT * FROM `zk_session` WHERE `skey` = '7a9ea3316a1ce4417e33b15c5d56a8fd' LIMIT 1   [ RunTime:0.0000s ]

[ 2017-07-28T15:51:02+08:00 ] 192.168.101.16 /index.php?m=home&c=login&a=checksession
INFO: [ app_init ] --START--
INFO: Run Behavior\BuildLiteBehavior [ RunTime:0.000000s ]
INFO: [ app_init ] --END-- [ RunTime:0.001000s ]
INFO: [ app_begin ] --START--
INFO: Run Behavior\ReadHtmlCacheBehavior [ RunTime:0.000000s ]
INFO: [ app_begin ] --END-- [ RunTime:0.000000s ]
SQL: SHOW COLUMNS FROM `zk_session` [ RunTime:0.0030s ]
SQL: SELECT * FROM `zk_session` WHERE `skey` = '7a9ea3316a1ce4417e33b15c5d56a8fd' LIMIT 1   [ RunTime:0.0010s ]

[ 2017-07-28T15:54:26+08:00 ] 192.168.100.252 /index.php?m=home&c=login&a=checksession
INFO: [ app_init ] --START--
INFO: Run Behavior\BuildLiteBehavior [ RunTime:0.000000s ]
INFO: [ app_init ] --END-- [ RunTime:0.000000s ]
INFO: [ app_begin ] --START--
INFO: Run Behavior\ReadHtmlCacheBehavior [ RunTime:0.000000s ]
INFO: [ app_begin ] --END-- [ RunTime:0.000000s ]
SQL: SHOW COLUMNS FROM `zk_session` [ RunTime:0.0010s ]
SQL: SELECT * FROM `zk_session` WHERE `skey` = 'ac3d2206b90325a647f01b87f17a14c5' LIMIT 1   [ RunTime:0.0010s ]

[ 2017-07-28T15:54:26+08:00 ] 192.168.100.252 /index.php?m=home&c=login&a=index
INFO: [ app_init ] --START--
INFO: Run Behavior\BuildLiteBehavior [ RunTime:0.000000s ]
INFO: [ app_init ] --END-- [ RunTime:0.001001s ]
INFO: [ app_begin ] --START--
INFO: Run Behavior\ReadHtmlCacheBehavior [ RunTime:0.000000s ]
INFO: [ app_begin ] --END-- [ RunTime:0.000000s ]
SQL: SHOW COLUMNS FROM `zk_user` [ RunTime:0.0020s ]
SQL: SELECT * FROM `zk_user` WHERE `openid` = 'oUpv60E98MOGnr9Z9Ele1UYroiLQ' LIMIT 1   [ RunTime:0.0000s ]
SQL: SHOW COLUMNS FROM `zk_session` [ RunTime:0.0010s ]
SQL: UPDATE `zk_session` SET `session_key`='U3b8k66q4RPcfHq9YWYI3Q==',`skey`='3d11a94ddc2d87967877997aeb0f0413',`last_visit_time`='1501228466' [ RunTime:0.0450s ]

[ 2017-07-28T15:54:30+08:00 ] 192.168.100.252 /index.php?m=home&c=login&a=checksession
INFO: [ app_init ] --START--
INFO: Run Behavior\BuildLiteBehavior [ RunTime:0.000000s ]
INFO: [ app_init ] --END-- [ RunTime:0.000000s ]
INFO: [ app_begin ] --START--
INFO: Run Behavior\ReadHtmlCacheBehavior [ RunTime:0.000000s ]
INFO: [ app_begin ] --END-- [ RunTime:0.000000s ]
SQL: SHOW COLUMNS FROM `zk_session` [ RunTime:0.0010s ]
SQL: SELECT * FROM `zk_session` WHERE `skey` = '3d11a94ddc2d87967877997aeb0f0413' LIMIT 1   [ RunTime:0.0010s ]

[ 2017-07-28T16:20:41+08:00 ] 192.168.100.252 /index.php?m=home&c=login&a=checksession
INFO: [ app_init ] --START--
INFO: Run Behavior\BuildLiteBehavior [ RunTime:0.000000s ]
INFO: [ app_init ] --END-- [ RunTime:0.000000s ]
INFO: [ app_begin ] --START--
INFO: Run Behavior\ReadHtmlCacheBehavior [ RunTime:0.001000s ]
INFO: [ app_begin ] --END-- [ RunTime:0.001000s ]
SQL: SHOW COLUMNS FROM `zk_session` [ RunTime:0.0020s ]
SQL: SELECT * FROM `zk_session` WHERE `skey` = '3d11a94ddc2d87967877997aeb0f0413' LIMIT 1   [ RunTime:0.0000s ]

[ 2017-07-28T16:40:12+08:00 ] 192.168.100.252 /index.php?m=home&c=login&a=checksession
INFO: [ app_init ] --START--
INFO: Run Behavior\BuildLiteBehavior [ RunTime:0.000000s ]
INFO: [ app_init ] --END-- [ RunTime:0.000000s ]
INFO: [ app_begin ] --START--
INFO: Run Behavior\ReadHtmlCacheBehavior [ RunTime:0.000000s ]
INFO: [ app_begin ] --END-- [ RunTime:0.000000s ]
SQL: SHOW COLUMNS FROM `zk_session` [ RunTime:0.0180s ]
SQL: SELECT * FROM `zk_session` WHERE `skey` = '3d11a94ddc2d87967877997aeb0f0413' LIMIT 1   [ RunTime:0.0010s ]

[ 2017-07-28T16:55:46+08:00 ] 192.168.100.252 /index.php?m=home&c=login&a=checksession
INFO: [ app_init ] --START--
INFO: Run Behavior\BuildLiteBehavior [ RunTime:0.000000s ]
INFO: [ app_init ] --END-- [ RunTime:0.000000s ]
INFO: [ app_begin ] --START--
INFO: Run Behavior\ReadHtmlCacheBehavior [ RunTime:0.000000s ]
INFO: [ app_begin ] --END-- [ RunTime:0.000000s ]
SQL: SHOW COLUMNS FROM `zk_session` [ RunTime:0.0020s ]
SQL: SELECT * FROM `zk_session` WHERE `skey` = '3d11a94ddc2d87967877997aeb0f0413' LIMIT 1   [ RunTime:0.0000s ]

[ 2017-07-28T16:56:02+08:00 ] 192.168.100.252 /index.php?m=home&c=login&a=checksession
INFO: [ app_init ] --START--
INFO: Run Behavior\BuildLiteBehavior [ RunTime:0.000000s ]
INFO: [ app_init ] --END-- [ RunTime:0.000000s ]
INFO: [ app_begin ] --START--
INFO: Run Behavior\ReadHtmlCacheBehavior [ RunTime:0.000000s ]
INFO: [ app_begin ] --END-- [ RunTime:0.000000s ]
SQL: SHOW COLUMNS FROM `zk_session` [ RunTime:0.0020s ]
SQL: SELECT * FROM `zk_session` WHERE `skey` = '3d11a94ddc2d87967877997aeb0f0413' LIMIT 1   [ RunTime:0.0000s ]

[ 2017-07-28T16:56:17+08:00 ] 192.168.100.252 /index.php?m=home&c=login&a=checksession
INFO: [ app_init ] --START--
INFO: Run Behavior\BuildLiteBehavior [ RunTime:0.000000s ]
INFO: [ app_init ] --END-- [ RunTime:0.001000s ]
INFO: [ app_begin ] --START--
INFO: Run Behavior\ReadHtmlCacheBehavior [ RunTime:0.000000s ]
INFO: [ app_begin ] --END-- [ RunTime:0.000000s ]
SQL: SHOW COLUMNS FROM `zk_session` [ RunTime:0.0020s ]
SQL: SELECT * FROM `zk_session` WHERE `skey` = '3d11a94ddc2d87967877997aeb0f0413' LIMIT 1   [ RunTime:0.0000s ]

[ 2017-07-28T16:56:44+08:00 ] 192.168.101.12 /index.php?m=home&c=login&a=checksession
INFO: [ app_init ] --START--
INFO: Run Behavior\BuildLiteBehavior [ RunTime:0.000000s ]
INFO: [ app_init ] --END-- [ RunTime:0.000000s ]
INFO: [ app_begin ] --START--
INFO: Run Behavior\ReadHtmlCacheBehavior [ RunTime:0.001001s ]
INFO: [ app_begin ] --END-- [ RunTime:0.001001s ]
SQL: SHOW COLUMNS FROM `zk_session` [ RunTime:0.0060s ]
SQL: SELECT * FROM `zk_session` WHERE `skey` = 'aa0de6bc7a0f11286db1f1906ec9a33b' LIMIT 1   [ RunTime:0.0010s ]

[ 2017-07-28T16:56:45+08:00 ] 192.168.101.12 /index.php?m=home&c=login&a=index
INFO: [ app_init ] --START--
INFO: Run Behavior\BuildLiteBehavior [ RunTime:0.000000s ]
INFO: [ app_init ] --END-- [ RunTime:0.001000s ]
INFO: [ app_begin ] --START--
INFO: Run Behavior\ReadHtmlCacheBehavior [ RunTime:0.001000s ]
INFO: [ app_begin ] --END-- [ RunTime:0.001000s ]
SQL: SHOW COLUMNS FROM `zk_user` [ RunTime:0.0060s ]
SQL: SELECT * FROM `zk_user` WHERE `openid` = 'oUpv60HIpXCxcpjddDq5p7ZOPmYQ' LIMIT 1   [ RunTime:0.0000s ]
SQL: SHOW COLUMNS FROM `zk_session` [ RunTime:0.0070s ]
SQL: UPDATE `zk_session` SET `session_key`='7EL2SVlVJPMPEkLpjuVltg==',`skey`='96133f7ae2d46e4da49f5525c0d36971',`last_visit_time`='1501232205' [ RunTime:0.1040s ]

[ 2017-07-28T16:57:34+08:00 ] 192.168.101.12 /index.php?m=home&c=login&a=checksession
INFO: [ app_init ] --START--
INFO: Run Behavior\BuildLiteBehavior [ RunTime:0.000000s ]
INFO: [ app_init ] --END-- [ RunTime:0.001000s ]
INFO: [ app_begin ] --START--
INFO: Run Behavior\ReadHtmlCacheBehavior [ RunTime:0.001001s ]
INFO: [ app_begin ] --END-- [ RunTime:0.001001s ]
SQL: SHOW COLUMNS FROM `zk_session` [ RunTime:0.0030s ]
SQL: SELECT * FROM `zk_session` WHERE `skey` = '96133f7ae2d46e4da49f5525c0d36971' LIMIT 1   [ RunTime:0.0000s ]

[ 2017-07-28T16:57:47+08:00 ] 192.168.101.12 /index.php?m=home&c=login&a=checksession
INFO: [ app_init ] --START--
INFO: Run Behavior\BuildLiteBehavior [ RunTime:0.000000s ]
INFO: [ app_init ] --END-- [ RunTime:0.001000s ]
INFO: [ app_begin ] --START--
INFO: Run Behavior\ReadHtmlCacheBehavior [ RunTime:0.001001s ]
INFO: [ app_begin ] --END-- [ RunTime:0.001001s ]
SQL: SHOW COLUMNS FROM `zk_session` [ RunTime:0.0030s ]
SQL: SELECT * FROM `zk_session` WHERE `skey` = '96133f7ae2d46e4da49f5525c0d36971' LIMIT 1   [ RunTime:0.0010s ]

[ 2017-07-28T16:57:53+08:00 ] 192.168.101.12 /index.php?m=home&c=login&a=checksession
INFO: [ app_init ] --START--
INFO: Run Behavior\BuildLiteBehavior [ RunTime:0.000000s ]
INFO: [ app_init ] --END-- [ RunTime:0.001000s ]
INFO: [ app_begin ] --START--
INFO: Run Behavior\ReadHtmlCacheBehavior [ RunTime:0.002000s ]
INFO: [ app_begin ] --END-- [ RunTime:0.002000s ]
SQL: SHOW COLUMNS FROM `zk_session` [ RunTime:0.0030s ]
SQL: SELECT * FROM `zk_session` WHERE `skey` = '96133f7ae2d46e4da49f5525c0d36971' LIMIT 1   [ RunTime:0.0010s ]

[ 2017-07-28T16:58:13+08:00 ] 192.168.101.12 /index.php?m=home&c=login&a=checksession
INFO: [ app_init ] --START--
INFO: Run Behavior\BuildLiteBehavior [ RunTime:0.000000s ]
INFO: [ app_init ] --END-- [ RunTime:0.000000s ]
INFO: [ app_begin ] --START--
INFO: Run Behavior\ReadHtmlCacheBehavior [ RunTime:0.001000s ]
INFO: [ app_begin ] --END-- [ RunTime:0.001000s ]
SQL: SHOW COLUMNS FROM `zk_session` [ RunTime:0.0040s ]
SQL: SELECT * FROM `zk_session` WHERE `skey` = '96133f7ae2d46e4da49f5525c0d36971' LIMIT 1   [ RunTime:0.0000s ]

[ 2017-07-28T16:58:29+08:00 ] 192.168.101.12 /index.php?m=home&c=login&a=checksession
INFO: [ app_init ] --START--
INFO: Run Behavior\BuildLiteBehavior [ RunTime:0.000000s ]
INFO: [ app_init ] --END-- [ RunTime:0.001000s ]
INFO: [ app_begin ] --START--
INFO: Run Behavior\ReadHtmlCacheBehavior [ RunTime:0.001000s ]
INFO: [ app_begin ] --END-- [ RunTime:0.001000s ]
SQL: SHOW COLUMNS FROM `zk_session` [ RunTime:0.0020s ]
SQL: SELECT * FROM `zk_session` WHERE `skey` = '96133f7ae2d46e4da49f5525c0d36971' LIMIT 1   [ RunTime:0.0010s ]

[ 2017-07-28T16:59:01+08:00 ] 192.168.101.12 /index.php?m=home&c=login&a=checksession
INFO: [ app_init ] --START--
INFO: Run Behavior\BuildLiteBehavior [ RunTime:0.000000s ]
INFO: [ app_init ] --END-- [ RunTime:0.001000s ]
INFO: [ app_begin ] --START--
INFO: Run Behavior\ReadHtmlCacheBehavior [ RunTime:0.001000s ]
INFO: [ app_begin ] --END-- [ RunTime:0.001000s ]
SQL: SHOW COLUMNS FROM `zk_session` [ RunTime:0.0030s ]
SQL: SELECT * FROM `zk_session` WHERE `skey` = '96133f7ae2d46e4da49f5525c0d36971' LIMIT 1   [ RunTime:0.0000s ]

[ 2017-07-28T16:59:07+08:00 ] 192.168.101.12 /index.php?m=home&c=login&a=checksession
INFO: [ app_init ] --START--
INFO: Run Behavior\BuildLiteBehavior [ RunTime:0.000000s ]
INFO: [ app_init ] --END-- [ RunTime:0.001000s ]
INFO: [ app_begin ] --START--
INFO: Run Behavior\ReadHtmlCacheBehavior [ RunTime:0.001000s ]
INFO: [ app_begin ] --END-- [ RunTime:0.001000s ]
SQL: SHOW COLUMNS FROM `zk_session` [ RunTime:0.0040s ]
SQL: SELECT * FROM `zk_session` WHERE `skey` = '96133f7ae2d46e4da49f5525c0d36971' LIMIT 1   [ RunTime:0.0000s ]

[ 2017-07-28T16:59:27+08:00 ] 192.168.101.12 /index.php?m=home&c=login&a=checksession
INFO: [ app_init ] --START--
INFO: Run Behavior\BuildLiteBehavior [ RunTime:0.000000s ]
INFO: [ app_init ] --END-- [ RunTime:0.001000s ]
INFO: [ app_begin ] --START--
INFO: Run Behavior\ReadHtmlCacheBehavior [ RunTime:0.001000s ]
INFO: [ app_begin ] --END-- [ RunTime:0.001000s ]
SQL: SHOW COLUMNS FROM `zk_session` [ RunTime:0.0060s ]
SQL: SELECT * FROM `zk_session` WHERE `skey` = '96133f7ae2d46e4da49f5525c0d36971' LIMIT 1   [ RunTime:0.0000s ]

[ 2017-07-28T17:00:24+08:00 ] 192.168.101.12 /index.php?m=home&c=login&a=checksession
INFO: [ app_init ] --START--
INFO: Run Behavior\BuildLiteBehavior [ RunTime:0.000000s ]
INFO: [ app_init ] --END-- [ RunTime:0.000000s ]
INFO: [ app_begin ] --START--
INFO: Run Behavior\ReadHtmlCacheBehavior [ RunTime:0.001000s ]
INFO: [ app_begin ] --END-- [ RunTime:0.001000s ]
SQL: SHOW COLUMNS FROM `zk_session` [ RunTime:0.0030s ]
SQL: SELECT * FROM `zk_session` WHERE `skey` = '96133f7ae2d46e4da49f5525c0d36971' LIMIT 1   [ RunTime:0.0000s ]

[ 2017-07-28T17:01:07+08:00 ] 192.168.101.12 /index.php?m=home&c=login&a=checksession
INFO: [ app_init ] --START--
INFO: Run Behavior\BuildLiteBehavior [ RunTime:0.001000s ]
INFO: [ app_init ] --END-- [ RunTime:0.001000s ]
INFO: [ app_begin ] --START--
INFO: Run Behavior\ReadHtmlCacheBehavior [ RunTime:0.002000s ]
INFO: [ app_begin ] --END-- [ RunTime:0.002000s ]
SQL: SHOW COLUMNS FROM `zk_session` [ RunTime:0.0030s ]
SQL: SELECT * FROM `zk_session` WHERE `skey` = '96133f7ae2d46e4da49f5525c0d36971' LIMIT 1   [ RunTime:0.0010s ]

[ 2017-07-28T17:02:24+08:00 ] 192.168.101.12 /index.php?m=home&c=login&a=checksession
INFO: [ app_init ] --START--
INFO: Run Behavior\BuildLiteBehavior [ RunTime:0.000000s ]
INFO: [ app_init ] --END-- [ RunTime:0.000000s ]
INFO: [ app_begin ] --START--
INFO: Run Behavior\ReadHtmlCacheBehavior [ RunTime:0.000000s ]
INFO: [ app_begin ] --END-- [ RunTime:0.000000s ]
SQL: SHOW COLUMNS FROM `zk_session` [ RunTime:0.0020s ]
SQL: SELECT * FROM `zk_session` WHERE `skey` = '96133f7ae2d46e4da49f5525c0d36971' LIMIT 1   [ RunTime:0.0000s ]

[ 2017-07-28T17:02:38+08:00 ] 192.168.101.12 /index.php?m=home&c=login&a=checksession
INFO: [ app_init ] --START--
INFO: Run Behavior\BuildLiteBehavior [ RunTime:0.000000s ]
INFO: [ app_init ] --END-- [ RunTime:0.001000s ]
INFO: [ app_begin ] --START--
INFO: Run Behavior\ReadHtmlCacheBehavior [ RunTime:0.000000s ]
INFO: [ app_begin ] --END-- [ RunTime:0.000000s ]
SQL: SHOW COLUMNS FROM `zk_session` [ RunTime:0.0030s ]
SQL: SELECT * FROM `zk_session` WHERE `skey` = '96133f7ae2d46e4da49f5525c0d36971' LIMIT 1   [ RunTime:0.0000s ]

[ 2017-07-28T17:02:58+08:00 ] 192.168.100.252 /index.php?m=home&c=login&a=checksession
INFO: [ app_init ] --START--
INFO: Run Behavior\BuildLiteBehavior [ RunTime:0.000000s ]
INFO: [ app_init ] --END-- [ RunTime:0.001000s ]
INFO: [ app_begin ] --START--
INFO: Run Behavior\ReadHtmlCacheBehavior [ RunTime:0.001000s ]
INFO: [ app_begin ] --END-- [ RunTime:0.001000s ]
SQL: SHOW COLUMNS FROM `zk_session` [ RunTime:0.3300s ]
SQL: SELECT * FROM `zk_session` WHERE `skey` = '3d11a94ddc2d87967877997aeb0f0413' LIMIT 1   [ RunTime:0.0010s ]

[ 2017-07-28T17:02:59+08:00 ] 192.168.100.252 /index.php?m=home&c=login&a=index
INFO: [ app_init ] --START--
INFO: Run Behavior\BuildLiteBehavior [ RunTime:0.000000s ]
INFO: [ app_init ] --END-- [ RunTime:0.001000s ]
INFO: [ app_begin ] --START--
INFO: Run Behavior\ReadHtmlCacheBehavior [ RunTime:0.000000s ]
INFO: [ app_begin ] --END-- [ RunTime:0.000000s ]
SQL: SHOW COLUMNS FROM `zk_user` [ RunTime:0.0020s ]
SQL: SELECT * FROM `zk_user` WHERE `openid` = 'oUpv60E98MOGnr9Z9Ele1UYroiLQ' LIMIT 1   [ RunTime:0.0000s ]
SQL: SHOW COLUMNS FROM `zk_session` [ RunTime:0.0020s ]
SQL: UPDATE `zk_session` SET `session_key`='bC3B2MVpoD5VsAKra2wSjw==',`skey`='1b37ea7ca4f39525cc88d851e3c47c69',`last_visit_time`='1501232578' [ RunTime:0.8831s ]

