[ 2017-08-21T09:02:37+08:00 ] 192.168.100.252 /index.php?m=home&c=login&a=check3rdSession
INFO: [ app_init ] --START--
INFO: Run Behavior\BuildLiteBehavior [ RunTime:0.000000s ]
INFO: [ app_init ] --END-- [ RunTime:0.000000s ]
INFO: [ app_begin ] --START--
INFO: Run Behavior\ReadHtmlCacheBehavior [ RunTime:0.000000s ]
INFO: [ app_begin ] --END-- [ RunTime:0.000000s ]
SQL: SHOW COLUMNS FROM `zk_session` [ RunTime:0.0030s ]
SQL: SELECT * FROM `zk_session` WHERE `skey` = '8e6217ac6594c018d4c22d588a93fc21' LIMIT 1   [ RunTime:0.0000s ]

[ 2017-08-21T09:03:57+08:00 ] 192.168.100.252 /index.php?m=home&c=login&a=check3rdSession
INFO: [ app_init ] --START--
INFO: Run Behavior\BuildLiteBehavior [ RunTime:0.000000s ]
INFO: [ app_init ] --END-- [ RunTime:0.002000s ]
INFO: [ app_begin ] --START--
INFO: Run Behavior\ReadHtmlCacheBehavior [ RunTime:0.001000s ]
INFO: [ app_begin ] --END-- [ RunTime:0.001000s ]
SQL: SHOW COLUMNS FROM `zk_session` [ RunTime:0.0030s ]
SQL: SELECT * FROM `zk_session` WHERE `skey` = '8e6217ac6594c018d4c22d588a93fc21' LIMIT 1   [ RunTime:0.0000s ]

[ 2017-08-21T09:04:20+08:00 ] 192.168.100.252 /index.php?m=home&c=login&a=check3rdSession
INFO: [ app_init ] --START--
INFO: Run Behavior\BuildLiteBehavior [ RunTime:0.000000s ]
INFO: [ app_init ] --END-- [ RunTime:0.000000s ]
INFO: [ app_begin ] --START--
INFO: Run Behavior\ReadHtmlCacheBehavior [ RunTime:0.001000s ]
INFO: [ app_begin ] --END-- [ RunTime:0.001000s ]
SQL: SHOW COLUMNS FROM `zk_session` [ RunTime:0.0030s ]
SQL: SELECT * FROM `zk_session` WHERE `skey` = '8e6217ac6594c018d4c22d588a93fc21' LIMIT 1   [ RunTime:0.0010s ]

[ 2017-08-21T09:04:33+08:00 ] 192.168.100.252 /index.php?m=home&c=login&a=check3rdSession
INFO: [ app_init ] --START--
INFO: Run Behavior\BuildLiteBehavior [ RunTime:0.000000s ]
INFO: [ app_init ] --END-- [ RunTime:0.001000s ]
INFO: [ app_begin ] --START--
INFO: Run Behavior\ReadHtmlCacheBehavior [ RunTime:0.001000s ]
INFO: [ app_begin ] --END-- [ RunTime:0.001000s ]
SQL: SHOW COLUMNS FROM `zk_session` [ RunTime:0.0040s ]
SQL: SELECT * FROM `zk_session` WHERE `skey` = '8e6217ac6594c018d4c22d588a93fc21' LIMIT 1   [ RunTime:0.0010s ]

[ 2017-08-21T09:07:12+08:00 ] 192.168.100.252 /index.php?m=home&c=login&a=check3rdSession
INFO: [ app_init ] --START--
INFO: Run Behavior\BuildLiteBehavior [ RunTime:0.000000s ]
INFO: [ app_init ] --END-- [ RunTime:0.000000s ]
INFO: [ app_begin ] --START--
INFO: Run Behavior\ReadHtmlCacheBehavior [ RunTime:0.000000s ]
INFO: [ app_begin ] --END-- [ RunTime:0.000000s ]
SQL: SHOW COLUMNS FROM `zk_session` [ RunTime:0.0030s ]
SQL: SELECT * FROM `zk_session` WHERE `skey` = '8e6217ac6594c018d4c22d588a93fc21' LIMIT 1   [ RunTime:0.0000s ]

[ 2017-08-21T09:08:25+08:00 ] 192.168.100.252 /index.php?m=home&c=login&a=check3rdSession
INFO: [ app_init ] --START--
INFO: Run Behavior\BuildLiteBehavior [ RunTime:0.000000s ]
INFO: [ app_init ] --END-- [ RunTime:0.000000s ]
INFO: [ app_begin ] --START--
INFO: Run Behavior\ReadHtmlCacheBehavior [ RunTime:0.000000s ]
INFO: [ app_begin ] --END-- [ RunTime:0.000000s ]
SQL: SHOW COLUMNS FROM `zk_session` [ RunTime:0.0030s ]
SQL: SELECT * FROM `zk_session` WHERE `skey` = '8e6217ac6594c018d4c22d588a93fc21' LIMIT 1   [ RunTime:0.0010s ]

[ 2017-08-21T09:09:53+08:00 ] 192.168.100.252 /index.php?m=home&c=login&a=check3rdSession
INFO: [ app_init ] --START--
INFO: Run Behavior\BuildLiteBehavior [ RunTime:0.000000s ]
INFO: [ app_init ] --END-- [ RunTime:0.001000s ]
INFO: [ app_begin ] --START--
INFO: Run Behavior\ReadHtmlCacheBehavior [ RunTime:0.001000s ]
INFO: [ app_begin ] --END-- [ RunTime:0.001000s ]
SQL: SHOW COLUMNS FROM `zk_session` [ RunTime:0.0040s ]
SQL: SELECT * FROM `zk_session` WHERE `skey` = '8e6217ac6594c018d4c22d588a93fc21' LIMIT 1   [ RunTime:0.0010s ]

[ 2017-08-21T09:10:30+08:00 ] 192.168.100.252 /index.php?m=home&c=login&a=check3rdSession
INFO: [ app_init ] --START--
INFO: Run Behavior\BuildLiteBehavior [ RunTime:0.000000s ]
INFO: [ app_init ] --END-- [ RunTime:0.003001s ]
INFO: [ app_begin ] --START--
INFO: Run Behavior\ReadHtmlCacheBehavior [ RunTime:0.001000s ]
INFO: [ app_begin ] --END-- [ RunTime:0.001000s ]
SQL: SHOW COLUMNS FROM `zk_session` [ RunTime:0.0030s ]
SQL: SELECT * FROM `zk_session` WHERE `skey` = '8e6217ac6594c018d4c22d588a93fc21' LIMIT 1   [ RunTime:0.0000s ]

[ 2017-08-21T09:11:14+08:00 ] 192.168.100.252 /index.php?m=home&c=login&a=check3rdSession
INFO: [ app_init ] --START--
INFO: Run Behavior\BuildLiteBehavior [ RunTime:0.000000s ]
INFO: [ app_init ] --END-- [ RunTime:0.001000s ]
INFO: [ app_begin ] --START--
INFO: Run Behavior\ReadHtmlCacheBehavior [ RunTime:0.000000s ]
INFO: [ app_begin ] --END-- [ RunTime:0.000000s ]
SQL: SHOW COLUMNS FROM `zk_session` [ RunTime:0.0040s ]
SQL: SELECT * FROM `zk_session` WHERE `skey` = '8e6217ac6594c018d4c22d588a93fc21' LIMIT 1   [ RunTime:0.0000s ]

[ 2017-08-21T09:11:31+08:00 ] 192.168.100.252 /index.php?m=home&c=login&a=check3rdSession
INFO: [ app_init ] --START--
INFO: Run Behavior\BuildLiteBehavior [ RunTime:0.000000s ]
INFO: [ app_init ] --END-- [ RunTime:0.000000s ]
INFO: [ app_begin ] --START--
INFO: Run Behavior\ReadHtmlCacheBehavior [ RunTime:0.000000s ]
INFO: [ app_begin ] --END-- [ RunTime:0.000000s ]
SQL: SHOW COLUMNS FROM `zk_session` [ RunTime:0.0040s ]
SQL: SELECT * FROM `zk_session` WHERE `skey` = '8e6217ac6594c018d4c22d588a93fc21' LIMIT 1   [ RunTime:0.0000s ]

[ 2017-08-21T09:12:42+08:00 ] 192.168.100.252 /index.php?m=home&c=login&a=check3rdSession
INFO: [ app_init ] --START--
INFO: Run Behavior\BuildLiteBehavior [ RunTime:0.000000s ]
INFO: [ app_init ] --END-- [ RunTime:0.000000s ]
INFO: [ app_begin ] --START--
INFO: Run Behavior\ReadHtmlCacheBehavior [ RunTime:0.000000s ]
INFO: [ app_begin ] --END-- [ RunTime:0.000000s ]
SQL: SHOW COLUMNS FROM `zk_session` [ RunTime:0.0030s ]
SQL: SELECT * FROM `zk_session` WHERE `skey` = '8e6217ac6594c018d4c22d588a93fc21' LIMIT 1   [ RunTime:0.0000s ]

[ 2017-08-21T09:13:57+08:00 ] 192.168.100.252 /index.php?m=home&c=login&a=check3rdSession
INFO: [ app_init ] --START--
INFO: Run Behavior\BuildLiteBehavior [ RunTime:0.000000s ]
INFO: [ app_init ] --END-- [ RunTime:0.001000s ]
INFO: [ app_begin ] --START--
INFO: Run Behavior\ReadHtmlCacheBehavior [ RunTime:0.000000s ]
INFO: [ app_begin ] --END-- [ RunTime:0.000000s ]
SQL: SHOW COLUMNS FROM `zk_session` [ RunTime:0.0030s ]
SQL: SELECT * FROM `zk_session` WHERE `skey` = '8e6217ac6594c018d4c22d588a93fc21' LIMIT 1   [ RunTime:0.0000s ]

[ 2017-08-21T09:14:52+08:00 ] 192.168.100.252 /index.php?m=home&c=login&a=check3rdSession
INFO: [ app_init ] --START--
INFO: Run Behavior\BuildLiteBehavior [ RunTime:0.000000s ]
INFO: [ app_init ] --END-- [ RunTime:0.001000s ]
INFO: [ app_begin ] --START--
INFO: Run Behavior\ReadHtmlCacheBehavior [ RunTime:0.001000s ]
INFO: [ app_begin ] --END-- [ RunTime:0.001000s ]
SQL: SHOW COLUMNS FROM `zk_session` [ RunTime:0.0120s ]
SQL: SELECT * FROM `zk_session` WHERE `skey` = '8e6217ac6594c018d4c22d588a93fc21' LIMIT 1   [ RunTime:0.0000s ]

[ 2017-08-21T09:15:42+08:00 ] 192.168.100.252 /index.php?m=home&c=login&a=check3rdSession
INFO: [ app_init ] --START--
INFO: Run Behavior\BuildLiteBehavior [ RunTime:0.000000s ]
INFO: [ app_init ] --END-- [ RunTime:0.000000s ]
INFO: [ app_begin ] --START--
INFO: Run Behavior\ReadHtmlCacheBehavior [ RunTime:0.000000s ]
INFO: [ app_begin ] --END-- [ RunTime:0.000000s ]
SQL: SHOW COLUMNS FROM `zk_session` [ RunTime:0.0030s ]
SQL: SELECT * FROM `zk_session` WHERE `skey` = '8e6217ac6594c018d4c22d588a93fc21' LIMIT 1   [ RunTime:0.0000s ]

[ 2017-08-21T09:15:52+08:00 ] 192.168.100.252 /index.php?m=home&c=login&a=check3rdSession
INFO: [ app_init ] --START--
INFO: Run Behavior\BuildLiteBehavior [ RunTime:0.000000s ]
INFO: [ app_init ] --END-- [ RunTime:0.000000s ]
INFO: [ app_begin ] --START--
INFO: Run Behavior\ReadHtmlCacheBehavior [ RunTime:0.000000s ]
INFO: [ app_begin ] --END-- [ RunTime:0.000000s ]
SQL: SHOW COLUMNS FROM `zk_session` [ RunTime:0.0200s ]
SQL: SELECT * FROM `zk_session` WHERE `skey` = '8e6217ac6594c018d4c22d588a93fc21' LIMIT 1   [ RunTime:0.0000s ]

[ 2017-08-21T09:16:13+08:00 ] 192.168.100.252 /index.php?m=home&c=login&a=check3rdSession
INFO: [ app_init ] --START--
INFO: Run Behavior\BuildLiteBehavior [ RunTime:0.000000s ]
INFO: [ app_init ] --END-- [ RunTime:0.000000s ]
INFO: [ app_begin ] --START--
INFO: Run Behavior\ReadHtmlCacheBehavior [ RunTime:0.000000s ]
INFO: [ app_begin ] --END-- [ RunTime:0.000000s ]
SQL: SHOW COLUMNS FROM `zk_session` [ RunTime:0.0030s ]
SQL: SELECT * FROM `zk_session` WHERE `skey` = '8e6217ac6594c018d4c22d588a93fc21' LIMIT 1   [ RunTime:0.0000s ]

[ 2017-08-21T09:16:50+08:00 ] 192.168.103.86 /index.php?m=home&c=login&a=check3rdSession
INFO: [ app_init ] --START--
INFO: Run Behavior\BuildLiteBehavior [ RunTime:0.000000s ]
INFO: [ app_init ] --END-- [ RunTime:0.000000s ]
INFO: [ app_begin ] --START--
INFO: Run Behavior\ReadHtmlCacheBehavior [ RunTime:0.001000s ]
INFO: [ app_begin ] --END-- [ RunTime:0.001000s ]
SQL: SHOW COLUMNS FROM `zk_session` [ RunTime:0.0030s ]
SQL: SELECT * FROM `zk_session` WHERE `skey` = '79ac34f5b613c0fb7064bcfb91e30e8e' LIMIT 1   [ RunTime:0.0000s ]

[ 2017-08-21T09:17:37+08:00 ] 192.168.100.252 /index.php?m=home&c=login&a=check3rdSession
INFO: [ app_init ] --START--
INFO: Run Behavior\BuildLiteBehavior [ RunTime:0.000000s ]
INFO: [ app_init ] --END-- [ RunTime:0.001000s ]
INFO: [ app_begin ] --START--
INFO: Run Behavior\ReadHtmlCacheBehavior [ RunTime:0.000000s ]
INFO: [ app_begin ] --END-- [ RunTime:0.000000s ]
SQL: SHOW COLUMNS FROM `zk_session` [ RunTime:0.0040s ]
SQL: SELECT * FROM `zk_session` WHERE `skey` = '8e6217ac6594c018d4c22d588a93fc21' LIMIT 1   [ RunTime:0.0000s ]

[ 2017-08-21T09:20:55+08:00 ] 192.168.100.252 /index.php?m=home&c=login&a=check3rdSession
INFO: [ app_init ] --START--
INFO: Run Behavior\BuildLiteBehavior [ RunTime:0.000000s ]
INFO: [ app_init ] --END-- [ RunTime:0.000000s ]
INFO: [ app_begin ] --START--
INFO: Run Behavior\ReadHtmlCacheBehavior [ RunTime:0.001000s ]
INFO: [ app_begin ] --END-- [ RunTime:0.001000s ]
SQL: SHOW COLUMNS FROM `zk_session` [ RunTime:0.0030s ]
SQL: SELECT * FROM `zk_session` WHERE `skey` = '8e6217ac6594c018d4c22d588a93fc21' LIMIT 1   [ RunTime:0.0000s ]

[ 2017-08-21T09:23:31+08:00 ] 192.168.100.252 /index.php?m=home&c=login&a=check3rdSession
INFO: [ app_init ] --START--
INFO: Run Behavior\BuildLiteBehavior [ RunTime:0.000000s ]
INFO: [ app_init ] --END-- [ RunTime:0.000000s ]
INFO: [ app_begin ] --START--
INFO: Run Behavior\ReadHtmlCacheBehavior [ RunTime:0.001000s ]
INFO: [ app_begin ] --END-- [ RunTime:0.001000s ]
SQL: SHOW COLUMNS FROM `zk_session` [ RunTime:0.0120s ]
SQL: SELECT * FROM `zk_session` WHERE `skey` = '8e6217ac6594c018d4c22d588a93fc21' LIMIT 1   [ RunTime:0.0000s ]

[ 2017-08-21T09:24:32+08:00 ] 192.168.100.252 /index.php?m=home&c=login&a=check3rdSession
INFO: [ app_init ] --START--
INFO: Run Behavior\BuildLiteBehavior [ RunTime:0.000000s ]
INFO: [ app_init ] --END-- [ RunTime:0.000000s ]
INFO: [ app_begin ] --START--
INFO: Run Behavior\ReadHtmlCacheBehavior [ RunTime:0.001000s ]
INFO: [ app_begin ] --END-- [ RunTime:0.001000s ]
SQL: SHOW COLUMNS FROM `zk_session` [ RunTime:0.0450s ]
SQL: SELECT * FROM `zk_session` WHERE `skey` = '8e6217ac6594c018d4c22d588a93fc21' LIMIT 1   [ RunTime:0.0000s ]

[ 2017-08-21T09:25:33+08:00 ] 192.168.100.252 /index.php?m=home&c=login&a=check3rdSession
INFO: [ app_init ] --START--
INFO: Run Behavior\BuildLiteBehavior [ RunTime:0.000000s ]
INFO: [ app_init ] --END-- [ RunTime:0.000000s ]
INFO: [ app_begin ] --START--
INFO: Run Behavior\ReadHtmlCacheBehavior [ RunTime:0.000000s ]
INFO: [ app_begin ] --END-- [ RunTime:0.000000s ]
SQL: SHOW COLUMNS FROM `zk_session` [ RunTime:0.0560s ]
SQL: SELECT * FROM `zk_session` WHERE `skey` = '8e6217ac6594c018d4c22d588a93fc21' LIMIT 1   [ RunTime:0.0000s ]

[ 2017-08-21T09:26:12+08:00 ] 192.168.100.252 /index.php?m=home&c=login&a=check3rdSession
INFO: [ app_init ] --START--
INFO: Run Behavior\BuildLiteBehavior [ RunTime:0.000000s ]
INFO: [ app_init ] --END-- [ RunTime:0.001000s ]
INFO: [ app_begin ] --START--
INFO: Run Behavior\ReadHtmlCacheBehavior [ RunTime:0.000000s ]
INFO: [ app_begin ] --END-- [ RunTime:0.001000s ]
SQL: SHOW COLUMNS FROM `zk_session` [ RunTime:0.0150s ]
SQL: SELECT * FROM `zk_session` WHERE `skey` = '8e6217ac6594c018d4c22d588a93fc21' LIMIT 1   [ RunTime:0.0000s ]

[ 2017-08-21T09:27:13+08:00 ] 192.168.100.252 /index.php?m=home&c=login&a=check3rdSession
INFO: [ app_init ] --START--
INFO: Run Behavior\BuildLiteBehavior [ RunTime:0.000000s ]
INFO: [ app_init ] --END-- [ RunTime:0.001000s ]
INFO: [ app_begin ] --START--
INFO: Run Behavior\ReadHtmlCacheBehavior [ RunTime:0.000000s ]
INFO: [ app_begin ] --END-- [ RunTime:0.000000s ]
SQL: SHOW COLUMNS FROM `zk_session` [ RunTime:0.0390s ]
SQL: SELECT * FROM `zk_session` WHERE `skey` = '8e6217ac6594c018d4c22d588a93fc21' LIMIT 1   [ RunTime:0.0000s ]

[ 2017-08-21T09:27:55+08:00 ] 192.168.100.252 /index.php?m=home&c=login&a=check3rdSession
INFO: [ app_init ] --START--
INFO: Run Behavior\BuildLiteBehavior [ RunTime:0.000000s ]
INFO: [ app_init ] --END-- [ RunTime:0.000000s ]
INFO: [ app_begin ] --START--
INFO: Run Behavior\ReadHtmlCacheBehavior [ RunTime:0.000000s ]
INFO: [ app_begin ] --END-- [ RunTime:0.001000s ]
SQL: SHOW COLUMNS FROM `zk_session` [ RunTime:0.0830s ]
SQL: SELECT * FROM `zk_session` WHERE `skey` = '8e6217ac6594c018d4c22d588a93fc21' LIMIT 1   [ RunTime:0.0000s ]

[ 2017-08-21T09:29:10+08:00 ] 192.168.100.252 /index.php?m=home&c=login&a=check3rdSession
INFO: [ app_init ] --START--
INFO: Run Behavior\BuildLiteBehavior [ RunTime:0.000000s ]
INFO: [ app_init ] --END-- [ RunTime:0.000000s ]
INFO: [ app_begin ] --START--
INFO: Run Behavior\ReadHtmlCacheBehavior [ RunTime:0.000000s ]
INFO: [ app_begin ] --END-- [ RunTime:0.000000s ]
SQL: SHOW COLUMNS FROM `zk_session` [ RunTime:0.0220s ]
SQL: SELECT * FROM `zk_session` WHERE `skey` = '8e6217ac6594c018d4c22d588a93fc21' LIMIT 1   [ RunTime:0.0010s ]

[ 2017-08-21T09:29:32+08:00 ] 192.168.100.252 /index.php?m=home&c=login&a=check3rdSession
INFO: [ app_init ] --START--
INFO: Run Behavior\BuildLiteBehavior [ RunTime:0.000000s ]
INFO: [ app_init ] --END-- [ RunTime:0.001000s ]
INFO: [ app_begin ] --START--
INFO: Run Behavior\ReadHtmlCacheBehavior [ RunTime:0.001000s ]
INFO: [ app_begin ] --END-- [ RunTime:0.001000s ]
SQL: SHOW COLUMNS FROM `zk_session` [ RunTime:0.0030s ]
SQL: SELECT * FROM `zk_session` WHERE `skey` = '8e6217ac6594c018d4c22d588a93fc21' LIMIT 1   [ RunTime:0.0000s ]

[ 2017-08-21T09:29:48+08:00 ] 192.168.100.252 /index.php?m=home&c=login&a=check3rdSession
INFO: [ app_init ] --START--
INFO: Run Behavior\BuildLiteBehavior [ RunTime:0.000000s ]
INFO: [ app_init ] --END-- [ RunTime:0.001000s ]
INFO: [ app_begin ] --START--
INFO: Run Behavior\ReadHtmlCacheBehavior [ RunTime:0.000000s ]
INFO: [ app_begin ] --END-- [ RunTime:0.000000s ]
SQL: SHOW COLUMNS FROM `zk_session` [ RunTime:0.0090s ]
SQL: SELECT * FROM `zk_session` WHERE `skey` = '8e6217ac6594c018d4c22d588a93fc21' LIMIT 1   [ RunTime:0.0000s ]

[ 2017-08-21T09:30:37+08:00 ] 192.168.100.252 /index.php?m=home&c=login&a=check3rdSession
INFO: [ app_init ] --START--
INFO: Run Behavior\BuildLiteBehavior [ RunTime:0.000000s ]
INFO: [ app_init ] --END-- [ RunTime:0.000000s ]
INFO: [ app_begin ] --START--
INFO: Run Behavior\ReadHtmlCacheBehavior [ RunTime:0.000000s ]
INFO: [ app_begin ] --END-- [ RunTime:0.000000s ]
SQL: SHOW COLUMNS FROM `zk_session` [ RunTime:0.0030s ]
SQL: SELECT * FROM `zk_session` WHERE `skey` = '8e6217ac6594c018d4c22d588a93fc21' LIMIT 1   [ RunTime:0.0000s ]

[ 2017-08-21T09:33:24+08:00 ] 192.168.100.252 /index.php?m=home&c=login&a=check3rdSession
INFO: [ app_init ] --START--
INFO: Run Behavior\BuildLiteBehavior [ RunTime:0.000000s ]
INFO: [ app_init ] --END-- [ RunTime:0.000000s ]
INFO: [ app_begin ] --START--
INFO: Run Behavior\ReadHtmlCacheBehavior [ RunTime:0.000000s ]
INFO: [ app_begin ] --END-- [ RunTime:0.000000s ]
SQL: SHOW COLUMNS FROM `zk_session` [ RunTime:0.0030s ]
SQL: SELECT * FROM `zk_session` WHERE `skey` = '8e6217ac6594c018d4c22d588a93fc21' LIMIT 1   [ RunTime:0.0000s ]

[ 2017-08-21T09:34:20+08:00 ] 192.168.100.252 /index.php?m=home&c=login&a=check3rdSession
INFO: [ app_init ] --START--
INFO: Run Behavior\BuildLiteBehavior [ RunTime:0.000000s ]
INFO: [ app_init ] --END-- [ RunTime:0.000000s ]
INFO: [ app_begin ] --START--
INFO: Run Behavior\ReadHtmlCacheBehavior [ RunTime:0.001000s ]
INFO: [ app_begin ] --END-- [ RunTime:0.001000s ]
SQL: SHOW COLUMNS FROM `zk_session` [ RunTime:0.0020s ]
SQL: SELECT * FROM `zk_session` WHERE `skey` = '8e6217ac6594c018d4c22d588a93fc21' LIMIT 1   [ RunTime:0.0000s ]

[ 2017-08-21T09:35:21+08:00 ] 192.168.100.252 /index.php?m=home&c=login&a=check3rdSession
INFO: [ app_init ] --START--
INFO: Run Behavior\BuildLiteBehavior [ RunTime:0.000000s ]
INFO: [ app_init ] --END-- [ RunTime:0.000000s ]
INFO: [ app_begin ] --START--
INFO: Run Behavior\ReadHtmlCacheBehavior [ RunTime:0.000000s ]
INFO: [ app_begin ] --END-- [ RunTime:0.000000s ]
SQL: SHOW COLUMNS FROM `zk_session` [ RunTime:0.0030s ]
SQL: SELECT * FROM `zk_session` WHERE `skey` = '8e6217ac6594c018d4c22d588a93fc21' LIMIT 1   [ RunTime:0.0000s ]

[ 2017-08-21T09:36:59+08:00 ] 192.168.100.252 /index.php?m=home&c=login&a=check3rdSession
INFO: [ app_init ] --START--
INFO: Run Behavior\BuildLiteBehavior [ RunTime:0.000000s ]
INFO: [ app_init ] --END-- [ RunTime:0.000000s ]
INFO: [ app_begin ] --START--
INFO: Run Behavior\ReadHtmlCacheBehavior [ RunTime:0.001000s ]
INFO: [ app_begin ] --END-- [ RunTime:0.001000s ]
SQL: SHOW COLUMNS FROM `zk_session` [ RunTime:0.0020s ]
SQL: SELECT * FROM `zk_session` WHERE `skey` = '8e6217ac6594c018d4c22d588a93fc21' LIMIT 1   [ RunTime:0.0000s ]

[ 2017-08-21T09:37:17+08:00 ] 192.168.100.252 /index.php?m=home&c=login&a=check3rdSession
INFO: [ app_init ] --START--
INFO: Run Behavior\BuildLiteBehavior [ RunTime:0.000000s ]
INFO: [ app_init ] --END-- [ RunTime:0.001000s ]
INFO: [ app_begin ] --START--
INFO: Run Behavior\ReadHtmlCacheBehavior [ RunTime:0.001001s ]
INFO: [ app_begin ] --END-- [ RunTime:0.001001s ]
SQL: SHOW COLUMNS FROM `zk_session` [ RunTime:0.0030s ]
SQL: SELECT * FROM `zk_session` WHERE `skey` = '8e6217ac6594c018d4c22d588a93fc21' LIMIT 1   [ RunTime:0.0000s ]

[ 2017-08-21T09:37:58+08:00 ] 192.168.100.252 /index.php?m=home&c=login&a=check3rdSession
INFO: [ app_init ] --START--
INFO: Run Behavior\BuildLiteBehavior [ RunTime:0.000000s ]
INFO: [ app_init ] --END-- [ RunTime:0.001000s ]
INFO: [ app_begin ] --START--
INFO: Run Behavior\ReadHtmlCacheBehavior [ RunTime:0.000000s ]
INFO: [ app_begin ] --END-- [ RunTime:0.000000s ]
SQL: SHOW COLUMNS FROM `zk_session` [ RunTime:0.0030s ]
SQL: SELECT * FROM `zk_session` WHERE `skey` = '8e6217ac6594c018d4c22d588a93fc21' LIMIT 1   [ RunTime:0.0000s ]

[ 2017-08-21T09:38:26+08:00 ] 192.168.100.252 /index.php?m=home&c=login&a=check3rdSession
INFO: [ app_init ] --START--
INFO: Run Behavior\BuildLiteBehavior [ RunTime:0.000000s ]
INFO: [ app_init ] --END-- [ RunTime:0.000000s ]
INFO: [ app_begin ] --START--
INFO: Run Behavior\ReadHtmlCacheBehavior [ RunTime:0.001001s ]
INFO: [ app_begin ] --END-- [ RunTime:0.001001s ]
SQL: SHOW COLUMNS FROM `zk_session` [ RunTime:0.0120s ]
SQL: SELECT * FROM `zk_session` WHERE `skey` = '8e6217ac6594c018d4c22d588a93fc21' LIMIT 1   [ RunTime:0.0000s ]

[ 2017-08-21T09:39:05+08:00 ] 192.168.100.252 /index.php?m=home&c=login&a=check3rdSession
INFO: [ app_init ] --START--
INFO: Run Behavior\BuildLiteBehavior [ RunTime:0.000000s ]
INFO: [ app_init ] --END-- [ RunTime:0.000000s ]
INFO: [ app_begin ] --START--
INFO: Run Behavior\ReadHtmlCacheBehavior [ RunTime:0.000000s ]
INFO: [ app_begin ] --END-- [ RunTime:0.000000s ]
SQL: SHOW COLUMNS FROM `zk_session` [ RunTime:0.0030s ]
SQL: SELECT * FROM `zk_session` WHERE `skey` = '8e6217ac6594c018d4c22d588a93fc21' LIMIT 1   [ RunTime:0.0010s ]

[ 2017-08-21T09:39:32+08:00 ] 192.168.100.252 /index.php?m=home&c=login&a=check3rdSession
INFO: [ app_init ] --START--
INFO: Run Behavior\BuildLiteBehavior [ RunTime:0.000000s ]
INFO: [ app_init ] --END-- [ RunTime:0.001000s ]
INFO: [ app_begin ] --START--
INFO: Run Behavior\ReadHtmlCacheBehavior [ RunTime:0.000000s ]
INFO: [ app_begin ] --END-- [ RunTime:0.001000s ]
SQL: SHOW COLUMNS FROM `zk_session` [ RunTime:0.0030s ]
SQL: SELECT * FROM `zk_session` WHERE `skey` = '8e6217ac6594c018d4c22d588a93fc21' LIMIT 1   [ RunTime:0.0000s ]

[ 2017-08-21T09:40:55+08:00 ] 192.168.100.252 /index.php?m=home&c=login&a=check3rdSession
INFO: [ app_init ] --START--
INFO: Run Behavior\BuildLiteBehavior [ RunTime:0.000000s ]
INFO: [ app_init ] --END-- [ RunTime:0.000000s ]
INFO: [ app_begin ] --START--
INFO: Run Behavior\ReadHtmlCacheBehavior [ RunTime:0.000000s ]
INFO: [ app_begin ] --END-- [ RunTime:0.000000s ]
SQL: SHOW COLUMNS FROM `zk_session` [ RunTime:0.0500s ]
SQL: SELECT * FROM `zk_session` WHERE `skey` = '8e6217ac6594c018d4c22d588a93fc21' LIMIT 1   [ RunTime:0.0010s ]

[ 2017-08-21T09:41:44+08:00 ] 192.168.100.252 /index.php?m=home&c=login&a=check3rdSession
INFO: [ app_init ] --START--
INFO: Run Behavior\BuildLiteBehavior [ RunTime:0.000000s ]
INFO: [ app_init ] --END-- [ RunTime:0.001000s ]
INFO: [ app_begin ] --START--
INFO: Run Behavior\ReadHtmlCacheBehavior [ RunTime:0.000000s ]
INFO: [ app_begin ] --END-- [ RunTime:0.000000s ]
SQL: SHOW COLUMNS FROM `zk_session` [ RunTime:0.0100s ]
SQL: SELECT * FROM `zk_session` WHERE `skey` = '8e6217ac6594c018d4c22d588a93fc21' LIMIT 1   [ RunTime:0.0000s ]

[ 2017-08-21T09:42:01+08:00 ] 192.168.100.252 /index.php?m=home&c=login&a=check3rdSession
INFO: [ app_init ] --START--
INFO: Run Behavior\BuildLiteBehavior [ RunTime:0.000000s ]
INFO: [ app_init ] --END-- [ RunTime:0.000000s ]
INFO: [ app_begin ] --START--
INFO: Run Behavior\ReadHtmlCacheBehavior [ RunTime:0.000000s ]
INFO: [ app_begin ] --END-- [ RunTime:0.000000s ]
SQL: SHOW COLUMNS FROM `zk_session` [ RunTime:0.0140s ]
SQL: SELECT * FROM `zk_session` WHERE `skey` = '8e6217ac6594c018d4c22d588a93fc21' LIMIT 1   [ RunTime:0.0000s ]

[ 2017-08-21T09:42:21+08:00 ] 192.168.100.252 /index.php?m=home&c=login&a=check3rdSession
INFO: [ app_init ] --START--
INFO: Run Behavior\BuildLiteBehavior [ RunTime:0.000000s ]
INFO: [ app_init ] --END-- [ RunTime:0.001000s ]
INFO: [ app_begin ] --START--
INFO: Run Behavior\ReadHtmlCacheBehavior [ RunTime:0.001000s ]
INFO: [ app_begin ] --END-- [ RunTime:0.001000s ]
SQL: SHOW COLUMNS FROM `zk_session` [ RunTime:0.0030s ]
SQL: SELECT * FROM `zk_session` WHERE `skey` = '8e6217ac6594c018d4c22d588a93fc21' LIMIT 1   [ RunTime:0.0010s ]

[ 2017-08-21T09:43:05+08:00 ] 192.168.100.252 /index.php?m=home&c=login&a=check3rdSession
INFO: [ app_init ] --START--
INFO: Run Behavior\BuildLiteBehavior [ RunTime:0.000000s ]
INFO: [ app_init ] --END-- [ RunTime:0.001001s ]
INFO: [ app_begin ] --START--
INFO: Run Behavior\ReadHtmlCacheBehavior [ RunTime:0.000000s ]
INFO: [ app_begin ] --END-- [ RunTime:0.000000s ]
SQL: SHOW COLUMNS FROM `zk_session` [ RunTime:0.0110s ]
SQL: SELECT * FROM `zk_session` WHERE `skey` = '8e6217ac6594c018d4c22d588a93fc21' LIMIT 1   [ RunTime:0.0000s ]

[ 2017-08-21T09:44:02+08:00 ] 192.168.100.252 /index.php?m=home&c=login&a=check3rdSession
INFO: [ app_init ] --START--
INFO: Run Behavior\BuildLiteBehavior [ RunTime:0.000000s ]
INFO: [ app_init ] --END-- [ RunTime:0.000000s ]
INFO: [ app_begin ] --START--
INFO: Run Behavior\ReadHtmlCacheBehavior [ RunTime:0.001000s ]
INFO: [ app_begin ] --END-- [ RunTime:0.001000s ]
SQL: SHOW COLUMNS FROM `zk_session` [ RunTime:0.0030s ]
SQL: SELECT * FROM `zk_session` WHERE `skey` = '8e6217ac6594c018d4c22d588a93fc21' LIMIT 1   [ RunTime:0.0000s ]

[ 2017-08-21T09:44:30+08:00 ] 192.168.103.86 /index.php?m=home&c=login&a=check3rdSession
INFO: [ app_init ] --START--
INFO: Run Behavior\BuildLiteBehavior [ RunTime:0.000000s ]
INFO: [ app_init ] --END-- [ RunTime:0.001000s ]
INFO: [ app_begin ] --START--
INFO: Run Behavior\ReadHtmlCacheBehavior [ RunTime:0.000000s ]
INFO: [ app_begin ] --END-- [ RunTime:0.000000s ]
SQL: SHOW COLUMNS FROM `zk_session` [ RunTime:0.0030s ]
SQL: SELECT * FROM `zk_session` WHERE `skey` = '79ac34f5b613c0fb7064bcfb91e30e8e' LIMIT 1   [ RunTime:0.0000s ]

[ 2017-08-21T09:45:20+08:00 ] 192.168.100.252 /index.php?m=home&c=login&a=check3rdSession
INFO: [ app_init ] --START--
INFO: Run Behavior\BuildLiteBehavior [ RunTime:0.000000s ]
INFO: [ app_init ] --END-- [ RunTime:0.001000s ]
INFO: [ app_begin ] --START--
INFO: Run Behavior\ReadHtmlCacheBehavior [ RunTime:0.001000s ]
INFO: [ app_begin ] --END-- [ RunTime:0.001000s ]
SQL: SHOW COLUMNS FROM `zk_session` [ RunTime:0.0030s ]
SQL: SELECT * FROM `zk_session` WHERE `skey` = '8e6217ac6594c018d4c22d588a93fc21' LIMIT 1   [ RunTime:0.0000s ]

[ 2017-08-21T09:45:43+08:00 ] 192.168.100.252 /index.php?m=home&c=login&a=check3rdSession
INFO: [ app_init ] --START--
INFO: Run Behavior\BuildLiteBehavior [ RunTime:0.000000s ]
INFO: [ app_init ] --END-- [ RunTime:0.000000s ]
INFO: [ app_begin ] --START--
INFO: Run Behavior\ReadHtmlCacheBehavior [ RunTime:0.001000s ]
INFO: [ app_begin ] --END-- [ RunTime:0.001000s ]
SQL: SHOW COLUMNS FROM `zk_session` [ RunTime:0.0030s ]
SQL: SELECT * FROM `zk_session` WHERE `skey` = '8e6217ac6594c018d4c22d588a93fc21' LIMIT 1   [ RunTime:0.0000s ]

[ 2017-08-21T09:46:26+08:00 ] 192.168.100.252 /index.php?m=home&c=login&a=check3rdSession
INFO: [ app_init ] --START--
INFO: Run Behavior\BuildLiteBehavior [ RunTime:0.000000s ]
INFO: [ app_init ] --END-- [ RunTime:0.000000s ]
INFO: [ app_begin ] --START--
INFO: Run Behavior\ReadHtmlCacheBehavior [ RunTime:0.000000s ]
INFO: [ app_begin ] --END-- [ RunTime:0.000000s ]
SQL: SHOW COLUMNS FROM `zk_session` [ RunTime:0.0030s ]
SQL: SELECT * FROM `zk_session` WHERE `skey` = '8e6217ac6594c018d4c22d588a93fc21' LIMIT 1   [ RunTime:0.0000s ]

[ 2017-08-21T09:46:36+08:00 ] 192.168.103.86 /index.php?m=home&c=login&a=check3rdSession
INFO: [ app_init ] --START--
INFO: Run Behavior\BuildLiteBehavior [ RunTime:0.000000s ]
INFO: [ app_init ] --END-- [ RunTime:0.000000s ]
INFO: [ app_begin ] --START--
INFO: Run Behavior\ReadHtmlCacheBehavior [ RunTime:0.000000s ]
INFO: [ app_begin ] --END-- [ RunTime:0.000000s ]
SQL: SHOW COLUMNS FROM `zk_session` [ RunTime:0.0030s ]
SQL: SELECT * FROM `zk_session` WHERE `skey` = '79ac34f5b613c0fb7064bcfb91e30e8e' LIMIT 1   [ RunTime:0.0010s ]

[ 2017-08-21T09:46:59+08:00 ] 192.168.103.86 /index.php?m=home&c=login&a=check3rdSession
INFO: [ app_init ] --START--
INFO: Run Behavior\BuildLiteBehavior [ RunTime:0.000000s ]
INFO: [ app_init ] --END-- [ RunTime:0.000000s ]
INFO: [ app_begin ] --START--
INFO: Run Behavior\ReadHtmlCacheBehavior [ RunTime:0.000000s ]
INFO: [ app_begin ] --END-- [ RunTime:0.000000s ]
SQL: SHOW COLUMNS FROM `zk_session` [ RunTime:0.0030s ]
SQL: SELECT * FROM `zk_session` WHERE `skey` = '79ac34f5b613c0fb7064bcfb91e30e8e' LIMIT 1   [ RunTime:0.0000s ]

[ 2017-08-21T09:51:55+08:00 ] 192.168.100.252 /index.php?m=home&c=login&a=check3rdSession
INFO: [ app_init ] --START--
INFO: Run Behavior\BuildLiteBehavior [ RunTime:0.000000s ]
INFO: [ app_init ] --END-- [ RunTime:0.000000s ]
INFO: [ app_begin ] --START--
INFO: Run Behavior\ReadHtmlCacheBehavior [ RunTime:0.001000s ]
INFO: [ app_begin ] --END-- [ RunTime:0.001000s ]
SQL: SHOW COLUMNS FROM `zk_session` [ RunTime:0.0030s ]
SQL: SELECT * FROM `zk_session` WHERE `skey` = '8e6217ac6594c018d4c22d588a93fc21' LIMIT 1   [ RunTime:0.0010s ]

[ 2017-08-21T09:54:22+08:00 ] 192.168.100.252 /index.php?m=home&c=login&a=check3rdSession
INFO: [ app_init ] --START--
INFO: Run Behavior\BuildLiteBehavior [ RunTime:0.000000s ]
INFO: [ app_init ] --END-- [ RunTime:0.000000s ]
INFO: [ app_begin ] --START--
INFO: Run Behavior\ReadHtmlCacheBehavior [ RunTime:0.001000s ]
INFO: [ app_begin ] --END-- [ RunTime:0.001000s ]
SQL: SHOW COLUMNS FROM `zk_session` [ RunTime:0.0040s ]
SQL: SELECT * FROM `zk_session` WHERE `skey` = '8e6217ac6594c018d4c22d588a93fc21' LIMIT 1   [ RunTime:0.0000s ]

[ 2017-08-21T09:54:39+08:00 ] 192.168.100.252 /index.php?m=home&c=login&a=check3rdSession
INFO: [ app_init ] --START--
INFO: Run Behavior\BuildLiteBehavior [ RunTime:0.000000s ]
INFO: [ app_init ] --END-- [ RunTime:0.000000s ]
INFO: [ app_begin ] --START--
INFO: Run Behavior\ReadHtmlCacheBehavior [ RunTime:0.001000s ]
INFO: [ app_begin ] --END-- [ RunTime:0.001000s ]
SQL: SHOW COLUMNS FROM `zk_session` [ RunTime:0.0030s ]
SQL: SELECT * FROM `zk_session` WHERE `skey` = '8e6217ac6594c018d4c22d588a93fc21' LIMIT 1   [ RunTime:0.0010s ]

[ 2017-08-21T09:55:17+08:00 ] 192.168.100.252 /index.php?m=home&c=login&a=check3rdSession
INFO: [ app_init ] --START--
INFO: Run Behavior\BuildLiteBehavior [ RunTime:0.000000s ]
INFO: [ app_init ] --END-- [ RunTime:0.000000s ]
INFO: [ app_begin ] --START--
INFO: Run Behavior\ReadHtmlCacheBehavior [ RunTime:0.000000s ]
INFO: [ app_begin ] --END-- [ RunTime:0.000000s ]
SQL: SHOW COLUMNS FROM `zk_session` [ RunTime:0.0030s ]
SQL: SELECT * FROM `zk_session` WHERE `skey` = '8e6217ac6594c018d4c22d588a93fc21' LIMIT 1   [ RunTime:0.0000s ]

[ 2017-08-21T09:56:17+08:00 ] 192.168.100.252 /index.php?m=home&c=login&a=check3rdSession
INFO: [ app_init ] --START--
INFO: Run Behavior\BuildLiteBehavior [ RunTime:0.000000s ]
INFO: [ app_init ] --END-- [ RunTime:0.000000s ]
INFO: [ app_begin ] --START--
INFO: Run Behavior\ReadHtmlCacheBehavior [ RunTime:0.000000s ]
INFO: [ app_begin ] --END-- [ RunTime:0.000000s ]
SQL: SHOW COLUMNS FROM `zk_session` [ RunTime:0.0030s ]
SQL: SELECT * FROM `zk_session` WHERE `skey` = '8e6217ac6594c018d4c22d588a93fc21' LIMIT 1   [ RunTime:0.0000s ]

[ 2017-08-21T09:57:17+08:00 ] 192.168.100.252 /index.php?m=home&c=login&a=check3rdSession
INFO: [ app_init ] --START--
INFO: Run Behavior\BuildLiteBehavior [ RunTime:0.000000s ]
INFO: [ app_init ] --END-- [ RunTime:0.001000s ]
INFO: [ app_begin ] --START--
INFO: Run Behavior\ReadHtmlCacheBehavior [ RunTime:0.001000s ]
INFO: [ app_begin ] --END-- [ RunTime:0.001000s ]
SQL: SHOW COLUMNS FROM `zk_session` [ RunTime:0.0030s ]
SQL: SELECT * FROM `zk_session` WHERE `skey` = '8e6217ac6594c018d4c22d588a93fc21' LIMIT 1   [ RunTime:0.0000s ]

[ 2017-08-21T09:58:08+08:00 ] 192.168.100.252 /index.php?m=home&c=login&a=check3rdSession
INFO: [ app_init ] --START--
INFO: Run Behavior\BuildLiteBehavior [ RunTime:0.000000s ]
INFO: [ app_init ] --END-- [ RunTime:0.000000s ]
INFO: [ app_begin ] --START--
INFO: Run Behavior\ReadHtmlCacheBehavior [ RunTime:0.000000s ]
INFO: [ app_begin ] --END-- [ RunTime:0.000000s ]
SQL: SHOW COLUMNS FROM `zk_session` [ RunTime:0.0030s ]
SQL: SELECT * FROM `zk_session` WHERE `skey` = '8e6217ac6594c018d4c22d588a93fc21' LIMIT 1   [ RunTime:0.0000s ]

[ 2017-08-21T09:59:31+08:00 ] 192.168.100.252 /index.php?m=home&c=login&a=check3rdSession
INFO: [ app_init ] --START--
INFO: Run Behavior\BuildLiteBehavior [ RunTime:0.000000s ]
INFO: [ app_init ] --END-- [ RunTime:0.000000s ]
INFO: [ app_begin ] --START--
INFO: Run Behavior\ReadHtmlCacheBehavior [ RunTime:0.001000s ]
INFO: [ app_begin ] --END-- [ RunTime:0.001000s ]
SQL: SHOW COLUMNS FROM `zk_session` [ RunTime:0.0040s ]
SQL: SELECT * FROM `zk_session` WHERE `skey` = '8e6217ac6594c018d4c22d588a93fc21' LIMIT 1   [ RunTime:0.0000s ]

[ 2017-08-21T10:04:25+08:00 ] 192.168.100.252 /index.php?m=home&c=login&a=check3rdSession
INFO: [ app_init ] --START--
INFO: Run Behavior\BuildLiteBehavior [ RunTime:0.000000s ]
INFO: [ app_init ] --END-- [ RunTime:0.000000s ]
INFO: [ app_begin ] --START--
INFO: Run Behavior\ReadHtmlCacheBehavior [ RunTime:0.000000s ]
INFO: [ app_begin ] --END-- [ RunTime:0.000000s ]
SQL: SHOW COLUMNS FROM `zk_session` [ RunTime:0.0030s ]
SQL: SELECT * FROM `zk_session` WHERE `skey` = '8e6217ac6594c018d4c22d588a93fc21' LIMIT 1   [ RunTime:0.0010s ]

[ 2017-08-21T10:05:05+08:00 ] 192.168.100.252 /index.php?m=home&c=login&a=check3rdSession
INFO: [ app_init ] --START--
INFO: Run Behavior\BuildLiteBehavior [ RunTime:0.000000s ]
INFO: [ app_init ] --END-- [ RunTime:0.001000s ]
INFO: [ app_begin ] --START--
INFO: Run Behavior\ReadHtmlCacheBehavior [ RunTime:0.000000s ]
INFO: [ app_begin ] --END-- [ RunTime:0.000000s ]
SQL: SHOW COLUMNS FROM `zk_session` [ RunTime:0.0040s ]
SQL: SELECT * FROM `zk_session` WHERE `skey` = '8e6217ac6594c018d4c22d588a93fc21' LIMIT 1   [ RunTime:0.0000s ]

[ 2017-08-21T10:06:25+08:00 ] 192.168.100.252 /index.php?m=home&c=login&a=check3rdSession
INFO: [ app_init ] --START--
INFO: Run Behavior\BuildLiteBehavior [ RunTime:0.000000s ]
INFO: [ app_init ] --END-- [ RunTime:0.001000s ]
INFO: [ app_begin ] --START--
INFO: Run Behavior\ReadHtmlCacheBehavior [ RunTime:0.000000s ]
INFO: [ app_begin ] --END-- [ RunTime:0.000000s ]
SQL: SHOW COLUMNS FROM `zk_session` [ RunTime:0.0030s ]
SQL: SELECT * FROM `zk_session` WHERE `skey` = '8e6217ac6594c018d4c22d588a93fc21' LIMIT 1   [ RunTime:0.0000s ]

[ 2017-08-21T10:07:56+08:00 ] 192.168.100.252 /index.php?m=home&c=login&a=check3rdSession
INFO: [ app_init ] --START--
INFO: Run Behavior\BuildLiteBehavior [ RunTime:0.000000s ]
INFO: [ app_init ] --END-- [ RunTime:0.000000s ]
INFO: [ app_begin ] --START--
INFO: Run Behavior\ReadHtmlCacheBehavior [ RunTime:0.001000s ]
INFO: [ app_begin ] --END-- [ RunTime:0.001000s ]
SQL: SHOW COLUMNS FROM `zk_session` [ RunTime:0.0030s ]
SQL: SELECT * FROM `zk_session` WHERE `skey` = '8e6217ac6594c018d4c22d588a93fc21' LIMIT 1   [ RunTime:0.0000s ]

[ 2017-08-21T10:08:19+08:00 ] 192.168.100.252 /index.php?m=home&c=login&a=check3rdSession
INFO: [ app_init ] --START--
INFO: Run Behavior\BuildLiteBehavior [ RunTime:0.000000s ]
INFO: [ app_init ] --END-- [ RunTime:0.000000s ]
INFO: [ app_begin ] --START--
INFO: Run Behavior\ReadHtmlCacheBehavior [ RunTime:0.000000s ]
INFO: [ app_begin ] --END-- [ RunTime:0.000000s ]
SQL: SHOW COLUMNS FROM `zk_session` [ RunTime:0.0040s ]
SQL: SELECT * FROM `zk_session` WHERE `skey` = '8e6217ac6594c018d4c22d588a93fc21' LIMIT 1   [ RunTime:0.0010s ]

[ 2017-08-21T10:08:35+08:00 ] 192.168.100.252 /index.php?m=home&c=login&a=check3rdSession
INFO: [ app_init ] --START--
INFO: Run Behavior\BuildLiteBehavior [ RunTime:0.000000s ]
INFO: [ app_init ] --END-- [ RunTime:0.001000s ]
INFO: [ app_begin ] --START--
INFO: Run Behavior\ReadHtmlCacheBehavior [ RunTime:0.001000s ]
INFO: [ app_begin ] --END-- [ RunTime:0.001000s ]
SQL: SHOW COLUMNS FROM `zk_session` [ RunTime:0.0030s ]
SQL: SELECT * FROM `zk_session` WHERE `skey` = '8e6217ac6594c018d4c22d588a93fc21' LIMIT 1   [ RunTime:0.0000s ]

[ 2017-08-21T10:09:18+08:00 ] 192.168.100.252 /index.php?m=home&c=login&a=check3rdSession
INFO: [ app_init ] --START--
INFO: Run Behavior\BuildLiteBehavior [ RunTime:0.000000s ]
INFO: [ app_init ] --END-- [ RunTime:0.001000s ]
INFO: [ app_begin ] --START--
INFO: Run Behavior\ReadHtmlCacheBehavior [ RunTime:0.000000s ]
INFO: [ app_begin ] --END-- [ RunTime:0.000000s ]
SQL: SHOW COLUMNS FROM `zk_session` [ RunTime:0.0030s ]
SQL: SELECT * FROM `zk_session` WHERE `skey` = '8e6217ac6594c018d4c22d588a93fc21' LIMIT 1   [ RunTime:0.0000s ]

[ 2017-08-21T10:09:28+08:00 ] 192.168.100.252 /index.php?m=home&c=login&a=check3rdSession
INFO: [ app_init ] --START--
INFO: Run Behavior\BuildLiteBehavior [ RunTime:0.000000s ]
INFO: [ app_init ] --END-- [ RunTime:0.000000s ]
INFO: [ app_begin ] --START--
INFO: Run Behavior\ReadHtmlCacheBehavior [ RunTime:0.001000s ]
INFO: [ app_begin ] --END-- [ RunTime:0.001000s ]
SQL: SHOW COLUMNS FROM `zk_session` [ RunTime:0.0030s ]
SQL: SELECT * FROM `zk_session` WHERE `skey` = '8e6217ac6594c018d4c22d588a93fc21' LIMIT 1   [ RunTime:0.0040s ]

[ 2017-08-21T10:10:00+08:00 ] 192.168.100.252 /index.php?m=home&c=login&a=check3rdSession
INFO: [ app_init ] --START--
INFO: Run Behavior\BuildLiteBehavior [ RunTime:0.000000s ]
INFO: [ app_init ] --END-- [ RunTime:0.000000s ]
INFO: [ app_begin ] --START--
INFO: Run Behavior\ReadHtmlCacheBehavior [ RunTime:0.000000s ]
INFO: [ app_begin ] --END-- [ RunTime:0.000000s ]
SQL: SHOW COLUMNS FROM `zk_session` [ RunTime:0.0080s ]
SQL: SELECT * FROM `zk_session` WHERE `skey` = '8e6217ac6594c018d4c22d588a93fc21' LIMIT 1   [ RunTime:0.0000s ]

[ 2017-08-21T10:10:13+08:00 ] 192.168.100.252 /index.php?m=home&c=login&a=check3rdSession
INFO: [ app_init ] --START--
INFO: Run Behavior\BuildLiteBehavior [ RunTime:0.000000s ]
INFO: [ app_init ] --END-- [ RunTime:0.002000s ]
INFO: [ app_begin ] --START--
INFO: Run Behavior\ReadHtmlCacheBehavior [ RunTime:0.000000s ]
INFO: [ app_begin ] --END-- [ RunTime:0.000000s ]
SQL: SHOW COLUMNS FROM `zk_session` [ RunTime:0.0030s ]
SQL: SELECT * FROM `zk_session` WHERE `skey` = '8e6217ac6594c018d4c22d588a93fc21' LIMIT 1   [ RunTime:0.0000s ]

[ 2017-08-21T10:11:15+08:00 ] 192.168.100.252 /index.php?m=home&c=login&a=check3rdSession
INFO: [ app_init ] --START--
INFO: Run Behavior\BuildLiteBehavior [ RunTime:0.000000s ]
INFO: [ app_init ] --END-- [ RunTime:0.000000s ]
INFO: [ app_begin ] --START--
INFO: Run Behavior\ReadHtmlCacheBehavior [ RunTime:0.001000s ]
INFO: [ app_begin ] --END-- [ RunTime:0.001000s ]
SQL: SHOW COLUMNS FROM `zk_session` [ RunTime:0.0030s ]
SQL: SELECT * FROM `zk_session` WHERE `skey` = '8e6217ac6594c018d4c22d588a93fc21' LIMIT 1   [ RunTime:0.0000s ]

[ 2017-08-21T10:11:45+08:00 ] 192.168.100.252 /index.php?m=home&c=login&a=check3rdSession
INFO: [ app_init ] --START--
INFO: Run Behavior\BuildLiteBehavior [ RunTime:0.000000s ]
INFO: [ app_init ] --END-- [ RunTime:0.000000s ]
INFO: [ app_begin ] --START--
INFO: Run Behavior\ReadHtmlCacheBehavior [ RunTime:0.001000s ]
INFO: [ app_begin ] --END-- [ RunTime:0.001000s ]
SQL: SHOW COLUMNS FROM `zk_session` [ RunTime:0.0040s ]
SQL: SELECT * FROM `zk_session` WHERE `skey` = '8e6217ac6594c018d4c22d588a93fc21' LIMIT 1   [ RunTime:0.0010s ]

[ 2017-08-21T10:12:14+08:00 ] 192.168.100.252 /index.php?m=home&c=login&a=check3rdSession
INFO: [ app_init ] --START--
INFO: Run Behavior\BuildLiteBehavior [ RunTime:0.000000s ]
INFO: [ app_init ] --END-- [ RunTime:0.000000s ]
INFO: [ app_begin ] --START--
INFO: Run Behavior\ReadHtmlCacheBehavior [ RunTime:0.001000s ]
INFO: [ app_begin ] --END-- [ RunTime:0.001000s ]
SQL: SHOW COLUMNS FROM `zk_session` [ RunTime:0.0030s ]
SQL: SELECT * FROM `zk_session` WHERE `skey` = '8e6217ac6594c018d4c22d588a93fc21' LIMIT 1   [ RunTime:0.0000s ]

[ 2017-08-21T10:12:28+08:00 ] 192.168.100.252 /index.php?m=home&c=login&a=check3rdSession
INFO: [ app_init ] --START--
INFO: Run Behavior\BuildLiteBehavior [ RunTime:0.000000s ]
INFO: [ app_init ] --END-- [ RunTime:0.000000s ]
INFO: [ app_begin ] --START--
INFO: Run Behavior\ReadHtmlCacheBehavior [ RunTime:0.000000s ]
INFO: [ app_begin ] --END-- [ RunTime:0.001000s ]
SQL: SHOW COLUMNS FROM `zk_session` [ RunTime:0.0040s ]
SQL: SELECT * FROM `zk_session` WHERE `skey` = '8e6217ac6594c018d4c22d588a93fc21' LIMIT 1   [ RunTime:0.0010s ]

[ 2017-08-21T10:13:13+08:00 ] 192.168.100.252 /index.php?m=home&c=login&a=check3rdSession
INFO: [ app_init ] --START--
INFO: Run Behavior\BuildLiteBehavior [ RunTime:0.000000s ]
INFO: [ app_init ] --END-- [ RunTime:0.000000s ]
INFO: [ app_begin ] --START--
INFO: Run Behavior\ReadHtmlCacheBehavior [ RunTime:0.000000s ]
INFO: [ app_begin ] --END-- [ RunTime:0.001000s ]
SQL: SHOW COLUMNS FROM `zk_session` [ RunTime:0.0030s ]
SQL: SELECT * FROM `zk_session` WHERE `skey` = '8e6217ac6594c018d4c22d588a93fc21' LIMIT 1   [ RunTime:0.0000s ]

[ 2017-08-21T10:13:40+08:00 ] 192.168.100.252 /index.php?m=home&c=login&a=check3rdSession
INFO: [ app_init ] --START--
INFO: Run Behavior\BuildLiteBehavior [ RunTime:0.000000s ]
INFO: [ app_init ] --END-- [ RunTime:0.001000s ]
INFO: [ app_begin ] --START--
INFO: Run Behavior\ReadHtmlCacheBehavior [ RunTime:0.001000s ]
INFO: [ app_begin ] --END-- [ RunTime:0.001000s ]
SQL: SHOW COLUMNS FROM `zk_session` [ RunTime:0.0030s ]
SQL: SELECT * FROM `zk_session` WHERE `skey` = '8e6217ac6594c018d4c22d588a93fc21' LIMIT 1   [ RunTime:0.0000s ]

[ 2017-08-21T10:14:04+08:00 ] 192.168.100.252 /index.php?m=home&c=login&a=check3rdSession
INFO: [ app_init ] --START--
INFO: Run Behavior\BuildLiteBehavior [ RunTime:0.000000s ]
INFO: [ app_init ] --END-- [ RunTime:0.001000s ]
INFO: [ app_begin ] --START--
INFO: Run Behavior\ReadHtmlCacheBehavior [ RunTime:0.000000s ]
INFO: [ app_begin ] --END-- [ RunTime:0.000000s ]
SQL: SHOW COLUMNS FROM `zk_session` [ RunTime:0.0040s ]
SQL: SELECT * FROM `zk_session` WHERE `skey` = '8e6217ac6594c018d4c22d588a93fc21' LIMIT 1   [ RunTime:0.0000s ]

[ 2017-08-21T10:14:22+08:00 ] 192.168.100.252 /index.php?m=home&c=login&a=check3rdSession
INFO: [ app_init ] --START--
INFO: Run Behavior\BuildLiteBehavior [ RunTime:0.000000s ]
INFO: [ app_init ] --END-- [ RunTime:0.001000s ]
INFO: [ app_begin ] --START--
INFO: Run Behavior\ReadHtmlCacheBehavior [ RunTime:0.000000s ]
INFO: [ app_begin ] --END-- [ RunTime:0.000000s ]
SQL: SHOW COLUMNS FROM `zk_session` [ RunTime:0.0030s ]
SQL: SELECT * FROM `zk_session` WHERE `skey` = '8e6217ac6594c018d4c22d588a93fc21' LIMIT 1   [ RunTime:0.0000s ]

[ 2017-08-21T10:14:45+08:00 ] 192.168.100.252 /index.php?m=home&c=login&a=check3rdSession
INFO: [ app_init ] --START--
INFO: Run Behavior\BuildLiteBehavior [ RunTime:0.000000s ]
INFO: [ app_init ] --END-- [ RunTime:0.000000s ]
INFO: [ app_begin ] --START--
INFO: Run Behavior\ReadHtmlCacheBehavior [ RunTime:0.000000s ]
INFO: [ app_begin ] --END-- [ RunTime:0.000000s ]
SQL: SHOW COLUMNS FROM `zk_session` [ RunTime:0.0030s ]
SQL: SELECT * FROM `zk_session` WHERE `skey` = '8e6217ac6594c018d4c22d588a93fc21' LIMIT 1   [ RunTime:0.0000s ]

[ 2017-08-21T10:15:04+08:00 ] 192.168.100.252 /index.php?m=home&c=login&a=check3rdSession
INFO: [ app_init ] --START--
INFO: Run Behavior\BuildLiteBehavior [ RunTime:0.000000s ]
INFO: [ app_init ] --END-- [ RunTime:0.000000s ]
INFO: [ app_begin ] --START--
INFO: Run Behavior\ReadHtmlCacheBehavior [ RunTime:0.001000s ]
INFO: [ app_begin ] --END-- [ RunTime:0.001000s ]
SQL: SHOW COLUMNS FROM `zk_session` [ RunTime:0.0030s ]
SQL: SELECT * FROM `zk_session` WHERE `skey` = '8e6217ac6594c018d4c22d588a93fc21' LIMIT 1   [ RunTime:0.0000s ]

[ 2017-08-21T10:15:18+08:00 ] 192.168.103.86 /index.php?m=home&c=login&a=check3rdSession
INFO: [ app_init ] --START--
INFO: Run Behavior\BuildLiteBehavior [ RunTime:0.000000s ]
INFO: [ app_init ] --END-- [ RunTime:0.001000s ]
INFO: [ app_begin ] --START--
INFO: Run Behavior\ReadHtmlCacheBehavior [ RunTime:0.000000s ]
INFO: [ app_begin ] --END-- [ RunTime:0.000000s ]
SQL: SHOW COLUMNS FROM `zk_session` [ RunTime:0.0030s ]
SQL: SELECT * FROM `zk_session` WHERE `skey` = '79ac34f5b613c0fb7064bcfb91e30e8e' LIMIT 1   [ RunTime:0.0120s ]

[ 2017-08-21T10:17:03+08:00 ] 192.168.100.252 /index.php?m=home&c=login&a=check3rdSession
INFO: [ app_init ] --START--
INFO: Run Behavior\BuildLiteBehavior [ RunTime:0.000000s ]
INFO: [ app_init ] --END-- [ RunTime:0.000000s ]
INFO: [ app_begin ] --START--
INFO: Run Behavior\ReadHtmlCacheBehavior [ RunTime:0.000000s ]
INFO: [ app_begin ] --END-- [ RunTime:0.001000s ]
SQL: SHOW COLUMNS FROM `zk_session` [ RunTime:0.0040s ]
SQL: SELECT * FROM `zk_session` WHERE `skey` = '8e6217ac6594c018d4c22d588a93fc21' LIMIT 1   [ RunTime:0.0000s ]

[ 2017-08-21T10:17:34+08:00 ] 192.168.100.252 /index.php?m=home&c=login&a=check3rdSession
INFO: [ app_init ] --START--
INFO: Run Behavior\BuildLiteBehavior [ RunTime:0.000000s ]
INFO: [ app_init ] --END-- [ RunTime:0.000000s ]
INFO: [ app_begin ] --START--
INFO: Run Behavior\ReadHtmlCacheBehavior [ RunTime:0.001000s ]
INFO: [ app_begin ] --END-- [ RunTime:0.001000s ]
SQL: SHOW COLUMNS FROM `zk_session` [ RunTime:0.0030s ]
SQL: SELECT * FROM `zk_session` WHERE `skey` = '8e6217ac6594c018d4c22d588a93fc21' LIMIT 1   [ RunTime:0.0010s ]

[ 2017-08-21T10:17:48+08:00 ] 192.168.100.252 /index.php?m=home&c=login&a=check3rdSession
INFO: [ app_init ] --START--
INFO: Run Behavior\BuildLiteBehavior [ RunTime:0.000000s ]
INFO: [ app_init ] --END-- [ RunTime:0.000000s ]
INFO: [ app_begin ] --START--
INFO: Run Behavior\ReadHtmlCacheBehavior [ RunTime:0.001000s ]
INFO: [ app_begin ] --END-- [ RunTime:0.001000s ]
SQL: SHOW COLUMNS FROM `zk_session` [ RunTime:0.0030s ]
SQL: SELECT * FROM `zk_session` WHERE `skey` = '8e6217ac6594c018d4c22d588a93fc21' LIMIT 1   [ RunTime:0.0000s ]

[ 2017-08-21T10:21:34+08:00 ] 192.168.100.252 /index.php?m=home&c=login&a=check3rdSession
INFO: [ app_init ] --START--
INFO: Run Behavior\BuildLiteBehavior [ RunTime:0.000000s ]
INFO: [ app_init ] --END-- [ RunTime:0.000000s ]
INFO: [ app_begin ] --START--
INFO: Run Behavior\ReadHtmlCacheBehavior [ RunTime:0.000000s ]
INFO: [ app_begin ] --END-- [ RunTime:0.000000s ]
SQL: SHOW COLUMNS FROM `zk_session` [ RunTime:0.0030s ]
SQL: SELECT * FROM `zk_session` WHERE `skey` = '8e6217ac6594c018d4c22d588a93fc21' LIMIT 1   [ RunTime:0.0000s ]

[ 2017-08-21T10:22:02+08:00 ] 192.168.100.252 /index.php?m=home&c=login&a=check3rdSession
INFO: [ app_init ] --START--
INFO: Run Behavior\BuildLiteBehavior [ RunTime:0.000000s ]
INFO: [ app_init ] --END-- [ RunTime:0.000000s ]
INFO: [ app_begin ] --START--
INFO: Run Behavior\ReadHtmlCacheBehavior [ RunTime:0.000000s ]
INFO: [ app_begin ] --END-- [ RunTime:0.000000s ]
SQL: SHOW COLUMNS FROM `zk_session` [ RunTime:0.0030s ]
SQL: SELECT * FROM `zk_session` WHERE `skey` = '8e6217ac6594c018d4c22d588a93fc21' LIMIT 1   [ RunTime:0.0000s ]

[ 2017-08-21T10:22:43+08:00 ] 192.168.100.252 /index.php?m=home&c=login&a=check3rdSession
INFO: [ app_init ] --START--
INFO: Run Behavior\BuildLiteBehavior [ RunTime:0.000000s ]
INFO: [ app_init ] --END-- [ RunTime:0.000000s ]
INFO: [ app_begin ] --START--
INFO: Run Behavior\ReadHtmlCacheBehavior [ RunTime:0.000000s ]
INFO: [ app_begin ] --END-- [ RunTime:0.000000s ]
SQL: SHOW COLUMNS FROM `zk_session` [ RunTime:0.0030s ]
SQL: SELECT * FROM `zk_session` WHERE `skey` = '8e6217ac6594c018d4c22d588a93fc21' LIMIT 1   [ RunTime:0.0000s ]

[ 2017-08-21T10:23:24+08:00 ] 192.168.100.252 /index.php?m=home&c=login&a=check3rdSession
INFO: [ app_init ] --START--
INFO: Run Behavior\BuildLiteBehavior [ RunTime:0.000000s ]
INFO: [ app_init ] --END-- [ RunTime:0.000000s ]
INFO: [ app_begin ] --START--
INFO: Run Behavior\ReadHtmlCacheBehavior [ RunTime:0.000000s ]
INFO: [ app_begin ] --END-- [ RunTime:0.000000s ]
SQL: SHOW COLUMNS FROM `zk_session` [ RunTime:0.0030s ]
SQL: SELECT * FROM `zk_session` WHERE `skey` = '8e6217ac6594c018d4c22d588a93fc21' LIMIT 1   [ RunTime:0.0010s ]

[ 2017-08-21T10:25:27+08:00 ] 192.168.100.252 /index.php?m=home&c=login&a=check3rdSession
INFO: [ app_init ] --START--
INFO: Run Behavior\BuildLiteBehavior [ RunTime:0.000000s ]
INFO: [ app_init ] --END-- [ RunTime:0.000000s ]
INFO: [ app_begin ] --START--
INFO: Run Behavior\ReadHtmlCacheBehavior [ RunTime:0.001000s ]
INFO: [ app_begin ] --END-- [ RunTime:0.001000s ]
SQL: SHOW COLUMNS FROM `zk_session` [ RunTime:0.0030s ]
SQL: SELECT * FROM `zk_session` WHERE `skey` = '8e6217ac6594c018d4c22d588a93fc21' LIMIT 1   [ RunTime:0.0000s ]

[ 2017-08-21T10:25:50+08:00 ] 192.168.100.252 /index.php?m=home&c=login&a=check3rdSession
INFO: [ app_init ] --START--
INFO: Run Behavior\BuildLiteBehavior [ RunTime:0.000000s ]
INFO: [ app_init ] --END-- [ RunTime:0.000000s ]
INFO: [ app_begin ] --START--
INFO: Run Behavior\ReadHtmlCacheBehavior [ RunTime:0.000000s ]
INFO: [ app_begin ] --END-- [ RunTime:0.000000s ]
SQL: SHOW COLUMNS FROM `zk_session` [ RunTime:0.0030s ]
SQL: SELECT * FROM `zk_session` WHERE `skey` = '8e6217ac6594c018d4c22d588a93fc21' LIMIT 1   [ RunTime:0.0000s ]

[ 2017-08-21T10:26:27+08:00 ] 192.168.100.252 /index.php?m=home&c=login&a=check3rdSession
INFO: [ app_init ] --START--
INFO: Run Behavior\BuildLiteBehavior [ RunTime:0.000000s ]
INFO: [ app_init ] --END-- [ RunTime:0.000000s ]
INFO: [ app_begin ] --START--
INFO: Run Behavior\ReadHtmlCacheBehavior [ RunTime:0.000000s ]
INFO: [ app_begin ] --END-- [ RunTime:0.000000s ]
SQL: SHOW COLUMNS FROM `zk_session` [ RunTime:0.0040s ]
SQL: SELECT * FROM `zk_session` WHERE `skey` = '8e6217ac6594c018d4c22d588a93fc21' LIMIT 1   [ RunTime:0.0000s ]

[ 2017-08-21T10:26:49+08:00 ] 192.168.100.252 /index.php?m=home&c=login&a=check3rdSession
INFO: [ app_init ] --START--
INFO: Run Behavior\BuildLiteBehavior [ RunTime:0.000000s ]
INFO: [ app_init ] --END-- [ RunTime:0.001000s ]
INFO: [ app_begin ] --START--
INFO: Run Behavior\ReadHtmlCacheBehavior [ RunTime:0.000000s ]
INFO: [ app_begin ] --END-- [ RunTime:0.000000s ]
SQL: SHOW COLUMNS FROM `zk_session` [ RunTime:0.0040s ]
SQL: SELECT * FROM `zk_session` WHERE `skey` = '8e6217ac6594c018d4c22d588a93fc21' LIMIT 1   [ RunTime:0.0000s ]

[ 2017-08-21T10:27:05+08:00 ] 192.168.100.252 /index.php?m=home&c=login&a=check3rdSession
INFO: [ app_init ] --START--
INFO: Run Behavior\BuildLiteBehavior [ RunTime:0.000000s ]
INFO: [ app_init ] --END-- [ RunTime:0.001000s ]
INFO: [ app_begin ] --START--
INFO: Run Behavior\ReadHtmlCacheBehavior [ RunTime:0.000000s ]
INFO: [ app_begin ] --END-- [ RunTime:0.000000s ]
SQL: SHOW COLUMNS FROM `zk_session` [ RunTime:0.0030s ]
SQL: SELECT * FROM `zk_session` WHERE `skey` = '8e6217ac6594c018d4c22d588a93fc21' LIMIT 1   [ RunTime:0.0000s ]

[ 2017-08-21T10:28:32+08:00 ] 192.168.100.252 /index.php?m=home&c=login&a=check3rdSession
INFO: [ app_init ] --START--
INFO: Run Behavior\BuildLiteBehavior [ RunTime:0.000000s ]
INFO: [ app_init ] --END-- [ RunTime:0.000000s ]
INFO: [ app_begin ] --START--
INFO: Run Behavior\ReadHtmlCacheBehavior [ RunTime:0.000000s ]
INFO: [ app_begin ] --END-- [ RunTime:0.001000s ]
SQL: SHOW COLUMNS FROM `zk_session` [ RunTime:0.0030s ]
SQL: SELECT * FROM `zk_session` WHERE `skey` = '8e6217ac6594c018d4c22d588a93fc21' LIMIT 1   [ RunTime:0.0010s ]

[ 2017-08-21T10:30:06+08:00 ] 192.168.100.252 /index.php?m=home&c=login&a=check3rdSession
INFO: [ app_init ] --START--
INFO: Run Behavior\BuildLiteBehavior [ RunTime:0.000000s ]
INFO: [ app_init ] --END-- [ RunTime:0.000000s ]
INFO: [ app_begin ] --START--
INFO: Run Behavior\ReadHtmlCacheBehavior [ RunTime:0.000000s ]
INFO: [ app_begin ] --END-- [ RunTime:0.000000s ]
SQL: SHOW COLUMNS FROM `zk_session` [ RunTime:0.0030s ]
SQL: SELECT * FROM `zk_session` WHERE `skey` = '8e6217ac6594c018d4c22d588a93fc21' LIMIT 1   [ RunTime:0.0000s ]

[ 2017-08-21T10:30:55+08:00 ] 192.168.100.252 /index.php?m=home&c=login&a=check3rdSession
INFO: [ app_init ] --START--
INFO: Run Behavior\BuildLiteBehavior [ RunTime:0.000000s ]
INFO: [ app_init ] --END-- [ RunTime:0.001000s ]
INFO: [ app_begin ] --START--
INFO: Run Behavior\ReadHtmlCacheBehavior [ RunTime:0.000000s ]
INFO: [ app_begin ] --END-- [ RunTime:0.000000s ]
SQL: SHOW COLUMNS FROM `zk_session` [ RunTime:0.0030s ]
SQL: SELECT * FROM `zk_session` WHERE `skey` = '8e6217ac6594c018d4c22d588a93fc21' LIMIT 1   [ RunTime:0.0000s ]

[ 2017-08-21T10:31:15+08:00 ] 192.168.100.252 /index.php?m=home&c=login&a=check3rdSession
INFO: [ app_init ] --START--
INFO: Run Behavior\BuildLiteBehavior [ RunTime:0.000000s ]
INFO: [ app_init ] --END-- [ RunTime:0.000000s ]
INFO: [ app_begin ] --START--
INFO: Run Behavior\ReadHtmlCacheBehavior [ RunTime:0.000000s ]
INFO: [ app_begin ] --END-- [ RunTime:0.000000s ]
SQL: SHOW COLUMNS FROM `zk_session` [ RunTime:0.0030s ]
SQL: SELECT * FROM `zk_session` WHERE `skey` = '8e6217ac6594c018d4c22d588a93fc21' LIMIT 1   [ RunTime:0.0010s ]

[ 2017-08-21T10:32:41+08:00 ] 192.168.100.252 /index.php?m=home&c=login&a=check3rdSession
INFO: [ app_init ] --START--
INFO: Run Behavior\BuildLiteBehavior [ RunTime:0.000000s ]
INFO: [ app_init ] --END-- [ RunTime:0.001000s ]
INFO: [ app_begin ] --START--
INFO: Run Behavior\ReadHtmlCacheBehavior [ RunTime:0.001000s ]
INFO: [ app_begin ] --END-- [ RunTime:0.001000s ]
SQL: SHOW COLUMNS FROM `zk_session` [ RunTime:0.0230s ]
SQL: SELECT * FROM `zk_session` WHERE `skey` = '8e6217ac6594c018d4c22d588a93fc21' LIMIT 1   [ RunTime:0.0000s ]

[ 2017-08-21T10:32:50+08:00 ] 192.168.100.252 /index.php?m=home&c=login&a=check3rdSession
INFO: [ app_init ] --START--
INFO: Run Behavior\BuildLiteBehavior [ RunTime:0.000000s ]
INFO: [ app_init ] --END-- [ RunTime:0.000000s ]
INFO: [ app_begin ] --START--
INFO: Run Behavior\ReadHtmlCacheBehavior [ RunTime:0.000000s ]
INFO: [ app_begin ] --END-- [ RunTime:0.000000s ]
SQL: SHOW COLUMNS FROM `zk_session` [ RunTime:0.0040s ]
SQL: SELECT * FROM `zk_session` WHERE `skey` = '8e6217ac6594c018d4c22d588a93fc21' LIMIT 1   [ RunTime:0.0000s ]

[ 2017-08-21T10:34:16+08:00 ] 192.168.100.252 /index.php?m=home&c=login&a=check3rdSession
INFO: [ app_init ] --START--
INFO: Run Behavior\BuildLiteBehavior [ RunTime:0.000000s ]
INFO: [ app_init ] --END-- [ RunTime:0.000000s ]
INFO: [ app_begin ] --START--
INFO: Run Behavior\ReadHtmlCacheBehavior [ RunTime:0.001000s ]
INFO: [ app_begin ] --END-- [ RunTime:0.001000s ]
SQL: SHOW COLUMNS FROM `zk_session` [ RunTime:0.0030s ]
SQL: SELECT * FROM `zk_session` WHERE `skey` = '8e6217ac6594c018d4c22d588a93fc21' LIMIT 1   [ RunTime:0.0000s ]

[ 2017-08-21T10:35:17+08:00 ] 192.168.100.252 /index.php?m=home&c=login&a=check3rdSession
INFO: [ app_init ] --START--
INFO: Run Behavior\BuildLiteBehavior [ RunTime:0.000000s ]
INFO: [ app_init ] --END-- [ RunTime:0.001000s ]
INFO: [ app_begin ] --START--
INFO: Run Behavior\ReadHtmlCacheBehavior [ RunTime:0.000000s ]
INFO: [ app_begin ] --END-- [ RunTime:0.000000s ]
SQL: SHOW COLUMNS FROM `zk_session` [ RunTime:0.0030s ]
SQL: SELECT * FROM `zk_session` WHERE `skey` = '8e6217ac6594c018d4c22d588a93fc21' LIMIT 1   [ RunTime:0.0000s ]

[ 2017-08-21T10:35:39+08:00 ] 192.168.100.252 /index.php?m=home&c=login&a=check3rdSession
INFO: [ app_init ] --START--
INFO: Run Behavior\BuildLiteBehavior [ RunTime:0.000000s ]
INFO: [ app_init ] --END-- [ RunTime:0.000000s ]
INFO: [ app_begin ] --START--
INFO: Run Behavior\ReadHtmlCacheBehavior [ RunTime:0.001000s ]
INFO: [ app_begin ] --END-- [ RunTime:0.001000s ]
SQL: SHOW COLUMNS FROM `zk_session` [ RunTime:0.0230s ]
SQL: SELECT * FROM `zk_session` WHERE `skey` = '8e6217ac6594c018d4c22d588a93fc21' LIMIT 1   [ RunTime:0.0000s ]

[ 2017-08-21T10:43:10+08:00 ] 192.168.100.252 /index.php?m=home&c=login&a=check3rdSession
INFO: [ app_init ] --START--
INFO: Run Behavior\BuildLiteBehavior [ RunTime:0.000000s ]
INFO: [ app_init ] --END-- [ RunTime:0.000000s ]
INFO: [ app_begin ] --START--
INFO: Run Behavior\ReadHtmlCacheBehavior [ RunTime:0.001000s ]
INFO: [ app_begin ] --END-- [ RunTime:0.001000s ]
SQL: SHOW COLUMNS FROM `zk_session` [ RunTime:0.0040s ]
SQL: SELECT * FROM `zk_session` WHERE `skey` = '8e6217ac6594c018d4c22d588a93fc21' LIMIT 1   [ RunTime:0.0010s ]

[ 2017-08-21T10:51:13+08:00 ] 192.168.100.252 /index.php?m=home&c=login&a=check3rdSession
INFO: [ app_init ] --START--
INFO: Run Behavior\BuildLiteBehavior [ RunTime:0.000000s ]
INFO: [ app_init ] --END-- [ RunTime:0.000000s ]
INFO: [ app_begin ] --START--
INFO: Run Behavior\ReadHtmlCacheBehavior [ RunTime:0.000000s ]
INFO: [ app_begin ] --END-- [ RunTime:0.000000s ]
SQL: SHOW COLUMNS FROM `zk_session` [ RunTime:0.0610s ]
SQL: SELECT * FROM `zk_session` WHERE `skey` = '8e6217ac6594c018d4c22d588a93fc21' LIMIT 1   [ RunTime:0.0000s ]

[ 2017-08-21T10:52:05+08:00 ] 192.168.100.252 /index.php?m=home&c=login&a=check3rdSession
INFO: [ app_init ] --START--
INFO: Run Behavior\BuildLiteBehavior [ RunTime:0.000000s ]
INFO: [ app_init ] --END-- [ RunTime:0.001000s ]
INFO: [ app_begin ] --START--
INFO: Run Behavior\ReadHtmlCacheBehavior [ RunTime:0.000000s ]
INFO: [ app_begin ] --END-- [ RunTime:0.000000s ]
SQL: SHOW COLUMNS FROM `zk_session` [ RunTime:0.0990s ]
SQL: SELECT * FROM `zk_session` WHERE `skey` = '8e6217ac6594c018d4c22d588a93fc21' LIMIT 1   [ RunTime:0.0000s ]

[ 2017-08-21T10:52:55+08:00 ] 192.168.100.252 /index.php?m=home&c=login&a=check3rdSession
INFO: [ app_init ] --START--
INFO: Run Behavior\BuildLiteBehavior [ RunTime:0.000000s ]
INFO: [ app_init ] --END-- [ RunTime:0.000000s ]
INFO: [ app_begin ] --START--
INFO: Run Behavior\ReadHtmlCacheBehavior [ RunTime:0.000000s ]
INFO: [ app_begin ] --END-- [ RunTime:0.000000s ]
SQL: SHOW COLUMNS FROM `zk_session` [ RunTime:0.0030s ]
SQL: SELECT * FROM `zk_session` WHERE `skey` = '8e6217ac6594c018d4c22d588a93fc21' LIMIT 1   [ RunTime:0.0000s ]

[ 2017-08-21T10:53:19+08:00 ] 192.168.100.252 /index.php?m=home&c=login&a=check3rdSession
INFO: [ app_init ] --START--
INFO: Run Behavior\BuildLiteBehavior [ RunTime:0.000000s ]
INFO: [ app_init ] --END-- [ RunTime:0.000000s ]
INFO: [ app_begin ] --START--
INFO: Run Behavior\ReadHtmlCacheBehavior [ RunTime:0.000000s ]
INFO: [ app_begin ] --END-- [ RunTime:0.000000s ]
SQL: SHOW COLUMNS FROM `zk_session` [ RunTime:0.0030s ]
SQL: SELECT * FROM `zk_session` WHERE `skey` = '8e6217ac6594c018d4c22d588a93fc21' LIMIT 1   [ RunTime:0.0000s ]

[ 2017-08-21T10:53:39+08:00 ] 192.168.100.252 /index.php?m=home&c=login&a=check3rdSession
INFO: [ app_init ] --START--
INFO: Run Behavior\BuildLiteBehavior [ RunTime:0.000000s ]
INFO: [ app_init ] --END-- [ RunTime:0.000000s ]
INFO: [ app_begin ] --START--
INFO: Run Behavior\ReadHtmlCacheBehavior [ RunTime:0.000000s ]
INFO: [ app_begin ] --END-- [ RunTime:0.000000s ]
SQL: SHOW COLUMNS FROM `zk_session` [ RunTime:0.0030s ]
SQL: SELECT * FROM `zk_session` WHERE `skey` = '8e6217ac6594c018d4c22d588a93fc21' LIMIT 1   [ RunTime:0.0000s ]

[ 2017-08-21T10:55:29+08:00 ] 192.168.103.86 /index.php?m=home&c=login&a=check3rdSession
INFO: [ app_init ] --START--
INFO: Run Behavior\BuildLiteBehavior [ RunTime:0.000000s ]
INFO: [ app_init ] --END-- [ RunTime:0.001000s ]
INFO: [ app_begin ] --START--
INFO: Run Behavior\ReadHtmlCacheBehavior [ RunTime:0.000000s ]
INFO: [ app_begin ] --END-- [ RunTime:0.000000s ]
SQL: SHOW COLUMNS FROM `zk_session` [ RunTime:0.0030s ]
SQL: SELECT * FROM `zk_session` WHERE `skey` = '79ac34f5b613c0fb7064bcfb91e30e8e' LIMIT 1   [ RunTime:0.0000s ]

[ 2017-08-21T10:57:34+08:00 ] 192.168.100.252 /index.php?m=home&c=login&a=check3rdSession
INFO: [ app_init ] --START--
INFO: Run Behavior\BuildLiteBehavior [ RunTime:0.000000s ]
INFO: [ app_init ] --END-- [ RunTime:0.000000s ]
INFO: [ app_begin ] --START--
INFO: Run Behavior\ReadHtmlCacheBehavior [ RunTime:0.000000s ]
INFO: [ app_begin ] --END-- [ RunTime:0.000000s ]
SQL: SHOW COLUMNS FROM `zk_session` [ RunTime:0.0030s ]
SQL: SELECT * FROM `zk_session` WHERE `skey` = '8e6217ac6594c018d4c22d588a93fc21' LIMIT 1   [ RunTime:0.0000s ]

[ 2017-08-21T15:18:44+08:00 ] 192.168.100.252 /index.php?m=home&c=login&a=check3rdSession
INFO: [ app_init ] --START--
INFO: Run Behavior\BuildLiteBehavior [ RunTime:0.000000s ]
INFO: [ app_init ] --END-- [ RunTime:0.001000s ]
INFO: [ app_begin ] --START--
INFO: Run Behavior\ReadHtmlCacheBehavior [ RunTime:0.001001s ]
INFO: [ app_begin ] --END-- [ RunTime:0.001001s ]
SQL: SHOW COLUMNS FROM `zk_session` [ RunTime:0.0040s ]
SQL: SELECT * FROM `zk_session` WHERE `skey` = '8e6217ac6594c018d4c22d588a93fc21' LIMIT 1   [ RunTime:0.0000s ]

[ 2017-08-21T16:14:16+08:00 ] 192.168.100.252 /index.php?m=home&c=login&a=check3rdSession
INFO: [ app_init ] --START--
INFO: Run Behavior\BuildLiteBehavior [ RunTime:0.000000s ]
INFO: [ app_init ] --END-- [ RunTime:0.000000s ]
INFO: [ app_begin ] --START--
INFO: Run Behavior\ReadHtmlCacheBehavior [ RunTime:0.000000s ]
INFO: [ app_begin ] --END-- [ RunTime:0.000000s ]
SQL: SHOW COLUMNS FROM `zk_session` [ RunTime:0.0020s ]
SQL: SELECT * FROM `zk_session` WHERE `skey` = '8e6217ac6594c018d4c22d588a93fc21' LIMIT 1   [ RunTime:0.0000s ]

[ 2017-08-21T16:14:58+08:00 ] 192.168.100.252 /index.php?m=home&c=login&a=check3rdSession
INFO: [ app_init ] --START--
INFO: Run Behavior\BuildLiteBehavior [ RunTime:0.000000s ]
INFO: [ app_init ] --END-- [ RunTime:0.000000s ]
INFO: [ app_begin ] --START--
INFO: Run Behavior\ReadHtmlCacheBehavior [ RunTime:0.000000s ]
INFO: [ app_begin ] --END-- [ RunTime:0.000000s ]
SQL: SHOW COLUMNS FROM `zk_session` [ RunTime:0.0040s ]
SQL: SELECT * FROM `zk_session` WHERE `skey` = '8e6217ac6594c018d4c22d588a93fc21' LIMIT 1   [ RunTime:0.0000s ]

[ 2017-08-21T16:19:16+08:00 ] 192.168.100.252 /index.php?m=home&c=login&a=check3rdSession
INFO: [ app_init ] --START--
INFO: Run Behavior\BuildLiteBehavior [ RunTime:0.000000s ]
INFO: [ app_init ] --END-- [ RunTime:0.001000s ]
INFO: [ app_begin ] --START--
INFO: Run Behavior\ReadHtmlCacheBehavior [ RunTime:0.001000s ]
INFO: [ app_begin ] --END-- [ RunTime:0.001000s ]
SQL: SHOW COLUMNS FROM `zk_session` [ RunTime:0.0040s ]
SQL: SELECT * FROM `zk_session` WHERE `skey` = '8e6217ac6594c018d4c22d588a93fc21' LIMIT 1   [ RunTime:0.0000s ]

[ 2017-08-21T16:33:02+08:00 ] 192.168.100.252 /index.php?m=home&c=login&a=check3rdSession
INFO: [ app_init ] --START--
INFO: Run Behavior\BuildLiteBehavior [ RunTime:0.000000s ]
INFO: [ app_init ] --END-- [ RunTime:0.001000s ]
INFO: [ app_begin ] --START--
INFO: Run Behavior\ReadHtmlCacheBehavior [ RunTime:0.000000s ]
INFO: [ app_begin ] --END-- [ RunTime:0.001000s ]
SQL: SHOW COLUMNS FROM `zk_session` [ RunTime:0.0030s ]
SQL: SELECT * FROM `zk_session` WHERE `skey` = '8e6217ac6594c018d4c22d588a93fc21' LIMIT 1   [ RunTime:0.0010s ]

[ 2017-08-21T16:40:52+08:00 ] 192.168.100.252 /index.php?m=home&c=login&a=check3rdSession
INFO: [ app_init ] --START--
INFO: Run Behavior\BuildLiteBehavior [ RunTime:0.000000s ]
INFO: [ app_init ] --END-- [ RunTime:0.000000s ]
INFO: [ app_begin ] --START--
INFO: Run Behavior\ReadHtmlCacheBehavior [ RunTime:0.000000s ]
INFO: [ app_begin ] --END-- [ RunTime:0.000000s ]
SQL: SHOW COLUMNS FROM `zk_session` [ RunTime:0.0030s ]
SQL: SELECT * FROM `zk_session` WHERE `skey` = '8e6217ac6594c018d4c22d588a93fc21' LIMIT 1   [ RunTime:0.0010s ]

[ 2017-08-21T16:41:21+08:00 ] 192.168.100.252 /index.php?m=home&c=login&a=check3rdSession
INFO: [ app_init ] --START--
INFO: Run Behavior\BuildLiteBehavior [ RunTime:0.000000s ]
INFO: [ app_init ] --END-- [ RunTime:0.000000s ]
INFO: [ app_begin ] --START--
INFO: Run Behavior\ReadHtmlCacheBehavior [ RunTime:0.001000s ]
INFO: [ app_begin ] --END-- [ RunTime:0.001000s ]
SQL: SHOW COLUMNS FROM `zk_session` [ RunTime:0.0020s ]
SQL: SELECT * FROM `zk_session` WHERE `skey` = '8e6217ac6594c018d4c22d588a93fc21' LIMIT 1   [ RunTime:0.0000s ]

[ 2017-08-21T16:47:39+08:00 ] 192.168.100.252 /index.php?m=home&c=login&a=check3rdSession
INFO: [ app_init ] --START--
INFO: Run Behavior\BuildLiteBehavior [ RunTime:0.000000s ]
INFO: [ app_init ] --END-- [ RunTime:0.001000s ]
INFO: [ app_begin ] --START--
INFO: Run Behavior\ReadHtmlCacheBehavior [ RunTime:0.000000s ]
INFO: [ app_begin ] --END-- [ RunTime:0.001001s ]
SQL: SHOW COLUMNS FROM `zk_session` [ RunTime:0.0030s ]
SQL: SELECT * FROM `zk_session` WHERE `skey` = '8e6217ac6594c018d4c22d588a93fc21' LIMIT 1   [ RunTime:0.0010s ]

[ 2017-08-21T16:54:39+08:00 ] 192.168.100.252 /index.php?m=home&c=login&a=check3rdSession
INFO: [ app_init ] --START--
INFO: Run Behavior\BuildLiteBehavior [ RunTime:0.000000s ]
INFO: [ app_init ] --END-- [ RunTime:0.001000s ]
INFO: [ app_begin ] --START--
INFO: Run Behavior\ReadHtmlCacheBehavior [ RunTime:0.000000s ]
INFO: [ app_begin ] --END-- [ RunTime:0.000000s ]
SQL: SHOW COLUMNS FROM `zk_session` [ RunTime:0.0060s ]
SQL: SELECT * FROM `zk_session` WHERE `skey` = '8e6217ac6594c018d4c22d588a93fc21' LIMIT 1   [ RunTime:0.0010s ]

[ 2017-08-21T16:56:30+08:00 ] 192.168.100.252 /index.php?m=home&c=login&a=check3rdSession
INFO: [ app_init ] --START--
INFO: Run Behavior\BuildLiteBehavior [ RunTime:0.000000s ]
INFO: [ app_init ] --END-- [ RunTime:0.000000s ]
INFO: [ app_begin ] --START--
INFO: Run Behavior\ReadHtmlCacheBehavior [ RunTime:0.001000s ]
INFO: [ app_begin ] --END-- [ RunTime:0.001000s ]
SQL: SHOW COLUMNS FROM `zk_session` [ RunTime:0.0030s ]
SQL: SELECT * FROM `zk_session` WHERE `skey` = '8e6217ac6594c018d4c22d588a93fc21' LIMIT 1   [ RunTime:0.0000s ]

[ 2017-08-21T16:56:56+08:00 ] 192.168.100.252 /index.php?m=home&c=login&a=check3rdSession
INFO: [ app_init ] --START--
INFO: Run Behavior\BuildLiteBehavior [ RunTime:0.000000s ]
INFO: [ app_init ] --END-- [ RunTime:0.000000s ]
INFO: [ app_begin ] --START--
INFO: Run Behavior\ReadHtmlCacheBehavior [ RunTime:0.001000s ]
INFO: [ app_begin ] --END-- [ RunTime:0.001000s ]
SQL: SHOW COLUMNS FROM `zk_session` [ RunTime:0.0040s ]
SQL: SELECT * FROM `zk_session` WHERE `skey` = '8e6217ac6594c018d4c22d588a93fc21' LIMIT 1   [ RunTime:0.0000s ]

[ 2017-08-21T16:59:32+08:00 ] 192.168.100.252 /index.php?m=home&c=login&a=check3rdSession
INFO: [ app_init ] --START--
INFO: Run Behavior\BuildLiteBehavior [ RunTime:0.000000s ]
INFO: [ app_init ] --END-- [ RunTime:0.001000s ]
INFO: [ app_begin ] --START--
INFO: Run Behavior\ReadHtmlCacheBehavior [ RunTime:0.001000s ]
INFO: [ app_begin ] --END-- [ RunTime:0.001000s ]
SQL: SHOW COLUMNS FROM `zk_session` [ RunTime:0.0030s ]
SQL: SELECT * FROM `zk_session` WHERE `skey` = '8e6217ac6594c018d4c22d588a93fc21' LIMIT 1   [ RunTime:0.0000s ]

[ 2017-08-21T17:00:40+08:00 ] 192.168.100.252 /index.php?m=home&c=login&a=check3rdSession
INFO: [ app_init ] --START--
INFO: Run Behavior\BuildLiteBehavior [ RunTime:0.000000s ]
INFO: [ app_init ] --END-- [ RunTime:0.001000s ]
INFO: [ app_begin ] --START--
INFO: Run Behavior\ReadHtmlCacheBehavior [ RunTime:0.001000s ]
INFO: [ app_begin ] --END-- [ RunTime:0.002000s ]
SQL: SHOW COLUMNS FROM `zk_session` [ RunTime:0.0030s ]
SQL: SELECT * FROM `zk_session` WHERE `skey` = '8e6217ac6594c018d4c22d588a93fc21' LIMIT 1   [ RunTime:0.0010s ]

[ 2017-08-21T17:03:29+08:00 ] 192.168.100.252 /index.php?m=home&c=login&a=check3rdSession
INFO: [ app_init ] --START--
INFO: Run Behavior\BuildLiteBehavior [ RunTime:0.000000s ]
INFO: [ app_init ] --END-- [ RunTime:0.000000s ]
INFO: [ app_begin ] --START--
INFO: Run Behavior\ReadHtmlCacheBehavior [ RunTime:0.000000s ]
INFO: [ app_begin ] --END-- [ RunTime:0.000000s ]
SQL: SHOW COLUMNS FROM `zk_session` [ RunTime:0.0030s ]
SQL: SELECT * FROM `zk_session` WHERE `skey` = '8e6217ac6594c018d4c22d588a93fc21' LIMIT 1   [ RunTime:0.0010s ]

