[ 2017-07-29T09:19:32+08:00 ] 192.168.100.252 /index.php?m=home&c=login&a=checksession
INFO: [ app_init ] --START--
INFO: Run Behavior\BuildLiteBehavior [ RunTime:0.000000s ]
INFO: [ app_init ] --END-- [ RunTime:0.000000s ]
INFO: [ app_begin ] --START--
INFO: Run Behavior\ReadHtmlCacheBehavior [ RunTime:0.001000s ]
INFO: [ app_begin ] --END-- [ RunTime:0.001000s ]
SQL: SHOW COLUMNS FROM `zk_session` [ RunTime:0.0020s ]
SQL: SELECT * FROM `zk_session` WHERE `skey` = '1b37ea7ca4f39525cc88d851e3c47c69' LIMIT 1   [ RunTime:0.0000s ]

[ 2017-07-29T09:20:54+08:00 ] 192.168.100.252 /index.php?m=home&c=login&a=checksession
INFO: [ app_init ] --START--
INFO: Run Behavior\BuildLiteBehavior [ RunTime:0.000000s ]
INFO: [ app_init ] --END-- [ RunTime:0.000000s ]
INFO: [ app_begin ] --START--
INFO: Run Behavior\ReadHtmlCacheBehavior [ RunTime:0.001001s ]
INFO: [ app_begin ] --END-- [ RunTime:0.001001s ]
SQL: SHOW COLUMNS FROM `zk_session` [ RunTime:0.0020s ]
SQL: SELECT * FROM `zk_session` WHERE `skey` = '1b37ea7ca4f39525cc88d851e3c47c69' LIMIT 1   [ RunTime:0.0000s ]

[ 2017-07-29T09:21:55+08:00 ] 192.168.100.252 /index.php?m=home&c=login&a=checksession
INFO: [ app_init ] --START--
INFO: Run Behavior\BuildLiteBehavior [ RunTime:0.000000s ]
INFO: [ app_init ] --END-- [ RunTime:0.000000s ]
INFO: [ app_begin ] --START--
INFO: Run Behavior\ReadHtmlCacheBehavior [ RunTime:0.000000s ]
INFO: [ app_begin ] --END-- [ RunTime:0.000000s ]
SQL: SHOW COLUMNS FROM `zk_session` [ RunTime:0.0020s ]
SQL: SELECT * FROM `zk_session` WHERE `skey` = '1b37ea7ca4f39525cc88d851e3c47c69' LIMIT 1   [ RunTime:0.0000s ]

[ 2017-07-29T09:44:33+08:00 ] 192.168.100.252 /index.php?m=home&c=login&a=checksession
INFO: [ app_init ] --START--
INFO: Run Behavior\BuildLiteBehavior [ RunTime:0.000000s ]
INFO: [ app_init ] --END-- [ RunTime:0.000000s ]
INFO: [ app_begin ] --START--
INFO: Run Behavior\ReadHtmlCacheBehavior [ RunTime:0.000000s ]
INFO: [ app_begin ] --END-- [ RunTime:0.000000s ]
SQL: SHOW COLUMNS FROM `zk_session` [ RunTime:0.0010s ]
SQL: SELECT * FROM `zk_session` WHERE `skey` = '1b37ea7ca4f39525cc88d851e3c47c69' LIMIT 1   [ RunTime:0.0010s ]

[ 2017-07-29T09:44:36+08:00 ] 192.168.100.252 /index.php?m=home&c=login&a=checksession
INFO: [ app_init ] --START--
INFO: Run Behavior\BuildLiteBehavior [ RunTime:0.000000s ]
INFO: [ app_init ] --END-- [ RunTime:0.000000s ]
INFO: [ app_begin ] --START--
INFO: Run Behavior\ReadHtmlCacheBehavior [ RunTime:0.000000s ]
INFO: [ app_begin ] --END-- [ RunTime:0.000000s ]
SQL: SHOW COLUMNS FROM `zk_session` [ RunTime:0.0020s ]
SQL: SELECT * FROM `zk_session` WHERE `skey` = '1b37ea7ca4f39525cc88d851e3c47c69' LIMIT 1   [ RunTime:0.0000s ]

