[ 2017-08-17T09:49:38+08:00 ] 192.168.103.86 /index.php?m=home&c=login&a=check3rdSession
INFO: [ app_init ] --START--
INFO: Run Behavior\BuildLiteBehavior [ RunTime:0.000000s ]
INFO: [ app_init ] --END-- [ RunTime:0.052003s ]
INFO: [ app_begin ] --START--
INFO: Run Behavior\ReadHtmlCacheBehavior [ RunTime:0.001000s ]
INFO: [ app_begin ] --END-- [ RunTime:0.001000s ]
SQL: SHOW COLUMNS FROM `zk_session` [ RunTime:0.0210s ]
SQL: SELECT * FROM `zk_session` WHERE `skey` = 'd950eb8bc099749402fcee7eb63457bb' LIMIT 1   [ RunTime:0.0010s ]

[ 2017-08-17T10:11:18+08:00 ] 192.168.100.252 /index.php?m=home&c=login&a=check3rdSession
INFO: [ app_init ] --START--
INFO: Run Behavior\BuildLiteBehavior [ RunTime:0.000000s ]
INFO: [ app_init ] --END-- [ RunTime:0.000000s ]
INFO: [ app_begin ] --START--
INFO: Run Behavior\ReadHtmlCacheBehavior [ RunTime:0.001000s ]
INFO: [ app_begin ] --END-- [ RunTime:0.001000s ]
SQL: SHOW COLUMNS FROM `zk_session` [ RunTime:0.0020s ]
SQL: SELECT * FROM `zk_session` WHERE `skey` = '8e6217ac6594c018d4c22d588a93fc21' LIMIT 1   [ RunTime:0.0010s ]

[ 2017-08-17T10:28:17+08:00 ] 192.168.103.86 /index.php?m=home&c=login&a=check3rdSession
INFO: [ app_init ] --START--
INFO: Run Behavior\BuildLiteBehavior [ RunTime:0.000000s ]
INFO: [ app_init ] --END-- [ RunTime:0.000000s ]
INFO: [ app_begin ] --START--
INFO: Run Behavior\ReadHtmlCacheBehavior [ RunTime:0.001000s ]
INFO: [ app_begin ] --END-- [ RunTime:0.001000s ]
SQL: SHOW COLUMNS FROM `zk_session` [ RunTime:0.0020s ]
SQL: SELECT * FROM `zk_session` WHERE `skey` = 'd950eb8bc099749402fcee7eb63457bb' LIMIT 1   [ RunTime:0.0000s ]

[ 2017-08-17T11:02:14+08:00 ] 192.168.100.252 /index.php?m=home&c=login&a=check3rdSession
INFO: [ app_init ] --START--
INFO: Run Behavior\BuildLiteBehavior [ RunTime:0.000000s ]
INFO: [ app_init ] --END-- [ RunTime:0.000000s ]
INFO: [ app_begin ] --START--
INFO: Run Behavior\ReadHtmlCacheBehavior [ RunTime:0.001000s ]
INFO: [ app_begin ] --END-- [ RunTime:0.001000s ]
SQL: SHOW COLUMNS FROM `zk_session` [ RunTime:0.0020s ]
SQL: SELECT * FROM `zk_session` WHERE `skey` = '8e6217ac6594c018d4c22d588a93fc21' LIMIT 1   [ RunTime:0.0010s ]

[ 2017-08-17T11:02:54+08:00 ] 192.168.100.252 /index.php?m=home&c=login&a=check3rdSession
INFO: [ app_init ] --START--
INFO: Run Behavior\BuildLiteBehavior [ RunTime:0.000000s ]
INFO: [ app_init ] --END-- [ RunTime:0.001000s ]
INFO: [ app_begin ] --START--
INFO: Run Behavior\ReadHtmlCacheBehavior [ RunTime:0.001000s ]
INFO: [ app_begin ] --END-- [ RunTime:0.001000s ]
SQL: SHOW COLUMNS FROM `zk_session` [ RunTime:0.0020s ]
SQL: SELECT * FROM `zk_session` WHERE `skey` = '8e6217ac6594c018d4c22d588a93fc21' LIMIT 1   [ RunTime:0.0000s ]

[ 2017-08-17T11:03:49+08:00 ] 192.168.100.252 /index.php?m=home&c=login&a=check3rdSession
INFO: [ app_init ] --START--
INFO: Run Behavior\BuildLiteBehavior [ RunTime:0.000000s ]
INFO: [ app_init ] --END-- [ RunTime:0.000000s ]
INFO: [ app_begin ] --START--
INFO: Run Behavior\ReadHtmlCacheBehavior [ RunTime:0.001000s ]
INFO: [ app_begin ] --END-- [ RunTime:0.001000s ]
SQL: SHOW COLUMNS FROM `zk_session` [ RunTime:0.0020s ]
SQL: SELECT * FROM `zk_session` WHERE `skey` = '8e6217ac6594c018d4c22d588a93fc21' LIMIT 1   [ RunTime:0.0000s ]

[ 2017-08-17T11:04:11+08:00 ] 192.168.100.252 /index.php?m=home&c=login&a=check3rdSession
INFO: [ app_init ] --START--
INFO: Run Behavior\BuildLiteBehavior [ RunTime:0.000000s ]
INFO: [ app_init ] --END-- [ RunTime:0.000000s ]
INFO: [ app_begin ] --START--
INFO: Run Behavior\ReadHtmlCacheBehavior [ RunTime:0.000000s ]
INFO: [ app_begin ] --END-- [ RunTime:0.000000s ]
SQL: SHOW COLUMNS FROM `zk_session` [ RunTime:0.0030s ]
SQL: SELECT * FROM `zk_session` WHERE `skey` = '8e6217ac6594c018d4c22d588a93fc21' LIMIT 1   [ RunTime:0.0000s ]

[ 2017-08-17T11:07:44+08:00 ] 192.168.100.252 /index.php?m=home&c=login&a=check3rdSession
INFO: [ app_init ] --START--
INFO: Run Behavior\BuildLiteBehavior [ RunTime:0.000000s ]
INFO: [ app_init ] --END-- [ RunTime:0.000000s ]
INFO: [ app_begin ] --START--
INFO: Run Behavior\ReadHtmlCacheBehavior [ RunTime:0.001000s ]
INFO: [ app_begin ] --END-- [ RunTime:0.001000s ]
SQL: SHOW COLUMNS FROM `zk_session` [ RunTime:0.0030s ]
SQL: SELECT * FROM `zk_session` WHERE `skey` = '8e6217ac6594c018d4c22d588a93fc21' LIMIT 1   [ RunTime:0.0000s ]

[ 2017-08-17T11:07:53+08:00 ] 192.168.100.252 /index.php?m=home&c=login&a=check3rdSession
INFO: [ app_init ] --START--
INFO: Run Behavior\BuildLiteBehavior [ RunTime:0.000000s ]
INFO: [ app_init ] --END-- [ RunTime:0.000000s ]
INFO: [ app_begin ] --START--
INFO: Run Behavior\ReadHtmlCacheBehavior [ RunTime:0.000000s ]
INFO: [ app_begin ] --END-- [ RunTime:0.001000s ]
SQL: SHOW COLUMNS FROM `zk_session` [ RunTime:0.0030s ]
SQL: SELECT * FROM `zk_session` WHERE `skey` = '8e6217ac6594c018d4c22d588a93fc21' LIMIT 1   [ RunTime:0.0000s ]

[ 2017-08-17T11:24:12+08:00 ] 192.168.100.252 /index.php?m=home&c=login&a=check3rdSession
INFO: [ app_init ] --START--
INFO: Run Behavior\BuildLiteBehavior [ RunTime:0.000000s ]
INFO: [ app_init ] --END-- [ RunTime:0.000000s ]
INFO: [ app_begin ] --START--
INFO: Run Behavior\ReadHtmlCacheBehavior [ RunTime:0.000000s ]
INFO: [ app_begin ] --END-- [ RunTime:0.000000s ]
SQL: SHOW COLUMNS FROM `zk_session` [ RunTime:0.0020s ]
SQL: SELECT * FROM `zk_session` WHERE `skey` = '8e6217ac6594c018d4c22d588a93fc21' LIMIT 1   [ RunTime:0.0000s ]

[ 2017-08-17T11:24:17+08:00 ] 192.168.100.252 /index.php?m=home&c=login&a=check3rdSession
INFO: [ app_init ] --START--
INFO: Run Behavior\BuildLiteBehavior [ RunTime:0.000000s ]
INFO: [ app_init ] --END-- [ RunTime:0.001000s ]
INFO: [ app_begin ] --START--
INFO: Run Behavior\ReadHtmlCacheBehavior [ RunTime:0.000000s ]
INFO: [ app_begin ] --END-- [ RunTime:0.000000s ]
SQL: SHOW COLUMNS FROM `zk_session` [ RunTime:0.0050s ]
SQL: SELECT * FROM `zk_session` WHERE `skey` = '8e6217ac6594c018d4c22d588a93fc21' LIMIT 1   [ RunTime:0.0000s ]

[ 2017-08-17T11:26:24+08:00 ] 192.168.100.252 /index.php?m=home&c=login&a=check3rdSession
INFO: [ app_init ] --START--
INFO: Run Behavior\BuildLiteBehavior [ RunTime:0.000000s ]
INFO: [ app_init ] --END-- [ RunTime:0.001000s ]
INFO: [ app_begin ] --START--
INFO: Run Behavior\ReadHtmlCacheBehavior [ RunTime:0.001000s ]
INFO: [ app_begin ] --END-- [ RunTime:0.001000s ]
SQL: SHOW COLUMNS FROM `zk_session` [ RunTime:0.0020s ]
SQL: SELECT * FROM `zk_session` WHERE `skey` = '8e6217ac6594c018d4c22d588a93fc21' LIMIT 1   [ RunTime:0.0000s ]

[ 2017-08-17T11:27:03+08:00 ] 192.168.100.252 /index.php?m=home&c=login&a=check3rdSession
INFO: [ app_init ] --START--
INFO: Run Behavior\BuildLiteBehavior [ RunTime:0.000000s ]
INFO: [ app_init ] --END-- [ RunTime:0.000000s ]
INFO: [ app_begin ] --START--
INFO: Run Behavior\ReadHtmlCacheBehavior [ RunTime:0.000000s ]
INFO: [ app_begin ] --END-- [ RunTime:0.001000s ]
SQL: SHOW COLUMNS FROM `zk_session` [ RunTime:0.0020s ]
SQL: SELECT * FROM `zk_session` WHERE `skey` = '8e6217ac6594c018d4c22d588a93fc21' LIMIT 1   [ RunTime:0.0000s ]

[ 2017-08-17T11:28:57+08:00 ] 192.168.100.252 /index.php?m=home&c=login&a=check3rdSession
INFO: [ app_init ] --START--
INFO: Run Behavior\BuildLiteBehavior [ RunTime:0.000000s ]
INFO: [ app_init ] --END-- [ RunTime:0.000000s ]
INFO: [ app_begin ] --START--
INFO: Run Behavior\ReadHtmlCacheBehavior [ RunTime:0.000000s ]
INFO: [ app_begin ] --END-- [ RunTime:0.000000s ]
SQL: SHOW COLUMNS FROM `zk_session` [ RunTime:0.0020s ]
SQL: SELECT * FROM `zk_session` WHERE `skey` = '8e6217ac6594c018d4c22d588a93fc21' LIMIT 1   [ RunTime:0.0000s ]

[ 2017-08-17T11:29:04+08:00 ] 192.168.100.252 /index.php?m=home&c=login&a=check3rdSession
INFO: [ app_init ] --START--
INFO: Run Behavior\BuildLiteBehavior [ RunTime:0.000000s ]
INFO: [ app_init ] --END-- [ RunTime:0.000000s ]
INFO: [ app_begin ] --START--
INFO: Run Behavior\ReadHtmlCacheBehavior [ RunTime:0.001000s ]
INFO: [ app_begin ] --END-- [ RunTime:0.001000s ]
SQL: SHOW COLUMNS FROM `zk_session` [ RunTime:0.0030s ]
SQL: SELECT * FROM `zk_session` WHERE `skey` = '8e6217ac6594c018d4c22d588a93fc21' LIMIT 1   [ RunTime:0.0000s ]

[ 2017-08-17T11:31:08+08:00 ] 192.168.100.252 /index.php?m=home&c=login&a=check3rdSession
INFO: [ app_init ] --START--
INFO: Run Behavior\BuildLiteBehavior [ RunTime:0.000000s ]
INFO: [ app_init ] --END-- [ RunTime:0.000000s ]
INFO: [ app_begin ] --START--
INFO: Run Behavior\ReadHtmlCacheBehavior [ RunTime:0.000000s ]
INFO: [ app_begin ] --END-- [ RunTime:0.000000s ]
SQL: SHOW COLUMNS FROM `zk_session` [ RunTime:0.0020s ]
SQL: SELECT * FROM `zk_session` WHERE `skey` = '8e6217ac6594c018d4c22d588a93fc21' LIMIT 1   [ RunTime:0.0010s ]

[ 2017-08-17T13:35:13+08:00 ] 127.0.0.1 /
INFO: [ app_init ] --START--
INFO: Run Behavior\BuildLiteBehavior [ RunTime:0.000000s ]
INFO: [ app_init ] --END-- [ RunTime:0.000000s ]
INFO: [ app_begin ] --START--
INFO: Run Behavior\ReadHtmlCacheBehavior [ RunTime:0.000000s ]
INFO: [ app_begin ] --END-- [ RunTime:0.000000s ]
NOTIC: [2] http_build_query(): Parameter 1 expected to be Array or Object.  Incorrect value given E:\wwwroot\Application\Home\Model\CommonModel.class.php 第 28 行.
INFO: [ view_parse ] --START--
INFO: [ template_filter ] --START--
INFO: Run Behavior\ContentReplaceBehavior [ RunTime:0.000000s ]
INFO: [ template_filter ] --END-- [ RunTime:0.000000s ]
INFO: Run Behavior\ParseTemplateBehavior [ RunTime:0.074004s ]
INFO: [ view_parse ] --END-- [ RunTime:0.074004s ]
INFO: [ view_filter ] --START--
INFO: Run Behavior\WriteHtmlCacheBehavior [ RunTime:0.001000s ]
INFO: [ view_filter ] --END-- [ RunTime:0.001000s ]
INFO: [ app_end ] --START--
INFO: Run Behavior\ShowPageTraceBehavior [ RunTime:0.002000s ]
INFO: [ app_end ] --END-- [ RunTime:0.002000s ]

