[ 2017-08-31T10:35:18+08:00 ] 192.168.103.242 /weapp.zhongkaiyun.com/
INFO: [ app_init ] --START--
INFO: Run Behavior\BuildLiteBehavior [ RunTime:0.000032s ]
INFO: [ app_init ] --END-- [ RunTime:0.000919s ]
INFO: [ app_begin ] --START--
INFO: Run Behavior\ReadHtmlCacheBehavior [ RunTime:0.000781s ]
INFO: [ app_begin ] --END-- [ RunTime:0.000825s ]
NOTIC: [2] http_build_query(): Parameter 1 expected to be Array or Object.  Incorrect value given /Work/wwwroot/weapp.zhongkaiyun.com/Application/Home/Model/CommonModel.class.php 第 28 行.
INFO: [ view_parse ] --START--
INFO: [ template_filter ] --START--
INFO: Run Behavior\ContentReplaceBehavior [ RunTime:0.001850s ]
INFO: [ template_filter ] --END-- [ RunTime:0.001918s ]
INFO: Run Behavior\ParseTemplateBehavior [ RunTime:0.011877s ]
INFO: [ view_parse ] --END-- [ RunTime:0.011943s ]
INFO: [ view_filter ] --START--
INFO: Run Behavior\WriteHtmlCacheBehavior [ RunTime:0.000572s ]
INFO: [ view_filter ] --END-- [ RunTime:0.000609s ]
INFO: [ app_end ] --START--
INFO: Run Behavior\ShowPageTraceBehavior [ RunTime:0.001729s ]
INFO: [ app_end ] --END-- [ RunTime:0.001790s ]

[ 2017-08-31T10:35:42+08:00 ] 192.168.103.239 /weapp.zhongkaiyun.com/
INFO: [ app_init ] --START--
INFO: Run Behavior\BuildLiteBehavior [ RunTime:0.000012s ]
INFO: [ app_init ] --END-- [ RunTime:0.000291s ]
INFO: [ app_begin ] --START--
INFO: Run Behavior\ReadHtmlCacheBehavior [ RunTime:0.000325s ]
INFO: [ app_begin ] --END-- [ RunTime:0.000376s ]
NOTIC: [2] http_build_query(): Parameter 1 expected to be Array or Object.  Incorrect value given /Work/wwwroot/weapp.zhongkaiyun.com/Application/Home/Model/CommonModel.class.php 第 28 行.
INFO: [ view_parse ] --START--
INFO: [ template_filter ] --START--
INFO: Run Behavior\ContentReplaceBehavior [ RunTime:0.000052s ]
INFO: [ template_filter ] --END-- [ RunTime:0.000095s ]
INFO: Run Behavior\ParseTemplateBehavior [ RunTime:0.004390s ]
INFO: [ view_parse ] --END-- [ RunTime:0.004456s ]
INFO: [ view_filter ] --START--
INFO: Run Behavior\WriteHtmlCacheBehavior [ RunTime:0.000104s ]
INFO: [ view_filter ] --END-- [ RunTime:0.000124s ]
INFO: [ app_end ] --START--
INFO: Run Behavior\ShowPageTraceBehavior [ RunTime:0.000419s ]
INFO: [ app_end ] --END-- [ RunTime:0.000453s ]

[ 2017-08-31T10:38:06+08:00 ] 192.168.103.242 /weapp.zhongkaiyun.com/index.php?m=home&c=login&a=check3rdSession
INFO: [ app_init ] --START--
INFO: Run Behavior\BuildLiteBehavior [ RunTime:0.000014s ]
INFO: [ app_init ] --END-- [ RunTime:0.000431s ]
INFO: [ app_begin ] --START--
INFO: Run Behavior\ReadHtmlCacheBehavior [ RunTime:0.000381s ]
INFO: [ app_begin ] --END-- [ RunTime:0.000500s ]
ERR: SQLSTATE[HY000] [2002] Operation timed out

[ 2017-08-31T10:38:09+08:00 ] 192.168.103.242 /weapp.zhongkaiyun.com/index.php?m=home&c=login&a=check3rdSession
INFO: [ app_init ] --START--
INFO: Run Behavior\BuildLiteBehavior [ RunTime:0.000015s ]
INFO: [ app_init ] --END-- [ RunTime:0.000412s ]
INFO: [ app_begin ] --START--
INFO: Run Behavior\ReadHtmlCacheBehavior [ RunTime:0.000470s ]
INFO: [ app_begin ] --END-- [ RunTime:0.000550s ]
ERR: SQLSTATE[HY000] [2002] Operation timed out

[ 2017-08-31T10:38:11+08:00 ] 192.168.103.242 /weapp.zhongkaiyun.com/index.php?m=home&c=login&a=check3rdSession
INFO: [ app_init ] --START--
INFO: Run Behavior\BuildLiteBehavior [ RunTime:0.000016s ]
INFO: [ app_init ] --END-- [ RunTime:0.000584s ]
INFO: [ app_begin ] --START--
INFO: Run Behavior\ReadHtmlCacheBehavior [ RunTime:0.000987s ]
INFO: [ app_begin ] --END-- [ RunTime:0.001089s ]
ERR: SQLSTATE[HY000] [2002] Operation timed out

[ 2017-08-31T10:38:14+08:00 ] 192.168.103.242 /weapp.zhongkaiyun.com/index.php?m=home&c=login&a=check3rdSession
INFO: [ app_init ] --START--
INFO: Run Behavior\BuildLiteBehavior [ RunTime:0.000013s ]
INFO: [ app_init ] --END-- [ RunTime:0.000273s ]
INFO: [ app_begin ] --START--
INFO: Run Behavior\ReadHtmlCacheBehavior [ RunTime:0.000320s ]
INFO: [ app_begin ] --END-- [ RunTime:0.000372s ]
ERR: SQLSTATE[HY000] [2002] Operation timed out

[ 2017-08-31T10:38:17+08:00 ] 192.168.103.242 /weapp.zhongkaiyun.com/index.php?m=home&c=login&a=check3rdSession
INFO: [ app_init ] --START--
INFO: Run Behavior\BuildLiteBehavior [ RunTime:0.000014s ]
INFO: [ app_init ] --END-- [ RunTime:0.000273s ]
INFO: [ app_begin ] --START--
INFO: Run Behavior\ReadHtmlCacheBehavior [ RunTime:0.000419s ]
INFO: [ app_begin ] --END-- [ RunTime:0.000523s ]
ERR: SQLSTATE[HY000] [2002] Operation timed out

[ 2017-08-31T10:38:53+08:00 ] 192.168.103.242 /weapp.zhongkaiyun.com/index.php?m=home&c=login&a=get3rd_session
INFO: [ app_init ] --START--
INFO: Run Behavior\BuildLiteBehavior [ RunTime:0.000009s ]
INFO: [ app_init ] --END-- [ RunTime:0.000199s ]
INFO: [ app_begin ] --START--
INFO: Run Behavior\ReadHtmlCacheBehavior [ RunTime:0.000501s ]
INFO: [ app_begin ] --END-- [ RunTime:0.000570s ]
ERR: SQLSTATE[HY000] [2002] Operation timed out

[ 2017-08-31T10:39:16+08:00 ] 192.168.103.242 /weapp.zhongkaiyun.com/
INFO: [ app_init ] --START--
INFO: Run Behavior\BuildLiteBehavior [ RunTime:0.000007s ]
INFO: [ app_init ] --END-- [ RunTime:0.000151s ]
INFO: [ app_begin ] --START--
INFO: Run Behavior\ReadHtmlCacheBehavior [ RunTime:0.000194s ]
INFO: [ app_begin ] --END-- [ RunTime:0.000217s ]
NOTIC: [2] http_build_query(): Parameter 1 expected to be Array or Object.  Incorrect value given /Work/wwwroot/weapp.zhongkaiyun.com/Application/Home/Model/CommonModel.class.php 第 28 行.
INFO: [ view_parse ] --START--
INFO: [ template_filter ] --START--
INFO: Run Behavior\ContentReplaceBehavior [ RunTime:0.000032s ]
INFO: [ template_filter ] --END-- [ RunTime:0.000059s ]
INFO: Run Behavior\ParseTemplateBehavior [ RunTime:0.002359s ]
INFO: [ view_parse ] --END-- [ RunTime:0.002386s ]
INFO: [ view_filter ] --START--
INFO: Run Behavior\WriteHtmlCacheBehavior [ RunTime:0.000074s ]
INFO: [ view_filter ] --END-- [ RunTime:0.000090s ]
INFO: [ app_end ] --START--
INFO: Run Behavior\ShowPageTraceBehavior [ RunTime:0.000221s ]
INFO: [ app_end ] --END-- [ RunTime:0.000239s ]

[ 2017-08-31T10:39:22+08:00 ] 192.168.103.242 /weapp.zhongkaiyun.com/index.php?m=home&c=login&a=get3rd_session
INFO: [ app_init ] --START--
INFO: Run Behavior\BuildLiteBehavior [ RunTime:0.000010s ]
INFO: [ app_init ] --END-- [ RunTime:0.000274s ]
INFO: [ app_begin ] --START--
INFO: Run Behavior\ReadHtmlCacheBehavior [ RunTime:0.000362s ]
INFO: [ app_begin ] --END-- [ RunTime:0.000438s ]
ERR: SQLSTATE[HY000] [2002] Operation timed out

[ 2017-08-31T10:40:16+08:00 ] 192.168.103.242 /weapp.zhongkaiyun.com/index.php?m=home&c=login&a=get3rd_session
INFO: [ app_init ] --START--
INFO: Run Behavior\BuildLiteBehavior [ RunTime:0.000007s ]
INFO: [ app_init ] --END-- [ RunTime:0.000163s ]
INFO: [ app_begin ] --START--
INFO: Run Behavior\ReadHtmlCacheBehavior [ RunTime:0.000199s ]
INFO: [ app_begin ] --END-- [ RunTime:0.000225s ]
ERR: SQLSTATE[HY000] [2002] Operation timed out

[ 2017-08-31T10:41:56+08:00 ] 192.168.103.242 /weapp.zhongkaiyun.com/index.php?m=home&c=login&a=check3rdSession
INFO: [ app_init ] --START--
INFO: Run Behavior\BuildLiteBehavior [ RunTime:0.000010s ]
INFO: [ app_init ] --END-- [ RunTime:0.000213s ]
INFO: [ app_begin ] --START--
INFO: Run Behavior\ReadHtmlCacheBehavior [ RunTime:0.000274s ]
INFO: [ app_begin ] --END-- [ RunTime:0.000309s ]
ERR: SQLSTATE[HY000] [2002] Operation timed out

[ 2017-08-31T10:43:11+08:00 ] 192.168.103.242 /weapp.zhongkaiyun.com/index.php?m=home&c=login&a=get3rd_session
INFO: [ app_init ] --START--
INFO: Run Behavior\BuildLiteBehavior [ RunTime:0.000019s ]
INFO: [ app_init ] --END-- [ RunTime:0.000287s ]
INFO: [ app_begin ] --START--
INFO: Run Behavior\ReadHtmlCacheBehavior [ RunTime:0.000539s ]
INFO: [ app_begin ] --END-- [ RunTime:0.000615s ]
ERR: SQLSTATE[HY000] [2002] Operation timed out

[ 2017-08-31T10:43:47+08:00 ] 192.168.103.242 /weapp.zhongkaiyun.com/index.php?m=home&c=login&a=get3rd_session
INFO: [ app_init ] --START--
INFO: Run Behavior\BuildLiteBehavior [ RunTime:0.000015s ]
INFO: [ app_init ] --END-- [ RunTime:0.000332s ]
INFO: [ app_begin ] --START--
INFO: Run Behavior\ReadHtmlCacheBehavior [ RunTime:0.000592s ]
INFO: [ app_begin ] --END-- [ RunTime:0.000720s ]
ERR: SQLSTATE[HY000] [2002] Operation timed out

[ 2017-08-31T10:44:40+08:00 ] 192.168.103.242 /weapp.zhongkaiyun.com/index.php?m=home&c=login&a=get3rd_session
INFO: [ app_init ] --START--
INFO: Run Behavior\BuildLiteBehavior [ RunTime:0.000008s ]
INFO: [ app_init ] --END-- [ RunTime:0.000184s ]
INFO: [ app_begin ] --START--
INFO: Run Behavior\ReadHtmlCacheBehavior [ RunTime:0.000236s ]
INFO: [ app_begin ] --END-- [ RunTime:0.000267s ]
SQL: SHOW COLUMNS FROM `zk_user` [ RunTime:0.0286s ]
NOTIC: [8] Undefined index: openid /Work/wwwroot/weapp.zhongkaiyun.com/Application/Home/Controller/LoginController.class.php 第 33 行.
SQL: SELECT * FROM `zk_user` WHERE `openid` = null LIMIT 1   [ RunTime:0.0051s ]
NOTIC: [8] Undefined index: openid /Work/wwwroot/weapp.zhongkaiyun.com/Application/Home/Controller/LoginController.class.php 第 38 行.
ERR: 1048:Column 'openid' cannot be null
 [ SQL语句 ] : INSERT INTO `zk_user` (`openid`,`rankmoney`,`user_type`,`user_status`,`create_time`) VALUES (NULL,'0','0','0','1504147480')
ERR: 1048:Column 'openid' cannot be null
 [ SQL语句 ] : INSERT INTO `zk_user` (`openid`,`rankmoney`,`user_type`,`user_status`,`create_time`) VALUES (NULL,'0','0','0','1504147480')

[ 2017-08-31T10:44:46+08:00 ] 192.168.103.242 /weapp.zhongkaiyun.com/index.php?m=home&c=login&a=check3rdSession
INFO: [ app_init ] --START--
INFO: Run Behavior\BuildLiteBehavior [ RunTime:0.000009s ]
INFO: [ app_init ] --END-- [ RunTime:0.000195s ]
INFO: [ app_begin ] --START--
INFO: Run Behavior\ReadHtmlCacheBehavior [ RunTime:0.000261s ]
INFO: [ app_begin ] --END-- [ RunTime:0.000296s ]
SQL: SHOW COLUMNS FROM `zk_session` [ RunTime:0.0017s ]
ERR: 1064:You have an error in your SQL syntax; check the manual that corresponds to your MySQL server version for the right syntax to use near '<!DOCTYPE html PUBLIC "-//W3C//DTD XHTML 1.0 Transitional//EN" "http://www.w3.or' at line 1
 [ SQL语句 ] : SELECT * FROM `zk_session` WHERE ( <!DOCTYPE html PUBLIC "-//W3C//DTD XHTML 1.0 Transitional//EN" "http://www.w3.org/TR/xhtml1/DTD/xhtml1-transitional.dtd">
<html xmlns="http://www.w3.org/1999/xhtml"><head>
<meta content="text/html; charset=utf-8" http-equiv="Content-Type">
<title>系统发生错误</title>
<style type="text/css">
*{ padding: 0; margin: 0; }
html{ overflow-y: scroll; }
body{ background: #fff; font-family: '微软雅黑'; color: #333; font-size: 16px; }
img{ border: 0; }
.error{ padding: 24px 48px; }
.face{ font-size: 100px; font-weight: normal; line-height: 120px; margin-bottom: 12px; }
h1{ font-size: 32px; line-height: 48px; }
.error .content{ padding-top: 10px}
.error .info{ margin-bottom: 12px; }
.error .info .title{ margin-bottom: 3px; }
.error .info .title h3{ color: #000; font-weight: 700; font-size: 16px; }
.error .info .text{ line-height: 24px; }
.copyright{ padding: 12px 48px; color: #999; }
.copyright a{ color: #000; text-decoration: none; }
</style>
</head>
<body>
<div class="error">
<p class="face">:(</p>
<h1>SQLSTATE[HY000] [2002] Operation timed out</h1>
<div class="content">
	<div class="info">
		<div class="title">
			<h3>错误位置</h3>
		</div>
		<div class="text">
			<p>FILE: /Work/wwwroot/weapp.zhongkaiyun.com/ThinkPHP/Library/Think/Db/Driver.class.php &#12288;LINE: 109</p>
		</div>
	</div>
	<div class="info">
		<div class="title">
			<h3>TRACE</h3>
		</div>
		<div class="text">
			<p>#0 /Work/wwwroot/weapp.zhongkaiyun.com/ThinkPHP/Library/Think/Db/Driver.class.php(109): E('SQLSTATE[HY000]...')<br />
#1 /Work/wwwroot/weapp.zhongkaiyun.com/ThinkPHP/Library/Think/Db/Driver.class.php(1075): Think\Db\Driver->connect()<br />
#2 /Work/wwwroot/weapp.zhongkaiyun.com/ThinkPHP/Library/Think/Db/Driver/Mysql.class.php(47): Think\Db\Driver->initConnect(true)<br />
#3 /Work/wwwroot/weapp.zhongkaiyun.com/ThinkPHP/Library/Think/Model.class.php(134): Think\Db\Driver\Mysql->getFields('zk_user')<br />
#4 /Work/wwwroot/weapp.zhongkaiyun.com/ThinkPHP/Library/Think/Model.class.php(122): Think\Model->flush()<br />
#5 /Work/wwwroot/weapp.zhongkaiyun.com/ThinkPHP/Library/Think/Model.class.php(1454): Think\Model->_checkTableInfo()<br />
#6 /Work/wwwroot/weapp.zhongkaiyun.com/ThinkPHP/Library/Think/Model.class.php(97): Think\Model->db(0, '', true)<br />
#7 /Work/wwwroot/weapp.zhongkaiyun.com/ThinkPHP/Common/functions.php(621): Think\Model->__construct('user', '', '')<br />
#8 /Work/wwwroot/weapp.zhongkaiyun.com/Application/Home/Model/UserModel.class.php(18): M('user')<br />
#9 /Work/wwwroot/weapp.zhongkaiyun.com/ThinkPHP/Common/functions.php(588): Home\Model\UserModel->__construct('User')<br />
#10 /Work/wwwroot/weapp.zhongkaiyun.com/Application/Home/Controller/LoginController.class.php(33): D('User')<br />
#11 [internal function]: Home\Controller\LoginController->get3rd_session()<br />
#12 /Work/wwwroot/weapp.zhongkaiyun.com/ThinkPHP/Library/Think/App.class.php(173): ReflectionMethod->invoke(Object(Home\Controller\LoginController))<br />
#13 /Work/wwwroot/weapp.zhongkaiyun.com/ThinkPHP/Library/Think/App.class.php(110): Think\App::invokeAction(Object(Home\Controller\LoginController), 'get3rd_session')<br />
#14 /Work/wwwroot/weapp.zhongkaiyun.com/ThinkPHP/Library/Think/App.class.php(204): Think\App::exec()<br />
#15 /Work/wwwroot/weapp.zhongkaiyun.com/ThinkPHP/Library/Think/Think.class.php(120): Think\App::run()<br />
#16 /Work/wwwroot/weapp.zhongkaiyun.com/ThinkPHP/ThinkPHP.php(97): Think\Think::start()<br />
#17 /Work/wwwroot/weapp.zhongkaiyun.com/index.php(24): require('/Work/wwwroot/w...')<br />
#18 {main}</p>
		</div>
	</div>
</div>
</div>
<div class="copyright">
<p><a title="官方网站" href="http://www.thinkphp.cn">ThinkPHP</a><sup>3.2.3</sup> { Fast & Simple OOP PHP Framework } -- [ WE CAN DO IT JUST THINK ]</p>
</div>
</body>
</html>
 ) LIMIT 1  
ERR: 1064:You have an error in your SQL syntax; check the manual that corresponds to your MySQL server version for the right syntax to use near '<!DOCTYPE html PUBLIC "-//W3C//DTD XHTML 1.0 Transitional//EN" "http://www.w3.or' at line 1
 [ SQL语句 ] : SELECT * FROM `zk_session` WHERE ( <!DOCTYPE html PUBLIC "-//W3C//DTD XHTML 1.0 Transitional//EN" "http://www.w3.org/TR/xhtml1/DTD/xhtml1-transitional.dtd">
<html xmlns="http://www.w3.org/1999/xhtml"><head>
<meta content="text/html; charset=utf-8" http-equiv="Content-Type">
<title>系统发生错误</title>
<style type="text/css">
*{ padding: 0; margin: 0; }
html{ overflow-y: scroll; }
body{ background: #fff; font-family: '微软雅黑'; color: #333; font-size: 16px; }
img{ border: 0; }
.error{ padding: 24px 48px; }
.face{ font-size: 100px; font-weight: normal; line-height: 120px; margin-bottom: 12px; }
h1{ font-size: 32px; line-height: 48px; }
.error .content{ padding-top: 10px}
.error .info{ margin-bottom: 12px; }
.error .info .title{ margin-bottom: 3px; }
.error .info .title h3{ color: #000; font-weight: 700; font-size: 16px; }
.error .info .text{ line-height: 24px; }
.copyright{ padding: 12px 48px; color: #999; }
.copyright a{ color: #000; text-decoration: none; }
</style>
</head>
<body>
<div class="error">
<p class="face">:(</p>
<h1>SQLSTATE[HY000] [2002] Operation timed out</h1>
<div class="content">
	<div class="info">
		<div class="title">
			<h3>错误位置</h3>
		</div>
		<div class="text">
			<p>FILE: /Work/wwwroot/weapp.zhongkaiyun.com/ThinkPHP/Library/Think/Db/Driver.class.php &#12288;LINE: 109</p>
		</div>
	</div>
	<div class="info">
		<div class="title">
			<h3>TRACE</h3>
		</div>
		<div class="text">
			<p>#0 /Work/wwwroot/weapp.zhongkaiyun.com/ThinkPHP/Library/Think/Db/Driver.class.php(109): E('SQLSTATE[HY000]...')<br />
#1 /Work/wwwroot/weapp.zhongkaiyun.com/ThinkPHP/Library/Think/Db/Driver.class.php(1075): Think\Db\Driver->connect()<br />
#2 /Work/wwwroot/weapp.zhongkaiyun.com/ThinkPHP/Library/Think/Db/Driver/Mysql.class.php(47): Think\Db\Driver->initConnect(true)<br />
#3 /Work/wwwroot/weapp.zhongkaiyun.com/ThinkPHP/Library/Think/Model.class.php(134): Think\Db\Driver\Mysql->getFields('zk_user')<br />
#4 /Work/wwwroot/weapp.zhongkaiyun.com/ThinkPHP/Library/Think/Model.class.php(122): Think\Model->flush()<br />
#5 /Work/wwwroot/weapp.zhongkaiyun.com/ThinkPHP/Library/Think/Model.class.php(1454): Think\Model->_checkTableInfo()<br />
#6 /Work/wwwroot/weapp.zhongkaiyun.com/ThinkPHP/Library/Think/Model.class.php(97): Think\Model->db(0, '', true)<br />
#7 /Work/wwwroot/weapp.zhongkaiyun.com/ThinkPHP/Common/functions.php(621): Think\Model->__construct('user', '', '')<br />
#8 /Work/wwwroot/weapp.zhongkaiyun.com/Application/Home/Model/UserModel.class.php(18): M('user')<br />
#9 /Work/wwwroot/weapp.zhongkaiyun.com/ThinkPHP/Common/functions.php(588): Home\Model\UserModel->__construct('User')<br />
#10 /Work/wwwroot/weapp.zhongkaiyun.com/Application/Home/Controller/LoginController.class.php(33): D('User')<br />
#11 [internal function]: Home\Controller\LoginController->get3rd_session()<br />
#12 /Work/wwwroot/weapp.zhongkaiyun.com/ThinkPHP/Library/Think/App.class.php(173): ReflectionMethod->invoke(Object(Home\Controller\LoginController))<br />
#13 /Work/wwwroot/weapp.zhongkaiyun.com/ThinkPHP/Library/Think/App.class.php(110): Think\App::invokeAction(Object(Home\Controller\LoginController), 'get3rd_session')<br />
#14 /Work/wwwroot/weapp.zhongkaiyun.com/ThinkPHP/Library/Think/App.class.php(204): Think\App::exec()<br />
#15 /Work/wwwroot/weapp.zhongkaiyun.com/ThinkPHP/Library/Think/Think.class.php(120): Think\App::run()<br />
#16 /Work/wwwroot/weapp.zhongkaiyun.com/ThinkPHP/ThinkPHP.php(97): Think\Think::start()<br />
#17 /Work/wwwroot/weapp.zhongkaiyun.com/index.php(24): require('/Work/wwwroot/w...')<br />
#18 {main}</p>
		</div>
	</div>
</div>
</div>
<div class="copyright">
<p><a title="官方网站" href="http://www.thinkphp.cn">ThinkPHP</a><sup>3.2.3</sup> { Fast & Simple OOP PHP Framework } -- [ WE CAN DO IT JUST THINK ]</p>
</div>
</body>
</html>
 ) LIMIT 1  

[ 2017-08-31T10:44:55+08:00 ] 192.168.103.242 /weapp.zhongkaiyun.com/index.php?m=home&c=login&a=check3rdSession
INFO: [ app_init ] --START--
INFO: Run Behavior\BuildLiteBehavior [ RunTime:0.000011s ]
INFO: [ app_init ] --END-- [ RunTime:0.000225s ]
INFO: [ app_begin ] --START--
INFO: Run Behavior\ReadHtmlCacheBehavior [ RunTime:0.000341s ]
INFO: [ app_begin ] --END-- [ RunTime:0.000389s ]
SQL: SHOW COLUMNS FROM `zk_session` [ RunTime:0.0010s ]
ERR: 1064:You have an error in your SQL syntax; check the manual that corresponds to your MySQL server version for the right syntax to use near '<!DOCTYPE html PUBLIC "-//W3C//DTD XHTML 1.0 Transitional//EN" "http://www.w3.or' at line 1
 [ SQL语句 ] : SELECT * FROM `zk_session` WHERE ( <!DOCTYPE html PUBLIC "-//W3C//DTD XHTML 1.0 Transitional//EN" "http://www.w3.org/TR/xhtml1/DTD/xhtml1-transitional.dtd">
<html xmlns="http://www.w3.org/1999/xhtml"><head>
<meta content="text/html; charset=utf-8" http-equiv="Content-Type">
<title>系统发生错误</title>
<style type="text/css">
*{ padding: 0; margin: 0; }
html{ overflow-y: scroll; }
body{ background: #fff; font-family: '微软雅黑'; color: #333; font-size: 16px; }
img{ border: 0; }
.error{ padding: 24px 48px; }
.face{ font-size: 100px; font-weight: normal; line-height: 120px; margin-bottom: 12px; }
h1{ font-size: 32px; line-height: 48px; }
.error .content{ padding-top: 10px}
.error .info{ margin-bottom: 12px; }
.error .info .title{ margin-bottom: 3px; }
.error .info .title h3{ color: #000; font-weight: 700; font-size: 16px; }
.error .info .text{ line-height: 24px; }
.copyright{ padding: 12px 48px; color: #999; }
.copyright a{ color: #000; text-decoration: none; }
</style>
</head>
<body>
<div class="error">
<p class="face">:(</p>
<h1>SQLSTATE[HY000] [2002] Operation timed out</h1>
<div class="content">
	<div class="info">
		<div class="title">
			<h3>错误位置</h3>
		</div>
		<div class="text">
			<p>FILE: /Work/wwwroot/weapp.zhongkaiyun.com/ThinkPHP/Library/Think/Db/Driver.class.php &#12288;LINE: 109</p>
		</div>
	</div>
	<div class="info">
		<div class="title">
			<h3>TRACE</h3>
		</div>
		<div class="text">
			<p>#0 /Work/wwwroot/weapp.zhongkaiyun.com/ThinkPHP/Library/Think/Db/Driver.class.php(109): E('SQLSTATE[HY000]...')<br />
#1 /Work/wwwroot/weapp.zhongkaiyun.com/ThinkPHP/Library/Think/Db/Driver.class.php(1075): Think\Db\Driver->connect()<br />
#2 /Work/wwwroot/weapp.zhongkaiyun.com/ThinkPHP/Library/Think/Db/Driver/Mysql.class.php(47): Think\Db\Driver->initConnect(true)<br />
#3 /Work/wwwroot/weapp.zhongkaiyun.com/ThinkPHP/Library/Think/Model.class.php(134): Think\Db\Driver\Mysql->getFields('zk_user')<br />
#4 /Work/wwwroot/weapp.zhongkaiyun.com/ThinkPHP/Library/Think/Model.class.php(122): Think\Model->flush()<br />
#5 /Work/wwwroot/weapp.zhongkaiyun.com/ThinkPHP/Library/Think/Model.class.php(1454): Think\Model->_checkTableInfo()<br />
#6 /Work/wwwroot/weapp.zhongkaiyun.com/ThinkPHP/Library/Think/Model.class.php(97): Think\Model->db(0, '', true)<br />
#7 /Work/wwwroot/weapp.zhongkaiyun.com/ThinkPHP/Common/functions.php(621): Think\Model->__construct('user', '', '')<br />
#8 /Work/wwwroot/weapp.zhongkaiyun.com/Application/Home/Model/UserModel.class.php(18): M('user')<br />
#9 /Work/wwwroot/weapp.zhongkaiyun.com/ThinkPHP/Common/functions.php(588): Home\Model\UserModel->__construct('User')<br />
#10 /Work/wwwroot/weapp.zhongkaiyun.com/Application/Home/Controller/LoginController.class.php(33): D('User')<br />
#11 [internal function]: Home\Controller\LoginController->get3rd_session()<br />
#12 /Work/wwwroot/weapp.zhongkaiyun.com/ThinkPHP/Library/Think/App.class.php(173): ReflectionMethod->invoke(Object(Home\Controller\LoginController))<br />
#13 /Work/wwwroot/weapp.zhongkaiyun.com/ThinkPHP/Library/Think/App.class.php(110): Think\App::invokeAction(Object(Home\Controller\LoginController), 'get3rd_session')<br />
#14 /Work/wwwroot/weapp.zhongkaiyun.com/ThinkPHP/Library/Think/App.class.php(204): Think\App::exec()<br />
#15 /Work/wwwroot/weapp.zhongkaiyun.com/ThinkPHP/Library/Think/Think.class.php(120): Think\App::run()<br />
#16 /Work/wwwroot/weapp.zhongkaiyun.com/ThinkPHP/ThinkPHP.php(97): Think\Think::start()<br />
#17 /Work/wwwroot/weapp.zhongkaiyun.com/index.php(24): require('/Work/wwwroot/w...')<br />
#18 {main}</p>
		</div>
	</div>
</div>
</div>
<div class="copyright">
<p><a title="官方网站" href="http://www.thinkphp.cn">ThinkPHP</a><sup>3.2.3</sup> { Fast & Simple OOP PHP Framework } -- [ WE CAN DO IT JUST THINK ]</p>
</div>
</body>
</html>
 ) LIMIT 1  
ERR: 1064:You have an error in your SQL syntax; check the manual that corresponds to your MySQL server version for the right syntax to use near '<!DOCTYPE html PUBLIC "-//W3C//DTD XHTML 1.0 Transitional//EN" "http://www.w3.or' at line 1
 [ SQL语句 ] : SELECT * FROM `zk_session` WHERE ( <!DOCTYPE html PUBLIC "-//W3C//DTD XHTML 1.0 Transitional//EN" "http://www.w3.org/TR/xhtml1/DTD/xhtml1-transitional.dtd">
<html xmlns="http://www.w3.org/1999/xhtml"><head>
<meta content="text/html; charset=utf-8" http-equiv="Content-Type">
<title>系统发生错误</title>
<style type="text/css">
*{ padding: 0; margin: 0; }
html{ overflow-y: scroll; }
body{ background: #fff; font-family: '微软雅黑'; color: #333; font-size: 16px; }
img{ border: 0; }
.error{ padding: 24px 48px; }
.face{ font-size: 100px; font-weight: normal; line-height: 120px; margin-bottom: 12px; }
h1{ font-size: 32px; line-height: 48px; }
.error .content{ padding-top: 10px}
.error .info{ margin-bottom: 12px; }
.error .info .title{ margin-bottom: 3px; }
.error .info .title h3{ color: #000; font-weight: 700; font-size: 16px; }
.error .info .text{ line-height: 24px; }
.copyright{ padding: 12px 48px; color: #999; }
.copyright a{ color: #000; text-decoration: none; }
</style>
</head>
<body>
<div class="error">
<p class="face">:(</p>
<h1>SQLSTATE[HY000] [2002] Operation timed out</h1>
<div class="content">
	<div class="info">
		<div class="title">
			<h3>错误位置</h3>
		</div>
		<div class="text">
			<p>FILE: /Work/wwwroot/weapp.zhongkaiyun.com/ThinkPHP/Library/Think/Db/Driver.class.php &#12288;LINE: 109</p>
		</div>
	</div>
	<div class="info">
		<div class="title">
			<h3>TRACE</h3>
		</div>
		<div class="text">
			<p>#0 /Work/wwwroot/weapp.zhongkaiyun.com/ThinkPHP/Library/Think/Db/Driver.class.php(109): E('SQLSTATE[HY000]...')<br />
#1 /Work/wwwroot/weapp.zhongkaiyun.com/ThinkPHP/Library/Think/Db/Driver.class.php(1075): Think\Db\Driver->connect()<br />
#2 /Work/wwwroot/weapp.zhongkaiyun.com/ThinkPHP/Library/Think/Db/Driver/Mysql.class.php(47): Think\Db\Driver->initConnect(true)<br />
#3 /Work/wwwroot/weapp.zhongkaiyun.com/ThinkPHP/Library/Think/Model.class.php(134): Think\Db\Driver\Mysql->getFields('zk_user')<br />
#4 /Work/wwwroot/weapp.zhongkaiyun.com/ThinkPHP/Library/Think/Model.class.php(122): Think\Model->flush()<br />
#5 /Work/wwwroot/weapp.zhongkaiyun.com/ThinkPHP/Library/Think/Model.class.php(1454): Think\Model->_checkTableInfo()<br />
#6 /Work/wwwroot/weapp.zhongkaiyun.com/ThinkPHP/Library/Think/Model.class.php(97): Think\Model->db(0, '', true)<br />
#7 /Work/wwwroot/weapp.zhongkaiyun.com/ThinkPHP/Common/functions.php(621): Think\Model->__construct('user', '', '')<br />
#8 /Work/wwwroot/weapp.zhongkaiyun.com/Application/Home/Model/UserModel.class.php(18): M('user')<br />
#9 /Work/wwwroot/weapp.zhongkaiyun.com/ThinkPHP/Common/functions.php(588): Home\Model\UserModel->__construct('User')<br />
#10 /Work/wwwroot/weapp.zhongkaiyun.com/Application/Home/Controller/LoginController.class.php(33): D('User')<br />
#11 [internal function]: Home\Controller\LoginController->get3rd_session()<br />
#12 /Work/wwwroot/weapp.zhongkaiyun.com/ThinkPHP/Library/Think/App.class.php(173): ReflectionMethod->invoke(Object(Home\Controller\LoginController))<br />
#13 /Work/wwwroot/weapp.zhongkaiyun.com/ThinkPHP/Library/Think/App.class.php(110): Think\App::invokeAction(Object(Home\Controller\LoginController), 'get3rd_session')<br />
#14 /Work/wwwroot/weapp.zhongkaiyun.com/ThinkPHP/Library/Think/App.class.php(204): Think\App::exec()<br />
#15 /Work/wwwroot/weapp.zhongkaiyun.com/ThinkPHP/Library/Think/Think.class.php(120): Think\App::run()<br />
#16 /Work/wwwroot/weapp.zhongkaiyun.com/ThinkPHP/ThinkPHP.php(97): Think\Think::start()<br />
#17 /Work/wwwroot/weapp.zhongkaiyun.com/index.php(24): require('/Work/wwwroot/w...')<br />
#18 {main}</p>
		</div>
	</div>
</div>
</div>
<div class="copyright">
<p><a title="官方网站" href="http://www.thinkphp.cn">ThinkPHP</a><sup>3.2.3</sup> { Fast & Simple OOP PHP Framework } -- [ WE CAN DO IT JUST THINK ]</p>
</div>
</body>
</html>
 ) LIMIT 1  

[ 2017-08-31T10:45:22+08:00 ] 192.168.103.242 /weapp.zhongkaiyun.com/index.php?m=home&c=login&a=get3rd_session
INFO: [ app_init ] --START--
INFO: Run Behavior\BuildLiteBehavior [ RunTime:0.000008s ]
INFO: [ app_init ] --END-- [ RunTime:0.000196s ]
INFO: [ app_begin ] --START--
INFO: Run Behavior\ReadHtmlCacheBehavior [ RunTime:0.000242s ]
INFO: [ app_begin ] --END-- [ RunTime:0.000274s ]
SQL: SHOW COLUMNS FROM `zk_user` [ RunTime:0.0006s ]
SQL: SELECT * FROM `zk_user` WHERE `openid` = 'oUpv60E98MOGnr9Z9Ele1UYroiLQ' LIMIT 1   [ RunTime:0.0026s ]
SQL: SHOW COLUMNS FROM `zk_session` [ RunTime:0.0005s ]
SQL: SELECT * FROM `zk_session` WHERE `openid` = 'oUpv60E98MOGnr9Z9Ele1UYroiLQ' LIMIT 1   [ RunTime:0.0003s ]
SQL: UPDATE `zk_session` SET `session_key`='Q5xz7SEr/76r+9/IFY7nPA==',`skey`='d259a90766e748b0f9c1679162cc8537',`last_visit_time`='1504147522' WHERE `openid` = 'oUpv60E98MOGnr9Z9Ele1UYroiLQ' [ RunTime:0.0051s ]
SQL: SELECT * FROM `zk_session` WHERE `openid` = 'oUpv60E98MOGnr9Z9Ele1UYroiLQ' LIMIT 1   [ RunTime:0.0003s ]

[ 2017-08-31T10:47:27+08:00 ] 192.168.103.239 /weapp.zhongkaiyun.com/index.php?m=home&c=login&a=check3rdSession
INFO: [ app_init ] --START--
INFO: Run Behavior\BuildLiteBehavior [ RunTime:0.000008s ]
INFO: [ app_init ] --END-- [ RunTime:0.000183s ]
INFO: [ app_begin ] --START--
INFO: Run Behavior\ReadHtmlCacheBehavior [ RunTime:0.000253s ]
INFO: [ app_begin ] --END-- [ RunTime:0.000285s ]
SQL: SHOW COLUMNS FROM `zk_session` [ RunTime:0.0005s ]
SQL: SELECT * FROM `zk_session` WHERE `skey` = '5724489acb7b4198beb70487e69edb47' LIMIT 1   [ RunTime:0.0002s ]

[ 2017-08-31T10:47:28+08:00 ] 192.168.103.239 /weapp.zhongkaiyun.com/index.php?m=home&c=login&a=get3rd_session
INFO: [ app_init ] --START--
INFO: Run Behavior\BuildLiteBehavior [ RunTime:0.000009s ]
INFO: [ app_init ] --END-- [ RunTime:0.000218s ]
INFO: [ app_begin ] --START--
INFO: Run Behavior\ReadHtmlCacheBehavior [ RunTime:0.000273s ]
INFO: [ app_begin ] --END-- [ RunTime:0.000310s ]
SQL: SHOW COLUMNS FROM `zk_user` [ RunTime:0.0004s ]
SQL: SELECT * FROM `zk_user` WHERE `openid` = 'oUpv60E98MOGnr9Z9Ele1UYroiLQ' LIMIT 1   [ RunTime:0.0002s ]
SQL: SHOW COLUMNS FROM `zk_session` [ RunTime:0.0003s ]
SQL: SELECT * FROM `zk_session` WHERE `openid` = 'oUpv60E98MOGnr9Z9Ele1UYroiLQ' LIMIT 1   [ RunTime:0.0002s ]
SQL: UPDATE `zk_session` SET `session_key`='ZbpjmEMPA2PfL6l65RvK7w==',`skey`='4d53040c767306cbb2af9ae22ed8f6a2',`last_visit_time`='1504147648' WHERE `openid` = 'oUpv60E98MOGnr9Z9Ele1UYroiLQ' [ RunTime:0.0022s ]
SQL: SELECT * FROM `zk_session` WHERE `openid` = 'oUpv60E98MOGnr9Z9Ele1UYroiLQ' LIMIT 1   [ RunTime:0.0002s ]

[ 2017-08-31T15:12:42+08:00 ] 192.168.103.242 /weapp.zhongkaiyun.com/index.php?m=home&c=login&a=check3rdSession
INFO: [ app_init ] --START--
INFO: Run Behavior\BuildLiteBehavior [ RunTime:0.000010s ]
INFO: [ app_init ] --END-- [ RunTime:0.000559s ]
INFO: [ app_begin ] --START--
INFO: Run Behavior\ReadHtmlCacheBehavior [ RunTime:0.000597s ]
INFO: [ app_begin ] --END-- [ RunTime:0.000636s ]
SQL: SHOW COLUMNS FROM `zk_session` [ RunTime:0.0004s ]
SQL: SELECT * FROM `zk_session` WHERE `skey` = 'd259a90766e748b0f9c1679162cc8537' LIMIT 1   [ RunTime:0.0002s ]

[ 2017-08-31T15:12:42+08:00 ] 192.168.103.242 /weapp.zhongkaiyun.com/index.php?m=home&c=login&a=get3rd_session
INFO: [ app_init ] --START--
INFO: Run Behavior\BuildLiteBehavior [ RunTime:0.000009s ]
INFO: [ app_init ] --END-- [ RunTime:0.000191s ]
INFO: [ app_begin ] --START--
INFO: Run Behavior\ReadHtmlCacheBehavior [ RunTime:0.000378s ]
INFO: [ app_begin ] --END-- [ RunTime:0.000444s ]
SQL: SHOW COLUMNS FROM `zk_user` [ RunTime:0.0009s ]
SQL: SELECT * FROM `zk_user` WHERE `openid` = 'oUpv60E98MOGnr9Z9Ele1UYroiLQ' LIMIT 1   [ RunTime:0.0003s ]
SQL: SHOW COLUMNS FROM `zk_session` [ RunTime:0.0004s ]
SQL: SELECT * FROM `zk_session` WHERE `openid` = 'oUpv60E98MOGnr9Z9Ele1UYroiLQ' LIMIT 1   [ RunTime:0.0003s ]
SQL: UPDATE `zk_session` SET `session_key`='RCq9aH7uNzxlUaRyWZSJVA==',`skey`='e6b16a3521ea974f8c840fe7c841a4e9',`last_visit_time`='1504163562' WHERE `openid` = 'oUpv60E98MOGnr9Z9Ele1UYroiLQ' [ RunTime:0.0005s ]
SQL: SELECT * FROM `zk_session` WHERE `openid` = 'oUpv60E98MOGnr9Z9Ele1UYroiLQ' LIMIT 1   [ RunTime:0.0004s ]

[ 2017-08-31T15:12:45+08:00 ] 192.168.103.242 /weapp.zhongkaiyun.com/index.php?m=home&c=login&a=check3rdSession
INFO: [ app_init ] --START--
INFO: Run Behavior\BuildLiteBehavior [ RunTime:0.000008s ]
INFO: [ app_init ] --END-- [ RunTime:0.000179s ]
INFO: [ app_begin ] --START--
INFO: Run Behavior\ReadHtmlCacheBehavior [ RunTime:0.000235s ]
INFO: [ app_begin ] --END-- [ RunTime:0.000267s ]
SQL: SHOW COLUMNS FROM `zk_session` [ RunTime:0.0004s ]
SQL: SELECT * FROM `zk_session` WHERE `skey` = 'e6b16a3521ea974f8c840fe7c841a4e9' LIMIT 1   [ RunTime:0.0002s ]

[ 2017-08-31T15:12:53+08:00 ] 192.168.103.242 /weapp.zhongkaiyun.com/index.php?m=home&c=login&a=check3rdSession
INFO: [ app_init ] --START--
INFO: Run Behavior\BuildLiteBehavior [ RunTime:0.000014s ]
INFO: [ app_init ] --END-- [ RunTime:0.000309s ]
INFO: [ app_begin ] --START--
INFO: Run Behavior\ReadHtmlCacheBehavior [ RunTime:0.000383s ]
INFO: [ app_begin ] --END-- [ RunTime:0.000436s ]
SQL: SHOW COLUMNS FROM `zk_session` [ RunTime:0.0007s ]
SQL: SELECT * FROM `zk_session` WHERE `skey` = 'e6b16a3521ea974f8c840fe7c841a4e9' LIMIT 1   [ RunTime:0.0003s ]

[ 2017-08-31T15:13:34+08:00 ] 192.168.103.242 /weapp.zhongkaiyun.com/index.php?m=home&c=login&a=check3rdSession
INFO: [ app_init ] --START--
INFO: Run Behavior\BuildLiteBehavior [ RunTime:0.000013s ]
INFO: [ app_init ] --END-- [ RunTime:0.000629s ]
INFO: [ app_begin ] --START--
INFO: Run Behavior\ReadHtmlCacheBehavior [ RunTime:0.001303s ]
INFO: [ app_begin ] --END-- [ RunTime:0.001423s ]
SQL: SHOW COLUMNS FROM `zk_session` [ RunTime:0.0004s ]
SQL: SELECT * FROM `zk_session` WHERE `skey` = 'e6b16a3521ea974f8c840fe7c841a4e9' LIMIT 1   [ RunTime:0.0007s ]

[ 2017-08-31T15:13:43+08:00 ] 192.168.103.242 /weapp.zhongkaiyun.com/index.php?m=home&c=login&a=check3rdSession
INFO: [ app_init ] --START--
INFO: Run Behavior\BuildLiteBehavior [ RunTime:0.000009s ]
INFO: [ app_init ] --END-- [ RunTime:0.000212s ]
INFO: [ app_begin ] --START--
INFO: Run Behavior\ReadHtmlCacheBehavior [ RunTime:0.000311s ]
INFO: [ app_begin ] --END-- [ RunTime:0.000349s ]
SQL: SHOW COLUMNS FROM `zk_session` [ RunTime:0.0006s ]
SQL: SELECT * FROM `zk_session` WHERE `skey` = 'e6b16a3521ea974f8c840fe7c841a4e9' LIMIT 1   [ RunTime:0.0002s ]

[ 2017-08-31T15:15:05+08:00 ] 192.168.103.242 /weapp.zhongkaiyun.com/index.php?m=home&c=login&a=check3rdSession
INFO: [ app_init ] --START--
INFO: Run Behavior\BuildLiteBehavior [ RunTime:0.000010s ]
INFO: [ app_init ] --END-- [ RunTime:0.000455s ]
INFO: [ app_begin ] --START--
INFO: Run Behavior\ReadHtmlCacheBehavior [ RunTime:0.000487s ]
INFO: [ app_begin ] --END-- [ RunTime:0.000522s ]
SQL: SHOW COLUMNS FROM `zk_session` [ RunTime:0.0005s ]
SQL: SELECT * FROM `zk_session` WHERE `skey` = 'e6b16a3521ea974f8c840fe7c841a4e9' LIMIT 1   [ RunTime:0.0004s ]

[ 2017-08-31T15:15:20+08:00 ] 192.168.103.242 /weapp.zhongkaiyun.com/index.php?m=home&c=login&a=check3rdSession
INFO: [ app_init ] --START--
INFO: Run Behavior\BuildLiteBehavior [ RunTime:0.000008s ]
INFO: [ app_init ] --END-- [ RunTime:0.000186s ]
INFO: [ app_begin ] --START--
INFO: Run Behavior\ReadHtmlCacheBehavior [ RunTime:0.000228s ]
INFO: [ app_begin ] --END-- [ RunTime:0.000272s ]
SQL: SHOW COLUMNS FROM `zk_session` [ RunTime:0.0004s ]
SQL: SELECT * FROM `zk_session` WHERE `skey` = 'e6b16a3521ea974f8c840fe7c841a4e9' LIMIT 1   [ RunTime:0.0002s ]

[ 2017-08-31T15:16:01+08:00 ] 192.168.103.242 /weapp.zhongkaiyun.com/index.php?m=home&c=login&a=check3rdSession
INFO: [ app_init ] --START--
INFO: Run Behavior\BuildLiteBehavior [ RunTime:0.000015s ]
INFO: [ app_init ] --END-- [ RunTime:0.000565s ]
INFO: [ app_begin ] --START--
INFO: Run Behavior\ReadHtmlCacheBehavior [ RunTime:0.000418s ]
INFO: [ app_begin ] --END-- [ RunTime:0.000487s ]
SQL: SHOW COLUMNS FROM `zk_session` [ RunTime:0.0006s ]
SQL: SELECT * FROM `zk_session` WHERE `skey` = 'e6b16a3521ea974f8c840fe7c841a4e9' LIMIT 1   [ RunTime:0.0005s ]

[ 2017-08-31T15:16:11+08:00 ] 192.168.103.242 /weapp.zhongkaiyun.com/index.php?m=home&c=login&a=check3rdSession
INFO: [ app_init ] --START--
INFO: Run Behavior\BuildLiteBehavior [ RunTime:0.000014s ]
INFO: [ app_init ] --END-- [ RunTime:0.000324s ]
INFO: [ app_begin ] --START--
INFO: Run Behavior\ReadHtmlCacheBehavior [ RunTime:0.000426s ]
INFO: [ app_begin ] --END-- [ RunTime:0.000538s ]
SQL: SHOW COLUMNS FROM `zk_session` [ RunTime:0.0005s ]
SQL: SELECT * FROM `zk_session` WHERE `skey` = 'e6b16a3521ea974f8c840fe7c841a4e9' LIMIT 1   [ RunTime:0.0003s ]

[ 2017-08-31T15:16:40+08:00 ] 192.168.103.242 /weapp.zhongkaiyun.com/index.php?m=home&c=login&a=check3rdSession
INFO: [ app_init ] --START--
INFO: Run Behavior\BuildLiteBehavior [ RunTime:0.000008s ]
INFO: [ app_init ] --END-- [ RunTime:0.000188s ]
INFO: [ app_begin ] --START--
INFO: Run Behavior\ReadHtmlCacheBehavior [ RunTime:0.000231s ]
INFO: [ app_begin ] --END-- [ RunTime:0.000262s ]
SQL: SHOW COLUMNS FROM `zk_session` [ RunTime:0.0004s ]
SQL: SELECT * FROM `zk_session` WHERE `skey` = 'e6b16a3521ea974f8c840fe7c841a4e9' LIMIT 1   [ RunTime:0.0003s ]

[ 2017-08-31T15:27:26+08:00 ] 192.168.103.242 /weapp.zhongkaiyun.com/index.php?m=home&c=login&a=check3rdSession
INFO: [ app_init ] --START--
INFO: Run Behavior\BuildLiteBehavior [ RunTime:0.000010s ]
INFO: [ app_init ] --END-- [ RunTime:0.000499s ]
INFO: [ app_begin ] --START--
INFO: Run Behavior\ReadHtmlCacheBehavior [ RunTime:0.000645s ]
INFO: [ app_begin ] --END-- [ RunTime:0.000696s ]
SQL: SHOW COLUMNS FROM `zk_session` [ RunTime:0.0005s ]
SQL: SELECT * FROM `zk_session` WHERE `skey` = 'e6b16a3521ea974f8c840fe7c841a4e9' LIMIT 1   [ RunTime:0.0003s ]

[ 2017-08-31T15:28:05+08:00 ] 192.168.103.242 /weapp.zhongkaiyun.com/index.php?m=home&c=login&a=check3rdSession
INFO: [ app_init ] --START--
INFO: Run Behavior\BuildLiteBehavior [ RunTime:0.000010s ]
INFO: [ app_init ] --END-- [ RunTime:0.000270s ]
INFO: [ app_begin ] --START--
INFO: Run Behavior\ReadHtmlCacheBehavior [ RunTime:0.000365s ]
INFO: [ app_begin ] --END-- [ RunTime:0.000420s ]
SQL: SHOW COLUMNS FROM `zk_session` [ RunTime:0.0004s ]
SQL: SELECT * FROM `zk_session` WHERE `skey` = 'e6b16a3521ea974f8c840fe7c841a4e9' LIMIT 1   [ RunTime:0.0003s ]

[ 2017-08-31T15:29:02+08:00 ] 192.168.103.242 /weapp.zhongkaiyun.com/index.php?m=home&c=login&a=check3rdSession
INFO: [ app_init ] --START--
INFO: Run Behavior\BuildLiteBehavior [ RunTime:0.000009s ]
INFO: [ app_init ] --END-- [ RunTime:0.000201s ]
INFO: [ app_begin ] --START--
INFO: Run Behavior\ReadHtmlCacheBehavior [ RunTime:0.000243s ]
INFO: [ app_begin ] --END-- [ RunTime:0.000276s ]
SQL: SHOW COLUMNS FROM `zk_session` [ RunTime:0.0006s ]
SQL: SELECT * FROM `zk_session` WHERE `skey` = 'e6b16a3521ea974f8c840fe7c841a4e9' LIMIT 1   [ RunTime:0.0004s ]

[ 2017-08-31T15:29:59+08:00 ] 192.168.103.242 /weapp.zhongkaiyun.com/index.php?m=home&c=login&a=check3rdSession
INFO: [ app_init ] --START--
INFO: Run Behavior\BuildLiteBehavior [ RunTime:0.000010s ]
INFO: [ app_init ] --END-- [ RunTime:0.000199s ]
INFO: [ app_begin ] --START--
INFO: Run Behavior\ReadHtmlCacheBehavior [ RunTime:0.000466s ]
INFO: [ app_begin ] --END-- [ RunTime:0.000502s ]
SQL: SHOW COLUMNS FROM `zk_session` [ RunTime:0.0006s ]
SQL: SELECT * FROM `zk_session` WHERE `skey` = 'e6b16a3521ea974f8c840fe7c841a4e9' LIMIT 1   [ RunTime:0.0003s ]

[ 2017-08-31T15:30:15+08:00 ] 192.168.103.242 /weapp.zhongkaiyun.com/index.php?m=home&c=login&a=check3rdSession
INFO: [ app_init ] --START--
INFO: Run Behavior\BuildLiteBehavior [ RunTime:0.000010s ]
INFO: [ app_init ] --END-- [ RunTime:0.000219s ]
INFO: [ app_begin ] --START--
INFO: Run Behavior\ReadHtmlCacheBehavior [ RunTime:0.000263s ]
INFO: [ app_begin ] --END-- [ RunTime:0.000299s ]
SQL: SHOW COLUMNS FROM `zk_session` [ RunTime:0.0006s ]
SQL: SELECT * FROM `zk_session` WHERE `skey` = 'e6b16a3521ea974f8c840fe7c841a4e9' LIMIT 1   [ RunTime:0.0003s ]

[ 2017-08-31T16:39:38+08:00 ] 192.168.103.242 /weapp.zhongkaiyun.com/index.php?m=home&c=login&a=check3rdSession
INFO: [ app_init ] --START--
INFO: Run Behavior\BuildLiteBehavior [ RunTime:0.000011s ]
INFO: [ app_init ] --END-- [ RunTime:0.000625s ]
INFO: [ app_begin ] --START--
INFO: Run Behavior\ReadHtmlCacheBehavior [ RunTime:0.000822s ]
INFO: [ app_begin ] --END-- [ RunTime:0.000866s ]
SQL: SHOW COLUMNS FROM `zk_session` [ RunTime:0.0006s ]
SQL: SELECT * FROM `zk_session` WHERE `skey` = 'e6b16a3521ea974f8c840fe7c841a4e9' LIMIT 1   [ RunTime:0.0004s ]

[ 2017-08-31T16:50:00+08:00 ] 192.168.103.242 /weapp.zhongkaiyun.com/index.php?m=home&c=login&a=check3rdSession
INFO: [ app_init ] --START--
INFO: Run Behavior\BuildLiteBehavior [ RunTime:0.000012s ]
INFO: [ app_init ] --END-- [ RunTime:0.000274s ]
INFO: [ app_begin ] --START--
INFO: Run Behavior\ReadHtmlCacheBehavior [ RunTime:0.000609s ]
INFO: [ app_begin ] --END-- [ RunTime:0.000668s ]
SQL: SHOW COLUMNS FROM `zk_session` [ RunTime:0.0011s ]
SQL: SELECT * FROM `zk_session` WHERE `skey` = 'e6b16a3521ea974f8c840fe7c841a4e9' LIMIT 1   [ RunTime:0.0005s ]

[ 2017-08-31T16:50:03+08:00 ] 192.168.103.242 /weapp.zhongkaiyun.com/index.php?m=home&c=login&a=check3rdSession
INFO: [ app_init ] --START--
INFO: Run Behavior\BuildLiteBehavior [ RunTime:0.000009s ]
INFO: [ app_init ] --END-- [ RunTime:0.000196s ]
INFO: [ app_begin ] --START--
INFO: Run Behavior\ReadHtmlCacheBehavior [ RunTime:0.000248s ]
INFO: [ app_begin ] --END-- [ RunTime:0.000282s ]
SQL: SHOW COLUMNS FROM `zk_session` [ RunTime:0.0005s ]
SQL: SELECT * FROM `zk_session` WHERE `skey` = 'e6b16a3521ea974f8c840fe7c841a4e9' LIMIT 1   [ RunTime:0.0003s ]

[ 2017-08-31T16:50:31+08:00 ] 192.168.103.242 /weapp.zhongkaiyun.com/index.php?m=home&c=login&a=check3rdSession
INFO: [ app_init ] --START--
INFO: Run Behavior\BuildLiteBehavior [ RunTime:0.000010s ]
INFO: [ app_init ] --END-- [ RunTime:0.000221s ]
INFO: [ app_begin ] --START--
INFO: Run Behavior\ReadHtmlCacheBehavior [ RunTime:0.000297s ]
INFO: [ app_begin ] --END-- [ RunTime:0.000373s ]
SQL: SHOW COLUMNS FROM `zk_session` [ RunTime:0.0008s ]
SQL: SELECT * FROM `zk_session` WHERE `skey` = 'e6b16a3521ea974f8c840fe7c841a4e9' LIMIT 1   [ RunTime:0.0003s ]

[ 2017-08-31T16:53:33+08:00 ] 192.168.103.242 /weapp.zhongkaiyun.com/index.php?m=home&c=login&a=check3rdSession
INFO: [ app_init ] --START--
INFO: Run Behavior\BuildLiteBehavior [ RunTime:0.000012s ]
INFO: [ app_init ] --END-- [ RunTime:0.000407s ]
INFO: [ app_begin ] --START--
INFO: Run Behavior\ReadHtmlCacheBehavior [ RunTime:0.000390s ]
INFO: [ app_begin ] --END-- [ RunTime:0.000490s ]
SQL: SHOW COLUMNS FROM `zk_session` [ RunTime:0.0004s ]
SQL: SELECT * FROM `zk_session` WHERE `skey` = 'e6b16a3521ea974f8c840fe7c841a4e9' LIMIT 1   [ RunTime:0.0002s ]

