[ 2017-08-04T09:08:41+08:00 ] 192.168.103.163 /index.php?m=home&c=login&a=get3rd_session
INFO: [ app_init ] --START--
INFO: Run Behavior\BuildLiteBehavior [ RunTime:0.000000s ]
INFO: [ app_init ] --END-- [ RunTime:0.000000s ]
INFO: [ app_begin ] --START--
INFO: Run Behavior\ReadHtmlCacheBehavior [ RunTime:0.001000s ]
INFO: [ app_begin ] --END-- [ RunTime:0.001000s ]
SQL: SHOW COLUMNS FROM `zk_user` [ RunTime:0.0030s ]
SQL: SELECT * FROM `zk_user` WHERE `openid` = 'oUpv60E98MOGnr9Z9Ele1UYroiLQ' LIMIT 1   [ RunTime:0.0000s ]
SQL: SHOW COLUMNS FROM `zk_session` [ RunTime:0.0030s ]
SQL: SELECT * FROM `zk_session` WHERE `openid` = 'oUpv60E98MOGnr9Z9Ele1UYroiLQ' LIMIT 1   [ RunTime:0.0010s ]
SQL: UPDATE `zk_session` SET `session_key`='WSug3HNG7CHtGbrOJylumQ==',`skey`='29f2f548f3257f983897262d2ddc5e9e',`last_visit_time`='1501808921' WHERE `openid` = 'oUpv60E98MOGnr9Z9Ele1UYroiLQ' [ RunTime:0.0350s ]
SQL: SELECT * FROM `zk_session` WHERE `openid` = 'oUpv60E98MOGnr9Z9Ele1UYroiLQ' LIMIT 1   [ RunTime:0.0000s ]

[ 2017-08-04T09:09:39+08:00 ] 192.168.100.252 /index.php?m=home&c=login&a=get3rd_session
INFO: [ app_init ] --START--
INFO: Run Behavior\BuildLiteBehavior [ RunTime:0.000000s ]
INFO: [ app_init ] --END-- [ RunTime:0.000000s ]
INFO: [ app_begin ] --START--
INFO: Run Behavior\ReadHtmlCacheBehavior [ RunTime:0.001000s ]
INFO: [ app_begin ] --END-- [ RunTime:0.001000s ]
SQL: SHOW COLUMNS FROM `zk_user` [ RunTime:0.0020s ]
SQL: SELECT * FROM `zk_user` WHERE `openid` = 'oUpv60E98MOGnr9Z9Ele1UYroiLQ' LIMIT 1   [ RunTime:0.0000s ]
SQL: SHOW COLUMNS FROM `zk_session` [ RunTime:0.0020s ]
SQL: SELECT * FROM `zk_session` WHERE `openid` = 'oUpv60E98MOGnr9Z9Ele1UYroiLQ' LIMIT 1   [ RunTime:0.0000s ]
SQL: UPDATE `zk_session` SET `session_key`='WSug3HNG7CHtGbrOJylumQ==',`skey`='34a3fe8ea538c9eab634b88eca2013d1',`last_visit_time`='1501808979' WHERE `openid` = 'oUpv60E98MOGnr9Z9Ele1UYroiLQ' [ RunTime:0.0470s ]
SQL: SELECT * FROM `zk_session` WHERE `openid` = 'oUpv60E98MOGnr9Z9Ele1UYroiLQ' LIMIT 1   [ RunTime:0.0000s ]

[ 2017-08-04T09:12:08+08:00 ] 192.168.103.163 /index.php?m=home&c=login&a=get3rd_session
INFO: [ app_init ] --START--
INFO: Run Behavior\BuildLiteBehavior [ RunTime:0.000000s ]
INFO: [ app_init ] --END-- [ RunTime:0.000000s ]
INFO: [ app_begin ] --START--
INFO: Run Behavior\ReadHtmlCacheBehavior [ RunTime:0.001000s ]
INFO: [ app_begin ] --END-- [ RunTime:0.001000s ]
SQL: SHOW COLUMNS FROM `zk_user` [ RunTime:0.0100s ]
SQL: SELECT * FROM `zk_user` WHERE `openid` = 'oUpv60E98MOGnr9Z9Ele1UYroiLQ' LIMIT 1   [ RunTime:0.0010s ]
SQL: SHOW COLUMNS FROM `zk_session` [ RunTime:0.0090s ]
SQL: SELECT * FROM `zk_session` WHERE `openid` = 'oUpv60E98MOGnr9Z9Ele1UYroiLQ' LIMIT 1   [ RunTime:0.0000s ]
SQL: UPDATE `zk_session` SET `session_key`='ISc/89P6FOw6kqYjH8XUXA==',`skey`='308b249c51707ed84c040733088eec24',`last_visit_time`='1501809128' WHERE `openid` = 'oUpv60E98MOGnr9Z9Ele1UYroiLQ' [ RunTime:0.0310s ]
SQL: SELECT * FROM `zk_session` WHERE `openid` = 'oUpv60E98MOGnr9Z9Ele1UYroiLQ' LIMIT 1   [ RunTime:0.0010s ]

[ 2017-08-04T09:20:40+08:00 ] 192.168.100.252 /index.php?m=home&c=login&a=get3rd_session
INFO: [ app_init ] --START--
INFO: Run Behavior\BuildLiteBehavior [ RunTime:0.000000s ]
INFO: [ app_init ] --END-- [ RunTime:0.000000s ]
INFO: [ app_begin ] --START--
INFO: Run Behavior\ReadHtmlCacheBehavior [ RunTime:0.001000s ]
INFO: [ app_begin ] --END-- [ RunTime:0.001000s ]
SQL: SHOW COLUMNS FROM `zk_user` [ RunTime:0.0020s ]
SQL: SELECT * FROM `zk_user` WHERE `openid` = 'oUpv60E98MOGnr9Z9Ele1UYroiLQ' LIMIT 1   [ RunTime:0.0000s ]
SQL: SHOW COLUMNS FROM `zk_session` [ RunTime:0.0030s ]
SQL: SELECT * FROM `zk_session` WHERE `openid` = 'oUpv60E98MOGnr9Z9Ele1UYroiLQ' LIMIT 1   [ RunTime:0.0000s ]
SQL: UPDATE `zk_session` SET `session_key`='KckR/QbJwiCjD7z7PPai8A==',`skey`='ba1f4dbeed57c4329af884fbd25cb5ed',`last_visit_time`='1501809640' WHERE `openid` = 'oUpv60E98MOGnr9Z9Ele1UYroiLQ' [ RunTime:0.0560s ]
SQL: SELECT * FROM `zk_session` WHERE `openid` = 'oUpv60E98MOGnr9Z9Ele1UYroiLQ' LIMIT 1   [ RunTime:0.0000s ]

[ 2017-08-04T09:26:01+08:00 ] 192.168.100.252 /index.php?m=home&c=login&a=get3rd_session
INFO: [ app_init ] --START--
INFO: Run Behavior\BuildLiteBehavior [ RunTime:0.000000s ]
INFO: [ app_init ] --END-- [ RunTime:0.000000s ]
INFO: [ app_begin ] --START--
INFO: Run Behavior\ReadHtmlCacheBehavior [ RunTime:0.000000s ]
INFO: [ app_begin ] --END-- [ RunTime:0.000000s ]
SQL: SHOW COLUMNS FROM `zk_user` [ RunTime:0.0030s ]
SQL: SELECT * FROM `zk_user` WHERE `openid` = 'oUpv60E98MOGnr9Z9Ele1UYroiLQ' LIMIT 1   [ RunTime:0.0010s ]
SQL: INSERT INTO `zk_user` (`openid`,`rankmoney`,`user_type`,`user_status`,`create_time`) VALUES ('oUpv60E98MOGnr9Z9Ele1UYroiLQ','0','0','0','1501809960') [ RunTime:0.0830s ]
SQL: SHOW COLUMNS FROM `zk_session` [ RunTime:0.0020s ]
SQL: SELECT * FROM `zk_session` WHERE `openid` = 'oUpv60E98MOGnr9Z9Ele1UYroiLQ' LIMIT 1   [ RunTime:0.0010s ]
SQL: INSERT INTO `zk_session` (`openid`,`session_key`,`skey`,`create_time`,`last_visit_time`) VALUES ('oUpv60E98MOGnr9Z9Ele1UYroiLQ','Gg68rNoQcnoaTe0cR6OAbQ==','2b4c258dcaa5eff94bc734b22650fe2d','1501809961','1501809961') [ RunTime:0.1680s ]
NOTIC: [8] Undefined variable: new_session E:\wwwroot\Application\Home\Controller\LoginController.class.php 第 89 行.

[ 2017-08-04T09:32:01+08:00 ] 192.168.100.252 /index.php?m=home&c=login&a=get3rd_session
INFO: [ app_init ] --START--
INFO: Run Behavior\BuildLiteBehavior [ RunTime:0.000000s ]
INFO: [ app_init ] --END-- [ RunTime:0.001000s ]
INFO: [ app_begin ] --START--
INFO: Run Behavior\ReadHtmlCacheBehavior [ RunTime:0.000000s ]
INFO: [ app_begin ] --END-- [ RunTime:0.000000s ]
SQL: SHOW COLUMNS FROM `zk_user` [ RunTime:0.0040s ]
SQL: SELECT * FROM `zk_user` WHERE `openid` = 'oUpv60E98MOGnr9Z9Ele1UYroiLQ' LIMIT 1   [ RunTime:0.0000s ]
SQL: SHOW COLUMNS FROM `zk_session` [ RunTime:0.0030s ]
SQL: SELECT * FROM `zk_session` WHERE `openid` = 'oUpv60E98MOGnr9Z9Ele1UYroiLQ' LIMIT 1   [ RunTime:0.0000s ]
SQL: UPDATE `zk_session` SET `session_key`='xphPkFxfChCgKGSmYLeyMg==',`skey`='55719113252de5f75b87ec9e4be2680a',`last_visit_time`='1501810321' WHERE `openid` = 'oUpv60E98MOGnr9Z9Ele1UYroiLQ' [ RunTime:0.1170s ]
SQL: SELECT * FROM `zk_session` WHERE `openid` = 'oUpv60E98MOGnr9Z9Ele1UYroiLQ' LIMIT 1   [ RunTime:0.0000s ]

[ 2017-08-04T09:33:03+08:00 ] 192.168.100.252 /index.php?m=home&c=login&a=get3rd_session
INFO: [ app_init ] --START--
INFO: Run Behavior\BuildLiteBehavior [ RunTime:0.000000s ]
INFO: [ app_init ] --END-- [ RunTime:0.000000s ]
INFO: [ app_begin ] --START--
INFO: Run Behavior\ReadHtmlCacheBehavior [ RunTime:0.001000s ]
INFO: [ app_begin ] --END-- [ RunTime:0.001000s ]
SQL: SHOW COLUMNS FROM `zk_user` [ RunTime:0.0030s ]
SQL: SELECT * FROM `zk_user` WHERE `openid` = 'oUpv60E98MOGnr9Z9Ele1UYroiLQ' LIMIT 1   [ RunTime:0.0000s ]
SQL: INSERT INTO `zk_user` (`openid`,`rankmoney`,`user_type`,`user_status`,`create_time`) VALUES ('oUpv60E98MOGnr9Z9Ele1UYroiLQ','0','0','0','1501810383') [ RunTime:0.0510s ]
SQL: SHOW COLUMNS FROM `zk_session` [ RunTime:0.0030s ]
SQL: SELECT * FROM `zk_session` WHERE `openid` = 'oUpv60E98MOGnr9Z9Ele1UYroiLQ' LIMIT 1   [ RunTime:0.0000s ]
SQL: INSERT INTO `zk_session` (`openid`,`session_key`,`skey`,`create_time`,`last_visit_time`) VALUES ('oUpv60E98MOGnr9Z9Ele1UYroiLQ','xphPkFxfChCgKGSmYLeyMg==','0fe00f8b1b56914414c28ad6622df2d2','1501810383','1501810383') [ RunTime:0.0470s ]

[ 2017-08-04T10:15:29+08:00 ] 192.168.101.11 /index.php?m=home&c=login&a=get3rd_session
INFO: [ app_init ] --START--
INFO: Run Behavior\BuildLiteBehavior [ RunTime:0.000000s ]
INFO: [ app_init ] --END-- [ RunTime:0.032002s ]
INFO: [ app_begin ] --START--
INFO: Run Behavior\ReadHtmlCacheBehavior [ RunTime:0.017001s ]
INFO: [ app_begin ] --END-- [ RunTime:0.017001s ]
SQL: SHOW COLUMNS FROM `zk_user` [ RunTime:0.0060s ]
SQL: SELECT * FROM `zk_user` WHERE `openid` = 'oUpv60HIpXCxcpjddDq5p7ZOPmYQ' LIMIT 1   [ RunTime:0.0010s ]
SQL: INSERT INTO `zk_user` (`openid`,`rankmoney`,`user_type`,`user_status`,`create_time`) VALUES ('oUpv60HIpXCxcpjddDq5p7ZOPmYQ','0','0','0','1501812928') [ RunTime:0.2100s ]
SQL: SHOW COLUMNS FROM `zk_session` [ RunTime:0.0100s ]
SQL: SELECT * FROM `zk_session` WHERE `openid` = 'oUpv60HIpXCxcpjddDq5p7ZOPmYQ' LIMIT 1   [ RunTime:0.0000s ]
SQL: INSERT INTO `zk_session` (`openid`,`session_key`,`skey`,`create_time`,`last_visit_time`) VALUES ('oUpv60HIpXCxcpjddDq5p7ZOPmYQ','szJBUiU/jtdfJY2FKvjo0g==','3b9b8ada88a0f84517efcbb3db534ef9','1501812929','1501812929') [ RunTime:0.0870s ]

[ 2017-08-04T10:19:38+08:00 ] 192.168.101.11 /index.php?m=home&c=login&a=get3rd_session
INFO: [ app_init ] --START--
INFO: Run Behavior\BuildLiteBehavior [ RunTime:0.000000s ]
INFO: [ app_init ] --END-- [ RunTime:0.000000s ]
INFO: [ app_begin ] --START--
INFO: Run Behavior\ReadHtmlCacheBehavior [ RunTime:0.000000s ]
INFO: [ app_begin ] --END-- [ RunTime:0.000000s ]
SQL: SHOW COLUMNS FROM `zk_user` [ RunTime:0.0050s ]
SQL: SELECT * FROM `zk_user` WHERE `openid` = 'oUpv60HIpXCxcpjddDq5p7ZOPmYQ' LIMIT 1   [ RunTime:0.0000s ]
SQL: SHOW COLUMNS FROM `zk_session` [ RunTime:0.0050s ]
SQL: SELECT * FROM `zk_session` WHERE `openid` = 'oUpv60HIpXCxcpjddDq5p7ZOPmYQ' LIMIT 1   [ RunTime:0.0000s ]
SQL: UPDATE `zk_session` SET `session_key`='2EYocQ9QRQBiziZIRHqhQA==',`skey`='33e3ed301d038d8f53f5c154edb33eea',`last_visit_time`='1501813178' WHERE `openid` = 'oUpv60HIpXCxcpjddDq5p7ZOPmYQ' [ RunTime:0.0790s ]
SQL: SELECT * FROM `zk_session` WHERE `openid` = 'oUpv60HIpXCxcpjddDq5p7ZOPmYQ' LIMIT 1   [ RunTime:0.0010s ]

[ 2017-08-04T10:20:51+08:00 ] 192.168.101.11 /index.php?m=home&c=login&a=get3rd_session
INFO: [ app_init ] --START--
INFO: Run Behavior\BuildLiteBehavior [ RunTime:0.000000s ]
INFO: [ app_init ] --END-- [ RunTime:0.001000s ]
INFO: [ app_begin ] --START--
INFO: Run Behavior\ReadHtmlCacheBehavior [ RunTime:0.000000s ]
INFO: [ app_begin ] --END-- [ RunTime:0.000000s ]
SQL: SHOW COLUMNS FROM `zk_user` [ RunTime:0.0050s ]
SQL: SELECT * FROM `zk_user` WHERE `openid` = 'oUpv60HIpXCxcpjddDq5p7ZOPmYQ' LIMIT 1   [ RunTime:0.0010s ]
SQL: INSERT INTO `zk_user` (`openid`,`rankmoney`,`user_type`,`user_status`,`create_time`) VALUES ('oUpv60HIpXCxcpjddDq5p7ZOPmYQ','0','0','0','1501813251') [ RunTime:0.0440s ]
SQL: SHOW COLUMNS FROM `zk_session` [ RunTime:0.0100s ]
SQL: SELECT * FROM `zk_session` WHERE `openid` = 'oUpv60HIpXCxcpjddDq5p7ZOPmYQ' LIMIT 1   [ RunTime:0.0010s ]
SQL: INSERT INTO `zk_session` (`openid`,`session_key`,`skey`,`create_time`,`last_visit_time`) VALUES ('oUpv60HIpXCxcpjddDq5p7ZOPmYQ','vBeRFmpHzEshrqUsHCngRQ==','a4023f096537c90fb009ad8fc93dfbd1','1501813251','1501813251') [ RunTime:0.0720s ]

[ 2017-08-04T10:22:53+08:00 ] 192.168.101.11 /index.php?m=home&c=login&a=get3rd_session
INFO: [ app_init ] --START--
INFO: Run Behavior\BuildLiteBehavior [ RunTime:0.000000s ]
INFO: [ app_init ] --END-- [ RunTime:0.000000s ]
INFO: [ app_begin ] --START--
INFO: Run Behavior\ReadHtmlCacheBehavior [ RunTime:0.000000s ]
INFO: [ app_begin ] --END-- [ RunTime:0.000000s ]
SQL: SHOW COLUMNS FROM `zk_user` [ RunTime:0.0070s ]
SQL: SELECT * FROM `zk_user` WHERE `openid` = 'oUpv60HIpXCxcpjddDq5p7ZOPmYQ' LIMIT 1   [ RunTime:0.0010s ]
SQL: INSERT INTO `zk_user` (`openid`,`rankmoney`,`user_type`,`user_status`,`create_time`) VALUES ('oUpv60HIpXCxcpjddDq5p7ZOPmYQ','0','0','0','1501813373') [ RunTime:0.0330s ]
SQL: SHOW COLUMNS FROM `zk_session` [ RunTime:0.0070s ]
SQL: SELECT * FROM `zk_session` WHERE `openid` = 'oUpv60HIpXCxcpjddDq5p7ZOPmYQ' LIMIT 1   [ RunTime:0.0000s ]
SQL: INSERT INTO `zk_session` (`openid`,`session_key`,`skey`,`create_time`,`last_visit_time`) VALUES ('oUpv60HIpXCxcpjddDq5p7ZOPmYQ','LOTZ3BJV73ryj8+zk1nFaQ==','a1717f6c42dfe9ef621dacdaeda66773','1501813373','1501813373') [ RunTime:0.1240s ]

[ 2017-08-04T10:24:29+08:00 ] 192.168.103.163 /index.php?m=home&c=login&a=get3rd_session
INFO: [ app_init ] --START--
INFO: Run Behavior\BuildLiteBehavior [ RunTime:0.000000s ]
INFO: [ app_init ] --END-- [ RunTime:0.001000s ]
INFO: [ app_begin ] --START--
INFO: Run Behavior\ReadHtmlCacheBehavior [ RunTime:0.001000s ]
INFO: [ app_begin ] --END-- [ RunTime:0.001000s ]
SQL: SHOW COLUMNS FROM `zk_user` [ RunTime:0.0050s ]
SQL: SELECT * FROM `zk_user` WHERE `openid` = 'oUpv60E98MOGnr9Z9Ele1UYroiLQ' LIMIT 1   [ RunTime:0.0010s ]
SQL: SHOW COLUMNS FROM `zk_session` [ RunTime:0.0050s ]
SQL: SELECT * FROM `zk_session` WHERE `openid` = 'oUpv60E98MOGnr9Z9Ele1UYroiLQ' LIMIT 1   [ RunTime:0.0010s ]
SQL: UPDATE `zk_session` SET `session_key`='4SLvZ4zi1LO271r+j8FZJQ==',`skey`='23805cdbb4b24418f97c4896182a63f1',`last_visit_time`='1501813469' WHERE `openid` = 'oUpv60E98MOGnr9Z9Ele1UYroiLQ' [ RunTime:0.0600s ]
SQL: SELECT * FROM `zk_session` WHERE `openid` = 'oUpv60E98MOGnr9Z9Ele1UYroiLQ' LIMIT 1   [ RunTime:0.0000s ]

[ 2017-08-04T10:26:12+08:00 ] 192.168.101.11 /index.php?m=home&c=login&a=get3rd_session
INFO: [ app_init ] --START--
INFO: Run Behavior\BuildLiteBehavior [ RunTime:0.000000s ]
INFO: [ app_init ] --END-- [ RunTime:0.000000s ]
INFO: [ app_begin ] --START--
INFO: Run Behavior\ReadHtmlCacheBehavior [ RunTime:0.000000s ]
INFO: [ app_begin ] --END-- [ RunTime:0.000000s ]
SQL: SHOW COLUMNS FROM `zk_user` [ RunTime:0.0050s ]
SQL: SELECT * FROM `zk_user` WHERE `openid` = 'oUpv60HIpXCxcpjddDq5p7ZOPmYQ' LIMIT 1   [ RunTime:0.0000s ]
SQL: SHOW COLUMNS FROM `zk_session` [ RunTime:0.0050s ]
SQL: SELECT * FROM `zk_session` WHERE `openid` = 'oUpv60HIpXCxcpjddDq5p7ZOPmYQ' LIMIT 1   [ RunTime:0.0000s ]
SQL: UPDATE `zk_session` SET `session_key`='9Y0MdEQ1wZ1bQ3dv6q51Rw==',`skey`='d3ff608db2d3d126e8979317708b4148',`last_visit_time`='1501813572' WHERE `openid` = 'oUpv60HIpXCxcpjddDq5p7ZOPmYQ' [ RunTime:0.0930s ]
SQL: SELECT * FROM `zk_session` WHERE `openid` = 'oUpv60HIpXCxcpjddDq5p7ZOPmYQ' LIMIT 1   [ RunTime:0.0010s ]

[ 2017-08-04T10:28:16+08:00 ] 192.168.101.11 /index.php?m=home&c=login&a=get3rd_session
INFO: [ app_init ] --START--
INFO: Run Behavior\BuildLiteBehavior [ RunTime:0.000000s ]
INFO: [ app_init ] --END-- [ RunTime:0.000000s ]
INFO: [ app_begin ] --START--
INFO: Run Behavior\ReadHtmlCacheBehavior [ RunTime:0.001000s ]
INFO: [ app_begin ] --END-- [ RunTime:0.001000s ]
SQL: SHOW COLUMNS FROM `zk_user` [ RunTime:0.0030s ]
SQL: SELECT * FROM `zk_user` WHERE `openid` = 'oUpv60HIpXCxcpjddDq5p7ZOPmYQ' LIMIT 1   [ RunTime:0.0010s ]
SQL: SHOW COLUMNS FROM `zk_session` [ RunTime:0.0040s ]
SQL: SELECT * FROM `zk_session` WHERE `openid` = 'oUpv60HIpXCxcpjddDq5p7ZOPmYQ' LIMIT 1   [ RunTime:0.0000s ]
SQL: UPDATE `zk_session` SET `session_key`='JUAp6pOVyn+RiWcmdd9/ZQ==',`skey`='ff753ce5a454f86f0b006d9ccb81c779',`last_visit_time`='1501813696' WHERE `openid` = 'oUpv60HIpXCxcpjddDq5p7ZOPmYQ' [ RunTime:0.0410s ]
SQL: SELECT * FROM `zk_session` WHERE `openid` = 'oUpv60HIpXCxcpjddDq5p7ZOPmYQ' LIMIT 1   [ RunTime:0.0000s ]

[ 2017-08-04T10:52:47+08:00 ] 192.168.100.252 /index.php?m=home&c=login&a=get3rd_session
INFO: [ app_init ] --START--
INFO: Run Behavior\BuildLiteBehavior [ RunTime:0.000000s ]
INFO: [ app_init ] --END-- [ RunTime:0.001000s ]
INFO: [ app_begin ] --START--
INFO: Run Behavior\ReadHtmlCacheBehavior [ RunTime:0.001001s ]
INFO: [ app_begin ] --END-- [ RunTime:0.001001s ]
SQL: SHOW COLUMNS FROM `zk_user` [ RunTime:0.0090s ]
SQL: SELECT * FROM `zk_user` WHERE `openid` = 'oUpv60E98MOGnr9Z9Ele1UYroiLQ' LIMIT 1   [ RunTime:0.0010s ]
SQL: SHOW COLUMNS FROM `zk_session` [ RunTime:0.0090s ]
SQL: SELECT * FROM `zk_session` WHERE `openid` = 'oUpv60E98MOGnr9Z9Ele1UYroiLQ' LIMIT 1   [ RunTime:0.0000s ]
SQL: UPDATE `zk_session` SET `session_key`='z/7o5/dhoTbBKau8UWSweQ==',`skey`='fd16ae94bcd66cba2ccf4b2d0875d1a9',`last_visit_time`='1501815167' WHERE `openid` = 'oUpv60E98MOGnr9Z9Ele1UYroiLQ' [ RunTime:0.5600s ]
SQL: SELECT * FROM `zk_session` WHERE `openid` = 'oUpv60E98MOGnr9Z9Ele1UYroiLQ' LIMIT 1   [ RunTime:0.0010s ]

[ 2017-08-04T10:54:36+08:00 ] 192.168.103.163 /index.php?m=home&c=login&a=get3rd_session
INFO: [ app_init ] --START--
INFO: Run Behavior\BuildLiteBehavior [ RunTime:0.000000s ]
INFO: [ app_init ] --END-- [ RunTime:0.001000s ]
INFO: [ app_begin ] --START--
INFO: Run Behavior\ReadHtmlCacheBehavior [ RunTime:0.001000s ]
INFO: [ app_begin ] --END-- [ RunTime:0.001000s ]
SQL: SHOW COLUMNS FROM `zk_user` [ RunTime:0.0040s ]
SQL: SELECT * FROM `zk_user` WHERE `openid` = 'oUpv60E98MOGnr9Z9Ele1UYroiLQ' LIMIT 1   [ RunTime:0.0000s ]
SQL: INSERT INTO `zk_user` (`openid`,`rankmoney`,`user_type`,`user_status`,`create_time`) VALUES ('oUpv60E98MOGnr9Z9Ele1UYroiLQ','0','0','0','1501815276') [ RunTime:0.0540s ]
SQL: SHOW COLUMNS FROM `zk_session` [ RunTime:0.0090s ]
SQL: SELECT * FROM `zk_session` WHERE `openid` = 'oUpv60E98MOGnr9Z9Ele1UYroiLQ' LIMIT 1   [ RunTime:0.0000s ]
SQL: INSERT INTO `zk_session` (`openid`,`session_key`,`skey`,`create_time`,`last_visit_time`) VALUES ('oUpv60E98MOGnr9Z9Ele1UYroiLQ','EfwqblTFGVaCobRyBcd3oA==','34853c6468a5df7c3b224d7a48ae51f4','1501815276','1501815276') [ RunTime:0.0880s ]

[ 2017-08-04T10:56:53+08:00 ] 192.168.100.252 /index.php?m=home&c=login&a=get3rd_session
INFO: [ app_init ] --START--
INFO: Run Behavior\BuildLiteBehavior [ RunTime:0.000000s ]
INFO: [ app_init ] --END-- [ RunTime:0.000000s ]
INFO: [ app_begin ] --START--
INFO: Run Behavior\ReadHtmlCacheBehavior [ RunTime:0.001000s ]
INFO: [ app_begin ] --END-- [ RunTime:0.001000s ]
SQL: SHOW COLUMNS FROM `zk_user` [ RunTime:0.0030s ]
SQL: SELECT * FROM `zk_user` WHERE `openid` = 'oUpv60E98MOGnr9Z9Ele1UYroiLQ' LIMIT 1   [ RunTime:0.1470s ]
SQL: INSERT INTO `zk_user` (`openid`,`rankmoney`,`user_type`,`user_status`,`create_time`) VALUES ('oUpv60E98MOGnr9Z9Ele1UYroiLQ','0','0','0','1501815412') [ RunTime:0.1280s ]
SQL: SHOW COLUMNS FROM `zk_session` [ RunTime:0.0050s ]
SQL: SELECT * FROM `zk_session` WHERE `openid` = 'oUpv60E98MOGnr9Z9Ele1UYroiLQ' LIMIT 1   [ RunTime:0.0000s ]
SQL: INSERT INTO `zk_session` (`openid`,`session_key`,`skey`,`create_time`,`last_visit_time`) VALUES ('oUpv60E98MOGnr9Z9Ele1UYroiLQ','rIlYQea0us5n+erePTKEzA==','688abcee3fa0184738da136dbe20d7ff','1501815412','1501815412') [ RunTime:0.5480s ]

[ 2017-08-04T10:57:02+08:00 ] 192.168.100.252 /index.php?m=home&c=login&a=get3rd_session
INFO: [ app_init ] --START--
INFO: Run Behavior\BuildLiteBehavior [ RunTime:0.000000s ]
INFO: [ app_init ] --END-- [ RunTime:0.000000s ]
INFO: [ app_begin ] --START--
INFO: Run Behavior\ReadHtmlCacheBehavior [ RunTime:0.001000s ]
INFO: [ app_begin ] --END-- [ RunTime:0.001000s ]
SQL: SHOW COLUMNS FROM `zk_user` [ RunTime:0.0050s ]
SQL: SELECT * FROM `zk_user` WHERE `openid` = 'oUpv60E98MOGnr9Z9Ele1UYroiLQ' LIMIT 1   [ RunTime:0.0010s ]
SQL: SHOW COLUMNS FROM `zk_session` [ RunTime:0.0050s ]
SQL: SELECT * FROM `zk_session` WHERE `openid` = 'oUpv60E98MOGnr9Z9Ele1UYroiLQ' LIMIT 1   [ RunTime:0.0000s ]
SQL: UPDATE `zk_session` SET `session_key`='rIlYQea0us5n+erePTKEzA==',`skey`='26bbce0bb7c8554ce98359b3638312be',`last_visit_time`='1501815421' WHERE `openid` = 'oUpv60E98MOGnr9Z9Ele1UYroiLQ' [ RunTime:0.4230s ]
SQL: SELECT * FROM `zk_session` WHERE `openid` = 'oUpv60E98MOGnr9Z9Ele1UYroiLQ' LIMIT 1   [ RunTime:0.0010s ]

[ 2017-08-04T11:00:22+08:00 ] 192.168.103.163 /index.php?m=home&c=login&a=get3rd_session
INFO: [ app_init ] --START--
INFO: Run Behavior\BuildLiteBehavior [ RunTime:0.000000s ]
INFO: [ app_init ] --END-- [ RunTime:0.001000s ]
INFO: [ app_begin ] --START--
INFO: Run Behavior\ReadHtmlCacheBehavior [ RunTime:0.002001s ]
INFO: [ app_begin ] --END-- [ RunTime:0.002001s ]
SQL: SHOW COLUMNS FROM `zk_user` [ RunTime:0.0070s ]
SQL: SELECT * FROM `zk_user` WHERE `openid` = 'oUpv60E98MOGnr9Z9Ele1UYroiLQ' LIMIT 1   [ RunTime:0.0000s ]
SQL: INSERT INTO `zk_user` (`openid`,`rankmoney`,`user_type`,`user_status`,`create_time`) VALUES ('oUpv60E98MOGnr9Z9Ele1UYroiLQ','0','0','0','1501815622') [ RunTime:0.0750s ]
SQL: SHOW COLUMNS FROM `zk_session` [ RunTime:0.0090s ]
SQL: SELECT * FROM `zk_session` WHERE `openid` = 'oUpv60E98MOGnr9Z9Ele1UYroiLQ' LIMIT 1   [ RunTime:0.0010s ]
SQL: INSERT INTO `zk_session` (`openid`,`session_key`,`skey`,`create_time`,`last_visit_time`) VALUES ('oUpv60E98MOGnr9Z9Ele1UYroiLQ','oiIZpxw3VkcZTPLFXt0Jgg==','7af39f3f5ba7060f9ec63f1d9efc744c','1501815622','1501815622') [ RunTime:0.1480s ]

