[ 2017-07-15T10:46:31+08:00 ] 192.168.101.12 /index.php?m=home&c=login&a=getUserInfo
INFO: [ app_init ] --START--
INFO: Run Behavior\BuildLiteBehavior [ RunTime:0.000000s ]
INFO: [ app_init ] --END-- [ RunTime:0.000000s ]
INFO: [ app_begin ] --START--
INFO: Run Behavior\ReadHtmlCacheBehavior [ RunTime:0.000000s ]
INFO: [ app_begin ] --END-- [ RunTime:0.001000s ]
SQL: SHOW COLUMNS FROM `zk_session` [ RunTime:0.0030s ]
SQL: SELECT * FROM `zk_session` WHERE `skey` = '' LIMIT 1   [ RunTime:0.0220s ]
SQL: SHOW COLUMNS FROM `zk_rank` [ RunTime:0.0020s ]
SQL: SELECT * FROM `zk_rank` WHERE `openid` = null LIMIT 1   [ RunTime:0.0270s ]

[ 2017-07-15T10:50:05+08:00 ] 192.168.101.12 /index.php?m=home&c=login&a=getUserInfo
INFO: [ app_init ] --START--
INFO: Run Behavior\BuildLiteBehavior [ RunTime:0.000000s ]
INFO: [ app_init ] --END-- [ RunTime:0.000000s ]
INFO: [ app_begin ] --START--
INFO: Run Behavior\ReadHtmlCacheBehavior [ RunTime:0.001000s ]
INFO: [ app_begin ] --END-- [ RunTime:0.001000s ]
SQL: SHOW COLUMNS FROM `zk_session` [ RunTime:0.0020s ]
SQL: SELECT * FROM `zk_session` WHERE `skey` = '' LIMIT 1   [ RunTime:0.0000s ]
SQL: SHOW COLUMNS FROM `zk_rank` [ RunTime:0.0020s ]
SQL: SELECT * FROM `zk_rank` WHERE `openid` = null LIMIT 1   [ RunTime:0.0000s ]

[ 2017-07-15T10:50:08+08:00 ] 192.168.101.12 /index.php?m=home&c=login&a=getUserInfo
INFO: [ app_init ] --START--
INFO: Run Behavior\BuildLiteBehavior [ RunTime:0.000000s ]
INFO: [ app_init ] --END-- [ RunTime:0.000000s ]
INFO: [ app_begin ] --START--
INFO: Run Behavior\ReadHtmlCacheBehavior [ RunTime:0.000000s ]
INFO: [ app_begin ] --END-- [ RunTime:0.001000s ]
SQL: SHOW COLUMNS FROM `zk_session` [ RunTime:0.0010s ]
SQL: SELECT * FROM `zk_session` WHERE `skey` = '' LIMIT 1   [ RunTime:0.0010s ]
SQL: SHOW COLUMNS FROM `zk_rank` [ RunTime:0.0010s ]
SQL: SELECT * FROM `zk_rank` WHERE `openid` = null LIMIT 1   [ RunTime:0.0000s ]

[ 2017-07-15T10:52:01+08:00 ] 192.168.101.12 /index.php?m=home&c=login&a=getUserInfo
INFO: [ app_init ] --START--
INFO: Run Behavior\BuildLiteBehavior [ RunTime:0.000000s ]
INFO: [ app_init ] --END-- [ RunTime:0.001000s ]
INFO: [ app_begin ] --START--
INFO: Run Behavior\ReadHtmlCacheBehavior [ RunTime:0.001000s ]
INFO: [ app_begin ] --END-- [ RunTime:0.001000s ]
SQL: SHOW COLUMNS FROM `zk_session` [ RunTime:0.0030s ]
SQL: SELECT * FROM `zk_session` WHERE `skey` = '' LIMIT 1   [ RunTime:0.0000s ]
SQL: SHOW COLUMNS FROM `zk_rank` [ RunTime:0.0420s ]
SQL: SELECT * FROM `zk_rank` WHERE `openid` = null LIMIT 1   [ RunTime:0.0000s ]

[ 2017-07-15T10:52:01+08:00 ] 192.168.101.12 /index.php?m=home&c=login&a=index
INFO: [ app_init ] --START--
INFO: Run Behavior\BuildLiteBehavior [ RunTime:0.000000s ]
INFO: [ app_init ] --END-- [ RunTime:0.000000s ]
INFO: [ app_begin ] --START--
INFO: Run Behavior\ReadHtmlCacheBehavior [ RunTime:0.000000s ]
INFO: [ app_begin ] --END-- [ RunTime:0.000000s ]
SQL: SHOW COLUMNS FROM `zk_rank` [ RunTime:0.0040s ]
SQL: SELECT * FROM `zk_rank` WHERE `openid` = 'oUpv60HIpXCxcpjddDq5p7ZOPmYQ' LIMIT 1   [ RunTime:0.0010s ]
SQL: INSERT INTO `zk_rank` (`openid`,`username`,`avatarurl`,`rankmoney`,`create_time`) VALUES ('oUpv60HIpXCxcpjddDq5p7ZOPmYQ','D.C','https://wx.qlogo.cn/mmopen/vi_32/Q0j4TwGTfTK7LF5NqNqINrfjomr9ypt3MfaF8ekMJVF0icUvmd1p2s0eKT1ibibRVF6aUlGz4ld2P7rUia6ACppR0g/0','0','1500087121') [ RunTime:0.0470s ]
SQL: SHOW COLUMNS FROM `zk_session` [ RunTime:0.0030s ]
SQL: INSERT INTO `zk_session` (`openid`,`session_key`,`skey`,`create_time`,`last_visit_time`) VALUES ('oUpv60HIpXCxcpjddDq5p7ZOPmYQ','8AZlhSvgx14Q3Le/SL/h4w==','0f26e3d25d62ba7d22f91b100968b3f8','1500087121','1500087121') [ RunTime:0.0630s ]

[ 2017-07-15T10:52:04+08:00 ] 192.168.101.12 /index.php?m=home&c=login&a=checksession
INFO: [ app_init ] --START--
INFO: Run Behavior\BuildLiteBehavior [ RunTime:0.001000s ]
INFO: [ app_init ] --END-- [ RunTime:0.001000s ]
INFO: [ app_begin ] --START--
INFO: Run Behavior\ReadHtmlCacheBehavior [ RunTime:0.001000s ]
INFO: [ app_begin ] --END-- [ RunTime:0.001000s ]
SQL: SHOW COLUMNS FROM `zk_session` [ RunTime:0.0060s ]
SQL: SELECT * FROM `zk_session` WHERE `skey` = '0f26e3d25d62ba7d22f91b100968b3f8' LIMIT 1   [ RunTime:0.0000s ]

[ 2017-07-15T10:52:05+08:00 ] 192.168.101.12 /index.php?m=home&c=login&a=getUserInfo
INFO: [ app_init ] --START--
INFO: Run Behavior\BuildLiteBehavior [ RunTime:0.000000s ]
INFO: [ app_init ] --END-- [ RunTime:0.001000s ]
INFO: [ app_begin ] --START--
INFO: Run Behavior\ReadHtmlCacheBehavior [ RunTime:0.002001s ]
INFO: [ app_begin ] --END-- [ RunTime:0.002001s ]
SQL: SHOW COLUMNS FROM `zk_session` [ RunTime:0.0040s ]
SQL: SELECT * FROM `zk_session` WHERE `skey` = '0f26e3d25d62ba7d22f91b100968b3f8' LIMIT 1   [ RunTime:0.0010s ]
SQL: SHOW COLUMNS FROM `zk_rank` [ RunTime:0.0050s ]
SQL: SELECT * FROM `zk_rank` WHERE `openid` = 'oUpv60HIpXCxcpjddDq5p7ZOPmYQ' LIMIT 1   [ RunTime:0.0000s ]

[ 2017-07-15T11:03:15+08:00 ] 192.168.101.12 /index.php?m=home&c=login&a=checksession
INFO: [ app_init ] --START--
INFO: Run Behavior\BuildLiteBehavior [ RunTime:0.000000s ]
INFO: [ app_init ] --END-- [ RunTime:0.000000s ]
INFO: [ app_begin ] --START--
INFO: Run Behavior\ReadHtmlCacheBehavior [ RunTime:0.002000s ]
INFO: [ app_begin ] --END-- [ RunTime:0.002000s ]
SQL: SHOW COLUMNS FROM `zk_session` [ RunTime:0.0050s ]
SQL: SELECT * FROM `zk_session` WHERE `skey` = '0f26e3d25d62ba7d22f91b100968b3f8' LIMIT 1   [ RunTime:0.0010s ]

[ 2017-07-15T11:04:39+08:00 ] 192.168.101.12 /index.php?m=home&c=login&a=checksession
INFO: [ app_init ] --START--
INFO: Run Behavior\BuildLiteBehavior [ RunTime:0.000000s ]
INFO: [ app_init ] --END-- [ RunTime:0.000000s ]
INFO: [ app_begin ] --START--
INFO: Run Behavior\ReadHtmlCacheBehavior [ RunTime:0.001000s ]
INFO: [ app_begin ] --END-- [ RunTime:0.001000s ]
SQL: SHOW COLUMNS FROM `zk_session` [ RunTime:0.0030s ]
SQL: SELECT * FROM `zk_session` WHERE `skey` = '0f26e3d25d62ba7d22f91b100968b3f8' LIMIT 1   [ RunTime:0.0000s ]

[ 2017-07-15T11:04:42+08:00 ] 192.168.101.12 /index.php?m=home&c=login&a=checksession
INFO: [ app_init ] --START--
INFO: Run Behavior\BuildLiteBehavior [ RunTime:0.000000s ]
INFO: [ app_init ] --END-- [ RunTime:0.000000s ]
INFO: [ app_begin ] --START--
INFO: Run Behavior\ReadHtmlCacheBehavior [ RunTime:0.001000s ]
INFO: [ app_begin ] --END-- [ RunTime:0.001000s ]
SQL: SHOW COLUMNS FROM `zk_session` [ RunTime:0.0030s ]
SQL: SELECT * FROM `zk_session` WHERE `skey` = '0f26e3d25d62ba7d22f91b100968b3f8' LIMIT 1   [ RunTime:0.0060s ]

[ 2017-07-15T11:08:19+08:00 ] 192.168.101.12 /index.php?m=home&c=login&a=checksession
INFO: [ app_init ] --START--
INFO: Run Behavior\BuildLiteBehavior [ RunTime:0.000000s ]
INFO: [ app_init ] --END-- [ RunTime:0.000000s ]
INFO: [ app_begin ] --START--
INFO: Run Behavior\ReadHtmlCacheBehavior [ RunTime:0.000000s ]
INFO: [ app_begin ] --END-- [ RunTime:0.001001s ]
SQL: SHOW COLUMNS FROM `zk_session` [ RunTime:0.0020s ]
SQL: SELECT * FROM `zk_session` WHERE `skey` = '0f26e3d25d62ba7d22f91b100968b3f8' LIMIT 1   [ RunTime:0.0000s ]

