[ 2017-08-08T09:54:47+08:00 ] 192.168.100.252 /index.php?m=home&c=login&a=get3rd_session
INFO: [ app_init ] --START--
INFO: Run Behavior\BuildLiteBehavior [ RunTime:0.000000s ]
INFO: [ app_init ] --END-- [ RunTime:0.000000s ]
INFO: [ app_begin ] --START--
INFO: Run Behavior\ReadHtmlCacheBehavior [ RunTime:0.000000s ]
INFO: [ app_begin ] --END-- [ RunTime:0.000000s ]
SQL: SHOW COLUMNS FROM `zk_user` [ RunTime:0.0030s ]
SQL: SELECT * FROM `zk_user` WHERE `openid` = 'oUpv60HIpXCxcpjddDq5p7ZOPmYQ' LIMIT 1   [ RunTime:0.0000s ]
SQL: SHOW COLUMNS FROM `zk_session` [ RunTime:0.0020s ]
SQL: SELECT * FROM `zk_session` WHERE `openid` = 'oUpv60HIpXCxcpjddDq5p7ZOPmYQ' LIMIT 1   [ RunTime:0.0000s ]
SQL: UPDATE `zk_session` SET `session_key`='UfvXj40N5ulba7aotrRVRA==',`skey`='f2fb082e9f3f89a17d70ffc0d142a767',`last_visit_time`='1502157287' WHERE `openid` = 'oUpv60HIpXCxcpjddDq5p7ZOPmYQ' [ RunTime:0.0920s ]
SQL: SELECT * FROM `zk_session` WHERE `openid` = 'oUpv60HIpXCxcpjddDq5p7ZOPmYQ' LIMIT 1   [ RunTime:0.0010s ]

[ 2017-08-08T10:30:57+08:00 ] 192.168.101.12 /index.php?m=home&c=login&a=checksession
INFO: [ app_init ] --START--
INFO: Run Behavior\BuildLiteBehavior [ RunTime:0.000000s ]
INFO: [ app_init ] --END-- [ RunTime:0.000000s ]
INFO: [ app_begin ] --START--
INFO: Run Behavior\ReadHtmlCacheBehavior [ RunTime:0.001000s ]
INFO: [ app_begin ] --END-- [ RunTime:0.001000s ]
SQL: SHOW COLUMNS FROM `zk_session` [ RunTime:0.0020s ]
SQL: SELECT * FROM `zk_session` WHERE `skey` = '96133f7ae2d46e4da49f5525c0d36971' LIMIT 1   [ RunTime:0.0010s ]

[ 2017-08-08T10:32:51+08:00 ] 192.168.101.12 /index.php?m=home&c=login&a=checksession
INFO: [ app_init ] --START--
INFO: Run Behavior\BuildLiteBehavior [ RunTime:0.000000s ]
INFO: [ app_init ] --END-- [ RunTime:0.001000s ]
INFO: [ app_begin ] --START--
INFO: Run Behavior\ReadHtmlCacheBehavior [ RunTime:0.001000s ]
INFO: [ app_begin ] --END-- [ RunTime:0.001000s ]
SQL: SHOW COLUMNS FROM `zk_session` [ RunTime:0.0020s ]
SQL: SELECT * FROM `zk_session` WHERE `skey` = '96133f7ae2d46e4da49f5525c0d36971' LIMIT 1   [ RunTime:0.0000s ]

[ 2017-08-08T10:34:46+08:00 ] 192.168.101.12 /index.php?m=home&c=login&a=checksession
INFO: [ app_init ] --START--
INFO: Run Behavior\BuildLiteBehavior [ RunTime:0.000000s ]
INFO: [ app_init ] --END-- [ RunTime:0.000000s ]
INFO: [ app_begin ] --START--
INFO: Run Behavior\ReadHtmlCacheBehavior [ RunTime:0.000000s ]
INFO: [ app_begin ] --END-- [ RunTime:0.000000s ]
SQL: SHOW COLUMNS FROM `zk_session` [ RunTime:0.0030s ]
SQL: SELECT * FROM `zk_session` WHERE `skey` = '96133f7ae2d46e4da49f5525c0d36971' LIMIT 1   [ RunTime:0.0000s ]

[ 2017-08-08T10:35:07+08:00 ] 192.168.101.12 /index.php?m=home&c=login&a=checksession
INFO: [ app_init ] --START--
INFO: Run Behavior\BuildLiteBehavior [ RunTime:0.000000s ]
INFO: [ app_init ] --END-- [ RunTime:0.000000s ]
INFO: [ app_begin ] --START--
INFO: Run Behavior\ReadHtmlCacheBehavior [ RunTime:0.000000s ]
INFO: [ app_begin ] --END-- [ RunTime:0.000000s ]
SQL: SHOW COLUMNS FROM `zk_session` [ RunTime:0.0020s ]
SQL: SELECT * FROM `zk_session` WHERE `skey` = '96133f7ae2d46e4da49f5525c0d36971' LIMIT 1   [ RunTime:0.0010s ]

[ 2017-08-08T10:35:38+08:00 ] 192.168.101.12 /index.php?m=home&c=login&a=checksession
INFO: [ app_init ] --START--
INFO: Run Behavior\BuildLiteBehavior [ RunTime:0.000000s ]
INFO: [ app_init ] --END-- [ RunTime:0.001000s ]
INFO: [ app_begin ] --START--
INFO: Run Behavior\ReadHtmlCacheBehavior [ RunTime:0.001001s ]
INFO: [ app_begin ] --END-- [ RunTime:0.001001s ]
SQL: SHOW COLUMNS FROM `zk_session` [ RunTime:0.0020s ]
SQL: SELECT * FROM `zk_session` WHERE `skey` = '96133f7ae2d46e4da49f5525c0d36971' LIMIT 1   [ RunTime:0.0000s ]

[ 2017-08-08T10:36:54+08:00 ] 192.168.101.12 /index.php?m=home&c=login&a=checksession
INFO: [ app_init ] --START--
INFO: Run Behavior\BuildLiteBehavior [ RunTime:0.000000s ]
INFO: [ app_init ] --END-- [ RunTime:0.000000s ]
INFO: [ app_begin ] --START--
INFO: Run Behavior\ReadHtmlCacheBehavior [ RunTime:0.001000s ]
INFO: [ app_begin ] --END-- [ RunTime:0.001000s ]
SQL: SHOW COLUMNS FROM `zk_session` [ RunTime:0.0020s ]
SQL: SELECT * FROM `zk_session` WHERE `skey` = '96133f7ae2d46e4da49f5525c0d36971' LIMIT 1   [ RunTime:0.0010s ]

[ 2017-08-08T14:04:20+08:00 ] 192.168.100.252 /index.php?m=home&c=login&a=check3rdSession
INFO: [ app_init ] --START--
INFO: Run Behavior\BuildLiteBehavior [ RunTime:0.000000s ]
INFO: [ app_init ] --END-- [ RunTime:0.000000s ]
INFO: [ app_begin ] --START--
INFO: Run Behavior\ReadHtmlCacheBehavior [ RunTime:0.001000s ]
INFO: [ app_begin ] --END-- [ RunTime:0.001000s ]
SQL: SHOW COLUMNS FROM `zk_session` [ RunTime:0.0060s ]
SQL: SELECT * FROM `zk_session` LIMIT 1   [ RunTime:0.0000s ]

[ 2017-08-08T14:06:33+08:00 ] 192.168.100.252 /index.php?m=home&c=login&a=check3rdSession
INFO: [ app_init ] --START--
INFO: Run Behavior\BuildLiteBehavior [ RunTime:0.000000s ]
INFO: [ app_init ] --END-- [ RunTime:0.001000s ]
INFO: [ app_begin ] --START--
INFO: Run Behavior\ReadHtmlCacheBehavior [ RunTime:0.001000s ]
INFO: [ app_begin ] --END-- [ RunTime:0.001000s ]
SQL: SHOW COLUMNS FROM `zk_session` [ RunTime:0.0260s ]
SQL: SELECT * FROM `zk_session` LIMIT 1   [ RunTime:0.0000s ]

[ 2017-08-08T14:12:07+08:00 ] 192.168.100.252 /index.php?m=home&c=login&a=check3rdSession
INFO: [ app_init ] --START--
INFO: Run Behavior\BuildLiteBehavior [ RunTime:0.000000s ]
INFO: [ app_init ] --END-- [ RunTime:0.001000s ]
INFO: [ app_begin ] --START--
INFO: Run Behavior\ReadHtmlCacheBehavior [ RunTime:0.000000s ]
INFO: [ app_begin ] --END-- [ RunTime:0.000000s ]
SQL: SHOW COLUMNS FROM `zk_session` [ RunTime:0.0060s ]
SQL: SELECT * FROM `zk_session` LIMIT 1   [ RunTime:0.0150s ]
ERR: Call to a member function getLastSql() on null

[ 2017-08-08T14:13:01+08:00 ] 192.168.100.252 /index.php?m=home&c=login&a=check3rdSession
INFO: [ app_init ] --START--
INFO: Run Behavior\BuildLiteBehavior [ RunTime:0.000000s ]
INFO: [ app_init ] --END-- [ RunTime:0.000000s ]
INFO: [ app_begin ] --START--
INFO: Run Behavior\ReadHtmlCacheBehavior [ RunTime:0.000000s ]
INFO: [ app_begin ] --END-- [ RunTime:0.000000s ]
SQL: SHOW COLUMNS FROM `zk_session` [ RunTime:0.0470s ]
SQL: SELECT * FROM `zk_session` LIMIT 1   [ RunTime:0.0000s ]

[ 2017-08-08T14:14:53+08:00 ] 192.168.100.252 /index.php?m=home&c=login&a=check3rdSession
INFO: [ app_init ] --START--
INFO: Run Behavior\BuildLiteBehavior [ RunTime:0.000000s ]
INFO: [ app_init ] --END-- [ RunTime:0.000000s ]
INFO: [ app_begin ] --START--
INFO: Run Behavior\ReadHtmlCacheBehavior [ RunTime:0.001000s ]
INFO: [ app_begin ] --END-- [ RunTime:0.001000s ]
SQL: SHOW COLUMNS FROM `zk_session` [ RunTime:0.0070s ]
SQL: SELECT * FROM `zk_session` LIMIT 1   [ RunTime:0.0010s ]

[ 2017-08-08T14:16:35+08:00 ] 192.168.100.252 /index.php?m=home&c=login&a=check3rdSession
INFO: [ app_init ] --START--
INFO: Run Behavior\BuildLiteBehavior [ RunTime:0.000000s ]
INFO: [ app_init ] --END-- [ RunTime:0.000000s ]
INFO: [ app_begin ] --START--
INFO: Run Behavior\ReadHtmlCacheBehavior [ RunTime:0.001001s ]
INFO: [ app_begin ] --END-- [ RunTime:0.001001s ]
SQL: SHOW COLUMNS FROM `zk_session` [ RunTime:0.0060s ]
SQL: SELECT * FROM `zk_session` LIMIT 1   [ RunTime:0.0000s ]

[ 2017-08-08T14:18:31+08:00 ] 192.168.100.252 /index.php?m=home&c=login&a=check3rdSession
INFO: [ app_init ] --START--
INFO: Run Behavior\BuildLiteBehavior [ RunTime:0.000000s ]
INFO: [ app_init ] --END-- [ RunTime:0.000000s ]
INFO: [ app_begin ] --START--
INFO: Run Behavior\ReadHtmlCacheBehavior [ RunTime:0.000000s ]
INFO: [ app_begin ] --END-- [ RunTime:0.000000s ]
SQL: SHOW COLUMNS FROM `zk_session` [ RunTime:0.0060s ]
SQL: SELECT * FROM `zk_session` WHERE `skey` = '5e67fd23c3c5eea2a9d26e0c29edd368' LIMIT 1   [ RunTime:0.0010s ]

[ 2017-08-08T14:21:48+08:00 ] 192.168.100.252 /index.php?m=home&c=login&a=check3rdSession
INFO: [ app_init ] --START--
INFO: Run Behavior\BuildLiteBehavior [ RunTime:0.000000s ]
INFO: [ app_init ] --END-- [ RunTime:0.001000s ]
INFO: [ app_begin ] --START--
INFO: Run Behavior\ReadHtmlCacheBehavior [ RunTime:0.000000s ]
INFO: [ app_begin ] --END-- [ RunTime:0.000000s ]
SQL: SHOW COLUMNS FROM `zk_session` [ RunTime:0.0020s ]
SQL: SELECT * FROM `zk_session` WHERE `skey` = '5e67fd23c3c5eea2a9d26e0c29edd368' LIMIT 1   [ RunTime:0.0010s ]

[ 2017-08-08T14:24:00+08:00 ] 192.168.100.252 /index.php?m=home&c=login&a=check3rdSession
INFO: [ app_init ] --START--
INFO: Run Behavior\BuildLiteBehavior [ RunTime:0.000000s ]
INFO: [ app_init ] --END-- [ RunTime:0.000000s ]
INFO: [ app_begin ] --START--
INFO: Run Behavior\ReadHtmlCacheBehavior [ RunTime:0.000000s ]
INFO: [ app_begin ] --END-- [ RunTime:0.000000s ]
SQL: SHOW COLUMNS FROM `zk_session` [ RunTime:0.0030s ]
SQL: SELECT * FROM `zk_session` WHERE `skey` = '5e67fd23c3c5eea2a9d26e0c29edd368' LIMIT 1   [ RunTime:0.0000s ]

[ 2017-08-08T14:25:45+08:00 ] 192.168.100.252 /index.php?m=home&c=login&a=check3rdSession
INFO: [ app_init ] --START--
INFO: Run Behavior\BuildLiteBehavior [ RunTime:0.000000s ]
INFO: [ app_init ] --END-- [ RunTime:0.000000s ]
INFO: [ app_begin ] --START--
INFO: Run Behavior\ReadHtmlCacheBehavior [ RunTime:0.000000s ]
INFO: [ app_begin ] --END-- [ RunTime:0.000000s ]
SQL: SHOW COLUMNS FROM `zk_session` [ RunTime:0.0030s ]
SQL: SELECT * FROM `zk_session` WHERE `skey` = '5e67fd23c3c5eea2a9d26e0c29edd368' LIMIT 1   [ RunTime:0.0000s ]

[ 2017-08-08T14:25:45+08:00 ] 192.168.100.252 /index.php?m=home&c=login&a=get3rd_session
INFO: [ app_init ] --START--
INFO: Run Behavior\BuildLiteBehavior [ RunTime:0.000000s ]
INFO: [ app_init ] --END-- [ RunTime:0.000000s ]
INFO: [ app_begin ] --START--
INFO: Run Behavior\ReadHtmlCacheBehavior [ RunTime:0.001000s ]
INFO: [ app_begin ] --END-- [ RunTime:0.001000s ]
SQL: SHOW COLUMNS FROM `zk_user` [ RunTime:0.0040s ]
SQL: SELECT * FROM `zk_user` WHERE `openid` = 'oUpv60E98MOGnr9Z9Ele1UYroiLQ' LIMIT 1   [ RunTime:0.0000s ]
SQL: SHOW COLUMNS FROM `zk_session` [ RunTime:0.0040s ]
SQL: SELECT * FROM `zk_session` WHERE `openid` = 'oUpv60E98MOGnr9Z9Ele1UYroiLQ' LIMIT 1   [ RunTime:0.0000s ]
SQL: UPDATE `zk_session` SET `session_key`='LPzlUpBRgNrxIZeUtQ4fHA==',`skey`='4951a3cd6079310f0e67d20b0e35901f',`last_visit_time`='1502173545' WHERE `openid` = 'oUpv60E98MOGnr9Z9Ele1UYroiLQ' [ RunTime:0.1960s ]
SQL: SELECT * FROM `zk_session` WHERE `openid` = 'oUpv60E98MOGnr9Z9Ele1UYroiLQ' LIMIT 1   [ RunTime:0.0000s ]

[ 2017-08-08T14:48:52+08:00 ] 192.168.100.252 /index.php?m=home&c=login&a=check3rdSession
INFO: [ app_init ] --START--
INFO: Run Behavior\BuildLiteBehavior [ RunTime:0.000000s ]
INFO: [ app_init ] --END-- [ RunTime:0.001000s ]
INFO: [ app_begin ] --START--
INFO: Run Behavior\ReadHtmlCacheBehavior [ RunTime:0.001000s ]
INFO: [ app_begin ] --END-- [ RunTime:0.001000s ]
SQL: SHOW COLUMNS FROM `zk_session` [ RunTime:0.0020s ]
SQL: SELECT * FROM `zk_session` WHERE `skey` = '4951a3cd6079310f0e67d20b0e35901f' LIMIT 1   [ RunTime:0.0000s ]

[ 2017-08-08T14:51:14+08:00 ] 192.168.100.252 /index.php?m=home&c=login&a=check3rdSession
INFO: [ app_init ] --START--
INFO: Run Behavior\BuildLiteBehavior [ RunTime:0.000000s ]
INFO: [ app_init ] --END-- [ RunTime:0.001000s ]
INFO: [ app_begin ] --START--
INFO: Run Behavior\ReadHtmlCacheBehavior [ RunTime:0.000000s ]
INFO: [ app_begin ] --END-- [ RunTime:0.000000s ]
SQL: SHOW COLUMNS FROM `zk_session` [ RunTime:0.0030s ]
SQL: SELECT * FROM `zk_session` WHERE `skey` = '4951a3cd6079310f0e67d20b0e35901f' LIMIT 1   [ RunTime:0.0000s ]

[ 2017-08-08T14:58:19+08:00 ] 192.168.100.252 /index.php?m=home&c=login&a=check3rdSession
INFO: [ app_init ] --START--
INFO: Run Behavior\BuildLiteBehavior [ RunTime:0.000000s ]
INFO: [ app_init ] --END-- [ RunTime:0.000000s ]
INFO: [ app_begin ] --START--
INFO: Run Behavior\ReadHtmlCacheBehavior [ RunTime:0.001000s ]
INFO: [ app_begin ] --END-- [ RunTime:0.001000s ]
SQL: SHOW COLUMNS FROM `zk_session` [ RunTime:0.0040s ]
SQL: SELECT * FROM `zk_session` WHERE `skey` = '4951a3cd6079310f0e67d20b0e35901f' LIMIT 1   [ RunTime:0.0010s ]

[ 2017-08-08T14:59:52+08:00 ] 192.168.100.252 /index.php?m=home&c=login&a=check3rdSession
INFO: [ app_init ] --START--
INFO: Run Behavior\BuildLiteBehavior [ RunTime:0.000000s ]
INFO: [ app_init ] --END-- [ RunTime:0.000000s ]
INFO: [ app_begin ] --START--
INFO: Run Behavior\ReadHtmlCacheBehavior [ RunTime:0.000000s ]
INFO: [ app_begin ] --END-- [ RunTime:0.000000s ]
SQL: SHOW COLUMNS FROM `zk_session` [ RunTime:0.0020s ]
SQL: SELECT * FROM `zk_session` WHERE `skey` = '4951a3cd6079310f0e67d20b0e35901f' LIMIT 1   [ RunTime:0.0000s ]

[ 2017-08-08T15:07:08+08:00 ] 192.168.100.252 /index.php?m=home&c=login&a=check3rdSession
INFO: [ app_init ] --START--
INFO: Run Behavior\BuildLiteBehavior [ RunTime:0.000000s ]
INFO: [ app_init ] --END-- [ RunTime:0.000000s ]
INFO: [ app_begin ] --START--
INFO: Run Behavior\ReadHtmlCacheBehavior [ RunTime:0.000000s ]
INFO: [ app_begin ] --END-- [ RunTime:0.000000s ]
SQL: SHOW COLUMNS FROM `zk_session` [ RunTime:0.0030s ]
SQL: SELECT * FROM `zk_session` WHERE `skey` = '4951a3cd6079310f0e67d20b0e35901f' LIMIT 1   [ RunTime:0.0000s ]

[ 2017-08-08T15:07:21+08:00 ] 192.168.100.252 /index.php?m=home&c=login&a=check3rdSession
INFO: [ app_init ] --START--
INFO: Run Behavior\BuildLiteBehavior [ RunTime:0.000000s ]
INFO: [ app_init ] --END-- [ RunTime:0.000000s ]
INFO: [ app_begin ] --START--
INFO: Run Behavior\ReadHtmlCacheBehavior [ RunTime:0.001000s ]
INFO: [ app_begin ] --END-- [ RunTime:0.001000s ]
SQL: SHOW COLUMNS FROM `zk_session` [ RunTime:0.0030s ]
SQL: SELECT * FROM `zk_session` WHERE `skey` = '4951a3cd6079310f0e67d20b0e35901f' LIMIT 1   [ RunTime:0.0000s ]

[ 2017-08-08T15:08:34+08:00 ] 192.168.100.252 /index.php?m=home&c=login&a=check3rdSession
INFO: [ app_init ] --START--
INFO: Run Behavior\BuildLiteBehavior [ RunTime:0.000000s ]
INFO: [ app_init ] --END-- [ RunTime:0.000000s ]
INFO: [ app_begin ] --START--
INFO: Run Behavior\ReadHtmlCacheBehavior [ RunTime:0.001000s ]
INFO: [ app_begin ] --END-- [ RunTime:0.001000s ]
SQL: SHOW COLUMNS FROM `zk_session` [ RunTime:0.0020s ]
SQL: SELECT * FROM `zk_session` WHERE `skey` = '4951a3cd6079310f0e67d20b0e35901f' LIMIT 1   [ RunTime:0.0000s ]

[ 2017-08-08T15:08:54+08:00 ] 192.168.100.252 /index.php?m=home&c=login&a=check3rdSession
INFO: [ app_init ] --START--
INFO: Run Behavior\BuildLiteBehavior [ RunTime:0.000000s ]
INFO: [ app_init ] --END-- [ RunTime:0.000000s ]
INFO: [ app_begin ] --START--
INFO: Run Behavior\ReadHtmlCacheBehavior [ RunTime:0.000000s ]
INFO: [ app_begin ] --END-- [ RunTime:0.000000s ]
SQL: SHOW COLUMNS FROM `zk_session` [ RunTime:0.0020s ]
SQL: SELECT * FROM `zk_session` WHERE `skey` = '4951a3cd6079310f0e67d20b0e35901f' LIMIT 1   [ RunTime:0.0000s ]

[ 2017-08-08T15:09:10+08:00 ] 192.168.100.252 /index.php?m=home&c=login&a=check3rdSession
INFO: [ app_init ] --START--
INFO: Run Behavior\BuildLiteBehavior [ RunTime:0.000000s ]
INFO: [ app_init ] --END-- [ RunTime:0.000000s ]
INFO: [ app_begin ] --START--
INFO: Run Behavior\ReadHtmlCacheBehavior [ RunTime:0.000000s ]
INFO: [ app_begin ] --END-- [ RunTime:0.000000s ]
SQL: SHOW COLUMNS FROM `zk_session` [ RunTime:0.0020s ]
SQL: SELECT * FROM `zk_session` WHERE `skey` = '4951a3cd6079310f0e67d20b0e35901f' LIMIT 1   [ RunTime:0.0000s ]

[ 2017-08-08T15:09:20+08:00 ] 192.168.100.252 /index.php?m=home&c=login&a=check3rdSession
INFO: [ app_init ] --START--
INFO: Run Behavior\BuildLiteBehavior [ RunTime:0.000000s ]
INFO: [ app_init ] --END-- [ RunTime:0.001000s ]
INFO: [ app_begin ] --START--
INFO: Run Behavior\ReadHtmlCacheBehavior [ RunTime:0.001000s ]
INFO: [ app_begin ] --END-- [ RunTime:0.001000s ]
SQL: SHOW COLUMNS FROM `zk_session` [ RunTime:0.0020s ]
SQL: SELECT * FROM `zk_session` WHERE `skey` = '4951a3cd6079310f0e67d20b0e35901f' LIMIT 1   [ RunTime:0.0000s ]

[ 2017-08-08T15:10:47+08:00 ] 192.168.100.252 /index.php?m=home&c=login&a=check3rdSession
INFO: [ app_init ] --START--
INFO: Run Behavior\BuildLiteBehavior [ RunTime:0.000000s ]
INFO: [ app_init ] --END-- [ RunTime:0.000000s ]
INFO: [ app_begin ] --START--
INFO: Run Behavior\ReadHtmlCacheBehavior [ RunTime:0.000000s ]
INFO: [ app_begin ] --END-- [ RunTime:0.000000s ]
SQL: SHOW COLUMNS FROM `zk_session` [ RunTime:0.0030s ]
SQL: SELECT * FROM `zk_session` WHERE `skey` = '4951a3cd6079310f0e67d20b0e35901f' LIMIT 1   [ RunTime:0.0000s ]

[ 2017-08-08T15:11:20+08:00 ] 192.168.100.252 /index.php?m=home&c=login&a=check3rdSession
INFO: [ app_init ] --START--
INFO: Run Behavior\BuildLiteBehavior [ RunTime:0.000000s ]
INFO: [ app_init ] --END-- [ RunTime:0.000000s ]
INFO: [ app_begin ] --START--
INFO: Run Behavior\ReadHtmlCacheBehavior [ RunTime:0.001000s ]
INFO: [ app_begin ] --END-- [ RunTime:0.001000s ]
SQL: SHOW COLUMNS FROM `zk_session` [ RunTime:0.0310s ]
SQL: SELECT * FROM `zk_session` WHERE `skey` = '4951a3cd6079310f0e67d20b0e35901f' LIMIT 1   [ RunTime:0.0000s ]

[ 2017-08-08T15:11:30+08:00 ] 192.168.100.252 /index.php?m=home&c=login&a=check3rdSession
INFO: [ app_init ] --START--
INFO: Run Behavior\BuildLiteBehavior [ RunTime:0.000000s ]
INFO: [ app_init ] --END-- [ RunTime:0.001000s ]
INFO: [ app_begin ] --START--
INFO: Run Behavior\ReadHtmlCacheBehavior [ RunTime:0.000000s ]
INFO: [ app_begin ] --END-- [ RunTime:0.000000s ]
SQL: SHOW COLUMNS FROM `zk_session` [ RunTime:0.0030s ]
SQL: SELECT * FROM `zk_session` WHERE `skey` = '4951a3cd6079310f0e67d20b0e35901f' LIMIT 1   [ RunTime:0.0000s ]

[ 2017-08-08T15:13:08+08:00 ] 192.168.100.252 /index.php?m=home&c=login&a=check3rdSession
INFO: [ app_init ] --START--
INFO: Run Behavior\BuildLiteBehavior [ RunTime:0.000000s ]
INFO: [ app_init ] --END-- [ RunTime:0.000000s ]
INFO: [ app_begin ] --START--
INFO: Run Behavior\ReadHtmlCacheBehavior [ RunTime:0.000000s ]
INFO: [ app_begin ] --END-- [ RunTime:0.000000s ]
SQL: SHOW COLUMNS FROM `zk_session` [ RunTime:0.0030s ]
SQL: SELECT * FROM `zk_session` WHERE `skey` = '4951a3cd6079310f0e67d20b0e35901f' LIMIT 1   [ RunTime:0.0000s ]

[ 2017-08-08T15:20:21+08:00 ] 192.168.100.252 /index.php?m=home&c=login&a=check3rdSession
INFO: [ app_init ] --START--
INFO: Run Behavior\BuildLiteBehavior [ RunTime:0.000000s ]
INFO: [ app_init ] --END-- [ RunTime:0.000000s ]
INFO: [ app_begin ] --START--
INFO: Run Behavior\ReadHtmlCacheBehavior [ RunTime:0.001000s ]
INFO: [ app_begin ] --END-- [ RunTime:0.001000s ]
SQL: SHOW COLUMNS FROM `zk_session` [ RunTime:0.0030s ]
SQL: SELECT * FROM `zk_session` WHERE `skey` = '4951a3cd6079310f0e67d20b0e35901f' LIMIT 1   [ RunTime:0.0000s ]

[ 2017-08-08T15:21:19+08:00 ] 192.168.100.252 /index.php?m=home&c=login&a=check3rdSession
INFO: [ app_init ] --START--
INFO: Run Behavior\BuildLiteBehavior [ RunTime:0.000000s ]
INFO: [ app_init ] --END-- [ RunTime:0.002000s ]
INFO: [ app_begin ] --START--
INFO: Run Behavior\ReadHtmlCacheBehavior [ RunTime:0.000000s ]
INFO: [ app_begin ] --END-- [ RunTime:0.000000s ]
SQL: SHOW COLUMNS FROM `zk_session` [ RunTime:0.0040s ]
SQL: SELECT * FROM `zk_session` WHERE `skey` = '4951a3cd6079310f0e67d20b0e35901f' LIMIT 1   [ RunTime:0.0010s ]

[ 2017-08-08T15:22:14+08:00 ] 192.168.100.252 /index.php?m=home&c=login&a=check3rdSession
INFO: [ app_init ] --START--
INFO: Run Behavior\BuildLiteBehavior [ RunTime:0.000000s ]
INFO: [ app_init ] --END-- [ RunTime:0.001000s ]
INFO: [ app_begin ] --START--
INFO: Run Behavior\ReadHtmlCacheBehavior [ RunTime:0.000000s ]
INFO: [ app_begin ] --END-- [ RunTime:0.000000s ]
SQL: SHOW COLUMNS FROM `zk_session` [ RunTime:0.0050s ]
SQL: SELECT * FROM `zk_session` WHERE `skey` = '4951a3cd6079310f0e67d20b0e35901f' LIMIT 1   [ RunTime:0.0040s ]

[ 2017-08-08T15:23:17+08:00 ] 192.168.100.252 /index.php?m=home&c=login&a=check3rdSession
INFO: [ app_init ] --START--
INFO: Run Behavior\BuildLiteBehavior [ RunTime:0.000000s ]
INFO: [ app_init ] --END-- [ RunTime:0.000000s ]
INFO: [ app_begin ] --START--
INFO: Run Behavior\ReadHtmlCacheBehavior [ RunTime:0.001000s ]
INFO: [ app_begin ] --END-- [ RunTime:0.001000s ]
SQL: SHOW COLUMNS FROM `zk_session` [ RunTime:0.0030s ]
SQL: SELECT * FROM `zk_session` WHERE `skey` = '4951a3cd6079310f0e67d20b0e35901f' LIMIT 1   [ RunTime:0.0000s ]

[ 2017-08-08T15:25:21+08:00 ] 192.168.100.252 /index.php?m=home&c=login&a=check3rdSession
INFO: [ app_init ] --START--
INFO: Run Behavior\BuildLiteBehavior [ RunTime:0.000000s ]
INFO: [ app_init ] --END-- [ RunTime:0.000000s ]
INFO: [ app_begin ] --START--
INFO: Run Behavior\ReadHtmlCacheBehavior [ RunTime:0.001000s ]
INFO: [ app_begin ] --END-- [ RunTime:0.001000s ]
SQL: SHOW COLUMNS FROM `zk_session` [ RunTime:0.0020s ]
SQL: SELECT * FROM `zk_session` WHERE `skey` = '4951a3cd6079310f0e67d20b0e35901f' LIMIT 1   [ RunTime:0.0000s ]

[ 2017-08-08T15:26:10+08:00 ] 192.168.100.252 /index.php?m=home&c=login&a=check3rdSession
INFO: [ app_init ] --START--
INFO: Run Behavior\BuildLiteBehavior [ RunTime:0.000000s ]
INFO: [ app_init ] --END-- [ RunTime:0.000000s ]
INFO: [ app_begin ] --START--
INFO: Run Behavior\ReadHtmlCacheBehavior [ RunTime:0.000000s ]
INFO: [ app_begin ] --END-- [ RunTime:0.000000s ]
SQL: SHOW COLUMNS FROM `zk_session` [ RunTime:0.0020s ]
SQL: SELECT * FROM `zk_session` WHERE `skey` = '4951a3cd6079310f0e67d20b0e35901f' LIMIT 1   [ RunTime:0.0010s ]

[ 2017-08-08T15:28:51+08:00 ] 192.168.100.252 /index.php?m=home&c=login&a=check3rdSession
INFO: [ app_init ] --START--
INFO: Run Behavior\BuildLiteBehavior [ RunTime:0.000000s ]
INFO: [ app_init ] --END-- [ RunTime:0.000000s ]
INFO: [ app_begin ] --START--
INFO: Run Behavior\ReadHtmlCacheBehavior [ RunTime:0.001000s ]
INFO: [ app_begin ] --END-- [ RunTime:0.001000s ]
SQL: SHOW COLUMNS FROM `zk_session` [ RunTime:0.0040s ]
SQL: SELECT * FROM `zk_session` WHERE `skey` = '4951a3cd6079310f0e67d20b0e35901f' LIMIT 1   [ RunTime:0.0010s ]

[ 2017-08-08T15:29:29+08:00 ] 192.168.100.252 /index.php?m=home&c=login&a=check3rdSession
INFO: [ app_init ] --START--
INFO: Run Behavior\BuildLiteBehavior [ RunTime:0.000000s ]
INFO: [ app_init ] --END-- [ RunTime:0.000000s ]
INFO: [ app_begin ] --START--
INFO: Run Behavior\ReadHtmlCacheBehavior [ RunTime:0.001000s ]
INFO: [ app_begin ] --END-- [ RunTime:0.001000s ]
SQL: SHOW COLUMNS FROM `zk_session` [ RunTime:0.0020s ]
SQL: SELECT * FROM `zk_session` WHERE `skey` = '4951a3cd6079310f0e67d20b0e35901f' LIMIT 1   [ RunTime:0.0000s ]

[ 2017-08-08T15:30:24+08:00 ] 192.168.100.252 /index.php?m=home&c=login&a=check3rdSession
INFO: [ app_init ] --START--
INFO: Run Behavior\BuildLiteBehavior [ RunTime:0.000000s ]
INFO: [ app_init ] --END-- [ RunTime:0.000000s ]
INFO: [ app_begin ] --START--
INFO: Run Behavior\ReadHtmlCacheBehavior [ RunTime:0.000000s ]
INFO: [ app_begin ] --END-- [ RunTime:0.000000s ]
SQL: SHOW COLUMNS FROM `zk_session` [ RunTime:0.0030s ]
SQL: SELECT * FROM `zk_session` WHERE `skey` = '4951a3cd6079310f0e67d20b0e35901f' LIMIT 1   [ RunTime:0.0000s ]

[ 2017-08-08T15:58:05+08:00 ] 192.168.100.252 /index.php?m=home&c=login&a=check3rdSession
INFO: [ app_init ] --START--
INFO: Run Behavior\BuildLiteBehavior [ RunTime:0.000000s ]
INFO: [ app_init ] --END-- [ RunTime:0.039002s ]
INFO: [ app_begin ] --START--
INFO: Run Behavior\ReadHtmlCacheBehavior [ RunTime:0.041002s ]
INFO: [ app_begin ] --END-- [ RunTime:0.041002s ]
SQL: SHOW COLUMNS FROM `zk_session` [ RunTime:0.0450s ]
SQL: SELECT * FROM `zk_session` WHERE `skey` = '4951a3cd6079310f0e67d20b0e35901f' LIMIT 1   [ RunTime:0.0000s ]

[ 2017-08-08T15:58:47+08:00 ] 192.168.100.252 /index.php?m=home&c=login&a=check3rdSession
INFO: [ app_init ] --START--
INFO: Run Behavior\BuildLiteBehavior [ RunTime:0.001000s ]
INFO: [ app_init ] --END-- [ RunTime:0.001000s ]
INFO: [ app_begin ] --START--
INFO: Run Behavior\ReadHtmlCacheBehavior [ RunTime:0.000000s ]
INFO: [ app_begin ] --END-- [ RunTime:0.000000s ]
SQL: SHOW COLUMNS FROM `zk_session` [ RunTime:0.0810s ]
SQL: SELECT * FROM `zk_session` WHERE `skey` = '4951a3cd6079310f0e67d20b0e35901f' LIMIT 1   [ RunTime:0.0010s ]

[ 2017-08-08T15:59:31+08:00 ] 192.168.100.252 /index.php?m=home&c=login&a=check3rdSession
INFO: [ app_init ] --START--
INFO: Run Behavior\BuildLiteBehavior [ RunTime:0.000000s ]
INFO: [ app_init ] --END-- [ RunTime:0.000000s ]
INFO: [ app_begin ] --START--
INFO: Run Behavior\ReadHtmlCacheBehavior [ RunTime:0.001000s ]
INFO: [ app_begin ] --END-- [ RunTime:0.001000s ]
SQL: SHOW COLUMNS FROM `zk_session` [ RunTime:0.0140s ]
SQL: SELECT * FROM `zk_session` WHERE `skey` = '4951a3cd6079310f0e67d20b0e35901f' LIMIT 1   [ RunTime:0.0000s ]

[ 2017-08-08T16:00:03+08:00 ] 192.168.100.252 /index.php?m=home&c=login&a=check3rdSession
INFO: [ app_init ] --START--
INFO: Run Behavior\BuildLiteBehavior [ RunTime:0.000000s ]
INFO: [ app_init ] --END-- [ RunTime:0.000000s ]
INFO: [ app_begin ] --START--
INFO: Run Behavior\ReadHtmlCacheBehavior [ RunTime:0.001001s ]
INFO: [ app_begin ] --END-- [ RunTime:0.001001s ]
SQL: SHOW COLUMNS FROM `zk_session` [ RunTime:0.0060s ]
SQL: SELECT * FROM `zk_session` WHERE `skey` = '4951a3cd6079310f0e67d20b0e35901f' LIMIT 1   [ RunTime:0.0000s ]

[ 2017-08-08T16:00:58+08:00 ] 192.168.100.252 /index.php?m=home&c=login&a=check3rdSession
INFO: [ app_init ] --START--
INFO: Run Behavior\BuildLiteBehavior [ RunTime:0.000000s ]
INFO: [ app_init ] --END-- [ RunTime:0.001000s ]
INFO: [ app_begin ] --START--
INFO: Run Behavior\ReadHtmlCacheBehavior [ RunTime:0.000000s ]
INFO: [ app_begin ] --END-- [ RunTime:0.000000s ]
SQL: SHOW COLUMNS FROM `zk_session` [ RunTime:0.0120s ]
SQL: SELECT * FROM `zk_session` WHERE `skey` = '4951a3cd6079310f0e67d20b0e35901f' LIMIT 1   [ RunTime:0.0010s ]

[ 2017-08-08T16:02:27+08:00 ] 192.168.100.252 /index.php?m=home&c=login&a=check3rdSession
INFO: [ app_init ] --START--
INFO: Run Behavior\BuildLiteBehavior [ RunTime:0.000000s ]
INFO: [ app_init ] --END-- [ RunTime:0.000000s ]
INFO: [ app_begin ] --START--
INFO: Run Behavior\ReadHtmlCacheBehavior [ RunTime:0.000000s ]
INFO: [ app_begin ] --END-- [ RunTime:0.000000s ]
SQL: SHOW COLUMNS FROM `zk_session` [ RunTime:0.0070s ]
SQL: SELECT * FROM `zk_session` WHERE `skey` = '4951a3cd6079310f0e67d20b0e35901f' LIMIT 1   [ RunTime:0.0000s ]

[ 2017-08-08T16:03:00+08:00 ] 192.168.103.146 /index.php?m=home&c=login&a=check3rdSession
INFO: [ app_init ] --START--
INFO: Run Behavior\BuildLiteBehavior [ RunTime:0.000000s ]
INFO: [ app_init ] --END-- [ RunTime:0.001000s ]
INFO: [ app_begin ] --START--
INFO: Run Behavior\ReadHtmlCacheBehavior [ RunTime:0.000000s ]
INFO: [ app_begin ] --END-- [ RunTime:0.000000s ]
SQL: SHOW COLUMNS FROM `zk_session` [ RunTime:0.0090s ]
SQL: SELECT * FROM `zk_session` WHERE `skey` = '5e67fd23c3c5eea2a9d26e0c29edd368' LIMIT 1   [ RunTime:0.0000s ]

[ 2017-08-08T16:03:01+08:00 ] 192.168.103.146 /index.php?m=home&c=login&a=get3rd_session
INFO: [ app_init ] --START--
INFO: Run Behavior\BuildLiteBehavior [ RunTime:0.000000s ]
INFO: [ app_init ] --END-- [ RunTime:0.001000s ]
INFO: [ app_begin ] --START--
INFO: Run Behavior\ReadHtmlCacheBehavior [ RunTime:0.001000s ]
INFO: [ app_begin ] --END-- [ RunTime:0.001000s ]
SQL: SHOW COLUMNS FROM `zk_user` [ RunTime:0.0240s ]
SQL: SELECT * FROM `zk_user` WHERE `openid` = 'oUpv60E98MOGnr9Z9Ele1UYroiLQ' LIMIT 1   [ RunTime:0.0000s ]
SQL: SHOW COLUMNS FROM `zk_session` [ RunTime:0.0260s ]
SQL: SELECT * FROM `zk_session` WHERE `openid` = 'oUpv60E98MOGnr9Z9Ele1UYroiLQ' LIMIT 1   [ RunTime:0.0010s ]
SQL: UPDATE `zk_session` SET `session_key`='fsG9GqO2icxT5zcYista6w==',`skey`='b21930925a246215989ceca12350bf6c',`last_visit_time`='1502179381' WHERE `openid` = 'oUpv60E98MOGnr9Z9Ele1UYroiLQ' [ RunTime:0.0440s ]
SQL: SELECT * FROM `zk_session` WHERE `openid` = 'oUpv60E98MOGnr9Z9Ele1UYroiLQ' LIMIT 1   [ RunTime:0.0000s ]

[ 2017-08-08T16:03:38+08:00 ] 192.168.100.252 /index.php?m=home&c=login&a=check3rdSession
INFO: [ app_init ] --START--
INFO: Run Behavior\BuildLiteBehavior [ RunTime:0.000000s ]
INFO: [ app_init ] --END-- [ RunTime:0.000000s ]
INFO: [ app_begin ] --START--
INFO: Run Behavior\ReadHtmlCacheBehavior [ RunTime:0.000000s ]
INFO: [ app_begin ] --END-- [ RunTime:0.000000s ]
SQL: SHOW COLUMNS FROM `zk_session` [ RunTime:0.0060s ]
SQL: SELECT * FROM `zk_session` WHERE `skey` = '4951a3cd6079310f0e67d20b0e35901f' LIMIT 1   [ RunTime:0.0010s ]

[ 2017-08-08T16:03:38+08:00 ] 192.168.100.252 /index.php?m=home&c=login&a=get3rd_session
INFO: [ app_init ] --START--
INFO: Run Behavior\BuildLiteBehavior [ RunTime:0.000000s ]
INFO: [ app_init ] --END-- [ RunTime:0.000000s ]
INFO: [ app_begin ] --START--
INFO: Run Behavior\ReadHtmlCacheBehavior [ RunTime:0.000000s ]
INFO: [ app_begin ] --END-- [ RunTime:0.000000s ]
SQL: SHOW COLUMNS FROM `zk_user` [ RunTime:0.0060s ]
SQL: SELECT * FROM `zk_user` WHERE `openid` = 'oUpv60E98MOGnr9Z9Ele1UYroiLQ' LIMIT 1   [ RunTime:0.0010s ]
SQL: SHOW COLUMNS FROM `zk_session` [ RunTime:0.0060s ]
SQL: SELECT * FROM `zk_session` WHERE `openid` = 'oUpv60E98MOGnr9Z9Ele1UYroiLQ' LIMIT 1   [ RunTime:0.0010s ]
SQL: UPDATE `zk_session` SET `session_key`='fsG9GqO2icxT5zcYista6w==',`skey`='f59896ea6e49dea8148e25d504a990ae',`last_visit_time`='1502179418' WHERE `openid` = 'oUpv60E98MOGnr9Z9Ele1UYroiLQ' [ RunTime:0.1570s ]
SQL: SELECT * FROM `zk_session` WHERE `openid` = 'oUpv60E98MOGnr9Z9Ele1UYroiLQ' LIMIT 1   [ RunTime:0.0010s ]

[ 2017-08-08T16:03:48+08:00 ] 192.168.100.252 /index.php?m=home&c=login&a=check3rdSession
INFO: [ app_init ] --START--
INFO: Run Behavior\BuildLiteBehavior [ RunTime:0.000000s ]
INFO: [ app_init ] --END-- [ RunTime:0.000000s ]
INFO: [ app_begin ] --START--
INFO: Run Behavior\ReadHtmlCacheBehavior [ RunTime:0.000000s ]
INFO: [ app_begin ] --END-- [ RunTime:0.000000s ]
SQL: SHOW COLUMNS FROM `zk_session` [ RunTime:0.0050s ]
SQL: SELECT * FROM `zk_session` WHERE `skey` = 'f59896ea6e49dea8148e25d504a990ae' LIMIT 1   [ RunTime:0.0000s ]

[ 2017-08-08T16:10:02+08:00 ] 192.168.100.252 /index.php?m=home&c=login&a=check3rdSession
INFO: [ app_init ] --START--
INFO: Run Behavior\BuildLiteBehavior [ RunTime:0.000000s ]
INFO: [ app_init ] --END-- [ RunTime:0.000000s ]
INFO: [ app_begin ] --START--
INFO: Run Behavior\ReadHtmlCacheBehavior [ RunTime:0.001000s ]
INFO: [ app_begin ] --END-- [ RunTime:0.001000s ]
SQL: SHOW COLUMNS FROM `zk_session` [ RunTime:0.0060s ]
SQL: SELECT * FROM `zk_session` WHERE `skey` = 'f59896ea6e49dea8148e25d504a990ae' LIMIT 1   [ RunTime:0.0000s ]

[ 2017-08-08T16:11:06+08:00 ] 192.168.100.252 /index.php?m=home&c=login&a=check3rdSession
INFO: [ app_init ] --START--
INFO: Run Behavior\BuildLiteBehavior [ RunTime:0.000000s ]
INFO: [ app_init ] --END-- [ RunTime:0.001000s ]
INFO: [ app_begin ] --START--
INFO: Run Behavior\ReadHtmlCacheBehavior [ RunTime:0.001000s ]
INFO: [ app_begin ] --END-- [ RunTime:0.001000s ]
SQL: SHOW COLUMNS FROM `zk_session` [ RunTime:0.0030s ]
SQL: SELECT * FROM `zk_session` WHERE `skey` = 'f59896ea6e49dea8148e25d504a990ae' LIMIT 1   [ RunTime:0.0000s ]

[ 2017-08-08T16:11:27+08:00 ] 192.168.100.252 /index.php?m=home&c=login&a=check3rdSession
INFO: [ app_init ] --START--
INFO: Run Behavior\BuildLiteBehavior [ RunTime:0.000000s ]
INFO: [ app_init ] --END-- [ RunTime:0.000000s ]
INFO: [ app_begin ] --START--
INFO: Run Behavior\ReadHtmlCacheBehavior [ RunTime:0.000000s ]
INFO: [ app_begin ] --END-- [ RunTime:0.000000s ]
SQL: SHOW COLUMNS FROM `zk_session` [ RunTime:0.0070s ]
SQL: SELECT * FROM `zk_session` WHERE `skey` = 'f59896ea6e49dea8148e25d504a990ae' LIMIT 1   [ RunTime:0.0000s ]

[ 2017-08-08T16:11:39+08:00 ] 192.168.103.146 /index.php?m=home&c=login&a=check3rdSession
INFO: [ app_init ] --START--
INFO: Run Behavior\BuildLiteBehavior [ RunTime:0.001000s ]
INFO: [ app_init ] --END-- [ RunTime:0.001000s ]
INFO: [ app_begin ] --START--
INFO: Run Behavior\ReadHtmlCacheBehavior [ RunTime:0.000000s ]
INFO: [ app_begin ] --END-- [ RunTime:0.000000s ]
SQL: SHOW COLUMNS FROM `zk_session` [ RunTime:0.0120s ]
SQL: SELECT * FROM `zk_session` WHERE `skey` = 'b21930925a246215989ceca12350bf6c' LIMIT 1   [ RunTime:0.0000s ]

[ 2017-08-08T16:11:39+08:00 ] 192.168.103.146 /index.php?m=home&c=login&a=get3rd_session
INFO: [ app_init ] --START--
INFO: Run Behavior\BuildLiteBehavior [ RunTime:0.000000s ]
INFO: [ app_init ] --END-- [ RunTime:0.001000s ]
INFO: [ app_begin ] --START--
INFO: Run Behavior\ReadHtmlCacheBehavior [ RunTime:0.001000s ]
INFO: [ app_begin ] --END-- [ RunTime:0.002001s ]
SQL: SHOW COLUMNS FROM `zk_user` [ RunTime:0.0250s ]
SQL: SELECT * FROM `zk_user` WHERE `openid` = 'oUpv60E98MOGnr9Z9Ele1UYroiLQ' LIMIT 1   [ RunTime:0.0010s ]
SQL: SHOW COLUMNS FROM `zk_session` [ RunTime:0.0210s ]
SQL: SELECT * FROM `zk_session` WHERE `openid` = 'oUpv60E98MOGnr9Z9Ele1UYroiLQ' LIMIT 1   [ RunTime:0.0010s ]
SQL: UPDATE `zk_session` SET `session_key`='sH/U/GWOsmxM++EwFVTzaA==',`skey`='fb017c24abc22c4302bd7c41ae8891cc',`last_visit_time`='1502179899' WHERE `openid` = 'oUpv60E98MOGnr9Z9Ele1UYroiLQ' [ RunTime:0.0410s ]
SQL: SELECT * FROM `zk_session` WHERE `openid` = 'oUpv60E98MOGnr9Z9Ele1UYroiLQ' LIMIT 1   [ RunTime:0.0000s ]

[ 2017-08-08T16:12:37+08:00 ] 192.168.100.252 /index.php?m=home&c=login&a=check3rdSession
INFO: [ app_init ] --START--
INFO: Run Behavior\BuildLiteBehavior [ RunTime:0.000000s ]
INFO: [ app_init ] --END-- [ RunTime:0.000000s ]
INFO: [ app_begin ] --START--
INFO: Run Behavior\ReadHtmlCacheBehavior [ RunTime:0.000000s ]
INFO: [ app_begin ] --END-- [ RunTime:0.000000s ]
SQL: SHOW COLUMNS FROM `zk_session` [ RunTime:0.0040s ]
SQL: SELECT * FROM `zk_session` WHERE `skey` = 'f59896ea6e49dea8148e25d504a990ae' LIMIT 1   [ RunTime:0.0000s ]

[ 2017-08-08T16:12:37+08:00 ] 192.168.100.252 /index.php?m=home&c=login&a=get3rd_session
INFO: [ app_init ] --START--
INFO: Run Behavior\BuildLiteBehavior [ RunTime:0.000000s ]
INFO: [ app_init ] --END-- [ RunTime:0.001000s ]
INFO: [ app_begin ] --START--
INFO: Run Behavior\ReadHtmlCacheBehavior [ RunTime:0.000000s ]
INFO: [ app_begin ] --END-- [ RunTime:0.000000s ]
SQL: SHOW COLUMNS FROM `zk_user` [ RunTime:0.0070s ]
SQL: SELECT * FROM `zk_user` WHERE `openid` = 'oUpv60E98MOGnr9Z9Ele1UYroiLQ' LIMIT 1   [ RunTime:0.0000s ]
SQL: SHOW COLUMNS FROM `zk_session` [ RunTime:0.0070s ]
SQL: SELECT * FROM `zk_session` WHERE `openid` = 'oUpv60E98MOGnr9Z9Ele1UYroiLQ' LIMIT 1   [ RunTime:0.0000s ]
SQL: UPDATE `zk_session` SET `session_key`='sH/U/GWOsmxM++EwFVTzaA==',`skey`='17a0f84a8f85c0ce25ed46f5a453cf67',`last_visit_time`='1502179957' WHERE `openid` = 'oUpv60E98MOGnr9Z9Ele1UYroiLQ' [ RunTime:0.0450s ]
SQL: SELECT * FROM `zk_session` WHERE `openid` = 'oUpv60E98MOGnr9Z9Ele1UYroiLQ' LIMIT 1   [ RunTime:0.0010s ]

[ 2017-08-08T16:13:39+08:00 ] 192.168.100.252 /index.php?m=home&c=login&a=check3rdSession
INFO: [ app_init ] --START--
INFO: Run Behavior\BuildLiteBehavior [ RunTime:0.000000s ]
INFO: [ app_init ] --END-- [ RunTime:0.001001s ]
INFO: [ app_begin ] --START--
INFO: Run Behavior\ReadHtmlCacheBehavior [ RunTime:0.000000s ]
INFO: [ app_begin ] --END-- [ RunTime:0.000000s ]
SQL: SHOW COLUMNS FROM `zk_session` [ RunTime:0.0040s ]
SQL: SELECT * FROM `zk_session` WHERE `skey` = '17a0f84a8f85c0ce25ed46f5a453cf67' LIMIT 1   [ RunTime:0.0000s ]

[ 2017-08-08T16:13:51+08:00 ] 192.168.100.252 /index.php?m=home&c=login&a=check3rdSession
INFO: [ app_init ] --START--
INFO: Run Behavior\BuildLiteBehavior [ RunTime:0.000000s ]
INFO: [ app_init ] --END-- [ RunTime:0.001000s ]
INFO: [ app_begin ] --START--
INFO: Run Behavior\ReadHtmlCacheBehavior [ RunTime:0.001000s ]
INFO: [ app_begin ] --END-- [ RunTime:0.001000s ]
SQL: SHOW COLUMNS FROM `zk_session` [ RunTime:0.0030s ]
SQL: SELECT * FROM `zk_session` WHERE `skey` = '17a0f84a8f85c0ce25ed46f5a453cf67' LIMIT 1   [ RunTime:0.0080s ]

[ 2017-08-08T16:13:57+08:00 ] 192.168.103.146 /index.php?m=home&c=login&a=check3rdSession
INFO: [ app_init ] --START--
INFO: Run Behavior\BuildLiteBehavior [ RunTime:0.000000s ]
INFO: [ app_init ] --END-- [ RunTime:0.000000s ]
INFO: [ app_begin ] --START--
INFO: Run Behavior\ReadHtmlCacheBehavior [ RunTime:0.001000s ]
INFO: [ app_begin ] --END-- [ RunTime:0.001000s ]
SQL: SHOW COLUMNS FROM `zk_session` [ RunTime:0.0120s ]
SQL: SELECT * FROM `zk_session` WHERE `skey` = 'fb017c24abc22c4302bd7c41ae8891cc' LIMIT 1   [ RunTime:0.0000s ]

[ 2017-08-08T16:13:57+08:00 ] 192.168.103.146 /index.php?m=home&c=login&a=get3rd_session
INFO: [ app_init ] --START--
INFO: Run Behavior\BuildLiteBehavior [ RunTime:0.000000s ]
INFO: [ app_init ] --END-- [ RunTime:0.001000s ]
INFO: [ app_begin ] --START--
INFO: Run Behavior\ReadHtmlCacheBehavior [ RunTime:0.001000s ]
INFO: [ app_begin ] --END-- [ RunTime:0.001000s ]
SQL: SHOW COLUMNS FROM `zk_user` [ RunTime:0.0130s ]
SQL: SELECT * FROM `zk_user` WHERE `openid` = 'oUpv60E98MOGnr9Z9Ele1UYroiLQ' LIMIT 1   [ RunTime:0.0000s ]
SQL: SHOW COLUMNS FROM `zk_session` [ RunTime:0.0140s ]
SQL: SELECT * FROM `zk_session` WHERE `openid` = 'oUpv60E98MOGnr9Z9Ele1UYroiLQ' LIMIT 1   [ RunTime:0.0000s ]
SQL: UPDATE `zk_session` SET `session_key`='f/uotXb9YoIIWyE1mQLNew==',`skey`='eea7702b111eae20d5782e6517fdd8ce',`last_visit_time`='1502180037' WHERE `openid` = 'oUpv60E98MOGnr9Z9Ele1UYroiLQ' [ RunTime:0.0670s ]
SQL: SELECT * FROM `zk_session` WHERE `openid` = 'oUpv60E98MOGnr9Z9Ele1UYroiLQ' LIMIT 1   [ RunTime:0.0000s ]

[ 2017-08-08T16:17:28+08:00 ] 192.168.100.252 /index.php?m=home&c=login&a=check3rdSession
INFO: [ app_init ] --START--
INFO: Run Behavior\BuildLiteBehavior [ RunTime:0.000000s ]
INFO: [ app_init ] --END-- [ RunTime:0.001000s ]
INFO: [ app_begin ] --START--
INFO: Run Behavior\ReadHtmlCacheBehavior [ RunTime:0.001000s ]
INFO: [ app_begin ] --END-- [ RunTime:0.001000s ]
SQL: SHOW COLUMNS FROM `zk_session` [ RunTime:0.0060s ]
SQL: SELECT * FROM `zk_session` WHERE `skey` = '17a0f84a8f85c0ce25ed46f5a453cf67' LIMIT 1   [ RunTime:0.0000s ]

[ 2017-08-08T16:17:28+08:00 ] 192.168.100.252 /index.php?m=home&c=login&a=get3rd_session
INFO: [ app_init ] --START--
INFO: Run Behavior\BuildLiteBehavior [ RunTime:0.000000s ]
INFO: [ app_init ] --END-- [ RunTime:0.001000s ]
INFO: [ app_begin ] --START--
INFO: Run Behavior\ReadHtmlCacheBehavior [ RunTime:0.000000s ]
INFO: [ app_begin ] --END-- [ RunTime:0.000000s ]
SQL: SHOW COLUMNS FROM `zk_user` [ RunTime:0.0050s ]
SQL: SELECT * FROM `zk_user` WHERE `openid` = 'oUpv60E98MOGnr9Z9Ele1UYroiLQ' LIMIT 1   [ RunTime:0.0000s ]
SQL: SHOW COLUMNS FROM `zk_session` [ RunTime:0.0040s ]
SQL: SELECT * FROM `zk_session` WHERE `openid` = 'oUpv60E98MOGnr9Z9Ele1UYroiLQ' LIMIT 1   [ RunTime:0.0000s ]
SQL: UPDATE `zk_session` SET `session_key`='95s7PaYdqCJSZVmUrFO7qg==',`skey`='b8ead80ea24df069411df99e02a4cc14',`last_visit_time`='1502180248' WHERE `openid` = 'oUpv60E98MOGnr9Z9Ele1UYroiLQ' [ RunTime:0.0450s ]
SQL: SELECT * FROM `zk_session` WHERE `openid` = 'oUpv60E98MOGnr9Z9Ele1UYroiLQ' LIMIT 1   [ RunTime:0.0000s ]

[ 2017-08-08T16:32:01+08:00 ] 192.168.100.252 /index.php?m=home&c=login&a=check3rdSession
INFO: [ app_init ] --START--
INFO: Run Behavior\BuildLiteBehavior [ RunTime:0.000000s ]
INFO: [ app_init ] --END-- [ RunTime:0.000000s ]
INFO: [ app_begin ] --START--
INFO: Run Behavior\ReadHtmlCacheBehavior [ RunTime:0.001000s ]
INFO: [ app_begin ] --END-- [ RunTime:0.001000s ]
SQL: SHOW COLUMNS FROM `zk_session` [ RunTime:0.0060s ]
SQL: SELECT * FROM `zk_session` WHERE `skey` = 'b8ead80ea24df069411df99e02a4cc14' LIMIT 1   [ RunTime:0.0000s ]

[ 2017-08-08T16:32:05+08:00 ] 192.168.100.252 /index.php?m=home&c=login&a=check3rdSession
INFO: [ app_init ] --START--
INFO: Run Behavior\BuildLiteBehavior [ RunTime:0.000000s ]
INFO: [ app_init ] --END-- [ RunTime:0.000000s ]
INFO: [ app_begin ] --START--
INFO: Run Behavior\ReadHtmlCacheBehavior [ RunTime:0.000000s ]
INFO: [ app_begin ] --END-- [ RunTime:0.000000s ]
SQL: SHOW COLUMNS FROM `zk_session` [ RunTime:0.0080s ]
SQL: SELECT * FROM `zk_session` WHERE `skey` = 'b8ead80ea24df069411df99e02a4cc14' LIMIT 1   [ RunTime:0.0000s ]

[ 2017-08-08T16:35:16+08:00 ] 192.168.100.252 /index.php?m=home&c=login&a=check3rdSession
INFO: [ app_init ] --START--
INFO: Run Behavior\BuildLiteBehavior [ RunTime:0.000000s ]
INFO: [ app_init ] --END-- [ RunTime:0.001000s ]
INFO: [ app_begin ] --START--
INFO: Run Behavior\ReadHtmlCacheBehavior [ RunTime:0.000000s ]
INFO: [ app_begin ] --END-- [ RunTime:0.000000s ]
SQL: SHOW COLUMNS FROM `zk_session` [ RunTime:0.0040s ]
SQL: SELECT * FROM `zk_session` WHERE `skey` = 'b8ead80ea24df069411df99e02a4cc14' LIMIT 1   [ RunTime:0.0000s ]

[ 2017-08-08T16:37:56+08:00 ] 192.168.100.252 /index.php?m=home&c=login&a=check3rdSession
INFO: [ app_init ] --START--
INFO: Run Behavior\BuildLiteBehavior [ RunTime:0.000000s ]
INFO: [ app_init ] --END-- [ RunTime:0.000000s ]
INFO: [ app_begin ] --START--
INFO: Run Behavior\ReadHtmlCacheBehavior [ RunTime:0.001000s ]
INFO: [ app_begin ] --END-- [ RunTime:0.001000s ]
SQL: SHOW COLUMNS FROM `zk_session` [ RunTime:0.0060s ]
SQL: SELECT * FROM `zk_session` WHERE `skey` = 'b8ead80ea24df069411df99e02a4cc14' LIMIT 1   [ RunTime:0.0000s ]

[ 2017-08-08T16:38:14+08:00 ] 192.168.100.252 /index.php?m=home&c=login&a=check3rdSession
INFO: [ app_init ] --START--
INFO: Run Behavior\BuildLiteBehavior [ RunTime:0.000000s ]
INFO: [ app_init ] --END-- [ RunTime:0.000000s ]
INFO: [ app_begin ] --START--
INFO: Run Behavior\ReadHtmlCacheBehavior [ RunTime:0.001001s ]
INFO: [ app_begin ] --END-- [ RunTime:0.001001s ]
SQL: SHOW COLUMNS FROM `zk_session` [ RunTime:0.0060s ]
SQL: SELECT * FROM `zk_session` WHERE `skey` = 'b8ead80ea24df069411df99e02a4cc14' LIMIT 1   [ RunTime:0.0000s ]

[ 2017-08-08T16:38:47+08:00 ] 192.168.100.252 /index.php?m=home&c=login&a=check3rdSession
INFO: [ app_init ] --START--
INFO: Run Behavior\BuildLiteBehavior [ RunTime:0.000000s ]
INFO: [ app_init ] --END-- [ RunTime:0.000000s ]
INFO: [ app_begin ] --START--
INFO: Run Behavior\ReadHtmlCacheBehavior [ RunTime:0.000000s ]
INFO: [ app_begin ] --END-- [ RunTime:0.001001s ]
SQL: SHOW COLUMNS FROM `zk_session` [ RunTime:0.0050s ]
SQL: SELECT * FROM `zk_session` WHERE `skey` = 'b8ead80ea24df069411df99e02a4cc14' LIMIT 1   [ RunTime:0.0010s ]

[ 2017-08-08T16:39:58+08:00 ] 192.168.100.252 /index.php?m=home&c=login&a=check3rdSession
INFO: [ app_init ] --START--
INFO: Run Behavior\BuildLiteBehavior [ RunTime:0.000000s ]
INFO: [ app_init ] --END-- [ RunTime:0.000000s ]
INFO: [ app_begin ] --START--
INFO: Run Behavior\ReadHtmlCacheBehavior [ RunTime:0.000000s ]
INFO: [ app_begin ] --END-- [ RunTime:0.000000s ]
SQL: SHOW COLUMNS FROM `zk_session` [ RunTime:0.0060s ]
SQL: SELECT * FROM `zk_session` WHERE `skey` = 'b8ead80ea24df069411df99e02a4cc14' LIMIT 1   [ RunTime:0.0000s ]

[ 2017-08-08T16:40:37+08:00 ] 192.168.100.252 /index.php?m=home&c=login&a=check3rdSession
INFO: [ app_init ] --START--
INFO: Run Behavior\BuildLiteBehavior [ RunTime:0.000000s ]
INFO: [ app_init ] --END-- [ RunTime:0.000000s ]
INFO: [ app_begin ] --START--
INFO: Run Behavior\ReadHtmlCacheBehavior [ RunTime:0.001000s ]
INFO: [ app_begin ] --END-- [ RunTime:0.001000s ]
SQL: SHOW COLUMNS FROM `zk_session` [ RunTime:0.0060s ]
SQL: SELECT * FROM `zk_session` WHERE `skey` = 'b8ead80ea24df069411df99e02a4cc14' LIMIT 1   [ RunTime:0.0000s ]

[ 2017-08-08T16:42:56+08:00 ] 192.168.100.252 /index.php?m=home&c=login&a=check3rdSession
INFO: [ app_init ] --START--
INFO: Run Behavior\BuildLiteBehavior [ RunTime:0.000000s ]
INFO: [ app_init ] --END-- [ RunTime:0.000000s ]
INFO: [ app_begin ] --START--
INFO: Run Behavior\ReadHtmlCacheBehavior [ RunTime:0.001000s ]
INFO: [ app_begin ] --END-- [ RunTime:0.001000s ]
SQL: SHOW COLUMNS FROM `zk_session` [ RunTime:0.0060s ]
SQL: SELECT * FROM `zk_session` WHERE `skey` = 'b8ead80ea24df069411df99e02a4cc14' LIMIT 1   [ RunTime:0.0000s ]

[ 2017-08-08T16:43:33+08:00 ] 192.168.100.252 /index.php?m=home&c=login&a=check3rdSession
INFO: [ app_init ] --START--
INFO: Run Behavior\BuildLiteBehavior [ RunTime:0.000000s ]
INFO: [ app_init ] --END-- [ RunTime:0.000000s ]
INFO: [ app_begin ] --START--
INFO: Run Behavior\ReadHtmlCacheBehavior [ RunTime:0.000000s ]
INFO: [ app_begin ] --END-- [ RunTime:0.000000s ]
SQL: SHOW COLUMNS FROM `zk_session` [ RunTime:0.0060s ]
SQL: SELECT * FROM `zk_session` WHERE `skey` = 'b8ead80ea24df069411df99e02a4cc14' LIMIT 1   [ RunTime:0.0000s ]

[ 2017-08-08T16:43:47+08:00 ] 192.168.103.146 /index.php?m=home&c=login&a=check3rdSession
INFO: [ app_init ] --START--
INFO: Run Behavior\BuildLiteBehavior [ RunTime:0.000000s ]
INFO: [ app_init ] --END-- [ RunTime:0.001000s ]
INFO: [ app_begin ] --START--
INFO: Run Behavior\ReadHtmlCacheBehavior [ RunTime:0.001000s ]
INFO: [ app_begin ] --END-- [ RunTime:0.001000s ]
SQL: SHOW COLUMNS FROM `zk_session` [ RunTime:0.0100s ]
SQL: SELECT * FROM `zk_session` WHERE `skey` = 'eea7702b111eae20d5782e6517fdd8ce' LIMIT 1   [ RunTime:0.0000s ]

[ 2017-08-08T16:43:47+08:00 ] 192.168.103.146 /index.php?m=home&c=login&a=get3rd_session
INFO: [ app_init ] --START--
INFO: Run Behavior\BuildLiteBehavior [ RunTime:0.000000s ]
INFO: [ app_init ] --END-- [ RunTime:0.000000s ]
INFO: [ app_begin ] --START--
INFO: Run Behavior\ReadHtmlCacheBehavior [ RunTime:0.001000s ]
INFO: [ app_begin ] --END-- [ RunTime:0.001000s ]
SQL: SHOW COLUMNS FROM `zk_user` [ RunTime:0.0120s ]
SQL: SELECT * FROM `zk_user` WHERE `openid` = 'oUpv60E98MOGnr9Z9Ele1UYroiLQ' LIMIT 1   [ RunTime:0.0010s ]
SQL: SHOW COLUMNS FROM `zk_session` [ RunTime:0.0120s ]
SQL: SELECT * FROM `zk_session` WHERE `openid` = 'oUpv60E98MOGnr9Z9Ele1UYroiLQ' LIMIT 1   [ RunTime:0.0000s ]
SQL: UPDATE `zk_session` SET `session_key`='ASbYQaQl5WdkBoOIfXvJxg==',`skey`='472fa9d5c82d14b0d56bcaf4ce3aba4b',`last_visit_time`='1502181827' WHERE `openid` = 'oUpv60E98MOGnr9Z9Ele1UYroiLQ' [ RunTime:0.0550s ]
SQL: SELECT * FROM `zk_session` WHERE `openid` = 'oUpv60E98MOGnr9Z9Ele1UYroiLQ' LIMIT 1   [ RunTime:0.0000s ]

[ 2017-08-08T16:45:06+08:00 ] 192.168.100.252 /index.php?m=home&c=login&a=check3rdSession
INFO: [ app_init ] --START--
INFO: Run Behavior\BuildLiteBehavior [ RunTime:0.000000s ]
INFO: [ app_init ] --END-- [ RunTime:0.001000s ]
INFO: [ app_begin ] --START--
INFO: Run Behavior\ReadHtmlCacheBehavior [ RunTime:0.001000s ]
INFO: [ app_begin ] --END-- [ RunTime:0.001000s ]
SQL: SHOW COLUMNS FROM `zk_session` [ RunTime:0.0030s ]
SQL: SELECT * FROM `zk_session` WHERE `skey` = 'b8ead80ea24df069411df99e02a4cc14' LIMIT 1   [ RunTime:0.0010s ]

[ 2017-08-08T16:45:07+08:00 ] 192.168.100.252 /index.php?m=home&c=login&a=get3rd_session
INFO: [ app_init ] --START--
INFO: Run Behavior\BuildLiteBehavior [ RunTime:0.000000s ]
INFO: [ app_init ] --END-- [ RunTime:0.001000s ]
INFO: [ app_begin ] --START--
INFO: Run Behavior\ReadHtmlCacheBehavior [ RunTime:0.001000s ]
INFO: [ app_begin ] --END-- [ RunTime:0.001000s ]
SQL: SHOW COLUMNS FROM `zk_user` [ RunTime:0.0030s ]
SQL: SELECT * FROM `zk_user` WHERE `openid` = 'oUpv60E98MOGnr9Z9Ele1UYroiLQ' LIMIT 1   [ RunTime:0.0010s ]
SQL: SHOW COLUMNS FROM `zk_session` [ RunTime:0.0030s ]
SQL: SELECT * FROM `zk_session` WHERE `openid` = 'oUpv60E98MOGnr9Z9Ele1UYroiLQ' LIMIT 1   [ RunTime:0.0000s ]
SQL: UPDATE `zk_session` SET `session_key`='ASbYQaQl5WdkBoOIfXvJxg==',`skey`='e0425446a46987bd48fd7701dcbc580d',`last_visit_time`='1502181907' WHERE `openid` = 'oUpv60E98MOGnr9Z9Ele1UYroiLQ' [ RunTime:0.0470s ]
SQL: SELECT * FROM `zk_session` WHERE `openid` = 'oUpv60E98MOGnr9Z9Ele1UYroiLQ' LIMIT 1   [ RunTime:0.0000s ]

[ 2017-08-08T16:45:16+08:00 ] 192.168.100.252 /index.php?m=home&c=login&a=check3rdSession
INFO: [ app_init ] --START--
INFO: Run Behavior\BuildLiteBehavior [ RunTime:0.000000s ]
INFO: [ app_init ] --END-- [ RunTime:0.000000s ]
INFO: [ app_begin ] --START--
INFO: Run Behavior\ReadHtmlCacheBehavior [ RunTime:0.000000s ]
INFO: [ app_begin ] --END-- [ RunTime:0.000000s ]
SQL: SHOW COLUMNS FROM `zk_session` [ RunTime:0.0030s ]
SQL: SELECT * FROM `zk_session` WHERE `skey` = 'e0425446a46987bd48fd7701dcbc580d' LIMIT 1   [ RunTime:0.0000s ]

[ 2017-08-08T16:51:58+08:00 ] 192.168.100.252 /index.php?m=home&c=login&a=check3rdSession
INFO: [ app_init ] --START--
INFO: Run Behavior\BuildLiteBehavior [ RunTime:0.000000s ]
INFO: [ app_init ] --END-- [ RunTime:0.000000s ]
INFO: [ app_begin ] --START--
INFO: Run Behavior\ReadHtmlCacheBehavior [ RunTime:0.001000s ]
INFO: [ app_begin ] --END-- [ RunTime:0.001000s ]
SQL: SHOW COLUMNS FROM `zk_session` [ RunTime:0.0030s ]
SQL: SELECT * FROM `zk_session` WHERE `skey` = 'e0425446a46987bd48fd7701dcbc580d' LIMIT 1   [ RunTime:0.0000s ]

[ 2017-08-08T16:52:22+08:00 ] 192.168.100.252 /index.php?m=home&c=login&a=check3rdSession
INFO: [ app_init ] --START--
INFO: Run Behavior\BuildLiteBehavior [ RunTime:0.000000s ]
INFO: [ app_init ] --END-- [ RunTime:0.000000s ]
INFO: [ app_begin ] --START--
INFO: Run Behavior\ReadHtmlCacheBehavior [ RunTime:0.000000s ]
INFO: [ app_begin ] --END-- [ RunTime:0.000000s ]
SQL: SHOW COLUMNS FROM `zk_session` [ RunTime:0.0020s ]
SQL: SELECT * FROM `zk_session` WHERE `skey` = 'e0425446a46987bd48fd7701dcbc580d' LIMIT 1   [ RunTime:0.0000s ]

[ 2017-08-08T16:53:16+08:00 ] 192.168.100.252 /index.php?m=home&c=login&a=check3rdSession
INFO: [ app_init ] --START--
INFO: Run Behavior\BuildLiteBehavior [ RunTime:0.000000s ]
INFO: [ app_init ] --END-- [ RunTime:0.000000s ]
INFO: [ app_begin ] --START--
INFO: Run Behavior\ReadHtmlCacheBehavior [ RunTime:0.000000s ]
INFO: [ app_begin ] --END-- [ RunTime:0.000000s ]
SQL: SHOW COLUMNS FROM `zk_session` [ RunTime:0.0030s ]
SQL: SELECT * FROM `zk_session` WHERE `skey` = 'e0425446a46987bd48fd7701dcbc580d' LIMIT 1   [ RunTime:0.0000s ]

[ 2017-08-08T16:53:47+08:00 ] 192.168.100.252 /index.php?m=home&c=login&a=check3rdSession
INFO: [ app_init ] --START--
INFO: Run Behavior\BuildLiteBehavior [ RunTime:0.000000s ]
INFO: [ app_init ] --END-- [ RunTime:0.000000s ]
INFO: [ app_begin ] --START--
INFO: Run Behavior\ReadHtmlCacheBehavior [ RunTime:0.000000s ]
INFO: [ app_begin ] --END-- [ RunTime:0.000000s ]
SQL: SHOW COLUMNS FROM `zk_session` [ RunTime:0.0020s ]
SQL: SELECT * FROM `zk_session` WHERE `skey` = 'e0425446a46987bd48fd7701dcbc580d' LIMIT 1   [ RunTime:0.0010s ]

[ 2017-08-08T16:54:01+08:00 ] 192.168.103.146 /index.php?m=home&c=login&a=check3rdSession
INFO: [ app_init ] --START--
INFO: Run Behavior\BuildLiteBehavior [ RunTime:0.000000s ]
INFO: [ app_init ] --END-- [ RunTime:0.001000s ]
INFO: [ app_begin ] --START--
INFO: Run Behavior\ReadHtmlCacheBehavior [ RunTime:0.001000s ]
INFO: [ app_begin ] --END-- [ RunTime:0.001000s ]
SQL: SHOW COLUMNS FROM `zk_session` [ RunTime:0.0040s ]
SQL: SELECT * FROM `zk_session` WHERE `skey` = '472fa9d5c82d14b0d56bcaf4ce3aba4b' LIMIT 1   [ RunTime:0.0000s ]

[ 2017-08-08T16:54:02+08:00 ] 192.168.103.146 /index.php?m=home&c=login&a=get3rd_session
INFO: [ app_init ] --START--
INFO: Run Behavior\BuildLiteBehavior [ RunTime:0.000000s ]
INFO: [ app_init ] --END-- [ RunTime:0.000000s ]
INFO: [ app_begin ] --START--
INFO: Run Behavior\ReadHtmlCacheBehavior [ RunTime:0.001000s ]
INFO: [ app_begin ] --END-- [ RunTime:0.001000s ]
SQL: SHOW COLUMNS FROM `zk_user` [ RunTime:0.0050s ]
SQL: SELECT * FROM `zk_user` WHERE `openid` = 'oUpv60E98MOGnr9Z9Ele1UYroiLQ' LIMIT 1   [ RunTime:0.0000s ]
SQL: SHOW COLUMNS FROM `zk_session` [ RunTime:0.0050s ]
SQL: SELECT * FROM `zk_session` WHERE `openid` = 'oUpv60E98MOGnr9Z9Ele1UYroiLQ' LIMIT 1   [ RunTime:0.0010s ]
SQL: UPDATE `zk_session` SET `session_key`='AfZnkaQRGvv6DITpoPzMww==',`skey`='cd6e8d5c94656b74d5845a1951025415',`last_visit_time`='1502182442' WHERE `openid` = 'oUpv60E98MOGnr9Z9Ele1UYroiLQ' [ RunTime:0.0290s ]
SQL: SELECT * FROM `zk_session` WHERE `openid` = 'oUpv60E98MOGnr9Z9Ele1UYroiLQ' LIMIT 1   [ RunTime:0.0010s ]

[ 2017-08-08T16:55:17+08:00 ] 192.168.100.252 /index.php?m=home&c=login&a=check3rdSession
INFO: [ app_init ] --START--
INFO: Run Behavior\BuildLiteBehavior [ RunTime:0.000000s ]
INFO: [ app_init ] --END-- [ RunTime:0.001000s ]
INFO: [ app_begin ] --START--
INFO: Run Behavior\ReadHtmlCacheBehavior [ RunTime:0.001000s ]
INFO: [ app_begin ] --END-- [ RunTime:0.001000s ]
SQL: SHOW COLUMNS FROM `zk_session` [ RunTime:0.0020s ]
SQL: SELECT * FROM `zk_session` WHERE `skey` = 'e0425446a46987bd48fd7701dcbc580d' LIMIT 1   [ RunTime:0.0000s ]

[ 2017-08-08T16:55:18+08:00 ] 192.168.100.252 /index.php?m=home&c=login&a=get3rd_session
INFO: [ app_init ] --START--
INFO: Run Behavior\BuildLiteBehavior [ RunTime:0.000000s ]
INFO: [ app_init ] --END-- [ RunTime:0.000000s ]
INFO: [ app_begin ] --START--
INFO: Run Behavior\ReadHtmlCacheBehavior [ RunTime:0.000000s ]
INFO: [ app_begin ] --END-- [ RunTime:0.000000s ]
SQL: SHOW COLUMNS FROM `zk_user` [ RunTime:0.0050s ]
SQL: SELECT * FROM `zk_user` WHERE `openid` = 'oUpv60E98MOGnr9Z9Ele1UYroiLQ' LIMIT 1   [ RunTime:0.0000s ]
SQL: SHOW COLUMNS FROM `zk_session` [ RunTime:0.0050s ]
SQL: SELECT * FROM `zk_session` WHERE `openid` = 'oUpv60E98MOGnr9Z9Ele1UYroiLQ' LIMIT 1   [ RunTime:0.0000s ]
SQL: UPDATE `zk_session` SET `session_key`='AfZnkaQRGvv6DITpoPzMww==',`skey`='cf3e3d7d4749099cea44c229102a9342',`last_visit_time`='1502182518' WHERE `openid` = 'oUpv60E98MOGnr9Z9Ele1UYroiLQ' [ RunTime:0.1640s ]
SQL: SELECT * FROM `zk_session` WHERE `openid` = 'oUpv60E98MOGnr9Z9Ele1UYroiLQ' LIMIT 1   [ RunTime:0.0000s ]

[ 2017-08-08T16:58:30+08:00 ] 192.168.100.252 /index.php?m=home&c=login&a=check3rdSession
INFO: [ app_init ] --START--
INFO: Run Behavior\BuildLiteBehavior [ RunTime:0.000000s ]
INFO: [ app_init ] --END-- [ RunTime:0.000000s ]
INFO: [ app_begin ] --START--
INFO: Run Behavior\ReadHtmlCacheBehavior [ RunTime:0.001000s ]
INFO: [ app_begin ] --END-- [ RunTime:0.001000s ]
SQL: SHOW COLUMNS FROM `zk_session` [ RunTime:0.0030s ]
SQL: SELECT * FROM `zk_session` WHERE `skey` = 'cf3e3d7d4749099cea44c229102a9342' LIMIT 1   [ RunTime:0.0000s ]

[ 2017-08-08T16:58:52+08:00 ] 192.168.100.252 /index.php?m=home&c=login&a=check3rdSession
INFO: [ app_init ] --START--
INFO: Run Behavior\BuildLiteBehavior [ RunTime:0.000000s ]
INFO: [ app_init ] --END-- [ RunTime:0.000000s ]
INFO: [ app_begin ] --START--
INFO: Run Behavior\ReadHtmlCacheBehavior [ RunTime:0.000000s ]
INFO: [ app_begin ] --END-- [ RunTime:0.000000s ]
SQL: SHOW COLUMNS FROM `zk_session` [ RunTime:0.0030s ]
SQL: SELECT * FROM `zk_session` WHERE `skey` = 'cf3e3d7d4749099cea44c229102a9342' LIMIT 1   [ RunTime:0.0000s ]

[ 2017-08-08T17:07:41+08:00 ] 192.168.100.252 /index.php?m=home&c=login&a=check3rdSession
INFO: [ app_init ] --START--
INFO: Run Behavior\BuildLiteBehavior [ RunTime:0.000000s ]
INFO: [ app_init ] --END-- [ RunTime:0.000000s ]
INFO: [ app_begin ] --START--
INFO: Run Behavior\ReadHtmlCacheBehavior [ RunTime:0.001000s ]
INFO: [ app_begin ] --END-- [ RunTime:0.001000s ]
SQL: SHOW COLUMNS FROM `zk_session` [ RunTime:0.0030s ]
SQL: SELECT * FROM `zk_session` WHERE `skey` = 'cf3e3d7d4749099cea44c229102a9342' LIMIT 1   [ RunTime:0.0000s ]

[ 2017-08-08T17:08:15+08:00 ] 192.168.100.252 /index.php?m=home&c=login&a=check3rdSession
INFO: [ app_init ] --START--
INFO: Run Behavior\BuildLiteBehavior [ RunTime:0.000000s ]
INFO: [ app_init ] --END-- [ RunTime:0.000000s ]
INFO: [ app_begin ] --START--
INFO: Run Behavior\ReadHtmlCacheBehavior [ RunTime:0.000000s ]
INFO: [ app_begin ] --END-- [ RunTime:0.000000s ]
SQL: SHOW COLUMNS FROM `zk_session` [ RunTime:0.0020s ]
SQL: SELECT * FROM `zk_session` WHERE `skey` = 'cf3e3d7d4749099cea44c229102a9342' LIMIT 1   [ RunTime:0.0010s ]

[ 2017-08-08T17:08:29+08:00 ] 192.168.103.146 /index.php?m=home&c=login&a=check3rdSession
INFO: [ app_init ] --START--
INFO: Run Behavior\BuildLiteBehavior [ RunTime:0.000000s ]
INFO: [ app_init ] --END-- [ RunTime:0.001000s ]
INFO: [ app_begin ] --START--
INFO: Run Behavior\ReadHtmlCacheBehavior [ RunTime:0.002000s ]
INFO: [ app_begin ] --END-- [ RunTime:0.002000s ]
SQL: SHOW COLUMNS FROM `zk_session` [ RunTime:0.0060s ]
SQL: SELECT * FROM `zk_session` WHERE `skey` = 'cd6e8d5c94656b74d5845a1951025415' LIMIT 1   [ RunTime:0.0000s ]

[ 2017-08-08T17:08:29+08:00 ] 192.168.103.146 /index.php?m=home&c=login&a=get3rd_session
INFO: [ app_init ] --START--
INFO: Run Behavior\BuildLiteBehavior [ RunTime:0.000000s ]
INFO: [ app_init ] --END-- [ RunTime:0.001000s ]
INFO: [ app_begin ] --START--
INFO: Run Behavior\ReadHtmlCacheBehavior [ RunTime:0.001000s ]
INFO: [ app_begin ] --END-- [ RunTime:0.001000s ]
SQL: SHOW COLUMNS FROM `zk_user` [ RunTime:0.0050s ]
SQL: SELECT * FROM `zk_user` WHERE `openid` = 'oUpv60E98MOGnr9Z9Ele1UYroiLQ' LIMIT 1   [ RunTime:0.0010s ]
SQL: SHOW COLUMNS FROM `zk_session` [ RunTime:0.0050s ]
SQL: SELECT * FROM `zk_session` WHERE `openid` = 'oUpv60E98MOGnr9Z9Ele1UYroiLQ' LIMIT 1   [ RunTime:0.0010s ]
SQL: UPDATE `zk_session` SET `session_key`='rDJe4IYj6krcFhJRqV2LNA==',`skey`='6939773e82329935feb214d9ac1373c9',`last_visit_time`='1502183309' WHERE `openid` = 'oUpv60E98MOGnr9Z9Ele1UYroiLQ' [ RunTime:0.0380s ]
SQL: SELECT * FROM `zk_session` WHERE `openid` = 'oUpv60E98MOGnr9Z9Ele1UYroiLQ' LIMIT 1   [ RunTime:0.0000s ]

[ 2017-08-08T17:28:45+08:00 ] 192.168.101.12 /index.php?m=home&c=login&a=checksession
INFO: [ app_init ] --START--
INFO: Run Behavior\BuildLiteBehavior [ RunTime:0.000000s ]
INFO: [ app_init ] --END-- [ RunTime:0.001000s ]
INFO: [ app_begin ] --START--
INFO: Run Behavior\ReadHtmlCacheBehavior [ RunTime:0.001000s ]
INFO: [ app_begin ] --END-- [ RunTime:0.002000s ]
SQL: SHOW COLUMNS FROM `zk_session` [ RunTime:0.0050s ]
SQL: SELECT * FROM `zk_session` WHERE `skey` = '96133f7ae2d46e4da49f5525c0d36971' LIMIT 1   [ RunTime:0.0000s ]

