[ 2017-07-24T09:53:29+08:00 ] 192.168.100.252 /index.php?m=activity&c=index&a=getActivity
INFO: [ app_init ] --START--
INFO: Run Behavior\BuildLiteBehavior [ RunTime:0.000000s ]
INFO: [ app_init ] --END-- [ RunTime:0.000000s ]
INFO: [ app_begin ] --START--
INFO: Run Behavior\ReadHtmlCacheBehavior [ RunTime:0.001000s ]
INFO: [ app_begin ] --END-- [ RunTime:0.001000s ]
SQL: SHOW COLUMNS FROM `zk_tasks` [ RunTime:0.0020s ]
SQL: SELECT * FROM `zk_tasks`  [ RunTime:0.0000s ]

[ 2017-07-24T09:55:15+08:00 ] 127.0.0.1 /index.php?m=activity&c=index&a=index
INFO: [ app_init ] --START--
INFO: Run Behavior\BuildLiteBehavior [ RunTime:0.000000s ]
INFO: [ app_init ] --END-- [ RunTime:0.000000s ]
INFO: [ app_begin ] --START--
INFO: Run Behavior\ReadHtmlCacheBehavior [ RunTime:0.001000s ]
INFO: [ app_begin ] --END-- [ RunTime:0.001000s ]
SQL: SHOW COLUMNS FROM `zk_event` [ RunTime:0.0020s ]
SQL: SELECT * FROM `zk_event` WHERE ( status != -1 )  [ RunTime:0.0000s ]
NOTIC: [8] Undefined index: tasks_id E:\wwwroot\Application\Activity\Controller\IndexController.class.php 第 21 行.
NOTIC: [8] Undefined variable: tasks E:\wwwroot\Application\Activity\Controller\IndexController.class.php 第 36 行.
NOTIC: [8] Undefined variable: tasks_id E:\wwwroot\Application\Activity\Controller\IndexController.class.php 第 37 行.
NOTIC: [8] Undefined variable: project_status E:\wwwroot\Application\Activity\Controller\IndexController.class.php 第 38 行.
NOTIC: [8] Undefined variable: registration E:\wwwroot\Application\Activity\Controller\IndexController.class.php 第 39 行.
INFO: [ view_parse ] --START--
INFO: [ template_filter ] --START--
INFO: Run Behavior\ContentReplaceBehavior [ RunTime:0.000000s ]
INFO: [ template_filter ] --END-- [ RunTime:0.000000s ]
NOTIC: [2] is_null() expects exactly 1 parameter, 0 given E:\wwwroot\Application\Runtime\Cache\Activity\031f960a0526cfaf914778c7e8ea5709.php 第 88 行.
NOTIC: [2] is_null() expects exactly 1 parameter, 0 given E:\wwwroot\Application\Runtime\Cache\Activity\031f960a0526cfaf914778c7e8ea5709.php 第 95 行.
NOTIC: [2] is_null() expects exactly 1 parameter, 0 given E:\wwwroot\Application\Runtime\Cache\Activity\031f960a0526cfaf914778c7e8ea5709.php 第 209 行.
INFO: Run Behavior\ParseTemplateBehavior [ RunTime:0.138008s ]
INFO: [ view_parse ] --END-- [ RunTime:0.139008s ]
INFO: [ view_filter ] --START--
INFO: Run Behavior\WriteHtmlCacheBehavior [ RunTime:0.013001s ]
INFO: [ view_filter ] --END-- [ RunTime:0.013001s ]
INFO: [ app_end ] --START--
INFO: Run Behavior\ShowPageTraceBehavior [ RunTime:0.008000s ]
INFO: [ app_end ] --END-- [ RunTime:0.008000s ]

[ 2017-07-24T09:56:02+08:00 ] 127.0.0.1 /index.php?m=activity&c=index&a=checkActivityBody
INFO: [ app_init ] --START--
INFO: Run Behavior\BuildLiteBehavior [ RunTime:0.000000s ]
INFO: [ app_init ] --END-- [ RunTime:0.000000s ]
INFO: [ app_begin ] --START--
INFO: Run Behavior\ReadHtmlCacheBehavior [ RunTime:0.001000s ]
INFO: [ app_begin ] --END-- [ RunTime:0.001000s ]
SQL: SHOW COLUMNS FROM `zk_tasks` [ RunTime:0.0020s ]
SQL: INSERT INTO `zk_tasks` (`title`,`category`,`start_time`,`end_time`,`description`,`leader`,`contact`,`create_time`,`reward`,`user_id`) VALUES ('街区篮球赛','5','1500912000','1501171200','请列出将要举办赛事活动的相关简介或竞赛规程，并详细介绍活动信息。请列出将要举办赛事活动的相关简介或竞赛规程，并详细介绍活动信息。请列出将要举办赛事活动的相关简介或竞赛规程，并详细介绍活动信息。请列出将要举办赛事活动的相关简介或竞赛规程，并详细介绍活动信息。请列出将要举办赛事活动的相关简介或竞赛规程，并详细介绍活动信息。请列出将要举办赛事活动的相关简介或竞赛规程，并详细介绍活动信息。请列出将要举办赛事活动的相关简介或竞赛规程，并详细介绍活动信息。请列出将要举办赛事活动的相关简介或竞赛规程，并详细介绍活动信息。请列出将要举办赛事活动的相关简介或竞赛规程，并详细介绍活动信息。请列出将要举办赛事活动的相关简介或竞赛规程，并详细介绍活动信息。请列出将要举办赛事活动的相关简介或竞赛规程，并详细介绍活动信息。请列出将要举办赛事活动的相关简介或竞赛规程，并详细介绍活动信息。','刘泽中','18852983610','1500861362','100','0') [ RunTime:0.0560s ]

[ 2017-07-24T09:56:03+08:00 ] 127.0.0.1 /index.php?m=activity&c=index&a=project&tasks_id=29
INFO: [ app_init ] --START--
INFO: Run Behavior\BuildLiteBehavior [ RunTime:0.000000s ]
INFO: [ app_init ] --END-- [ RunTime:0.001000s ]
INFO: [ app_begin ] --START--
INFO: Run Behavior\ReadHtmlCacheBehavior [ RunTime:0.000000s ]
INFO: [ app_begin ] --END-- [ RunTime:0.001000s ]
SQL: SHOW COLUMNS FROM `zk_project` [ RunTime:0.0040s ]
SQL: SELECT * FROM `zk_project` WHERE ( tasks_id = 29 )  [ RunTime:0.0000s ]
INFO: [ view_parse ] --START--
INFO: [ template_filter ] --START--
INFO: Run Behavior\ContentReplaceBehavior [ RunTime:0.000000s ]
INFO: [ template_filter ] --END-- [ RunTime:0.000000s ]
INFO: Run Behavior\ParseTemplateBehavior [ RunTime:0.020001s ]
INFO: [ view_parse ] --END-- [ RunTime:0.020001s ]
INFO: [ view_filter ] --START--
INFO: Run Behavior\WriteHtmlCacheBehavior [ RunTime:0.000000s ]
INFO: [ view_filter ] --END-- [ RunTime:0.000000s ]
INFO: [ app_end ] --START--
INFO: Run Behavior\ShowPageTraceBehavior [ RunTime:0.001000s ]
INFO: [ app_end ] --END-- [ RunTime:0.001000s ]

[ 2017-07-24T09:56:42+08:00 ] 127.0.0.1 /index.php?m=activity&c=index&a=checkProject
INFO: [ app_init ] --START--
INFO: Run Behavior\BuildLiteBehavior [ RunTime:0.000000s ]
INFO: [ app_init ] --END-- [ RunTime:0.000000s ]
INFO: [ app_begin ] --START--
INFO: Run Behavior\ReadHtmlCacheBehavior [ RunTime:0.000000s ]
INFO: [ app_begin ] --END-- [ RunTime:0.000000s ]
SQL: SHOW COLUMNS FROM `zk_project` [ RunTime:0.0040s ]
SQL: SELECT * FROM `zk_project` WHERE ( tasks_id = 29 )  [ RunTime:0.0000s ]
SQL: INSERT INTO `zk_project` (`tasks_id`,`title`,`price`,`create_time`) VALUES ('29','3v3篮球赛','30','1500861402') [ RunTime:0.0530s ]
SQL: INSERT INTO `zk_project` (`tasks_id`,`title`,`price`,`create_time`) VALUES ('29','5v5篮球赛','50','1500861402') [ RunTime:0.0240s ]
SQL: INSERT INTO `zk_project` (`tasks_id`,`title`,`price`,`create_time`) VALUES ('29','1v1斗牛','10','1500861402') [ RunTime:0.0830s ]
SQL: INSERT INTO `zk_project` (`tasks_id`,`title`,`price`,`create_time`) VALUES ('29','花式篮球','0','1500861402') [ RunTime:0.0830s ]

[ 2017-07-24T09:56:43+08:00 ] 127.0.0.1 /index.php?m=activity&c=index&a=registration&tasks_id=29&project_status=1
INFO: [ app_init ] --START--
INFO: Run Behavior\BuildLiteBehavior [ RunTime:0.000000s ]
INFO: [ app_init ] --END-- [ RunTime:0.001000s ]
INFO: [ app_begin ] --START--
INFO: Run Behavior\ReadHtmlCacheBehavior [ RunTime:0.001001s ]
INFO: [ app_begin ] --END-- [ RunTime:0.001001s ]
NOTIC: [8] Undefined variable: tasks E:\wwwroot\Application\Activity\Controller\IndexController.class.php 第 402 行.
INFO: [ view_parse ] --START--
INFO: [ template_filter ] --START--
INFO: Run Behavior\ContentReplaceBehavior [ RunTime:0.000000s ]
INFO: [ template_filter ] --END-- [ RunTime:0.000000s ]
INFO: Run Behavior\ParseTemplateBehavior [ RunTime:0.013000s ]
INFO: [ view_parse ] --END-- [ RunTime:0.013000s ]
INFO: [ view_filter ] --START--
INFO: Run Behavior\WriteHtmlCacheBehavior [ RunTime:0.000000s ]
INFO: [ view_filter ] --END-- [ RunTime:0.000000s ]
INFO: [ app_end ] --START--
INFO: Run Behavior\ShowPageTraceBehavior [ RunTime:0.001000s ]
INFO: [ app_end ] --END-- [ RunTime:0.001000s ]

[ 2017-07-24T09:57:41+08:00 ] 127.0.0.1 /index.php?m=activity&c=index&a=checkRegistration
INFO: [ app_init ] --START--
INFO: Run Behavior\BuildLiteBehavior [ RunTime:0.000000s ]
INFO: [ app_init ] --END-- [ RunTime:0.000000s ]
INFO: [ app_begin ] --START--
INFO: Run Behavior\ReadHtmlCacheBehavior [ RunTime:0.000000s ]
INFO: [ app_begin ] --END-- [ RunTime:0.000000s ]
SQL: SHOW COLUMNS FROM `zk_tasks` [ RunTime:0.0030s ]
SQL: SELECT * FROM `zk_tasks` WHERE ( tasks_id = 29 ) LIMIT 1   [ RunTime:0.0010s ]
SQL: UPDATE `zk_tasks` SET `enrol_start_time`='1500912000',`enrol_end_time`='1501084800',`personal_limit`='20',`team_limit`='20',`team_personal_limit`='5',`total_personal`='120',`minimum_age`='18',`maximum_age`='50',`statement`='请列出将要参赛选手的相关约定或竞赛规程，并详细介绍活动信息。请列出将要参赛选手的相关约定或竞赛规程，并详细介绍活动信息。请列出将要参赛选手的相关约定或竞赛规程，并详细介绍活动信息。请列出将要参赛选手的相关约定或竞赛规程，并详细介绍活动信息。请列出将要参赛选手的相关约定或竞赛规程，并详细介绍活动信息。请列出将要参赛选手的相关约定或竞赛规程，并详细介绍活动信息。请列出将要参赛选手的相关约定或竞赛规程，并详细介绍活动信息。请列出将要参赛选手的相关约定或竞赛规程，并详细介绍活动信息。请列出将要参赛选手的相关约定或竞赛规程，并详细介绍活动信息。请列出将要参赛选手的相关约定或竞赛规程，并详细介绍活动信息。请列出将要参赛选手的相关约定或竞赛规程，并详细介绍活动信息。' WHERE ( tasks_id = 29 ) [ RunTime:0.0450s ]

[ 2017-07-24T09:57:42+08:00 ] 127.0.0.1 /index.php?m=activity&c=index&a=form&tasks_id=29&project_status=1&registration=1
INFO: [ app_init ] --START--
INFO: Run Behavior\BuildLiteBehavior [ RunTime:0.000000s ]
INFO: [ app_init ] --END-- [ RunTime:0.001000s ]
INFO: [ app_begin ] --START--
INFO: Run Behavior\ReadHtmlCacheBehavior [ RunTime:0.000000s ]
INFO: [ app_begin ] --END-- [ RunTime:0.000000s ]
SQL: SHOW COLUMNS FROM `zk_enrol_name` [ RunTime:0.0040s ]
SQL: SELECT * FROM `zk_enrol_name` WHERE ( attribute = 1 )  [ RunTime:0.0000s ]
INFO: [ view_parse ] --START--
INFO: [ template_filter ] --START--
INFO: Run Behavior\ContentReplaceBehavior [ RunTime:0.000000s ]
INFO: [ template_filter ] --END-- [ RunTime:0.000000s ]
INFO: Run Behavior\ParseTemplateBehavior [ RunTime:0.014001s ]
INFO: [ view_parse ] --END-- [ RunTime:0.014001s ]
INFO: [ view_filter ] --START--
INFO: Run Behavior\WriteHtmlCacheBehavior [ RunTime:0.000000s ]
INFO: [ view_filter ] --END-- [ RunTime:0.000000s ]
INFO: [ app_end ] --START--
INFO: Run Behavior\ShowPageTraceBehavior [ RunTime:0.001000s ]
INFO: [ app_end ] --END-- [ RunTime:0.001000s ]

[ 2017-07-24T09:57:59+08:00 ] 127.0.0.1 /index.php?m=activity&c=index&a=checkForm
INFO: [ app_init ] --START--
INFO: Run Behavior\BuildLiteBehavior [ RunTime:0.000000s ]
INFO: [ app_init ] --END-- [ RunTime:0.000000s ]
INFO: [ app_begin ] --START--
INFO: Run Behavior\ReadHtmlCacheBehavior [ RunTime:0.000000s ]
INFO: [ app_begin ] --END-- [ RunTime:0.000000s ]
SQL: SHOW COLUMNS FROM `zk_enrol_k` [ RunTime:0.0030s ]
SQL: INSERT INTO `zk_enrol_k` (`tasks_id`,`name_id`) VALUES ('29','1') [ RunTime:0.0350s ]
SQL: INSERT INTO `zk_enrol_k` (`tasks_id`,`name_id`) VALUES ('29','2') [ RunTime:0.0760s ]
SQL: INSERT INTO `zk_enrol_k` (`tasks_id`,`name_id`) VALUES ('29','3') [ RunTime:0.0560s ]
SQL: INSERT INTO `zk_enrol_k` (`tasks_id`,`name_id`) VALUES ('29','4') [ RunTime:0.0490s ]
SQL: INSERT INTO `zk_enrol_k` (`tasks_id`,`name_id`) VALUES ('29','5') [ RunTime:0.0240s ]
SQL: INSERT INTO `zk_enrol_k` (`tasks_id`,`name_id`) VALUES ('29','7') [ RunTime:0.0240s ]
SQL: INSERT INTO `zk_enrol_k` (`tasks_id`,`name_id`) VALUES ('29','9') [ RunTime:0.0250s ]
SQL: INSERT INTO `zk_enrol_k` (`tasks_id`,`name_id`) VALUES ('29','10') [ RunTime:0.0240s ]
SQL: INSERT INTO `zk_enrol_k` (`tasks_id`,`name_id`) VALUES ('29','11') [ RunTime:0.0330s ]
SQL: INSERT INTO `zk_enrol_k` (`tasks_id`,`name_id`) VALUES ('29','12') [ RunTime:0.0330s ]
SQL: INSERT INTO `zk_enrol_k` (`tasks_id`,`name_id`) VALUES ('29','13') [ RunTime:0.0250s ]
SQL: INSERT INTO `zk_enrol_k` (`tasks_id`,`name_id`) VALUES ('29','14') [ RunTime:0.0250s ]
SQL: INSERT INTO `zk_enrol_k` (`tasks_id`,`name_id`) VALUES ('29','15') [ RunTime:0.0250s ]
SQL: INSERT INTO `zk_enrol_k` (`tasks_id`,`name_id`) VALUES ('29','16') [ RunTime:0.0250s ]
SQL: INSERT INTO `zk_enrol_k` (`tasks_id`,`name_id`) VALUES ('29','18') [ RunTime:0.0250s ]

[ 2017-07-24T09:58:00+08:00 ] 127.0.0.1 /index.php?m=activity&c=index&a=index
INFO: [ app_init ] --START--
INFO: Run Behavior\BuildLiteBehavior [ RunTime:0.000000s ]
INFO: [ app_init ] --END-- [ RunTime:0.001001s ]
INFO: [ app_begin ] --START--
INFO: Run Behavior\ReadHtmlCacheBehavior [ RunTime:0.002000s ]
INFO: [ app_begin ] --END-- [ RunTime:0.002000s ]
SQL: SHOW COLUMNS FROM `zk_event` [ RunTime:0.0030s ]
SQL: SELECT * FROM `zk_event` WHERE ( status != -1 )  [ RunTime:0.0000s ]
NOTIC: [8] Undefined index: tasks_id E:\wwwroot\Application\Activity\Controller\IndexController.class.php 第 21 行.
NOTIC: [8] Undefined variable: tasks E:\wwwroot\Application\Activity\Controller\IndexController.class.php 第 36 行.
NOTIC: [8] Undefined variable: tasks_id E:\wwwroot\Application\Activity\Controller\IndexController.class.php 第 37 行.
NOTIC: [8] Undefined variable: project_status E:\wwwroot\Application\Activity\Controller\IndexController.class.php 第 38 行.
NOTIC: [8] Undefined variable: registration E:\wwwroot\Application\Activity\Controller\IndexController.class.php 第 39 行.
INFO: [ view_parse ] --START--
INFO: [ template_filter ] --START--
INFO: Run Behavior\ContentReplaceBehavior [ RunTime:0.001000s ]
INFO: [ template_filter ] --END-- [ RunTime:0.001000s ]
NOTIC: [2] is_null() expects exactly 1 parameter, 0 given E:\wwwroot\Application\Runtime\Cache\Activity\031f960a0526cfaf914778c7e8ea5709.php 第 88 行.
NOTIC: [2] is_null() expects exactly 1 parameter, 0 given E:\wwwroot\Application\Runtime\Cache\Activity\031f960a0526cfaf914778c7e8ea5709.php 第 95 行.
NOTIC: [2] is_null() expects exactly 1 parameter, 0 given E:\wwwroot\Application\Runtime\Cache\Activity\031f960a0526cfaf914778c7e8ea5709.php 第 209 行.
INFO: Run Behavior\ParseTemplateBehavior [ RunTime:0.011001s ]
INFO: [ view_parse ] --END-- [ RunTime:0.011001s ]
INFO: [ view_filter ] --START--
INFO: Run Behavior\WriteHtmlCacheBehavior [ RunTime:0.000000s ]
INFO: [ view_filter ] --END-- [ RunTime:0.000000s ]
INFO: [ app_end ] --START--
INFO: Run Behavior\ShowPageTraceBehavior [ RunTime:0.001000s ]
INFO: [ app_end ] --END-- [ RunTime:0.001000s ]

[ 2017-07-24T09:58:11+08:00 ] 192.168.100.252 /index.php?m=activity&c=index&a=getActivity
INFO: [ app_init ] --START--
INFO: Run Behavior\BuildLiteBehavior [ RunTime:0.000000s ]
INFO: [ app_init ] --END-- [ RunTime:0.001000s ]
INFO: [ app_begin ] --START--
INFO: Run Behavior\ReadHtmlCacheBehavior [ RunTime:0.000000s ]
INFO: [ app_begin ] --END-- [ RunTime:0.000000s ]
SQL: SHOW COLUMNS FROM `zk_tasks` [ RunTime:0.0030s ]
SQL: SELECT * FROM `zk_tasks`  [ RunTime:0.0000s ]

[ 2017-07-24T09:58:13+08:00 ] 192.168.100.252 /index.php?m=activity&c=index&a=getActivityDetails
INFO: [ app_init ] --START--
INFO: Run Behavior\BuildLiteBehavior [ RunTime:0.000000s ]
INFO: [ app_init ] --END-- [ RunTime:0.000000s ]
INFO: [ app_begin ] --START--
INFO: Run Behavior\ReadHtmlCacheBehavior [ RunTime:0.000000s ]
INFO: [ app_begin ] --END-- [ RunTime:0.000000s ]
SQL: SHOW COLUMNS FROM `zk_tasks` [ RunTime:0.0030s ]
SQL: SELECT * FROM `zk_tasks` WHERE ( tasks_id = 29 ) LIMIT 1   [ RunTime:0.0000s ]
SQL: SHOW COLUMNS FROM `zk_project` [ RunTime:0.0010s ]
SQL: SELECT * FROM `zk_project` WHERE ( tasks_id = 29 )  [ RunTime:0.0000s ]

[ 2017-07-24T09:58:28+08:00 ] 192.168.100.252 /index.php?m=activity&c=index&a=getActivityForms
INFO: [ app_init ] --START--
INFO: Run Behavior\BuildLiteBehavior [ RunTime:0.000000s ]
INFO: [ app_init ] --END-- [ RunTime:0.000000s ]
INFO: [ app_begin ] --START--
INFO: Run Behavior\ReadHtmlCacheBehavior [ RunTime:0.000000s ]
INFO: [ app_begin ] --END-- [ RunTime:0.000000s ]
NOTIC: [8] Undefined variable: tasks E:\wwwroot\Application\Activity\Controller\IndexController.class.php 第 230 行.
NOTIC: [8] Undefined variable: project E:\wwwroot\Application\Activity\Controller\IndexController.class.php 第 231 行.
NOTIC: [8] Undefined variable: enrol_name E:\wwwroot\Application\Activity\Controller\IndexController.class.php 第 232 行.

[ 2017-07-24T09:58:45+08:00 ] 192.168.100.252 /index.php?m=activity&c=index&a=getActivityForms
INFO: [ app_init ] --START--
INFO: Run Behavior\BuildLiteBehavior [ RunTime:0.000000s ]
INFO: [ app_init ] --END-- [ RunTime:0.000000s ]
INFO: [ app_begin ] --START--
INFO: Run Behavior\ReadHtmlCacheBehavior [ RunTime:0.000000s ]
INFO: [ app_begin ] --END-- [ RunTime:0.000000s ]
NOTIC: [8] Undefined variable: tasks E:\wwwroot\Application\Activity\Controller\IndexController.class.php 第 230 行.
NOTIC: [8] Undefined variable: project E:\wwwroot\Application\Activity\Controller\IndexController.class.php 第 231 行.
NOTIC: [8] Undefined variable: enrol_name E:\wwwroot\Application\Activity\Controller\IndexController.class.php 第 232 行.

[ 2017-07-24T09:58:56+08:00 ] 192.168.100.252 /index.php?m=activity&c=index&a=getActivity
INFO: [ app_init ] --START--
INFO: Run Behavior\BuildLiteBehavior [ RunTime:0.000000s ]
INFO: [ app_init ] --END-- [ RunTime:0.001000s ]
INFO: [ app_begin ] --START--
INFO: Run Behavior\ReadHtmlCacheBehavior [ RunTime:0.000000s ]
INFO: [ app_begin ] --END-- [ RunTime:0.000000s ]
SQL: SHOW COLUMNS FROM `zk_tasks` [ RunTime:0.0020s ]
SQL: SELECT * FROM `zk_tasks`  [ RunTime:0.0000s ]

[ 2017-07-24T09:58:57+08:00 ] 192.168.100.252 /index.php?m=activity&c=index&a=getActivityDetails
INFO: [ app_init ] --START--
INFO: Run Behavior\BuildLiteBehavior [ RunTime:0.000000s ]
INFO: [ app_init ] --END-- [ RunTime:0.000000s ]
INFO: [ app_begin ] --START--
INFO: Run Behavior\ReadHtmlCacheBehavior [ RunTime:0.000000s ]
INFO: [ app_begin ] --END-- [ RunTime:0.000000s ]
SQL: SHOW COLUMNS FROM `zk_tasks` [ RunTime:0.0020s ]
SQL: SELECT * FROM `zk_tasks` WHERE ( tasks_id = 29 ) LIMIT 1   [ RunTime:0.0000s ]
SQL: SHOW COLUMNS FROM `zk_project` [ RunTime:0.0020s ]
SQL: SELECT * FROM `zk_project` WHERE ( tasks_id = 29 )  [ RunTime:0.0000s ]

[ 2017-07-24T09:59:00+08:00 ] 192.168.100.252 /index.php?m=activity&c=index&a=getActivityForms
INFO: [ app_init ] --START--
INFO: Run Behavior\BuildLiteBehavior [ RunTime:0.000000s ]
INFO: [ app_init ] --END-- [ RunTime:0.000000s ]
INFO: [ app_begin ] --START--
INFO: Run Behavior\ReadHtmlCacheBehavior [ RunTime:0.001000s ]
INFO: [ app_begin ] --END-- [ RunTime:0.001000s ]
NOTIC: [8] Undefined variable: tasks E:\wwwroot\Application\Activity\Controller\IndexController.class.php 第 230 行.
NOTIC: [8] Undefined variable: project E:\wwwroot\Application\Activity\Controller\IndexController.class.php 第 231 行.
NOTIC: [8] Undefined variable: enrol_name E:\wwwroot\Application\Activity\Controller\IndexController.class.php 第 232 行.

[ 2017-07-24T10:01:38+08:00 ] 192.168.100.252 /index.php?m=activity&c=index&a=getActivity
INFO: [ app_init ] --START--
INFO: Run Behavior\BuildLiteBehavior [ RunTime:0.000000s ]
INFO: [ app_init ] --END-- [ RunTime:0.000000s ]
INFO: [ app_begin ] --START--
INFO: Run Behavior\ReadHtmlCacheBehavior [ RunTime:0.001000s ]
INFO: [ app_begin ] --END-- [ RunTime:0.001000s ]
SQL: SHOW COLUMNS FROM `zk_tasks` [ RunTime:0.0020s ]
SQL: SELECT * FROM `zk_tasks`  [ RunTime:0.0010s ]

[ 2017-07-24T10:01:40+08:00 ] 192.168.100.252 /index.php?m=activity&c=index&a=getActivityDetails
INFO: [ app_init ] --START--
INFO: Run Behavior\BuildLiteBehavior [ RunTime:0.000000s ]
INFO: [ app_init ] --END-- [ RunTime:0.000000s ]
INFO: [ app_begin ] --START--
INFO: Run Behavior\ReadHtmlCacheBehavior [ RunTime:0.001000s ]
INFO: [ app_begin ] --END-- [ RunTime:0.001000s ]
SQL: SHOW COLUMNS FROM `zk_tasks` [ RunTime:0.0020s ]
SQL: SELECT * FROM `zk_tasks` WHERE ( tasks_id = 29 ) LIMIT 1   [ RunTime:0.0000s ]
SQL: SHOW COLUMNS FROM `zk_project` [ RunTime:0.0010s ]
SQL: SELECT * FROM `zk_project` WHERE ( tasks_id = 29 )  [ RunTime:0.0010s ]

[ 2017-07-24T10:02:22+08:00 ] 192.168.100.252 /index.php?m=activity&c=index&a=getActivity
INFO: [ app_init ] --START--
INFO: Run Behavior\BuildLiteBehavior [ RunTime:0.000000s ]
INFO: [ app_init ] --END-- [ RunTime:0.000000s ]
INFO: [ app_begin ] --START--
INFO: Run Behavior\ReadHtmlCacheBehavior [ RunTime:0.001001s ]
INFO: [ app_begin ] --END-- [ RunTime:0.001001s ]
SQL: SHOW COLUMNS FROM `zk_tasks` [ RunTime:0.0020s ]
SQL: SELECT * FROM `zk_tasks`  [ RunTime:0.0000s ]

[ 2017-07-24T10:02:24+08:00 ] 192.168.100.252 /index.php?m=activity&c=index&a=getActivityDetails
INFO: [ app_init ] --START--
INFO: Run Behavior\BuildLiteBehavior [ RunTime:0.000000s ]
INFO: [ app_init ] --END-- [ RunTime:0.001000s ]
INFO: [ app_begin ] --START--
INFO: Run Behavior\ReadHtmlCacheBehavior [ RunTime:0.000000s ]
INFO: [ app_begin ] --END-- [ RunTime:0.000000s ]
SQL: SHOW COLUMNS FROM `zk_tasks` [ RunTime:0.0020s ]
SQL: SELECT * FROM `zk_tasks` WHERE ( tasks_id = 29 ) LIMIT 1   [ RunTime:0.0000s ]
SQL: SHOW COLUMNS FROM `zk_project` [ RunTime:0.0010s ]
SQL: SELECT * FROM `zk_project` WHERE ( tasks_id = 29 )  [ RunTime:0.0000s ]

[ 2017-07-24T10:05:21+08:00 ] 192.168.100.252 /index.php?m=activity&c=index&a=getActivityForms
INFO: [ app_init ] --START--
INFO: Run Behavior\BuildLiteBehavior [ RunTime:0.000000s ]
INFO: [ app_init ] --END-- [ RunTime:0.000000s ]
INFO: [ app_begin ] --START--
INFO: Run Behavior\ReadHtmlCacheBehavior [ RunTime:0.000000s ]
INFO: [ app_begin ] --END-- [ RunTime:0.000000s ]
NOTIC: [8] Undefined variable: tasks E:\wwwroot\Application\Activity\Controller\IndexController.class.php 第 230 行.
NOTIC: [8] Undefined variable: project E:\wwwroot\Application\Activity\Controller\IndexController.class.php 第 231 行.
NOTIC: [8] Undefined variable: enrol_name E:\wwwroot\Application\Activity\Controller\IndexController.class.php 第 232 行.

[ 2017-07-24T10:05:40+08:00 ] 192.168.100.252 /index.php?m=activity&c=index&a=getActivity
INFO: [ app_init ] --START--
INFO: Run Behavior\BuildLiteBehavior [ RunTime:0.000000s ]
INFO: [ app_init ] --END-- [ RunTime:0.000000s ]
INFO: [ app_begin ] --START--
INFO: Run Behavior\ReadHtmlCacheBehavior [ RunTime:0.000000s ]
INFO: [ app_begin ] --END-- [ RunTime:0.000000s ]
SQL: SHOW COLUMNS FROM `zk_tasks` [ RunTime:0.0020s ]
SQL: SELECT * FROM `zk_tasks`  [ RunTime:0.0000s ]

[ 2017-07-24T10:06:17+08:00 ] 192.168.100.252 /index.php?m=activity&c=index&a=getActivityDetails
INFO: [ app_init ] --START--
INFO: Run Behavior\BuildLiteBehavior [ RunTime:0.000000s ]
INFO: [ app_init ] --END-- [ RunTime:0.000000s ]
INFO: [ app_begin ] --START--
INFO: Run Behavior\ReadHtmlCacheBehavior [ RunTime:0.000000s ]
INFO: [ app_begin ] --END-- [ RunTime:0.000000s ]
SQL: SHOW COLUMNS FROM `zk_tasks` [ RunTime:0.0020s ]
SQL: SELECT * FROM `zk_tasks` WHERE ( tasks_id = 29 ) LIMIT 1   [ RunTime:0.0000s ]
SQL: SHOW COLUMNS FROM `zk_project` [ RunTime:0.0010s ]
SQL: SELECT * FROM `zk_project` WHERE ( tasks_id = 29 )  [ RunTime:0.0000s ]

[ 2017-07-24T10:06:20+08:00 ] 192.168.100.252 /index.php?m=activity&c=index&a=getActivityForms
INFO: [ app_init ] --START--
INFO: Run Behavior\BuildLiteBehavior [ RunTime:0.000000s ]
INFO: [ app_init ] --END-- [ RunTime:0.000000s ]
INFO: [ app_begin ] --START--
INFO: Run Behavior\ReadHtmlCacheBehavior [ RunTime:0.001000s ]
INFO: [ app_begin ] --END-- [ RunTime:0.001000s ]
NOTIC: [8] Undefined variable: tasks E:\wwwroot\Application\Activity\Controller\IndexController.class.php 第 230 行.
NOTIC: [8] Undefined variable: project E:\wwwroot\Application\Activity\Controller\IndexController.class.php 第 231 行.
NOTIC: [8] Undefined variable: enrol_name E:\wwwroot\Application\Activity\Controller\IndexController.class.php 第 232 行.

[ 2017-07-24T10:06:51+08:00 ] 192.168.100.252 /index.php?m=activity&c=index&a=getActivity
INFO: [ app_init ] --START--
INFO: Run Behavior\BuildLiteBehavior [ RunTime:0.000000s ]
INFO: [ app_init ] --END-- [ RunTime:0.000000s ]
INFO: [ app_begin ] --START--
INFO: Run Behavior\ReadHtmlCacheBehavior [ RunTime:0.000000s ]
INFO: [ app_begin ] --END-- [ RunTime:0.000000s ]
SQL: SHOW COLUMNS FROM `zk_tasks` [ RunTime:0.0020s ]
SQL: SELECT * FROM `zk_tasks`  [ RunTime:0.0000s ]

[ 2017-07-24T10:06:52+08:00 ] 192.168.100.252 /index.php?m=activity&c=index&a=getActivityDetails
INFO: [ app_init ] --START--
INFO: Run Behavior\BuildLiteBehavior [ RunTime:0.000000s ]
INFO: [ app_init ] --END-- [ RunTime:0.000000s ]
INFO: [ app_begin ] --START--
INFO: Run Behavior\ReadHtmlCacheBehavior [ RunTime:0.000000s ]
INFO: [ app_begin ] --END-- [ RunTime:0.000000s ]
SQL: SHOW COLUMNS FROM `zk_tasks` [ RunTime:0.0020s ]
SQL: SELECT * FROM `zk_tasks` WHERE ( tasks_id = 29 ) LIMIT 1   [ RunTime:0.0000s ]
SQL: SHOW COLUMNS FROM `zk_project` [ RunTime:0.0020s ]
SQL: SELECT * FROM `zk_project` WHERE ( tasks_id = 29 )  [ RunTime:0.0000s ]

[ 2017-07-24T10:06:56+08:00 ] 192.168.100.252 /index.php?m=activity&c=index&a=getActivityForms
INFO: [ app_init ] --START--
INFO: Run Behavior\BuildLiteBehavior [ RunTime:0.000000s ]
INFO: [ app_init ] --END-- [ RunTime:0.000000s ]
INFO: [ app_begin ] --START--
INFO: Run Behavior\ReadHtmlCacheBehavior [ RunTime:0.000000s ]
INFO: [ app_begin ] --END-- [ RunTime:0.000000s ]
NOTIC: [8] Undefined variable: tasks E:\wwwroot\Application\Activity\Controller\IndexController.class.php 第 230 行.
NOTIC: [8] Undefined variable: project E:\wwwroot\Application\Activity\Controller\IndexController.class.php 第 231 行.
NOTIC: [8] Undefined variable: enrol_name E:\wwwroot\Application\Activity\Controller\IndexController.class.php 第 232 行.

[ 2017-07-24T10:07:10+08:00 ] 192.168.100.252 /index.php?m=activity&c=index&a=getActivity
INFO: [ app_init ] --START--
INFO: Run Behavior\BuildLiteBehavior [ RunTime:0.000000s ]
INFO: [ app_init ] --END-- [ RunTime:0.000000s ]
INFO: [ app_begin ] --START--
INFO: Run Behavior\ReadHtmlCacheBehavior [ RunTime:0.000000s ]
INFO: [ app_begin ] --END-- [ RunTime:0.000000s ]
SQL: SHOW COLUMNS FROM `zk_tasks` [ RunTime:0.0010s ]
SQL: SELECT * FROM `zk_tasks`  [ RunTime:0.0000s ]

[ 2017-07-24T10:07:11+08:00 ] 192.168.100.252 /index.php?m=activity&c=index&a=getActivityDetails
INFO: [ app_init ] --START--
INFO: Run Behavior\BuildLiteBehavior [ RunTime:0.000000s ]
INFO: [ app_init ] --END-- [ RunTime:0.001001s ]
INFO: [ app_begin ] --START--
INFO: Run Behavior\ReadHtmlCacheBehavior [ RunTime:0.000000s ]
INFO: [ app_begin ] --END-- [ RunTime:0.000000s ]
SQL: SHOW COLUMNS FROM `zk_tasks` [ RunTime:0.0030s ]
SQL: SELECT * FROM `zk_tasks` WHERE ( tasks_id = 29 ) LIMIT 1   [ RunTime:0.0000s ]
SQL: SHOW COLUMNS FROM `zk_project` [ RunTime:0.0010s ]
SQL: SELECT * FROM `zk_project` WHERE ( tasks_id = 29 )  [ RunTime:0.0010s ]

[ 2017-07-24T10:07:15+08:00 ] 192.168.100.252 /index.php?m=activity&c=index&a=getActivityForms
INFO: [ app_init ] --START--
INFO: Run Behavior\BuildLiteBehavior [ RunTime:0.000000s ]
INFO: [ app_init ] --END-- [ RunTime:0.000000s ]
INFO: [ app_begin ] --START--
INFO: Run Behavior\ReadHtmlCacheBehavior [ RunTime:0.001000s ]
INFO: [ app_begin ] --END-- [ RunTime:0.001000s ]
NOTIC: [8] Undefined variable: tasks E:\wwwroot\Application\Activity\Controller\IndexController.class.php 第 230 行.
NOTIC: [8] Undefined variable: project E:\wwwroot\Application\Activity\Controller\IndexController.class.php 第 231 行.
NOTIC: [8] Undefined variable: enrol_name E:\wwwroot\Application\Activity\Controller\IndexController.class.php 第 232 行.

[ 2017-07-24T10:19:02+08:00 ] 192.168.100.252 /index.php?m=activity&c=index&a=getActivity
INFO: [ app_init ] --START--
INFO: Run Behavior\BuildLiteBehavior [ RunTime:0.000000s ]
INFO: [ app_init ] --END-- [ RunTime:0.001000s ]
INFO: [ app_begin ] --START--
INFO: Run Behavior\ReadHtmlCacheBehavior [ RunTime:0.001000s ]
INFO: [ app_begin ] --END-- [ RunTime:0.001000s ]
SQL: SHOW COLUMNS FROM `zk_tasks` [ RunTime:0.0020s ]
SQL: SELECT * FROM `zk_tasks`  [ RunTime:0.0000s ]

[ 2017-07-24T10:19:03+08:00 ] 192.168.100.252 /index.php?m=activity&c=index&a=getActivityDetails
INFO: [ app_init ] --START--
INFO: Run Behavior\BuildLiteBehavior [ RunTime:0.000000s ]
INFO: [ app_init ] --END-- [ RunTime:0.001000s ]
INFO: [ app_begin ] --START--
INFO: Run Behavior\ReadHtmlCacheBehavior [ RunTime:0.001000s ]
INFO: [ app_begin ] --END-- [ RunTime:0.001000s ]
SQL: SHOW COLUMNS FROM `zk_tasks` [ RunTime:0.0020s ]
SQL: SELECT * FROM `zk_tasks` WHERE ( tasks_id = 29 ) LIMIT 1   [ RunTime:0.0010s ]
SQL: SHOW COLUMNS FROM `zk_project` [ RunTime:0.0040s ]
SQL: SELECT * FROM `zk_project` WHERE ( tasks_id = 29 )  [ RunTime:0.0010s ]

[ 2017-07-24T10:19:06+08:00 ] 192.168.100.252 /index.php?m=activity&c=index&a=getActivityForms
INFO: [ app_init ] --START--
INFO: Run Behavior\BuildLiteBehavior [ RunTime:0.000000s ]
INFO: [ app_init ] --END-- [ RunTime:0.000000s ]
INFO: [ app_begin ] --START--
INFO: Run Behavior\ReadHtmlCacheBehavior [ RunTime:0.000000s ]
INFO: [ app_begin ] --END-- [ RunTime:0.000000s ]
SQL: SHOW COLUMNS FROM `zk_tasks` [ RunTime:0.0020s ]
SQL: SELECT * FROM `zk_tasks` WHERE ( tasks_id = 29 ) LIMIT 1   [ RunTime:0.0010s ]
SQL: SHOW COLUMNS FROM `zk_enrol_k` [ RunTime:0.0020s ]
SQL: SELECT * FROM `zk_enrol_k` WHERE ( tasks_id = 29 )  [ RunTime:0.0000s ]
SQL: SHOW COLUMNS FROM `zk_enrol_name` [ RunTime:0.0010s ]
SQL: SELECT * FROM `zk_enrol_name` WHERE `name_id` IN ('1','2','3','4','5','7','9','10','11','12','13','14','15','16','18')  [ RunTime:0.0010s ]
SQL: SHOW COLUMNS FROM `zk_project` [ RunTime:0.0020s ]
SQL: SELECT * FROM `zk_project` WHERE ( project_id = 5 ) LIMIT 1   [ RunTime:0.0000s ]

[ 2017-07-24T10:31:23+08:00 ] 192.168.100.252 /index.php?m=activity&c=index&a=getActivity
INFO: [ app_init ] --START--
INFO: Run Behavior\BuildLiteBehavior [ RunTime:0.000000s ]
INFO: [ app_init ] --END-- [ RunTime:0.000000s ]
INFO: [ app_begin ] --START--
INFO: Run Behavior\ReadHtmlCacheBehavior [ RunTime:0.000000s ]
INFO: [ app_begin ] --END-- [ RunTime:0.000000s ]
SQL: SHOW COLUMNS FROM `zk_tasks` [ RunTime:0.0020s ]
SQL: SELECT * FROM `zk_tasks`  [ RunTime:0.0010s ]

[ 2017-07-24T10:31:24+08:00 ] 192.168.100.252 /index.php?m=activity&c=index&a=getActivityDetails
INFO: [ app_init ] --START--
INFO: Run Behavior\BuildLiteBehavior [ RunTime:0.000000s ]
INFO: [ app_init ] --END-- [ RunTime:0.001000s ]
INFO: [ app_begin ] --START--
INFO: Run Behavior\ReadHtmlCacheBehavior [ RunTime:0.000000s ]
INFO: [ app_begin ] --END-- [ RunTime:0.000000s ]
SQL: SHOW COLUMNS FROM `zk_tasks` [ RunTime:0.0020s ]
SQL: SELECT * FROM `zk_tasks` WHERE ( tasks_id = 29 ) LIMIT 1   [ RunTime:0.0000s ]
SQL: SHOW COLUMNS FROM `zk_project` [ RunTime:0.0010s ]
SQL: SELECT * FROM `zk_project` WHERE ( tasks_id = 29 )  [ RunTime:0.0010s ]

[ 2017-07-24T10:31:28+08:00 ] 192.168.100.252 /index.php?m=activity&c=index&a=getActivityForms
INFO: [ app_init ] --START--
INFO: Run Behavior\BuildLiteBehavior [ RunTime:0.000000s ]
INFO: [ app_init ] --END-- [ RunTime:0.000000s ]
INFO: [ app_begin ] --START--
INFO: Run Behavior\ReadHtmlCacheBehavior [ RunTime:0.000000s ]
INFO: [ app_begin ] --END-- [ RunTime:0.000000s ]
SQL: SHOW COLUMNS FROM `zk_tasks` [ RunTime:0.0020s ]
SQL: SELECT * FROM `zk_tasks` WHERE ( tasks_id = 29 ) LIMIT 1   [ RunTime:0.0010s ]
SQL: SHOW COLUMNS FROM `zk_enrol_k` [ RunTime:0.0020s ]
SQL: SELECT * FROM `zk_enrol_k` WHERE ( tasks_id = 29 )  [ RunTime:0.0000s ]
SQL: SHOW COLUMNS FROM `zk_enrol_name` [ RunTime:0.0030s ]
SQL: SELECT * FROM `zk_enrol_name` WHERE `name_id` IN ('1','2','3','4','5','7','9','10','11','12','13','14','15','16','18')  [ RunTime:0.0000s ]
SQL: SHOW COLUMNS FROM `zk_project` [ RunTime:0.0020s ]
SQL: SELECT * FROM `zk_project` WHERE ( project_id = 7 ) LIMIT 1   [ RunTime:0.0000s ]

[ 2017-07-24T10:42:59+08:00 ] 192.168.100.252 /index.php?m=activity&c=index&a=saveForms
INFO: [ app_init ] --START--
INFO: Run Behavior\BuildLiteBehavior [ RunTime:0.000000s ]
INFO: [ app_init ] --END-- [ RunTime:0.001000s ]
INFO: [ app_begin ] --START--
INFO: Run Behavior\ReadHtmlCacheBehavior [ RunTime:0.000000s ]
INFO: [ app_begin ] --END-- [ RunTime:0.000000s ]
SQL: SHOW COLUMNS FROM `zk_session` [ RunTime:0.0010s ]
ERR: Think\Model:findSessionByCondition方法不存在！

[ 2017-07-24T10:46:48+08:00 ] 192.168.100.252 /index.php?m=activity&c=index&a=saveForms
INFO: [ app_init ] --START--
INFO: Run Behavior\BuildLiteBehavior [ RunTime:0.000000s ]
INFO: [ app_init ] --END-- [ RunTime:0.001000s ]
INFO: [ app_begin ] --START--
INFO: Run Behavior\ReadHtmlCacheBehavior [ RunTime:0.001000s ]
INFO: [ app_begin ] --END-- [ RunTime:0.001000s ]
SQL: SHOW COLUMNS FROM `zk_session` [ RunTime:0.0010s ]
ERR: Think\Model:findSessionByCondition方法不存在！

[ 2017-07-24T10:47:24+08:00 ] 192.168.100.252 /index.php?m=activity&c=index&a=saveForms
INFO: [ app_init ] --START--
INFO: Run Behavior\BuildLiteBehavior [ RunTime:0.000000s ]
INFO: [ app_init ] --END-- [ RunTime:0.000000s ]
INFO: [ app_begin ] --START--
INFO: Run Behavior\ReadHtmlCacheBehavior [ RunTime:0.000000s ]
INFO: [ app_begin ] --END-- [ RunTime:0.000000s ]
SQL: SHOW COLUMNS FROM `zk_session` [ RunTime:0.0030s ]
ERR: Think\Model:findSessionByCondition方法不存在！

[ 2017-07-24T10:48:01+08:00 ] 192.168.100.252 /index.php?m=activity&c=index&a=saveForms
INFO: [ app_init ] --START--
INFO: Run Behavior\BuildLiteBehavior [ RunTime:0.000000s ]
INFO: [ app_init ] --END-- [ RunTime:0.000000s ]
INFO: [ app_begin ] --START--
INFO: Run Behavior\ReadHtmlCacheBehavior [ RunTime:0.001000s ]
INFO: [ app_begin ] --END-- [ RunTime:0.001000s ]
SQL: SHOW COLUMNS FROM `zk_session` [ RunTime:0.0020s ]
SQL: SELECT * FROM `zk_session` WHERE `skey` = 'd23c3af2392daa95f2c5c72f5ded799f' LIMIT 1   [ RunTime:0.0000s ]
SQL: SHOW COLUMNS FROM `zk_user` [ RunTime:0.0020s ]
SQL: SELECT * FROM `zk_user` WHERE `openid` = 'oUpv60E98MOGnr9Z9Ele1UYroiLQ' LIMIT 1   [ RunTime:0.0000s ]
SQL: SHOW COLUMNS FROM `zk_enrol` [ RunTime:0.0030s ]
SQL: INSERT INTO `zk_enrol` (`tasks_id`,`project_id`,`user_id`,`create_time`) VALUES ('29','7','24','1500864480') [ RunTime:0.0560s ]
SQL: SHOW COLUMNS FROM `zk_enrol_value` [ RunTime:0.0030s ]
SQL: INSERT INTO `zk_enrol_value` (`enrol_id`,`name_id`,`value`,`create_time`) VALUES ('2','1','刘泽中','1500864481') [ RunTime:0.0350s ]
SQL: INSERT INTO `zk_enrol_value` (`enrol_id`,`name_id`,`value`,`create_time`) VALUES ('2','2','18852983610','1500864481') [ RunTime:0.0670s ]
SQL: INSERT INTO `zk_enrol_value` (`enrol_id`,`name_id`,`value`,`create_time`) VALUES ('2','3','2017-07-24','1500864481') [ RunTime:0.0490s ]
SQL: INSERT INTO `zk_enrol_value` (`enrol_id`,`name_id`,`value`,`create_time`) VALUES ('2','4','男','1500864481') [ RunTime:0.0490s ]
SQL: INSERT INTO `zk_enrol_value` (`enrol_id`,`name_id`,`value`,`create_time`) VALUES ('2','5','O','1500864481') [ RunTime:0.0330s ]
SQL: INSERT INTO `zk_enrol_value` (`enrol_id`,`name_id`,`value`,`create_time`) VALUES ('2','7','江苏无锡','1500864481') [ RunTime:0.0330s ]
SQL: INSERT INTO `zk_enrol_value` (`enrol_id`,`name_id`,`value`,`create_time`) VALUES ('2','9','420114199510250070','1500864481') [ RunTime:0.0250s ]
SQL: INSERT INTO `zk_enrol_value` (`enrol_id`,`name_id`,`value`,`create_time`) VALUES ('2','10','zhongliuze@gmail.com','1500864481') [ RunTime:0.0250s ]
SQL: INSERT INTO `zk_enrol_value` (`enrol_id`,`name_id`,`value`,`create_time`) VALUES ('2','11','吕单凤','1500864481') [ RunTime:0.0250s ]
SQL: INSERT INTO `zk_enrol_value` (`enrol_id`,`name_id`,`value`,`create_time`) VALUES ('2','12','18206183097','1500864481') [ RunTime:0.0660s ]
SQL: INSERT INTO `zk_enrol_value` (`enrol_id`,`name_id`,`value`,`create_time`) VALUES ('2','13','江苏省无锡市南长区建筑新村','1500864481') [ RunTime:0.0250s ]
SQL: INSERT INTO `zk_enrol_value` (`enrol_id`,`name_id`,`value`,`create_time`) VALUES ('2','14','175cm','1500864481') [ RunTime:0.0250s ]
SQL: INSERT INTO `zk_enrol_value` (`enrol_id`,`name_id`,`value`,`create_time`) VALUES ('2','15','60kg','1500864481') [ RunTime:0.0330s ]
SQL: INSERT INTO `zk_enrol_value` (`enrol_id`,`name_id`,`value`,`create_time`) VALUES ('2','16','175','1500864481') [ RunTime:0.0340s ]
SQL: INSERT INTO `zk_enrol_value` (`enrol_id`,`name_id`,`value`,`create_time`) VALUES ('2','18','软件','1500864481') [ RunTime:0.0250s ]

[ 2017-07-24T10:57:07+08:00 ] 192.168.100.252 /index.php?m=activity&c=index&a=getActivity
INFO: [ app_init ] --START--
INFO: Run Behavior\BuildLiteBehavior [ RunTime:0.000000s ]
INFO: [ app_init ] --END-- [ RunTime:0.000000s ]
INFO: [ app_begin ] --START--
INFO: Run Behavior\ReadHtmlCacheBehavior [ RunTime:0.000000s ]
INFO: [ app_begin ] --END-- [ RunTime:0.000000s ]
SQL: SHOW COLUMNS FROM `zk_tasks` [ RunTime:0.0010s ]
SQL: SELECT * FROM `zk_tasks`  [ RunTime:0.0000s ]

[ 2017-07-24T10:57:08+08:00 ] 192.168.100.252 /index.php?m=activity&c=index&a=getActivityDetails
INFO: [ app_init ] --START--
INFO: Run Behavior\BuildLiteBehavior [ RunTime:0.000000s ]
INFO: [ app_init ] --END-- [ RunTime:0.001000s ]
INFO: [ app_begin ] --START--
INFO: Run Behavior\ReadHtmlCacheBehavior [ RunTime:0.001000s ]
INFO: [ app_begin ] --END-- [ RunTime:0.001000s ]
SQL: SHOW COLUMNS FROM `zk_tasks` [ RunTime:0.0050s ]
SQL: SELECT * FROM `zk_tasks` WHERE ( tasks_id = 29 ) LIMIT 1   [ RunTime:0.0000s ]
SQL: SHOW COLUMNS FROM `zk_project` [ RunTime:0.0020s ]
SQL: SELECT * FROM `zk_project` WHERE ( tasks_id = 29 )  [ RunTime:0.0000s ]

[ 2017-07-24T10:57:12+08:00 ] 192.168.100.252 /index.php?m=activity&c=index&a=getActivityForms
INFO: [ app_init ] --START--
INFO: Run Behavior\BuildLiteBehavior [ RunTime:0.000000s ]
INFO: [ app_init ] --END-- [ RunTime:0.001000s ]
INFO: [ app_begin ] --START--
INFO: Run Behavior\ReadHtmlCacheBehavior [ RunTime:0.000000s ]
INFO: [ app_begin ] --END-- [ RunTime:0.000000s ]
SQL: SHOW COLUMNS FROM `zk_tasks` [ RunTime:0.0020s ]
SQL: SELECT * FROM `zk_tasks` WHERE ( tasks_id = 29 ) LIMIT 1   [ RunTime:0.0000s ]
SQL: SHOW COLUMNS FROM `zk_enrol_k` [ RunTime:0.0010s ]
SQL: SELECT * FROM `zk_enrol_k` WHERE ( tasks_id = 29 )  [ RunTime:0.0210s ]
SQL: SHOW COLUMNS FROM `zk_enrol_name` [ RunTime:0.0040s ]
SQL: SELECT * FROM `zk_enrol_name` WHERE `name_id` IN ('1','2','3','4','5','7','9','10','11','12','13','14','15','16','18')  [ RunTime:0.0090s ]
SQL: SHOW COLUMNS FROM `zk_project` [ RunTime:0.0020s ]
SQL: SELECT * FROM `zk_project` WHERE ( project_id = 7 ) LIMIT 1   [ RunTime:0.0000s ]

[ 2017-07-24T11:02:19+08:00 ] 192.168.100.252 /index.php?m=activity&c=user&a=index
INFO: [ app_init ] --START--
INFO: Run Behavior\BuildLiteBehavior [ RunTime:0.000000s ]
INFO: [ app_init ] --END-- [ RunTime:0.001001s ]
INFO: [ app_begin ] --START--
INFO: Run Behavior\ReadHtmlCacheBehavior [ RunTime:0.000000s ]
INFO: [ app_begin ] --END-- [ RunTime:0.000000s ]
SQL: SHOW COLUMNS FROM `zk_session` [ RunTime:0.0010s ]
SQL: SELECT * FROM `zk_session` WHERE `skey` = 'd23c3af2392daa95f2c5c72f5ded799f' LIMIT 1   [ RunTime:0.0000s ]
SQL: SHOW COLUMNS FROM `zk_user` [ RunTime:0.0010s ]
SQL: SELECT * FROM `zk_user` WHERE `openid` = 'oUpv60E98MOGnr9Z9Ele1UYroiLQ' LIMIT 1   [ RunTime:0.0000s ]

[ 2017-07-24T11:16:49+08:00 ] 192.168.100.252 /index.php?m=activity&c=user&a=index
INFO: [ app_init ] --START--
INFO: Run Behavior\BuildLiteBehavior [ RunTime:0.000000s ]
INFO: [ app_init ] --END-- [ RunTime:0.001000s ]
INFO: [ app_begin ] --START--
INFO: Run Behavior\ReadHtmlCacheBehavior [ RunTime:0.000000s ]
INFO: [ app_begin ] --END-- [ RunTime:0.000000s ]
SQL: SHOW COLUMNS FROM `zk_session` [ RunTime:0.0020s ]
SQL: SELECT * FROM `zk_session` WHERE `skey` = 'd23c3af2392daa95f2c5c72f5ded799f' LIMIT 1   [ RunTime:0.0000s ]
SQL: SHOW COLUMNS FROM `zk_user` [ RunTime:0.0020s ]
SQL: SELECT * FROM `zk_user` WHERE `openid` = 'oUpv60E98MOGnr9Z9Ele1UYroiLQ' LIMIT 1   [ RunTime:0.0000s ]
SQL: SHOW COLUMNS FROM `zk_enrol` [ RunTime:0.0020s ]
SQL: SELECT * FROM `zk_enrol` WHERE ( user_id = 24 )  [ RunTime:0.0000s ]
SQL: SHOW COLUMNS FROM `zk_tasks` [ RunTime:0.0020s ]
SQL: SELECT * FROM `zk_tasks` WHERE ( tasks_id = 29 ) LIMIT 1   [ RunTime:0.0000s ]

[ 2017-07-24T11:22:43+08:00 ] 192.168.100.252 /index.php?m=activity&c=user&a=index
INFO: [ app_init ] --START--
INFO: Run Behavior\BuildLiteBehavior [ RunTime:0.000000s ]
INFO: [ app_init ] --END-- [ RunTime:0.000000s ]
INFO: [ app_begin ] --START--
INFO: Run Behavior\ReadHtmlCacheBehavior [ RunTime:0.000000s ]
INFO: [ app_begin ] --END-- [ RunTime:0.000000s ]
SQL: SHOW COLUMNS FROM `zk_session` [ RunTime:0.0020s ]
SQL: SELECT * FROM `zk_session` WHERE `skey` = 'd23c3af2392daa95f2c5c72f5ded799f' LIMIT 1   [ RunTime:0.0010s ]
SQL: SHOW COLUMNS FROM `zk_user` [ RunTime:0.0020s ]
SQL: SELECT * FROM `zk_user` WHERE `openid` = 'oUpv60E98MOGnr9Z9Ele1UYroiLQ' LIMIT 1   [ RunTime:0.0010s ]
SQL: SHOW COLUMNS FROM `zk_enrol` [ RunTime:0.0020s ]
SQL: SELECT * FROM `zk_enrol` WHERE ( user_id = 24 )  [ RunTime:0.0000s ]
SQL: SHOW COLUMNS FROM `zk_tasks` [ RunTime:0.0020s ]
SQL: SELECT * FROM `zk_tasks` WHERE ( tasks_id = 29 ) LIMIT 1   [ RunTime:0.0010s ]

[ 2017-07-24T11:23:57+08:00 ] 192.168.100.252 /index.php?m=activity&c=user&a=index
INFO: [ app_init ] --START--
INFO: Run Behavior\BuildLiteBehavior [ RunTime:0.000000s ]
INFO: [ app_init ] --END-- [ RunTime:0.000000s ]
INFO: [ app_begin ] --START--
INFO: Run Behavior\ReadHtmlCacheBehavior [ RunTime:0.001000s ]
INFO: [ app_begin ] --END-- [ RunTime:0.001000s ]
SQL: SHOW COLUMNS FROM `zk_session` [ RunTime:0.0020s ]
SQL: SELECT * FROM `zk_session` WHERE `skey` = 'd23c3af2392daa95f2c5c72f5ded799f' LIMIT 1   [ RunTime:0.0000s ]
SQL: SHOW COLUMNS FROM `zk_user` [ RunTime:0.0020s ]
SQL: SELECT * FROM `zk_user` WHERE `openid` = 'oUpv60E98MOGnr9Z9Ele1UYroiLQ' LIMIT 1   [ RunTime:0.0010s ]
SQL: SHOW COLUMNS FROM `zk_enrol` [ RunTime:0.0020s ]
SQL: SELECT * FROM `zk_enrol` WHERE ( user_id = 24 )  [ RunTime:0.0000s ]
SQL: SHOW COLUMNS FROM `zk_tasks` [ RunTime:0.0020s ]
SQL: SELECT * FROM `zk_tasks` WHERE ( tasks_id = 29 ) LIMIT 1   [ RunTime:0.0010s ]

[ 2017-07-24T13:19:20+08:00 ] 192.168.100.252 /index.php?m=activity&c=user&a=index
INFO: [ app_init ] --START--
INFO: Run Behavior\BuildLiteBehavior [ RunTime:0.000000s ]
INFO: [ app_init ] --END-- [ RunTime:0.000000s ]
INFO: [ app_begin ] --START--
INFO: Run Behavior\ReadHtmlCacheBehavior [ RunTime:0.001000s ]
INFO: [ app_begin ] --END-- [ RunTime:0.001000s ]
SQL: SHOW COLUMNS FROM `zk_session` [ RunTime:0.0020s ]
SQL: SELECT * FROM `zk_session` WHERE `skey` = 'd23c3af2392daa95f2c5c72f5ded799f' LIMIT 1   [ RunTime:0.0000s ]
SQL: SHOW COLUMNS FROM `zk_user` [ RunTime:0.0010s ]
SQL: SELECT * FROM `zk_user` WHERE `openid` = 'oUpv60E98MOGnr9Z9Ele1UYroiLQ' LIMIT 1   [ RunTime:0.0010s ]
SQL: SHOW COLUMNS FROM `zk_enrol` [ RunTime:0.0020s ]
SQL: SELECT * FROM `zk_enrol` WHERE ( user_id = 24 )  [ RunTime:0.0000s ]
SQL: SHOW COLUMNS FROM `zk_tasks` [ RunTime:0.0030s ]
SQL: SELECT * FROM `zk_tasks` WHERE ( tasks_id = 29 ) LIMIT 1   [ RunTime:0.0000s ]

[ 2017-07-24T14:24:36+08:00 ] 192.168.100.252 /index.php?m=activity&c=user&a=index
INFO: [ app_init ] --START--
INFO: Run Behavior\BuildLiteBehavior [ RunTime:0.000000s ]
INFO: [ app_init ] --END-- [ RunTime:0.000000s ]
INFO: [ app_begin ] --START--
INFO: Run Behavior\ReadHtmlCacheBehavior [ RunTime:0.000000s ]
INFO: [ app_begin ] --END-- [ RunTime:0.000000s ]
SQL: SHOW COLUMNS FROM `zk_session` [ RunTime:0.0020s ]
SQL: SELECT * FROM `zk_session` WHERE `skey` = 'd23c3af2392daa95f2c5c72f5ded799f' LIMIT 1   [ RunTime:0.0000s ]
SQL: SHOW COLUMNS FROM `zk_user` [ RunTime:0.0010s ]
SQL: SELECT * FROM `zk_user` WHERE `openid` = 'oUpv60E98MOGnr9Z9Ele1UYroiLQ' LIMIT 1   [ RunTime:0.0000s ]
SQL: SHOW COLUMNS FROM `zk_enrol` [ RunTime:0.0020s ]
SQL: SELECT * FROM `zk_enrol` WHERE ( user_id = 24 )  [ RunTime:0.0010s ]
SQL: SHOW COLUMNS FROM `zk_tasks` [ RunTime:0.0020s ]
SQL: SELECT * FROM `zk_tasks` WHERE ( tasks_id = 29 ) LIMIT 1   [ RunTime:0.0000s ]
NOTIC: [8] Undefined variable: user_tasks_already E:\wwwroot\Application\Activity\Controller\UserController.class.php 第 39 行.

[ 2017-07-24T14:25:54+08:00 ] 192.168.100.252 /index.php?m=activity&c=user&a=index
INFO: [ app_init ] --START--
INFO: Run Behavior\BuildLiteBehavior [ RunTime:0.000000s ]
INFO: [ app_init ] --END-- [ RunTime:0.000000s ]
INFO: [ app_begin ] --START--
INFO: Run Behavior\ReadHtmlCacheBehavior [ RunTime:0.000000s ]
INFO: [ app_begin ] --END-- [ RunTime:0.000000s ]
SQL: SHOW COLUMNS FROM `zk_session` [ RunTime:0.0020s ]
SQL: SELECT * FROM `zk_session` WHERE `skey` = 'd23c3af2392daa95f2c5c72f5ded799f' LIMIT 1   [ RunTime:0.0000s ]
SQL: SHOW COLUMNS FROM `zk_user` [ RunTime:0.0020s ]
SQL: SELECT * FROM `zk_user` WHERE `openid` = 'oUpv60E98MOGnr9Z9Ele1UYroiLQ' LIMIT 1   [ RunTime:0.0010s ]
SQL: SHOW COLUMNS FROM `zk_enrol` [ RunTime:0.0020s ]
SQL: SELECT * FROM `zk_enrol` WHERE ( user_id = 24 )  [ RunTime:0.0000s ]
SQL: SHOW COLUMNS FROM `zk_tasks` [ RunTime:0.0020s ]
SQL: SELECT * FROM `zk_tasks` WHERE ( tasks_id = 29 ) LIMIT 1   [ RunTime:0.0000s ]

[ 2017-07-24T15:41:09+08:00 ] 127.0.0.1 /index.php?m=activity&c=index&a=generateProgramCode
INFO: [ app_init ] --START--
INFO: Run Behavior\BuildLiteBehavior [ RunTime:0.000000s ]
INFO: [ app_init ] --END-- [ RunTime:0.001000s ]
INFO: [ app_begin ] --START--
INFO: Run Behavior\ReadHtmlCacheBehavior [ RunTime:0.000000s ]
INFO: [ app_begin ] --END-- [ RunTime:0.000000s ]
INFO: [ app_end ] --START--
INFO: Run Behavior\ShowPageTraceBehavior [ RunTime:0.001000s ]
INFO: [ app_end ] --END-- [ RunTime:0.001000s ]

[ 2017-07-24T15:41:37+08:00 ] 127.0.0.1 /index.php?m=activity&c=index&a=generateProgramCode
INFO: [ app_init ] --START--
INFO: Run Behavior\BuildLiteBehavior [ RunTime:0.008001s ]
INFO: [ app_init ] --END-- [ RunTime:0.008001s ]
INFO: [ app_begin ] --START--
INFO: Run Behavior\ReadHtmlCacheBehavior [ RunTime:0.002000s ]
INFO: [ app_begin ] --END-- [ RunTime:0.002000s ]
INFO: [ app_end ] --START--
INFO: Run Behavior\ShowPageTraceBehavior [ RunTime:0.001000s ]
INFO: [ app_end ] --END-- [ RunTime:0.001000s ]

[ 2017-07-24T15:42:31+08:00 ] 127.0.0.1 /index.php?m=activity&c=index&a=generateProgramCode
INFO: [ app_init ] --START--
INFO: Run Behavior\BuildLiteBehavior [ RunTime:0.000000s ]
INFO: [ app_init ] --END-- [ RunTime:0.000000s ]
INFO: [ app_begin ] --START--
INFO: Run Behavior\ReadHtmlCacheBehavior [ RunTime:0.001000s ]
INFO: [ app_begin ] --END-- [ RunTime:0.001000s ]
INFO: [ app_end ] --START--
INFO: Run Behavior\ShowPageTraceBehavior [ RunTime:0.001000s ]
INFO: [ app_end ] --END-- [ RunTime:0.001000s ]

[ 2017-07-24T15:43:48+08:00 ] 127.0.0.1 /index.php?m=activity&c=index&a=generateProgramCode
INFO: [ app_init ] --START--
INFO: Run Behavior\BuildLiteBehavior [ RunTime:0.000000s ]
INFO: [ app_init ] --END-- [ RunTime:0.000000s ]
INFO: [ app_begin ] --START--
INFO: Run Behavior\ReadHtmlCacheBehavior [ RunTime:0.001000s ]
INFO: [ app_begin ] --END-- [ RunTime:0.001000s ]
INFO: [ app_end ] --START--
INFO: Run Behavior\ShowPageTraceBehavior [ RunTime:0.002000s ]
INFO: [ app_end ] --END-- [ RunTime:0.002000s ]

[ 2017-07-24T15:43:49+08:00 ] 127.0.0.1 /index.php?m=activity&c=index&a=generateProgramCode
INFO: [ app_init ] --START--
INFO: Run Behavior\BuildLiteBehavior [ RunTime:0.000000s ]
INFO: [ app_init ] --END-- [ RunTime:0.001000s ]
INFO: [ app_begin ] --START--
INFO: Run Behavior\ReadHtmlCacheBehavior [ RunTime:0.001000s ]
INFO: [ app_begin ] --END-- [ RunTime:0.001000s ]
INFO: [ app_end ] --START--
INFO: Run Behavior\ShowPageTraceBehavior [ RunTime:0.001000s ]
INFO: [ app_end ] --END-- [ RunTime:0.001000s ]

[ 2017-07-24T15:43:50+08:00 ] 127.0.0.1 /index.php?m=activity&c=index&a=generateProgramCode
INFO: [ app_init ] --START--
INFO: Run Behavior\BuildLiteBehavior [ RunTime:0.000000s ]
INFO: [ app_init ] --END-- [ RunTime:0.001000s ]
INFO: [ app_begin ] --START--
INFO: Run Behavior\ReadHtmlCacheBehavior [ RunTime:0.001000s ]
INFO: [ app_begin ] --END-- [ RunTime:0.001000s ]
INFO: [ app_end ] --START--
INFO: Run Behavior\ShowPageTraceBehavior [ RunTime:0.002000s ]
INFO: [ app_end ] --END-- [ RunTime:0.002000s ]

[ 2017-07-24T15:43:50+08:00 ] 127.0.0.1 /index.php?m=activity&c=index&a=generateProgramCode
INFO: [ app_init ] --START--
INFO: Run Behavior\BuildLiteBehavior [ RunTime:0.000000s ]
INFO: [ app_init ] --END-- [ RunTime:0.001000s ]
INFO: [ app_begin ] --START--
INFO: Run Behavior\ReadHtmlCacheBehavior [ RunTime:0.000000s ]
INFO: [ app_begin ] --END-- [ RunTime:0.000000s ]
INFO: [ app_end ] --START--
INFO: Run Behavior\ShowPageTraceBehavior [ RunTime:0.001000s ]
INFO: [ app_end ] --END-- [ RunTime:0.001000s ]

[ 2017-07-24T15:45:16+08:00 ] 127.0.0.1 /index.php?m=activity&c=index&a=generateProgramCode
INFO: [ app_init ] --START--
INFO: Run Behavior\BuildLiteBehavior [ RunTime:0.000000s ]
INFO: [ app_init ] --END-- [ RunTime:0.000000s ]
INFO: [ app_begin ] --START--
INFO: Run Behavior\ReadHtmlCacheBehavior [ RunTime:0.001000s ]
INFO: [ app_begin ] --END-- [ RunTime:0.001000s ]
ERR: Too few arguments to function Activity\Model\CommonModel::http(), 1 passed in E:\wwwroot\Application\Activity\Controller\IndexController.class.php on line 577 and at least 2 expected

[ 2017-07-24T15:47:37+08:00 ] 127.0.0.1 /index.php?m=activity&c=index&a=generateProgramCode
INFO: [ app_init ] --START--
INFO: Run Behavior\BuildLiteBehavior [ RunTime:0.000000s ]
INFO: [ app_init ] --END-- [ RunTime:0.001000s ]
INFO: [ app_begin ] --START--
INFO: Run Behavior\ReadHtmlCacheBehavior [ RunTime:0.001000s ]
INFO: [ app_begin ] --END-- [ RunTime:0.001000s ]
INFO: [ app_end ] --START--
INFO: Run Behavior\ShowPageTraceBehavior [ RunTime:0.002000s ]
INFO: [ app_end ] --END-- [ RunTime:0.002000s ]

[ 2017-07-24T15:51:22+08:00 ] 127.0.0.1 /index.php?m=activity&c=index&a=generateProgramCode
INFO: [ app_init ] --START--
INFO: Run Behavior\BuildLiteBehavior [ RunTime:0.000000s ]
INFO: [ app_init ] --END-- [ RunTime:0.001000s ]
INFO: [ app_begin ] --START--
INFO: Run Behavior\ReadHtmlCacheBehavior [ RunTime:0.001000s ]
INFO: [ app_begin ] --END-- [ RunTime:0.001000s ]
INFO: [ app_end ] --START--
INFO: Run Behavior\ShowPageTraceBehavior [ RunTime:0.002001s ]
INFO: [ app_end ] --END-- [ RunTime:0.002001s ]

[ 2017-07-24T15:51:58+08:00 ] 127.0.0.1 /index.php?m=activity&c=index&a=generateProgramCode
INFO: [ app_init ] --START--
INFO: Run Behavior\BuildLiteBehavior [ RunTime:0.000000s ]
INFO: [ app_init ] --END-- [ RunTime:0.000000s ]
INFO: [ app_begin ] --START--
INFO: Run Behavior\ReadHtmlCacheBehavior [ RunTime:0.000000s ]
INFO: [ app_begin ] --END-- [ RunTime:0.000000s ]
INFO: [ app_end ] --START--
INFO: Run Behavior\ShowPageTraceBehavior [ RunTime:0.001000s ]
INFO: [ app_end ] --END-- [ RunTime:0.002000s ]

[ 2017-07-24T15:52:05+08:00 ] 127.0.0.1 /index.php?m=activity&c=index&a=generateProgramCode
INFO: [ app_init ] --START--
INFO: Run Behavior\BuildLiteBehavior [ RunTime:0.000000s ]
INFO: [ app_init ] --END-- [ RunTime:0.000000s ]
INFO: [ app_begin ] --START--
INFO: Run Behavior\ReadHtmlCacheBehavior [ RunTime:0.000000s ]
INFO: [ app_begin ] --END-- [ RunTime:0.000000s ]
INFO: [ app_end ] --START--
INFO: Run Behavior\ShowPageTraceBehavior [ RunTime:0.001000s ]
INFO: [ app_end ] --END-- [ RunTime:0.002000s ]

[ 2017-07-24T15:52:07+08:00 ] 127.0.0.1 /index.php?m=activity&c=index&a=generateProgramCode
INFO: [ app_init ] --START--
INFO: Run Behavior\BuildLiteBehavior [ RunTime:0.000000s ]
INFO: [ app_init ] --END-- [ RunTime:0.001000s ]
INFO: [ app_begin ] --START--
INFO: Run Behavior\ReadHtmlCacheBehavior [ RunTime:0.000000s ]
INFO: [ app_begin ] --END-- [ RunTime:0.000000s ]
INFO: [ app_end ] --START--
INFO: Run Behavior\ShowPageTraceBehavior [ RunTime:0.000000s ]
INFO: [ app_end ] --END-- [ RunTime:0.000000s ]

[ 2017-07-24T15:52:08+08:00 ] 127.0.0.1 /index.php?m=activity&c=index&a=generateProgramCode
INFO: [ app_init ] --START--
INFO: Run Behavior\BuildLiteBehavior [ RunTime:0.000000s ]
INFO: [ app_init ] --END-- [ RunTime:0.000000s ]
INFO: [ app_begin ] --START--
INFO: Run Behavior\ReadHtmlCacheBehavior [ RunTime:0.001000s ]
INFO: [ app_begin ] --END-- [ RunTime:0.001000s ]
INFO: [ app_end ] --START--
INFO: Run Behavior\ShowPageTraceBehavior [ RunTime:0.001000s ]
INFO: [ app_end ] --END-- [ RunTime:0.001000s ]

[ 2017-07-24T15:52:09+08:00 ] 127.0.0.1 /index.php?m=activity&c=index&a=generateProgramCode
INFO: [ app_init ] --START--
INFO: Run Behavior\BuildLiteBehavior [ RunTime:0.000000s ]
INFO: [ app_init ] --END-- [ RunTime:0.000000s ]
INFO: [ app_begin ] --START--
INFO: Run Behavior\ReadHtmlCacheBehavior [ RunTime:0.001000s ]
INFO: [ app_begin ] --END-- [ RunTime:0.001000s ]
INFO: [ app_end ] --START--
INFO: Run Behavior\ShowPageTraceBehavior [ RunTime:0.001000s ]
INFO: [ app_end ] --END-- [ RunTime:0.001000s ]

[ 2017-07-24T16:04:45+08:00 ] 127.0.0.1 /index.php?m=activity&c=index&a=generateProgramCode
INFO: [ app_init ] --START--
INFO: Run Behavior\BuildLiteBehavior [ RunTime:0.000000s ]
INFO: [ app_init ] --END-- [ RunTime:0.001000s ]
INFO: [ app_begin ] --START--
INFO: Run Behavior\ReadHtmlCacheBehavior [ RunTime:0.001000s ]
INFO: [ app_begin ] --END-- [ RunTime:0.001000s ]
INFO: [ app_end ] --START--
INFO: Run Behavior\ShowPageTraceBehavior [ RunTime:0.001000s ]
INFO: [ app_end ] --END-- [ RunTime:0.001000s ]

[ 2017-07-24T16:05:00+08:00 ] 127.0.0.1 /index.php?m=activity&c=index&a=generateProgramCode
INFO: [ app_init ] --START--
INFO: Run Behavior\BuildLiteBehavior [ RunTime:0.000000s ]
INFO: [ app_init ] --END-- [ RunTime:0.000000s ]
INFO: [ app_begin ] --START--
INFO: Run Behavior\ReadHtmlCacheBehavior [ RunTime:0.001000s ]
INFO: [ app_begin ] --END-- [ RunTime:0.001000s ]
NOTIC: [2] json_decode() expects parameter 1 to be string, array given E:\wwwroot\Application\Activity\Controller\IndexController.class.php 第 587 行.
INFO: [ app_end ] --START--
INFO: Run Behavior\ShowPageTraceBehavior [ RunTime:0.001000s ]
INFO: [ app_end ] --END-- [ RunTime:0.001000s ]

[ 2017-07-24T16:05:02+08:00 ] 127.0.0.1 /index.php?m=activity&c=index&a=generateProgramCode
INFO: [ app_init ] --START--
INFO: Run Behavior\BuildLiteBehavior [ RunTime:0.000000s ]
INFO: [ app_init ] --END-- [ RunTime:0.000000s ]
INFO: [ app_begin ] --START--
INFO: Run Behavior\ReadHtmlCacheBehavior [ RunTime:0.000000s ]
INFO: [ app_begin ] --END-- [ RunTime:0.000000s ]
NOTIC: [2] json_decode() expects parameter 1 to be string, array given E:\wwwroot\Application\Activity\Controller\IndexController.class.php 第 587 行.
INFO: [ app_end ] --START--
INFO: Run Behavior\ShowPageTraceBehavior [ RunTime:0.001000s ]
INFO: [ app_end ] --END-- [ RunTime:0.001000s ]

[ 2017-07-24T16:05:02+08:00 ] 127.0.0.1 /index.php?m=activity&c=index&a=generateProgramCode
INFO: [ app_init ] --START--
INFO: Run Behavior\BuildLiteBehavior [ RunTime:0.000000s ]
INFO: [ app_init ] --END-- [ RunTime:0.000000s ]
INFO: [ app_begin ] --START--
INFO: Run Behavior\ReadHtmlCacheBehavior [ RunTime:0.000000s ]
INFO: [ app_begin ] --END-- [ RunTime:0.000000s ]
NOTIC: [2] json_decode() expects parameter 1 to be string, array given E:\wwwroot\Application\Activity\Controller\IndexController.class.php 第 587 行.
INFO: [ app_end ] --START--
INFO: Run Behavior\ShowPageTraceBehavior [ RunTime:0.001000s ]
INFO: [ app_end ] --END-- [ RunTime:0.001000s ]

[ 2017-07-24T16:05:20+08:00 ] 127.0.0.1 /index.php?m=activity&c=index&a=generateProgramCode
INFO: [ app_init ] --START--
INFO: Run Behavior\BuildLiteBehavior [ RunTime:0.000000s ]
INFO: [ app_init ] --END-- [ RunTime:0.001000s ]
INFO: [ app_begin ] --START--
INFO: Run Behavior\ReadHtmlCacheBehavior [ RunTime:0.001000s ]
INFO: [ app_begin ] --END-- [ RunTime:0.001000s ]
NOTIC: [2] json_decode() expects parameter 1 to be string, array given E:\wwwroot\Application\Activity\Controller\IndexController.class.php 第 587 行.
INFO: [ app_end ] --START--
INFO: Run Behavior\ShowPageTraceBehavior [ RunTime:0.000000s ]
INFO: [ app_end ] --END-- [ RunTime:0.000000s ]

[ 2017-07-24T16:05:20+08:00 ] 127.0.0.1 /index.php?m=activity&c=index&a=generateProgramCode
INFO: [ app_init ] --START--
INFO: Run Behavior\BuildLiteBehavior [ RunTime:0.000000s ]
INFO: [ app_init ] --END-- [ RunTime:0.000000s ]
INFO: [ app_begin ] --START--
INFO: Run Behavior\ReadHtmlCacheBehavior [ RunTime:0.001000s ]
INFO: [ app_begin ] --END-- [ RunTime:0.001000s ]
NOTIC: [2] json_decode() expects parameter 1 to be string, array given E:\wwwroot\Application\Activity\Controller\IndexController.class.php 第 587 行.
INFO: [ app_end ] --START--
INFO: Run Behavior\ShowPageTraceBehavior [ RunTime:0.000000s ]
INFO: [ app_end ] --END-- [ RunTime:0.000000s ]

[ 2017-07-24T16:05:20+08:00 ] 127.0.0.1 /index.php?m=activity&c=index&a=generateProgramCode
INFO: [ app_init ] --START--
INFO: Run Behavior\BuildLiteBehavior [ RunTime:0.000000s ]
INFO: [ app_init ] --END-- [ RunTime:0.001000s ]
INFO: [ app_begin ] --START--
INFO: Run Behavior\ReadHtmlCacheBehavior [ RunTime:0.001000s ]
INFO: [ app_begin ] --END-- [ RunTime:0.001000s ]
NOTIC: [2] json_decode() expects parameter 1 to be string, array given E:\wwwroot\Application\Activity\Controller\IndexController.class.php 第 587 行.
INFO: [ app_end ] --START--
INFO: Run Behavior\ShowPageTraceBehavior [ RunTime:0.000000s ]
INFO: [ app_end ] --END-- [ RunTime:0.000000s ]

[ 2017-07-24T16:05:39+08:00 ] 127.0.0.1 /index.php?m=activity&c=index&a=generateProgramCode
INFO: [ app_init ] --START--
INFO: Run Behavior\BuildLiteBehavior [ RunTime:0.000000s ]
INFO: [ app_init ] --END-- [ RunTime:0.000000s ]
INFO: [ app_begin ] --START--
INFO: Run Behavior\ReadHtmlCacheBehavior [ RunTime:0.001000s ]
INFO: [ app_begin ] --END-- [ RunTime:0.001000s ]
INFO: [ app_end ] --START--
INFO: Run Behavior\ShowPageTraceBehavior [ RunTime:0.000000s ]
INFO: [ app_end ] --END-- [ RunTime:0.000000s ]

[ 2017-07-24T16:05:51+08:00 ] 127.0.0.1 /index.php?m=activity&c=index&a=generateProgramCode
INFO: [ app_init ] --START--
INFO: Run Behavior\BuildLiteBehavior [ RunTime:0.000000s ]
INFO: [ app_init ] --END-- [ RunTime:0.001000s ]
INFO: [ app_begin ] --START--
INFO: Run Behavior\ReadHtmlCacheBehavior [ RunTime:0.001000s ]
INFO: [ app_begin ] --END-- [ RunTime:0.001000s ]
INFO: [ app_end ] --START--
INFO: Run Behavior\ShowPageTraceBehavior [ RunTime:0.001000s ]
INFO: [ app_end ] --END-- [ RunTime:0.001000s ]

[ 2017-07-24T16:06:00+08:00 ] 127.0.0.1 /index.php?m=activity&c=index&a=generateProgramCode
INFO: [ app_init ] --START--
INFO: Run Behavior\BuildLiteBehavior [ RunTime:0.000000s ]
INFO: [ app_init ] --END-- [ RunTime:0.000000s ]
INFO: [ app_begin ] --START--
INFO: Run Behavior\ReadHtmlCacheBehavior [ RunTime:0.000000s ]
INFO: [ app_begin ] --END-- [ RunTime:0.000000s ]
NOTIC: [2] http_build_query(): Parameter 1 expected to be Array or Object.  Incorrect value given E:\wwwroot\Application\Activity\Model\CommonModel.class.php 第 29 行.
INFO: [ app_end ] --START--
INFO: Run Behavior\ShowPageTraceBehavior [ RunTime:0.001000s ]
INFO: [ app_end ] --END-- [ RunTime:0.001000s ]

[ 2017-07-24T16:07:00+08:00 ] 127.0.0.1 /index.php?m=activity&c=index&a=generateProgramCode
INFO: [ app_init ] --START--
INFO: Run Behavior\BuildLiteBehavior [ RunTime:0.000000s ]
INFO: [ app_init ] --END-- [ RunTime:0.001000s ]
INFO: [ app_begin ] --START--
INFO: Run Behavior\ReadHtmlCacheBehavior [ RunTime:0.000000s ]
INFO: [ app_begin ] --END-- [ RunTime:0.000000s ]
NOTIC: [2] http_build_query(): Parameter 1 expected to be Array or Object.  Incorrect value given E:\wwwroot\Application\Activity\Model\CommonModel.class.php 第 30 行.
INFO: [ app_end ] --START--
INFO: Run Behavior\ShowPageTraceBehavior [ RunTime:0.001000s ]
INFO: [ app_end ] --END-- [ RunTime:0.001000s ]

[ 2017-07-24T16:08:33+08:00 ] 127.0.0.1 /index.php?m=activity&c=index&a=generateProgramCode
INFO: [ app_init ] --START--
INFO: Run Behavior\BuildLiteBehavior [ RunTime:0.000000s ]
INFO: [ app_init ] --END-- [ RunTime:0.000000s ]
INFO: [ app_begin ] --START--
INFO: Run Behavior\ReadHtmlCacheBehavior [ RunTime:0.001000s ]
INFO: [ app_begin ] --END-- [ RunTime:0.001000s ]
NOTIC: [2] http_build_query(): Parameter 1 expected to be Array or Object.  Incorrect value given E:\wwwroot\Application\Activity\Model\CommonModel.class.php 第 29 行.
INFO: [ app_end ] --START--
INFO: Run Behavior\ShowPageTraceBehavior [ RunTime:0.002000s ]
INFO: [ app_end ] --END-- [ RunTime:0.002000s ]

[ 2017-07-24T16:09:43+08:00 ] 127.0.0.1 /index.php?m=activity&c=index&a=generateProgramCode
INFO: [ app_init ] --START--
INFO: Run Behavior\BuildLiteBehavior [ RunTime:0.000000s ]
INFO: [ app_init ] --END-- [ RunTime:0.000000s ]
INFO: [ app_begin ] --START--
INFO: Run Behavior\ReadHtmlCacheBehavior [ RunTime:0.001000s ]
INFO: [ app_begin ] --END-- [ RunTime:0.001000s ]
NOTIC: [2] http_build_query(): Parameter 1 expected to be Array or Object.  Incorrect value given E:\wwwroot\Application\Activity\Model\CommonModel.class.php 第 29 行.
INFO: [ app_end ] --START--
INFO: Run Behavior\ShowPageTraceBehavior [ RunTime:0.001000s ]
INFO: [ app_end ] --END-- [ RunTime:0.001000s ]

[ 2017-07-24T16:10:06+08:00 ] 127.0.0.1 /index.php?m=activity&c=index&a=generateProgramCode
INFO: [ app_init ] --START--
INFO: Run Behavior\BuildLiteBehavior [ RunTime:0.000000s ]
INFO: [ app_init ] --END-- [ RunTime:0.000000s ]
INFO: [ app_begin ] --START--
INFO: Run Behavior\ReadHtmlCacheBehavior [ RunTime:0.000000s ]
INFO: [ app_begin ] --END-- [ RunTime:0.000000s ]
NOTIC: [2] http_build_query(): Parameter 1 expected to be Array or Object.  Incorrect value given E:\wwwroot\Application\Activity\Model\CommonModel.class.php 第 29 行.
INFO: [ app_end ] --START--
INFO: Run Behavior\ShowPageTraceBehavior [ RunTime:0.001000s ]
INFO: [ app_end ] --END-- [ RunTime:0.001000s ]

[ 2017-07-24T16:10:08+08:00 ] 127.0.0.1 /index.php?m=activity&c=index&a=generateProgramCode
INFO: [ app_init ] --START--
INFO: Run Behavior\BuildLiteBehavior [ RunTime:0.000000s ]
INFO: [ app_init ] --END-- [ RunTime:0.001000s ]
INFO: [ app_begin ] --START--
INFO: Run Behavior\ReadHtmlCacheBehavior [ RunTime:0.001000s ]
INFO: [ app_begin ] --END-- [ RunTime:0.001000s ]
NOTIC: [2] http_build_query(): Parameter 1 expected to be Array or Object.  Incorrect value given E:\wwwroot\Application\Activity\Model\CommonModel.class.php 第 29 行.
INFO: [ app_end ] --START--
INFO: Run Behavior\ShowPageTraceBehavior [ RunTime:0.002000s ]
INFO: [ app_end ] --END-- [ RunTime:0.002000s ]

[ 2017-07-24T16:10:26+08:00 ] 127.0.0.1 /index.php?m=activity&c=index&a=generateProgramCode
INFO: [ app_init ] --START--
INFO: Run Behavior\BuildLiteBehavior [ RunTime:0.000000s ]
INFO: [ app_init ] --END-- [ RunTime:0.000000s ]
INFO: [ app_begin ] --START--
INFO: Run Behavior\ReadHtmlCacheBehavior [ RunTime:0.001000s ]
INFO: [ app_begin ] --END-- [ RunTime:0.001000s ]
NOTIC: [2] http_build_query(): Parameter 1 expected to be Array or Object.  Incorrect value given E:\wwwroot\Application\Activity\Model\CommonModel.class.php 第 29 行.
NOTIC: [2] http_build_query(): Parameter 1 expected to be Array or Object.  Incorrect value given E:\wwwroot\Application\Activity\Model\CommonModel.class.php 第 30 行.
INFO: [ app_end ] --START--
INFO: Run Behavior\ShowPageTraceBehavior [ RunTime:0.001000s ]
INFO: [ app_end ] --END-- [ RunTime:0.001000s ]

[ 2017-07-24T16:13:32+08:00 ] 127.0.0.1 /index.php?m=activity&c=index&a=generateProgramCode
INFO: [ app_init ] --START--
INFO: Run Behavior\BuildLiteBehavior [ RunTime:0.000000s ]
INFO: [ app_init ] --END-- [ RunTime:0.000000s ]
INFO: [ app_begin ] --START--
INFO: Run Behavior\ReadHtmlCacheBehavior [ RunTime:0.000000s ]
INFO: [ app_begin ] --END-- [ RunTime:0.000000s ]
NOTIC: [2] http_build_query(): Parameter 1 expected to be Array or Object.  Incorrect value given E:\wwwroot\Application\Activity\Model\CommonModel.class.php 第 30 行.
INFO: [ app_end ] --START--
INFO: Run Behavior\ShowPageTraceBehavior [ RunTime:0.000000s ]
INFO: [ app_end ] --END-- [ RunTime:0.000000s ]

[ 2017-07-24T16:13:48+08:00 ] 127.0.0.1 /index.php?m=activity&c=index&a=generateProgramCode
INFO: [ app_init ] --START--
INFO: Run Behavior\BuildLiteBehavior [ RunTime:0.000000s ]
INFO: [ app_init ] --END-- [ RunTime:0.001000s ]
INFO: [ app_begin ] --START--
INFO: Run Behavior\ReadHtmlCacheBehavior [ RunTime:0.001000s ]
INFO: [ app_begin ] --END-- [ RunTime:0.001000s ]
NOTIC: [2] http_build_query(): Parameter 1 expected to be Array or Object.  Incorrect value given E:\wwwroot\Application\Activity\Model\CommonModel.class.php 第 31 行.
INFO: [ app_end ] --START--
INFO: Run Behavior\ShowPageTraceBehavior [ RunTime:0.001000s ]
INFO: [ app_end ] --END-- [ RunTime:0.001000s ]

[ 2017-07-24T16:14:40+08:00 ] 127.0.0.1 /index.php?m=activity&c=index&a=generateProgramCode
INFO: [ app_init ] --START--
INFO: Run Behavior\BuildLiteBehavior [ RunTime:0.000000s ]
INFO: [ app_init ] --END-- [ RunTime:0.000000s ]
INFO: [ app_begin ] --START--
INFO: Run Behavior\ReadHtmlCacheBehavior [ RunTime:0.000000s ]
INFO: [ app_begin ] --END-- [ RunTime:0.000000s ]
INFO: [ app_end ] --START--
INFO: Run Behavior\ShowPageTraceBehavior [ RunTime:0.001000s ]
INFO: [ app_end ] --END-- [ RunTime:0.001000s ]

[ 2017-07-24T16:15:16+08:00 ] 127.0.0.1 /index.php?m=activity&c=index&a=generateProgramCode
INFO: [ app_init ] --START--
INFO: Run Behavior\BuildLiteBehavior [ RunTime:0.000000s ]
INFO: [ app_init ] --END-- [ RunTime:0.000000s ]
INFO: [ app_begin ] --START--
INFO: Run Behavior\ReadHtmlCacheBehavior [ RunTime:0.001000s ]
INFO: [ app_begin ] --END-- [ RunTime:0.001000s ]
INFO: [ app_end ] --START--
INFO: Run Behavior\ShowPageTraceBehavior [ RunTime:0.001000s ]
INFO: [ app_end ] --END-- [ RunTime:0.001000s ]

[ 2017-07-24T16:15:26+08:00 ] 127.0.0.1 /index.php?m=activity&c=index&a=generateProgramCode
INFO: [ app_init ] --START--
INFO: Run Behavior\BuildLiteBehavior [ RunTime:0.000000s ]
INFO: [ app_init ] --END-- [ RunTime:0.000000s ]
INFO: [ app_begin ] --START--
INFO: Run Behavior\ReadHtmlCacheBehavior [ RunTime:0.001000s ]
INFO: [ app_begin ] --END-- [ RunTime:0.001000s ]
INFO: [ app_end ] --START--
INFO: Run Behavior\ShowPageTraceBehavior [ RunTime:0.000000s ]
INFO: [ app_end ] --END-- [ RunTime:0.000000s ]

[ 2017-07-24T16:15:28+08:00 ] 127.0.0.1 /index.php?m=activity&c=index&a=generateProgramCode
INFO: [ app_init ] --START--
INFO: Run Behavior\BuildLiteBehavior [ RunTime:0.000000s ]
INFO: [ app_init ] --END-- [ RunTime:0.001000s ]
INFO: [ app_begin ] --START--
INFO: Run Behavior\ReadHtmlCacheBehavior [ RunTime:0.000000s ]
INFO: [ app_begin ] --END-- [ RunTime:0.000000s ]
INFO: [ app_end ] --START--
INFO: Run Behavior\ShowPageTraceBehavior [ RunTime:0.001000s ]
INFO: [ app_end ] --END-- [ RunTime:0.001000s ]

[ 2017-07-24T16:15:44+08:00 ] 127.0.0.1 /index.php?m=activity&c=index&a=generateProgramCode
INFO: [ app_init ] --START--
INFO: Run Behavior\BuildLiteBehavior [ RunTime:0.000000s ]
INFO: [ app_init ] --END-- [ RunTime:0.000000s ]
INFO: [ app_begin ] --START--
INFO: Run Behavior\ReadHtmlCacheBehavior [ RunTime:0.000000s ]
INFO: [ app_begin ] --END-- [ RunTime:0.000000s ]
INFO: [ app_end ] --START--
INFO: Run Behavior\ShowPageTraceBehavior [ RunTime:0.001000s ]
INFO: [ app_end ] --END-- [ RunTime:0.001000s ]

[ 2017-07-24T16:35:42+08:00 ] 127.0.0.1 /index.php?m=activity&c=index&a=generateProgramCode
INFO: [ app_init ] --START--
INFO: Run Behavior\BuildLiteBehavior [ RunTime:0.000000s ]
INFO: [ app_init ] --END-- [ RunTime:0.000000s ]
INFO: [ app_begin ] --START--
INFO: Run Behavior\ReadHtmlCacheBehavior [ RunTime:0.000000s ]
INFO: [ app_begin ] --END-- [ RunTime:0.000000s ]
INFO: [ app_end ] --START--
INFO: Run Behavior\ShowPageTraceBehavior [ RunTime:0.000000s ]
INFO: [ app_end ] --END-- [ RunTime:0.000000s ]

[ 2017-07-24T16:35:54+08:00 ] 127.0.0.1 /index.php?m=activity&c=index&a=generateProgramCode
INFO: [ app_init ] --START--
INFO: Run Behavior\BuildLiteBehavior [ RunTime:0.000000s ]
INFO: [ app_init ] --END-- [ RunTime:0.001000s ]
INFO: [ app_begin ] --START--
INFO: Run Behavior\ReadHtmlCacheBehavior [ RunTime:0.000000s ]
INFO: [ app_begin ] --END-- [ RunTime:0.000000s ]
INFO: [ app_end ] --START--
INFO: Run Behavior\ShowPageTraceBehavior [ RunTime:0.001000s ]
INFO: [ app_end ] --END-- [ RunTime:0.001000s ]

[ 2017-07-24T16:35:58+08:00 ] 127.0.0.1 /index.php?m=activity&c=index&a=generateProgramCode
INFO: [ app_init ] --START--
INFO: Run Behavior\BuildLiteBehavior [ RunTime:0.000000s ]
INFO: [ app_init ] --END-- [ RunTime:0.000000s ]
INFO: [ app_begin ] --START--
INFO: Run Behavior\ReadHtmlCacheBehavior [ RunTime:0.000000s ]
INFO: [ app_begin ] --END-- [ RunTime:0.000000s ]
INFO: [ app_end ] --START--
INFO: Run Behavior\ShowPageTraceBehavior [ RunTime:0.001000s ]
INFO: [ app_end ] --END-- [ RunTime:0.001000s ]

[ 2017-07-24T16:40:24+08:00 ] 127.0.0.1 /index.php?m=activity&c=index&a=generateProgramCode
INFO: [ app_init ] --START--
INFO: Run Behavior\BuildLiteBehavior [ RunTime:0.000000s ]
INFO: [ app_init ] --END-- [ RunTime:0.001000s ]
INFO: [ app_begin ] --START--
INFO: Run Behavior\ReadHtmlCacheBehavior [ RunTime:0.001000s ]
INFO: [ app_begin ] --END-- [ RunTime:0.001000s ]
INFO: [ app_end ] --START--
INFO: Run Behavior\ShowPageTraceBehavior [ RunTime:0.002000s ]
INFO: [ app_end ] --END-- [ RunTime:0.002000s ]

[ 2017-07-24T16:40:40+08:00 ] 127.0.0.1 /index.php?m=activity&c=index&a=generateProgramCode
INFO: [ app_init ] --START--
INFO: Run Behavior\BuildLiteBehavior [ RunTime:0.000000s ]
INFO: [ app_init ] --END-- [ RunTime:0.000000s ]
INFO: [ app_begin ] --START--
INFO: Run Behavior\ReadHtmlCacheBehavior [ RunTime:0.001000s ]
INFO: [ app_begin ] --END-- [ RunTime:0.001000s ]
INFO: [ app_end ] --START--
INFO: Run Behavior\ShowPageTraceBehavior [ RunTime:0.002001s ]
INFO: [ app_end ] --END-- [ RunTime:0.002001s ]

[ 2017-07-24T16:40:41+08:00 ] 127.0.0.1 /index.php?m=activity&c=index&a=generateProgramCode
INFO: [ app_init ] --START--
INFO: Run Behavior\BuildLiteBehavior [ RunTime:0.000000s ]
INFO: [ app_init ] --END-- [ RunTime:0.001000s ]
INFO: [ app_begin ] --START--
INFO: Run Behavior\ReadHtmlCacheBehavior [ RunTime:0.000000s ]
INFO: [ app_begin ] --END-- [ RunTime:0.000000s ]
INFO: [ app_end ] --START--
INFO: Run Behavior\ShowPageTraceBehavior [ RunTime:0.000000s ]
INFO: [ app_end ] --END-- [ RunTime:0.000000s ]

[ 2017-07-24T16:41:47+08:00 ] 127.0.0.1 /index.php?m=activity&c=index&a=generateProgramCode
INFO: [ app_init ] --START--
INFO: Run Behavior\BuildLiteBehavior [ RunTime:0.000000s ]
INFO: [ app_init ] --END-- [ RunTime:0.000000s ]
INFO: [ app_begin ] --START--
INFO: Run Behavior\ReadHtmlCacheBehavior [ RunTime:0.001000s ]
INFO: [ app_begin ] --END-- [ RunTime:0.001000s ]
INFO: [ app_end ] --START--
INFO: Run Behavior\ShowPageTraceBehavior [ RunTime:0.002000s ]
INFO: [ app_end ] --END-- [ RunTime:0.002000s ]

[ 2017-07-24T16:42:23+08:00 ] 127.0.0.1 /index.php?m=activity&c=index&a=generateProgramCode
INFO: [ app_init ] --START--
INFO: Run Behavior\BuildLiteBehavior [ RunTime:0.000000s ]
INFO: [ app_init ] --END-- [ RunTime:0.001000s ]
INFO: [ app_begin ] --START--
INFO: Run Behavior\ReadHtmlCacheBehavior [ RunTime:0.001000s ]
INFO: [ app_begin ] --END-- [ RunTime:0.001000s ]
INFO: [ app_end ] --START--
INFO: Run Behavior\ShowPageTraceBehavior [ RunTime:0.002000s ]
INFO: [ app_end ] --END-- [ RunTime:0.002000s ]

[ 2017-07-24T16:42:45+08:00 ] 127.0.0.1 /index.php?m=activity&c=index&a=generateProgramCode
INFO: [ app_init ] --START--
INFO: Run Behavior\BuildLiteBehavior [ RunTime:0.000000s ]
INFO: [ app_init ] --END-- [ RunTime:0.000000s ]
INFO: [ app_begin ] --START--
INFO: Run Behavior\ReadHtmlCacheBehavior [ RunTime:0.001000s ]
INFO: [ app_begin ] --END-- [ RunTime:0.001000s ]
INFO: [ app_end ] --START--
INFO: Run Behavior\ShowPageTraceBehavior [ RunTime:0.000000s ]
INFO: [ app_end ] --END-- [ RunTime:0.001000s ]

[ 2017-07-24T16:43:12+08:00 ] 127.0.0.1 /index.php?m=activity&c=index&a=generateProgramCode
INFO: [ app_init ] --START--
INFO: Run Behavior\BuildLiteBehavior [ RunTime:0.000000s ]
INFO: [ app_init ] --END-- [ RunTime:0.001000s ]
INFO: [ app_begin ] --START--
INFO: Run Behavior\ReadHtmlCacheBehavior [ RunTime:0.001001s ]
INFO: [ app_begin ] --END-- [ RunTime:0.001001s ]
INFO: [ app_end ] --START--
INFO: Run Behavior\ShowPageTraceBehavior [ RunTime:0.002000s ]
INFO: [ app_end ] --END-- [ RunTime:0.002000s ]

[ 2017-07-24T16:50:46+08:00 ] 127.0.0.1 /index.php?m=activity&c=index&a=generateProgramCode
INFO: [ app_init ] --START--
INFO: Run Behavior\BuildLiteBehavior [ RunTime:0.000000s ]
INFO: [ app_init ] --END-- [ RunTime:0.001000s ]
INFO: [ app_begin ] --START--
INFO: Run Behavior\ReadHtmlCacheBehavior [ RunTime:0.000000s ]
INFO: [ app_begin ] --END-- [ RunTime:0.001000s ]
NOTIC: [2] fopen(/Public/image/program/29.png): failed to open stream: No such file or directory E:\wwwroot\Application\Activity\Controller\IndexController.class.php 第 592 行.

[ 2017-07-24T16:51:07+08:00 ] 127.0.0.1 /index.php?m=activity&c=index&a=generateProgramCode
INFO: [ app_init ] --START--
INFO: Run Behavior\BuildLiteBehavior [ RunTime:0.000000s ]
INFO: [ app_init ] --END-- [ RunTime:0.001000s ]
INFO: [ app_begin ] --START--
INFO: Run Behavior\ReadHtmlCacheBehavior [ RunTime:0.000000s ]
INFO: [ app_begin ] --END-- [ RunTime:0.000000s ]
NOTIC: [2] fopen(../Public/image/program/29.png): failed to open stream: No such file or directory E:\wwwroot\Application\Activity\Controller\IndexController.class.php 第 592 行.

[ 2017-07-24T16:51:14+08:00 ] 127.0.0.1 /index.php?m=activity&c=index&a=generateProgramCode
INFO: [ app_init ] --START--
INFO: Run Behavior\BuildLiteBehavior [ RunTime:0.000000s ]
INFO: [ app_init ] --END-- [ RunTime:0.000000s ]
INFO: [ app_begin ] --START--
INFO: Run Behavior\ReadHtmlCacheBehavior [ RunTime:0.000000s ]
INFO: [ app_begin ] --END-- [ RunTime:0.000000s ]
NOTIC: [2] fopen(../../Public/image/program/29.png): failed to open stream: No such file or directory E:\wwwroot\Application\Activity\Controller\IndexController.class.php 第 592 行.

[ 2017-07-24T16:54:42+08:00 ] 127.0.0.1 /index.php?m=activity&c=index&a=generateProgramCode
INFO: [ app_init ] --START--
INFO: Run Behavior\BuildLiteBehavior [ RunTime:0.000000s ]
INFO: [ app_init ] --END-- [ RunTime:0.000000s ]
INFO: [ app_begin ] --START--
INFO: Run Behavior\ReadHtmlCacheBehavior [ RunTime:0.000000s ]
INFO: [ app_begin ] --END-- [ RunTime:0.000000s ]
NOTIC: [2] fopen(../../Public/image/program/29.png): failed to open stream: No such file or directory E:\wwwroot\Application\Activity\Controller\IndexController.class.php 第 593 行.

[ 2017-07-24T16:56:13+08:00 ] 127.0.0.1 /index.php?m=activity&c=index&a=generateProgramCode
INFO: [ app_init ] --START--
INFO: Run Behavior\BuildLiteBehavior [ RunTime:0.000000s ]
INFO: [ app_init ] --END-- [ RunTime:0.000000s ]
INFO: [ app_begin ] --START--
INFO: Run Behavior\ReadHtmlCacheBehavior [ RunTime:0.000000s ]
INFO: [ app_begin ] --END-- [ RunTime:0.000000s ]
NOTIC: [2] fopen(../../../Public/image/program/29.png): failed to open stream: No such file or directory E:\wwwroot\Application\Activity\Controller\IndexController.class.php 第 593 行.

[ 2017-07-24T16:57:08+08:00 ] 127.0.0.1 /index.php?m=activity&c=index&a=generateProgramCode
INFO: [ app_init ] --START--
INFO: Run Behavior\BuildLiteBehavior [ RunTime:0.001000s ]
INFO: [ app_init ] --END-- [ RunTime:0.001000s ]
INFO: [ app_begin ] --START--
INFO: Run Behavior\ReadHtmlCacheBehavior [ RunTime:0.000000s ]
INFO: [ app_begin ] --END-- [ RunTime:0.000000s ]
NOTIC: [2] fopen(/Public/image/program29.png): failed to open stream: No such file or directory E:\wwwroot\Application\Activity\Controller\IndexController.class.php 第 593 行.

[ 2017-07-24T16:57:14+08:00 ] 127.0.0.1 /index.php?m=activity&c=index&a=generateProgramCode
INFO: [ app_init ] --START--
INFO: Run Behavior\BuildLiteBehavior [ RunTime:0.000000s ]
INFO: [ app_init ] --END-- [ RunTime:0.000000s ]
INFO: [ app_begin ] --START--
INFO: Run Behavior\ReadHtmlCacheBehavior [ RunTime:0.000000s ]
INFO: [ app_begin ] --END-- [ RunTime:0.000000s ]
NOTIC: [2] fopen(/Public/image/program/29.png): failed to open stream: No such file or directory E:\wwwroot\Application\Activity\Controller\IndexController.class.php 第 593 行.

[ 2017-07-24T16:57:19+08:00 ] 127.0.0.1 /index.php?m=activity&c=index&a=generateProgramCode
INFO: [ app_init ] --START--
INFO: Run Behavior\BuildLiteBehavior [ RunTime:0.000000s ]
INFO: [ app_init ] --END-- [ RunTime:0.001000s ]
INFO: [ app_begin ] --START--
INFO: Run Behavior\ReadHtmlCacheBehavior [ RunTime:0.000000s ]
INFO: [ app_begin ] --END-- [ RunTime:0.001000s ]
INFO: [ app_end ] --START--
INFO: Run Behavior\ShowPageTraceBehavior [ RunTime:0.001000s ]
INFO: [ app_end ] --END-- [ RunTime:0.001000s ]

[ 2017-07-24T16:57:21+08:00 ] 127.0.0.1 /index.php?m=activity&c=index&a=generateProgramCode
INFO: [ app_init ] --START--
INFO: Run Behavior\BuildLiteBehavior [ RunTime:0.000000s ]
INFO: [ app_init ] --END-- [ RunTime:0.001001s ]
INFO: [ app_begin ] --START--
INFO: Run Behavior\ReadHtmlCacheBehavior [ RunTime:0.000000s ]
INFO: [ app_begin ] --END-- [ RunTime:0.000000s ]
INFO: [ app_end ] --START--
INFO: Run Behavior\ShowPageTraceBehavior [ RunTime:0.000000s ]
INFO: [ app_end ] --END-- [ RunTime:0.000000s ]

[ 2017-07-24T16:57:41+08:00 ] 127.0.0.1 /index.php?m=activity&c=index&a=generateProgramCode
INFO: [ app_init ] --START--
INFO: Run Behavior\BuildLiteBehavior [ RunTime:0.000000s ]
INFO: [ app_init ] --END-- [ RunTime:0.000000s ]
INFO: [ app_begin ] --START--
INFO: Run Behavior\ReadHtmlCacheBehavior [ RunTime:0.000000s ]
INFO: [ app_begin ] --END-- [ RunTime:0.000000s ]
INFO: [ app_end ] --START--
INFO: Run Behavior\ShowPageTraceBehavior [ RunTime:0.002000s ]
INFO: [ app_end ] --END-- [ RunTime:0.002000s ]

[ 2017-07-24T17:06:20+08:00 ] 127.0.0.1 /index.php?m=activity&c=index&a=generateProgramCode
INFO: [ app_init ] --START--
INFO: Run Behavior\BuildLiteBehavior [ RunTime:0.000000s ]
INFO: [ app_init ] --END-- [ RunTime:0.001000s ]
INFO: [ app_begin ] --START--
INFO: Run Behavior\ReadHtmlCacheBehavior [ RunTime:0.001000s ]
INFO: [ app_begin ] --END-- [ RunTime:0.001000s ]
SQL: SHOW COLUMNS FROM `zk_tasks` [ RunTime:0.0040s ]
SQL: UPDATE `zk_tasks` SET `program_code`='127.0.0.1/Public/image/program/29.png' WHERE ( tasks_id = 29 ) [ RunTime:0.0870s ]
INFO: [ app_end ] --START--
INFO: Run Behavior\ShowPageTraceBehavior [ RunTime:0.002000s ]
INFO: [ app_end ] --END-- [ RunTime:0.002000s ]

[ 2017-07-24T17:06:55+08:00 ] 127.0.0.1 /index.php?m=activity&c=index&a=generateProgramCode
INFO: [ app_init ] --START--
INFO: Run Behavior\BuildLiteBehavior [ RunTime:0.001000s ]
INFO: [ app_init ] --END-- [ RunTime:0.001000s ]
INFO: [ app_begin ] --START--
INFO: Run Behavior\ReadHtmlCacheBehavior [ RunTime:0.000000s ]
INFO: [ app_begin ] --END-- [ RunTime:0.000000s ]
SQL: SHOW COLUMNS FROM `zk_tasks` [ RunTime:0.0130s ]
SQL: UPDATE `zk_tasks` SET `program_code`='http://127.0.0.1/Public/image/program/29.png' WHERE ( tasks_id = 29 ) [ RunTime:0.0580s ]
INFO: [ app_end ] --START--
INFO: Run Behavior\ShowPageTraceBehavior [ RunTime:0.001000s ]
INFO: [ app_end ] --END-- [ RunTime:0.001000s ]

