[ 2017-08-01T10:37:47+08:00 ] 192.168.100.252 /index.php?m=activity&c=user&a=index
INFO: [ app_init ] --START--
INFO: Run Behavior\BuildLiteBehavior [ RunTime:0.000000s ]
INFO: [ app_init ] --END-- [ RunTime:0.000000s ]
INFO: [ app_begin ] --START--
INFO: Run Behavior\ReadHtmlCacheBehavior [ RunTime:0.000000s ]
INFO: [ app_begin ] --END-- [ RunTime:0.000000s ]
SQL: SHOW COLUMNS FROM `zk_session` [ RunTime:0.0050s ]
SQL: SELECT * FROM `zk_session` WHERE `skey` = 'bd0501182a03df0dec70e16d54bdeeed' LIMIT 1   [ RunTime:0.0000s ]
SQL: SHOW COLUMNS FROM `zk_user` [ RunTime:0.0040s ]
SQL: SELECT * FROM `zk_user` WHERE `openid` = 'oUpv60E98MOGnr9Z9Ele1UYroiLQ' LIMIT 1   [ RunTime:0.0000s ]
SQL: SHOW COLUMNS FROM `zk_enrol` [ RunTime:0.0060s ]
SQL: SELECT * FROM `zk_enrol` WHERE ( user_id = 24 )  [ RunTime:0.0010s ]
SQL: SHOW COLUMNS FROM `zk_tasks` [ RunTime:0.0060s ]
SQL: SELECT * FROM `zk_tasks` WHERE ( tasks_id = 29 ) LIMIT 1   [ RunTime:0.0010s ]
SQL: SELECT * FROM `zk_tasks` WHERE ( tasks_id = 31 ) LIMIT 1   [ RunTime:0.0000s ]
SQL: SELECT * FROM `zk_tasks` WHERE ( tasks_id = 31 ) LIMIT 1   [ RunTime:0.0000s ]
SQL: SELECT * FROM `zk_tasks` WHERE ( tasks_id = 31 ) LIMIT 1   [ RunTime:0.0000s ]
SQL: SELECT * FROM `zk_tasks` WHERE ( tasks_id = 31 ) LIMIT 1   [ RunTime:0.0000s ]
SQL: SELECT * FROM `zk_tasks` WHERE ( tasks_id = 29 ) LIMIT 1   [ RunTime:0.0000s ]
SQL: SELECT * FROM `zk_tasks` WHERE ( tasks_id = 29 ) LIMIT 1   [ RunTime:0.0000s ]
SQL: SELECT * FROM `zk_tasks` WHERE ( tasks_id = 29 ) LIMIT 1   [ RunTime:0.0000s ]
SQL: SELECT * FROM `zk_tasks` WHERE ( tasks_id = 29 ) LIMIT 1   [ RunTime:0.0000s ]
SQL: SELECT * FROM `zk_tasks` WHERE ( tasks_id = 29 ) LIMIT 1   [ RunTime:0.0010s ]
SQL: SELECT * FROM `zk_tasks` WHERE ( tasks_id = 29 ) LIMIT 1   [ RunTime:0.0000s ]
SQL: SELECT * FROM `zk_tasks` WHERE ( tasks_id = 29 ) LIMIT 1   [ RunTime:0.0000s ]
SQL: SELECT * FROM `zk_tasks` WHERE ( tasks_id = 29 ) LIMIT 1   [ RunTime:0.0000s ]
SQL: SELECT * FROM `zk_tasks` WHERE ( tasks_id = 29 ) LIMIT 1   [ RunTime:0.0000s ]
SQL: SELECT * FROM `zk_tasks` WHERE ( tasks_id = 29 ) LIMIT 1   [ RunTime:0.0000s ]
SQL: SELECT * FROM `zk_tasks` WHERE ( tasks_id = 29 ) LIMIT 1   [ RunTime:0.0000s ]
SQL: SELECT * FROM `zk_tasks` WHERE ( tasks_id = 29 ) LIMIT 1   [ RunTime:0.0000s ]
SQL: SELECT * FROM `zk_tasks` WHERE ( tasks_id = 29 ) LIMIT 1   [ RunTime:0.0000s ]
SQL: SELECT * FROM `zk_tasks` WHERE ( tasks_id = 29 ) LIMIT 1   [ RunTime:0.0000s ]
SQL: SELECT * FROM `zk_tasks` WHERE ( tasks_id = 29 ) LIMIT 1   [ RunTime:0.0000s ]
SQL: SELECT * FROM `zk_user` ORDER BY rankmoney desc  [ RunTime:0.0000s ]

[ 2017-08-01T10:37:47+08:00 ] 192.168.100.252 /index.php?m=activity&c=index&a=setSign
INFO: [ app_init ] --START--
INFO: Run Behavior\BuildLiteBehavior [ RunTime:0.000000s ]
INFO: [ app_init ] --END-- [ RunTime:0.001000s ]
INFO: [ app_begin ] --START--
INFO: Run Behavior\ReadHtmlCacheBehavior [ RunTime:0.001000s ]
INFO: [ app_begin ] --END-- [ RunTime:0.001000s ]
SQL: SHOW COLUMNS FROM `zk_session` [ RunTime:0.0100s ]
SQL: SELECT * FROM `zk_session` WHERE `skey` = 'bd0501182a03df0dec70e16d54bdeeed' LIMIT 1   [ RunTime:0.0000s ]
SQL: SHOW COLUMNS FROM `zk_user` [ RunTime:0.0050s ]
SQL: SELECT * FROM `zk_user` WHERE `openid` = 'oUpv60E98MOGnr9Z9Ele1UYroiLQ' LIMIT 1   [ RunTime:0.0000s ]
SQL: SHOW COLUMNS FROM `zk_enrol` [ RunTime:0.0040s ]
NOTIC: 建议使用E方法替代throw_exception

[ 2017-08-01T17:04:11+08:00 ] 192.168.100.252 /index.php?m=activity&c=user&a=saveUserInfo
INFO: [ app_init ] --START--
INFO: Run Behavior\BuildLiteBehavior [ RunTime:0.000000s ]
INFO: [ app_init ] --END-- [ RunTime:0.000000s ]
INFO: [ app_begin ] --START--
INFO: Run Behavior\ReadHtmlCacheBehavior [ RunTime:0.001000s ]
INFO: [ app_begin ] --END-- [ RunTime:0.001000s ]

[ 2017-08-01T17:05:20+08:00 ] 192.168.100.252 /index.php?m=activity&c=user&a=saveUserInfo
INFO: [ app_init ] --START--
INFO: Run Behavior\BuildLiteBehavior [ RunTime:0.000000s ]
INFO: [ app_init ] --END-- [ RunTime:0.001000s ]
INFO: [ app_begin ] --START--
INFO: Run Behavior\ReadHtmlCacheBehavior [ RunTime:0.000000s ]
INFO: [ app_begin ] --END-- [ RunTime:0.000000s ]

[ 2017-08-01T17:06:46+08:00 ] 192.168.100.252 /index.php?m=activity&c=user&a=saveUserInfo
INFO: [ app_init ] --START--
INFO: Run Behavior\BuildLiteBehavior [ RunTime:0.000000s ]
INFO: [ app_init ] --END-- [ RunTime:0.000000s ]
INFO: [ app_begin ] --START--
INFO: Run Behavior\ReadHtmlCacheBehavior [ RunTime:0.000000s ]
INFO: [ app_begin ] --END-- [ RunTime:0.000000s ]

[ 2017-08-01T17:07:17+08:00 ] 192.168.100.252 /index.php?m=activity&c=user&a=saveUserInfo
INFO: [ app_init ] --START--
INFO: Run Behavior\BuildLiteBehavior [ RunTime:0.000000s ]
INFO: [ app_init ] --END-- [ RunTime:0.001000s ]
INFO: [ app_begin ] --START--
INFO: Run Behavior\ReadHtmlCacheBehavior [ RunTime:0.000000s ]
INFO: [ app_begin ] --END-- [ RunTime:0.000000s ]

[ 2017-08-01T17:07:44+08:00 ] 192.168.100.252 /index.php?m=activity&c=user&a=saveUserInfo
INFO: [ app_init ] --START--
INFO: Run Behavior\BuildLiteBehavior [ RunTime:0.000000s ]
INFO: [ app_init ] --END-- [ RunTime:0.000000s ]
INFO: [ app_begin ] --START--
INFO: Run Behavior\ReadHtmlCacheBehavior [ RunTime:0.000000s ]
INFO: [ app_begin ] --END-- [ RunTime:0.000000s ]

[ 2017-08-01T17:08:42+08:00 ] 192.168.100.252 /index.php?m=activity&c=user&a=saveUserInfo
INFO: [ app_init ] --START--
INFO: Run Behavior\BuildLiteBehavior [ RunTime:0.000000s ]
INFO: [ app_init ] --END-- [ RunTime:0.000000s ]
INFO: [ app_begin ] --START--
INFO: Run Behavior\ReadHtmlCacheBehavior [ RunTime:0.000000s ]
INFO: [ app_begin ] --END-- [ RunTime:0.000000s ]

[ 2017-08-01T17:09:08+08:00 ] 192.168.100.252 /index.php?m=activity&c=user&a=saveUserInfo
INFO: [ app_init ] --START--
INFO: Run Behavior\BuildLiteBehavior [ RunTime:0.000000s ]
INFO: [ app_init ] --END-- [ RunTime:0.001000s ]
INFO: [ app_begin ] --START--
INFO: Run Behavior\ReadHtmlCacheBehavior [ RunTime:0.001000s ]
INFO: [ app_begin ] --END-- [ RunTime:0.001000s ]

[ 2017-08-01T17:10:46+08:00 ] 192.168.100.252 /index.php?m=activity&c=user&a=saveUserInfo
INFO: [ app_init ] --START--
INFO: Run Behavior\BuildLiteBehavior [ RunTime:0.000000s ]
INFO: [ app_init ] --END-- [ RunTime:0.000000s ]
INFO: [ app_begin ] --START--
INFO: Run Behavior\ReadHtmlCacheBehavior [ RunTime:0.000000s ]
INFO: [ app_begin ] --END-- [ RunTime:0.000000s ]

[ 2017-08-01T17:12:58+08:00 ] 192.168.100.252 /index.php?m=activity&c=user&a=saveUserInfo
INFO: [ app_init ] --START--
INFO: Run Behavior\BuildLiteBehavior [ RunTime:0.000000s ]
INFO: [ app_init ] --END-- [ RunTime:0.000000s ]
INFO: [ app_begin ] --START--
INFO: Run Behavior\ReadHtmlCacheBehavior [ RunTime:0.000000s ]
INFO: [ app_begin ] --END-- [ RunTime:0.000000s ]

[ 2017-08-01T17:13:38+08:00 ] 192.168.100.252 /index.php?m=activity&c=user&a=saveUserInfo
INFO: [ app_init ] --START--
INFO: Run Behavior\BuildLiteBehavior [ RunTime:0.000000s ]
INFO: [ app_init ] --END-- [ RunTime:0.000000s ]
INFO: [ app_begin ] --START--
INFO: Run Behavior\ReadHtmlCacheBehavior [ RunTime:0.000000s ]
INFO: [ app_begin ] --END-- [ RunTime:0.000000s ]

[ 2017-08-01T17:14:09+08:00 ] 192.168.100.252 /index.php?m=activity&c=user&a=saveUserInfo
INFO: [ app_init ] --START--
INFO: Run Behavior\BuildLiteBehavior [ RunTime:0.000000s ]
INFO: [ app_init ] --END-- [ RunTime:0.000000s ]
INFO: [ app_begin ] --START--
INFO: Run Behavior\ReadHtmlCacheBehavior [ RunTime:0.000000s ]
INFO: [ app_begin ] --END-- [ RunTime:0.000000s ]

[ 2017-08-01T17:18:17+08:00 ] 192.168.100.252 /index.php?m=activity&c=user&a=saveUserInfo
INFO: [ app_init ] --START--
INFO: Run Behavior\BuildLiteBehavior [ RunTime:0.001000s ]
INFO: [ app_init ] --END-- [ RunTime:0.001000s ]
INFO: [ app_begin ] --START--
INFO: Run Behavior\ReadHtmlCacheBehavior [ RunTime:0.001000s ]
INFO: [ app_begin ] --END-- [ RunTime:0.001000s ]

[ 2017-08-01T17:20:22+08:00 ] 192.168.100.252 /index.php?m=activity&c=user&a=saveUserInfo
INFO: [ app_init ] --START--
INFO: Run Behavior\BuildLiteBehavior [ RunTime:0.001000s ]
INFO: [ app_init ] --END-- [ RunTime:0.001000s ]
INFO: [ app_begin ] --START--
INFO: Run Behavior\ReadHtmlCacheBehavior [ RunTime:0.001000s ]
INFO: [ app_begin ] --END-- [ RunTime:0.001000s ]

[ 2017-08-01T17:20:43+08:00 ] 192.168.100.252 /index.php?m=activity&c=user&a=saveUserInfo
INFO: [ app_init ] --START--
INFO: Run Behavior\BuildLiteBehavior [ RunTime:0.000000s ]
INFO: [ app_init ] --END-- [ RunTime:0.000000s ]
INFO: [ app_begin ] --START--
INFO: Run Behavior\ReadHtmlCacheBehavior [ RunTime:0.000000s ]
INFO: [ app_begin ] --END-- [ RunTime:0.000000s ]

[ 2017-08-01T17:21:34+08:00 ] 192.168.100.252 /index.php?m=activity&c=user&a=saveUserInfo
INFO: [ app_init ] --START--
INFO: Run Behavior\BuildLiteBehavior [ RunTime:0.000000s ]
INFO: [ app_init ] --END-- [ RunTime:0.001000s ]
INFO: [ app_begin ] --START--
INFO: Run Behavior\ReadHtmlCacheBehavior [ RunTime:0.000000s ]
INFO: [ app_begin ] --END-- [ RunTime:0.000000s ]

