[ 2017-08-10T09:02:14+08:00 ] 192.168.100.252 /index.php?m=activity&c=user&a=saveUserInfo
INFO: [ app_init ] --START--
INFO: Run Behavior\BuildLiteBehavior [ RunTime:0.000000s ]
INFO: [ app_init ] --END-- [ RunTime:0.001000s ]
INFO: [ app_begin ] --START--
INFO: Run Behavior\ReadHtmlCacheBehavior [ RunTime:0.000000s ]
INFO: [ app_begin ] --END-- [ RunTime:0.000000s ]
SQL: SHOW COLUMNS FROM `zk_session` [ RunTime:0.0020s ]
SQL: SELECT * FROM `zk_session` WHERE `skey` = '4db2c0f0e3630d10167167021aedca48' LIMIT 1   [ RunTime:0.0000s ]
INFO: [ app_end ] --START--
INFO: Run Behavior\ShowPageTraceBehavior [ RunTime:0.003000s ]
INFO: [ app_end ] --END-- [ RunTime:0.003000s ]

[ 2017-08-10T09:02:15+08:00 ] 192.168.100.252 /index.php?m=activity&c=index&a=getActivityForms
INFO: [ app_init ] --START--
INFO: Run Behavior\BuildLiteBehavior [ RunTime:0.000000s ]
INFO: [ app_init ] --END-- [ RunTime:0.000000s ]
INFO: [ app_begin ] --START--
INFO: Run Behavior\ReadHtmlCacheBehavior [ RunTime:0.000000s ]
INFO: [ app_begin ] --END-- [ RunTime:0.001000s ]
SQL: SHOW COLUMNS FROM `zk_tasks` [ RunTime:0.0240s ]
SQL: SELECT * FROM `zk_tasks` WHERE ( tasks_id = 29 ) LIMIT 1   [ RunTime:0.0010s ]
SQL: SHOW COLUMNS FROM `zk_enrol_k` [ RunTime:0.0250s ]
SQL: SELECT * FROM `zk_enrol_k` WHERE ( tasks_id = 29 )  [ RunTime:0.0010s ]
SQL: SHOW COLUMNS FROM `zk_enrol_name` [ RunTime:0.0640s ]
SQL: SELECT * FROM `zk_enrol_name` WHERE `name_id` IN ('1','2','3','4','5','7','9','10','11','12','13','14','15','16','18')  [ RunTime:0.0010s ]
SQL: SHOW COLUMNS FROM `zk_project` [ RunTime:0.0030s ]
SQL: SELECT * FROM `zk_project` WHERE ( project_id = 5 ) LIMIT 1   [ RunTime:0.0000s ]

[ 2017-08-10T09:11:56+08:00 ] 192.168.100.252 /index.php?m=activity&c=user&a=saveUserInfo
INFO: [ app_init ] --START--
INFO: Run Behavior\BuildLiteBehavior [ RunTime:0.000000s ]
INFO: [ app_init ] --END-- [ RunTime:0.000000s ]
INFO: [ app_begin ] --START--
INFO: Run Behavior\ReadHtmlCacheBehavior [ RunTime:0.001000s ]
INFO: [ app_begin ] --END-- [ RunTime:0.001000s ]
SQL: SHOW COLUMNS FROM `zk_session` [ RunTime:0.0020s ]
SQL: SELECT * FROM `zk_session` WHERE `skey` = '220dcd1c98fc19afaff95903cc6859d9' LIMIT 1   [ RunTime:0.0010s ]
SQL: SHOW COLUMNS FROM `zk_user` [ RunTime:0.0030s ]
SQL: SELECT * FROM `zk_user` WHERE `openid` = 'oUpv60E98MOGnr9Z9Ele1UYroiLQ' LIMIT 1   [ RunTime:0.0000s ]
SQL: UPDATE `zk_user` SET `avatarurl`='https://wx.qlogo.cn/mmopen/vi_32/DYAIOgq83er4x36mk2xTodbZAMfacwkteMiar5eGznmgpxK8IU9cGjProxNiao6qRUlymgKkQgBRjXOWQxm3aPkA/0',`nick_name`='刘泽中' WHERE `openid` = 'oUpv60E98MOGnr9Z9Ele1UYroiLQ' [ RunTime:0.4140s ]
INFO: [ app_end ] --START--
INFO: Run Behavior\ShowPageTraceBehavior [ RunTime:0.002000s ]
INFO: [ app_end ] --END-- [ RunTime:0.002000s ]

[ 2017-08-10T09:11:57+08:00 ] 192.168.100.252 /index.php?m=activity&c=index&a=getActivityForms
INFO: [ app_init ] --START--
INFO: Run Behavior\BuildLiteBehavior [ RunTime:0.000000s ]
INFO: [ app_init ] --END-- [ RunTime:0.001000s ]
INFO: [ app_begin ] --START--
INFO: Run Behavior\ReadHtmlCacheBehavior [ RunTime:0.000000s ]
INFO: [ app_begin ] --END-- [ RunTime:0.000000s ]
SQL: SHOW COLUMNS FROM `zk_tasks` [ RunTime:0.0030s ]
SQL: SELECT * FROM `zk_tasks` WHERE ( tasks_id = 29 ) LIMIT 1   [ RunTime:0.0010s ]
SQL: SHOW COLUMNS FROM `zk_enrol_k` [ RunTime:0.0060s ]
SQL: SELECT * FROM `zk_enrol_k` WHERE ( tasks_id = 29 )  [ RunTime:0.0020s ]
SQL: SHOW COLUMNS FROM `zk_enrol_name` [ RunTime:0.0030s ]
SQL: SELECT * FROM `zk_enrol_name` WHERE `name_id` IN ('1','2','3','4','5','7','9','10','11','12','13','14','15','16','18')  [ RunTime:0.0000s ]
SQL: SHOW COLUMNS FROM `zk_project` [ RunTime:0.0080s ]
SQL: SELECT * FROM `zk_project` WHERE ( project_id = 5 ) LIMIT 1   [ RunTime:0.0020s ]

[ 2017-08-10T09:14:28+08:00 ] 192.168.100.252 /index.php?m=activity&c=user&a=saveUserInfo
INFO: [ app_init ] --START--
INFO: Run Behavior\BuildLiteBehavior [ RunTime:0.000000s ]
INFO: [ app_init ] --END-- [ RunTime:0.001000s ]
INFO: [ app_begin ] --START--
INFO: Run Behavior\ReadHtmlCacheBehavior [ RunTime:0.000000s ]
INFO: [ app_begin ] --END-- [ RunTime:0.001000s ]
SQL: SHOW COLUMNS FROM `zk_session` [ RunTime:0.0030s ]
SQL: SELECT * FROM `zk_session` WHERE `skey` = '220dcd1c98fc19afaff95903cc6859d9' LIMIT 1   [ RunTime:0.0000s ]
SQL: SHOW COLUMNS FROM `zk_user` [ RunTime:0.0030s ]
SQL: SELECT * FROM `zk_user` WHERE `openid` = 'oUpv60E98MOGnr9Z9Ele1UYroiLQ' LIMIT 1   [ RunTime:0.0000s ]
SQL: UPDATE `zk_user` SET `avatarurl`='https://wx.qlogo.cn/mmopen/vi_32/DYAIOgq83er4x36mk2xTodbZAMfacwkteMiar5eGznmgpxK8IU9cGjProxNiao6qRUlymgKkQgBRjXOWQxm3aPkA/0',`nick_name`='刘泽中' WHERE `openid` = 'oUpv60E98MOGnr9Z9Ele1UYroiLQ' [ RunTime:0.0770s ]
INFO: [ app_end ] --START--
INFO: Run Behavior\ShowPageTraceBehavior [ RunTime:0.000000s ]
INFO: [ app_end ] --END-- [ RunTime:0.000000s ]

[ 2017-08-10T09:14:28+08:00 ] 192.168.100.252 /index.php?m=activity&c=index&a=getActivityForms
INFO: [ app_init ] --START--
INFO: Run Behavior\BuildLiteBehavior [ RunTime:0.000000s ]
INFO: [ app_init ] --END-- [ RunTime:0.000000s ]
INFO: [ app_begin ] --START--
INFO: Run Behavior\ReadHtmlCacheBehavior [ RunTime:0.000000s ]
INFO: [ app_begin ] --END-- [ RunTime:0.000000s ]
SQL: SHOW COLUMNS FROM `zk_tasks` [ RunTime:0.0030s ]
SQL: SELECT * FROM `zk_tasks` WHERE ( tasks_id = 29 ) LIMIT 1   [ RunTime:0.0000s ]
SQL: SHOW COLUMNS FROM `zk_enrol_k` [ RunTime:0.0020s ]
SQL: SELECT * FROM `zk_enrol_k` WHERE ( tasks_id = 29 )  [ RunTime:0.0000s ]
SQL: SHOW COLUMNS FROM `zk_enrol_name` [ RunTime:0.0020s ]
SQL: SELECT * FROM `zk_enrol_name` WHERE `name_id` IN ('1','2','3','4','5','7','9','10','11','12','13','14','15','16','18')  [ RunTime:0.0010s ]
SQL: SHOW COLUMNS FROM `zk_project` [ RunTime:0.0030s ]
SQL: SELECT * FROM `zk_project` WHERE ( project_id = 5 ) LIMIT 1   [ RunTime:0.0000s ]

[ 2017-08-10T09:15:09+08:00 ] 192.168.100.252 /index.php?m=activity&c=user&a=saveUserInfo
INFO: [ app_init ] --START--
INFO: Run Behavior\BuildLiteBehavior [ RunTime:0.000000s ]
INFO: [ app_init ] --END-- [ RunTime:0.000000s ]
INFO: [ app_begin ] --START--
INFO: Run Behavior\ReadHtmlCacheBehavior [ RunTime:0.000000s ]
INFO: [ app_begin ] --END-- [ RunTime:0.000000s ]
SQL: SHOW COLUMNS FROM `zk_session` [ RunTime:0.0020s ]
SQL: SELECT * FROM `zk_session` WHERE `skey` = '220dcd1c98fc19afaff95903cc6859d9' LIMIT 1   [ RunTime:0.0000s ]
SQL: SHOW COLUMNS FROM `zk_user` [ RunTime:0.0030s ]
SQL: SELECT * FROM `zk_user` WHERE `openid` = 'oUpv60E98MOGnr9Z9Ele1UYroiLQ' LIMIT 1   [ RunTime:0.0010s ]
SQL: UPDATE `zk_user` SET `avatarurl`='https://wx.qlogo.cn/mmopen/vi_32/DYAIOgq83er4x36mk2xTodbZAMfacwkteMiar5eGznmgpxK8IU9cGjProxNiao6qRUlymgKkQgBRjXOWQxm3aPkA/0',`nick_name`='刘泽中' WHERE `openid` = 'oUpv60E98MOGnr9Z9Ele1UYroiLQ' [ RunTime:0.0700s ]
INFO: [ app_end ] --START--
INFO: Run Behavior\ShowPageTraceBehavior [ RunTime:0.001000s ]
INFO: [ app_end ] --END-- [ RunTime:0.001000s ]

[ 2017-08-10T09:15:09+08:00 ] 192.168.100.252 /index.php?m=activity&c=index&a=getActivityForms
INFO: [ app_init ] --START--
INFO: Run Behavior\BuildLiteBehavior [ RunTime:0.000000s ]
INFO: [ app_init ] --END-- [ RunTime:0.001001s ]
INFO: [ app_begin ] --START--
INFO: Run Behavior\ReadHtmlCacheBehavior [ RunTime:0.000000s ]
INFO: [ app_begin ] --END-- [ RunTime:0.000000s ]
SQL: SHOW COLUMNS FROM `zk_tasks` [ RunTime:0.0030s ]
SQL: SELECT * FROM `zk_tasks` WHERE ( tasks_id = 29 ) LIMIT 1   [ RunTime:0.0000s ]
SQL: SHOW COLUMNS FROM `zk_enrol_k` [ RunTime:0.0030s ]
SQL: SELECT * FROM `zk_enrol_k` WHERE ( tasks_id = 29 )  [ RunTime:0.0000s ]
SQL: SHOW COLUMNS FROM `zk_enrol_name` [ RunTime:0.0030s ]
SQL: SELECT * FROM `zk_enrol_name` WHERE `name_id` IN ('1','2','3','4','5','7','9','10','11','12','13','14','15','16','18')  [ RunTime:0.0000s ]
SQL: SHOW COLUMNS FROM `zk_project` [ RunTime:0.0030s ]
SQL: SELECT * FROM `zk_project` WHERE ( project_id = 5 ) LIMIT 1   [ RunTime:0.0000s ]

[ 2017-08-10T09:16:28+08:00 ] 192.168.100.252 /index.php?m=activity&c=user&a=saveUserInfo
INFO: [ app_init ] --START--
INFO: Run Behavior\BuildLiteBehavior [ RunTime:0.000000s ]
INFO: [ app_init ] --END-- [ RunTime:0.000000s ]
INFO: [ app_begin ] --START--
INFO: Run Behavior\ReadHtmlCacheBehavior [ RunTime:0.001000s ]
INFO: [ app_begin ] --END-- [ RunTime:0.001000s ]
SQL: SHOW COLUMNS FROM `zk_session` [ RunTime:0.0030s ]
SQL: SELECT * FROM `zk_session` WHERE `skey` = '220dcd1c98fc19afaff95903cc6859d9' LIMIT 1   [ RunTime:0.0010s ]
SQL: SHOW COLUMNS FROM `zk_user` [ RunTime:0.0090s ]
SQL: SELECT * FROM `zk_user` WHERE `openid` = 'oUpv60E98MOGnr9Z9Ele1UYroiLQ' LIMIT 1   [ RunTime:0.0000s ]
SQL: UPDATE `zk_user` SET `avatarurl`='https://wx.qlogo.cn/mmopen/vi_32/DYAIOgq83er4x36mk2xTodbZAMfacwkteMiar5eGznmgpxK8IU9cGjProxNiao6qRUlymgKkQgBRjXOWQxm3aPkA/0',`nick_name`='刘泽中' WHERE `openid` = 'oUpv60E98MOGnr9Z9Ele1UYroiLQ' [ RunTime:0.0680s ]
INFO: [ app_end ] --START--
INFO: Run Behavior\ShowPageTraceBehavior [ RunTime:0.000000s ]
INFO: [ app_end ] --END-- [ RunTime:0.000000s ]

[ 2017-08-10T09:16:28+08:00 ] 192.168.100.252 /index.php?m=activity&c=index&a=getActivityForms
INFO: [ app_init ] --START--
INFO: Run Behavior\BuildLiteBehavior [ RunTime:0.000000s ]
INFO: [ app_init ] --END-- [ RunTime:0.000000s ]
INFO: [ app_begin ] --START--
INFO: Run Behavior\ReadHtmlCacheBehavior [ RunTime:0.000000s ]
INFO: [ app_begin ] --END-- [ RunTime:0.000000s ]
SQL: SHOW COLUMNS FROM `zk_tasks` [ RunTime:0.0030s ]
SQL: SELECT * FROM `zk_tasks` WHERE ( tasks_id = 29 ) LIMIT 1   [ RunTime:0.0000s ]
SQL: SHOW COLUMNS FROM `zk_enrol_k` [ RunTime:0.0030s ]
SQL: SELECT * FROM `zk_enrol_k` WHERE ( tasks_id = 29 )  [ RunTime:0.0000s ]
SQL: SHOW COLUMNS FROM `zk_enrol_name` [ RunTime:0.0020s ]
SQL: SELECT * FROM `zk_enrol_name` WHERE `name_id` IN ('1','2','3','4','5','7','9','10','11','12','13','14','15','16','18')  [ RunTime:0.0000s ]
SQL: SHOW COLUMNS FROM `zk_project` [ RunTime:0.0020s ]
SQL: SELECT * FROM `zk_project` WHERE ( project_id = 5 ) LIMIT 1   [ RunTime:0.0000s ]

[ 2017-08-10T09:22:34+08:00 ] 192.168.100.252 /index.php?m=activity&c=user&a=saveUserInfo
INFO: [ app_init ] --START--
INFO: Run Behavior\BuildLiteBehavior [ RunTime:0.000000s ]
INFO: [ app_init ] --END-- [ RunTime:0.000000s ]
INFO: [ app_begin ] --START--
INFO: Run Behavior\ReadHtmlCacheBehavior [ RunTime:0.001001s ]
INFO: [ app_begin ] --END-- [ RunTime:0.001001s ]
SQL: SHOW COLUMNS FROM `zk_session` [ RunTime:0.0030s ]
SQL: SELECT * FROM `zk_session` WHERE `skey` = '220dcd1c98fc19afaff95903cc6859d9' LIMIT 1   [ RunTime:0.0000s ]
SQL: SHOW COLUMNS FROM `zk_user` [ RunTime:0.0020s ]
SQL: SELECT * FROM `zk_user` WHERE `openid` = 'oUpv60E98MOGnr9Z9Ele1UYroiLQ' LIMIT 1   [ RunTime:0.0000s ]
SQL: UPDATE `zk_user` SET `avatarurl`='https://wx.qlogo.cn/mmopen/vi_32/DYAIOgq83er4x36mk2xTodbZAMfacwkteMiar5eGznmgpxK8IU9cGjProxNiao6qRUlymgKkQgBRjXOWQxm3aPkA/0',`nick_name`='刘泽中' WHERE `openid` = 'oUpv60E98MOGnr9Z9Ele1UYroiLQ' [ RunTime:0.0850s ]
INFO: [ app_end ] --START--
INFO: Run Behavior\ShowPageTraceBehavior [ RunTime:0.001000s ]
INFO: [ app_end ] --END-- [ RunTime:0.001000s ]

[ 2017-08-10T09:22:34+08:00 ] 192.168.100.252 /index.php?m=activity&c=index&a=getActivityForms
INFO: [ app_init ] --START--
INFO: Run Behavior\BuildLiteBehavior [ RunTime:0.000000s ]
INFO: [ app_init ] --END-- [ RunTime:0.001000s ]
INFO: [ app_begin ] --START--
INFO: Run Behavior\ReadHtmlCacheBehavior [ RunTime:0.000000s ]
INFO: [ app_begin ] --END-- [ RunTime:0.000000s ]
SQL: SHOW COLUMNS FROM `zk_tasks` [ RunTime:0.0030s ]
SQL: SELECT * FROM `zk_tasks` WHERE ( tasks_id = 29 ) LIMIT 1   [ RunTime:0.0010s ]
SQL: SHOW COLUMNS FROM `zk_enrol_k` [ RunTime:0.0030s ]
SQL: SELECT * FROM `zk_enrol_k` WHERE ( tasks_id = 29 )  [ RunTime:0.0000s ]
SQL: SHOW COLUMNS FROM `zk_enrol_name` [ RunTime:0.0030s ]
SQL: SELECT * FROM `zk_enrol_name` WHERE `name_id` IN ('1','2','3','4','5','7','9','10','11','12','13','14','15','16','18')  [ RunTime:0.0000s ]
SQL: SHOW COLUMNS FROM `zk_project` [ RunTime:0.0030s ]
SQL: SELECT * FROM `zk_project` WHERE ( project_id = 5 ) LIMIT 1   [ RunTime:0.0010s ]

[ 2017-08-10T09:31:40+08:00 ] 192.168.100.252 /index.php?m=activity&c=user&a=saveUserInfo
INFO: [ app_init ] --START--
INFO: Run Behavior\BuildLiteBehavior [ RunTime:0.000000s ]
INFO: [ app_init ] --END-- [ RunTime:0.000000s ]
INFO: [ app_begin ] --START--
INFO: Run Behavior\ReadHtmlCacheBehavior [ RunTime:0.000000s ]
INFO: [ app_begin ] --END-- [ RunTime:0.000000s ]
SQL: SHOW COLUMNS FROM `zk_session` [ RunTime:0.0030s ]
SQL: SELECT * FROM `zk_session` WHERE `skey` = '220dcd1c98fc19afaff95903cc6859d9' LIMIT 1   [ RunTime:0.0010s ]
SQL: SHOW COLUMNS FROM `zk_user` [ RunTime:0.0030s ]
SQL: SELECT * FROM `zk_user` WHERE `openid` = 'oUpv60E98MOGnr9Z9Ele1UYroiLQ' LIMIT 1   [ RunTime:0.0000s ]
SQL: UPDATE `zk_user` SET `avatarurl`='https://wx.qlogo.cn/mmopen/vi_32/DYAIOgq83er4x36mk2xTodbZAMfacwkteMiar5eGznmgpxK8IU9cGjProxNiao6qRUlymgKkQgBRjXOWQxm3aPkA/0',`nick_name`='刘泽中' WHERE `openid` = 'oUpv60E98MOGnr9Z9Ele1UYroiLQ' [ RunTime:0.0800s ]
INFO: [ app_end ] --START--
INFO: Run Behavior\ShowPageTraceBehavior [ RunTime:0.001001s ]
INFO: [ app_end ] --END-- [ RunTime:0.001001s ]

[ 2017-08-10T09:31:40+08:00 ] 192.168.100.252 /index.php?m=activity&c=index&a=getActivityForms
INFO: [ app_init ] --START--
INFO: Run Behavior\BuildLiteBehavior [ RunTime:0.000000s ]
INFO: [ app_init ] --END-- [ RunTime:0.000000s ]
INFO: [ app_begin ] --START--
INFO: Run Behavior\ReadHtmlCacheBehavior [ RunTime:0.000000s ]
INFO: [ app_begin ] --END-- [ RunTime:0.000000s ]
SQL: SHOW COLUMNS FROM `zk_tasks` [ RunTime:0.0030s ]
SQL: SELECT * FROM `zk_tasks` WHERE ( tasks_id = 29 ) LIMIT 1   [ RunTime:0.0000s ]
SQL: SHOW COLUMNS FROM `zk_enrol_k` [ RunTime:0.0020s ]
SQL: SELECT * FROM `zk_enrol_k` WHERE ( tasks_id = 29 )  [ RunTime:0.0000s ]
SQL: SHOW COLUMNS FROM `zk_enrol_name` [ RunTime:0.0020s ]
SQL: SELECT * FROM `zk_enrol_name` WHERE `name_id` IN ('1','2','3','4','5','7','9','10','11','12','13','14','15','16','18')  [ RunTime:0.0000s ]
SQL: SHOW COLUMNS FROM `zk_project` [ RunTime:0.0030s ]
SQL: SELECT * FROM `zk_project` WHERE ( project_id = 5 ) LIMIT 1   [ RunTime:0.0000s ]

[ 2017-08-10T09:32:16+08:00 ] 192.168.100.252 /index.php?m=activity&c=user&a=saveUserInfo
INFO: [ app_init ] --START--
INFO: Run Behavior\BuildLiteBehavior [ RunTime:0.000000s ]
INFO: [ app_init ] --END-- [ RunTime:0.000000s ]
INFO: [ app_begin ] --START--
INFO: Run Behavior\ReadHtmlCacheBehavior [ RunTime:0.000000s ]
INFO: [ app_begin ] --END-- [ RunTime:0.000000s ]
SQL: SHOW COLUMNS FROM `zk_session` [ RunTime:0.0030s ]
SQL: SELECT * FROM `zk_session` WHERE `skey` = '220dcd1c98fc19afaff95903cc6859d9' LIMIT 1   [ RunTime:0.0000s ]
SQL: SHOW COLUMNS FROM `zk_user` [ RunTime:0.0020s ]
SQL: SELECT * FROM `zk_user` WHERE `openid` = 'oUpv60E98MOGnr9Z9Ele1UYroiLQ' LIMIT 1   [ RunTime:0.0000s ]
SQL: UPDATE `zk_user` SET `avatarurl`='https://wx.qlogo.cn/mmopen/vi_32/DYAIOgq83er4x36mk2xTodbZAMfacwkteMiar5eGznmgpxK8IU9cGjProxNiao6qRUlymgKkQgBRjXOWQxm3aPkA/0',`nick_name`='刘泽中' WHERE `openid` = 'oUpv60E98MOGnr9Z9Ele1UYroiLQ' [ RunTime:0.0720s ]
INFO: [ app_end ] --START--
INFO: Run Behavior\ShowPageTraceBehavior [ RunTime:0.000000s ]
INFO: [ app_end ] --END-- [ RunTime:0.000000s ]

[ 2017-08-10T09:32:16+08:00 ] 192.168.100.252 /index.php?m=activity&c=index&a=getActivityForms
INFO: [ app_init ] --START--
INFO: Run Behavior\BuildLiteBehavior [ RunTime:0.000000s ]
INFO: [ app_init ] --END-- [ RunTime:0.000000s ]
INFO: [ app_begin ] --START--
INFO: Run Behavior\ReadHtmlCacheBehavior [ RunTime:0.000000s ]
INFO: [ app_begin ] --END-- [ RunTime:0.000000s ]
SQL: SHOW COLUMNS FROM `zk_tasks` [ RunTime:0.0030s ]
SQL: SELECT * FROM `zk_tasks` WHERE ( tasks_id = 29 ) LIMIT 1   [ RunTime:0.0000s ]
SQL: SHOW COLUMNS FROM `zk_enrol_k` [ RunTime:0.0020s ]
SQL: SELECT * FROM `zk_enrol_k` WHERE ( tasks_id = 29 )  [ RunTime:0.0000s ]
SQL: SHOW COLUMNS FROM `zk_enrol_name` [ RunTime:0.0020s ]
SQL: SELECT * FROM `zk_enrol_name` WHERE `name_id` IN ('1','2','3','4','5','7','9','10','11','12','13','14','15','16','18')  [ RunTime:0.0000s ]
SQL: SHOW COLUMNS FROM `zk_project` [ RunTime:0.0030s ]
SQL: SELECT * FROM `zk_project` WHERE ( project_id = 5 ) LIMIT 1   [ RunTime:0.0000s ]

[ 2017-08-10T09:32:45+08:00 ] 192.168.103.146 /index.php?m=activity&c=index&a=getActivityForms
INFO: [ app_init ] --START--
INFO: Run Behavior\BuildLiteBehavior [ RunTime:0.000000s ]
INFO: [ app_init ] --END-- [ RunTime:0.001000s ]
INFO: [ app_begin ] --START--
INFO: Run Behavior\ReadHtmlCacheBehavior [ RunTime:0.000000s ]
INFO: [ app_begin ] --END-- [ RunTime:0.002000s ]
SQL: SHOW COLUMNS FROM `zk_tasks` [ RunTime:0.0040s ]
SQL: SELECT * FROM `zk_tasks` WHERE ( tasks_id = 29 ) LIMIT 1   [ RunTime:0.0000s ]
SQL: SHOW COLUMNS FROM `zk_enrol_k` [ RunTime:0.0030s ]
SQL: SELECT * FROM `zk_enrol_k` WHERE ( tasks_id = 29 )  [ RunTime:0.0010s ]
SQL: SHOW COLUMNS FROM `zk_enrol_name` [ RunTime:0.0040s ]
SQL: SELECT * FROM `zk_enrol_name` WHERE `name_id` IN ('1','2','3','4','5','7','9','10','11','12','13','14','15','16','18')  [ RunTime:0.0000s ]
SQL: SHOW COLUMNS FROM `zk_project` [ RunTime:0.0040s ]
SQL: SELECT * FROM `zk_project` WHERE ( project_id = 5 ) LIMIT 1   [ RunTime:0.0000s ]

[ 2017-08-10T09:38:09+08:00 ] 192.168.100.252 /index.php?m=activity&c=user&a=saveUserInfo
INFO: [ app_init ] --START--
INFO: Run Behavior\BuildLiteBehavior [ RunTime:0.000000s ]
INFO: [ app_init ] --END-- [ RunTime:0.000000s ]
INFO: [ app_begin ] --START--
INFO: Run Behavior\ReadHtmlCacheBehavior [ RunTime:0.000000s ]
INFO: [ app_begin ] --END-- [ RunTime:0.001000s ]
SQL: SHOW COLUMNS FROM `zk_session` [ RunTime:0.0020s ]
SQL: SELECT * FROM `zk_session` WHERE `skey` = '220dcd1c98fc19afaff95903cc6859d9' LIMIT 1   [ RunTime:0.0000s ]
INFO: [ app_end ] --START--
INFO: Run Behavior\ShowPageTraceBehavior [ RunTime:0.001000s ]
INFO: [ app_end ] --END-- [ RunTime:0.001000s ]

[ 2017-08-10T09:38:10+08:00 ] 192.168.100.252 /index.php?m=activity&c=index&a=getActivityForms
INFO: [ app_init ] --START--
INFO: Run Behavior\BuildLiteBehavior [ RunTime:0.000000s ]
INFO: [ app_init ] --END-- [ RunTime:0.000000s ]
INFO: [ app_begin ] --START--
INFO: Run Behavior\ReadHtmlCacheBehavior [ RunTime:0.000000s ]
INFO: [ app_begin ] --END-- [ RunTime:0.000000s ]
SQL: SHOW COLUMNS FROM `zk_tasks` [ RunTime:0.0030s ]
SQL: SELECT * FROM `zk_tasks` WHERE ( tasks_id = 29 ) LIMIT 1   [ RunTime:0.0000s ]
SQL: SHOW COLUMNS FROM `zk_enrol_k` [ RunTime:0.0020s ]
SQL: SELECT * FROM `zk_enrol_k` WHERE ( tasks_id = 29 )  [ RunTime:0.0000s ]
SQL: SHOW COLUMNS FROM `zk_enrol_name` [ RunTime:0.0030s ]
SQL: SELECT * FROM `zk_enrol_name` WHERE `name_id` IN ('1','2','3','4','5','7','9','10','11','12','13','14','15','16','18')  [ RunTime:0.0000s ]
SQL: SHOW COLUMNS FROM `zk_project` [ RunTime:0.0030s ]
SQL: SELECT * FROM `zk_project` WHERE ( project_id = 5 ) LIMIT 1   [ RunTime:0.0000s ]

[ 2017-08-10T09:39:10+08:00 ] 192.168.100.252 /index.php?m=activity&c=user&a=saveUserInfo
INFO: [ app_init ] --START--
INFO: Run Behavior\BuildLiteBehavior [ RunTime:0.000000s ]
INFO: [ app_init ] --END-- [ RunTime:0.000000s ]
INFO: [ app_begin ] --START--
INFO: Run Behavior\ReadHtmlCacheBehavior [ RunTime:0.001000s ]
INFO: [ app_begin ] --END-- [ RunTime:0.001000s ]
SQL: SHOW COLUMNS FROM `zk_session` [ RunTime:0.0030s ]
SQL: SELECT * FROM `zk_session` WHERE `skey` = '7992be2bc645fde3fef29737192784aa' LIMIT 1   [ RunTime:0.0000s ]
SQL: SHOW COLUMNS FROM `zk_user` [ RunTime:0.0030s ]
SQL: SELECT * FROM `zk_user` WHERE `openid` = 'oUpv60E98MOGnr9Z9Ele1UYroiLQ' LIMIT 1   [ RunTime:0.0000s ]
SQL: UPDATE `zk_user` SET `avatarurl`='https://wx.qlogo.cn/mmopen/vi_32/DYAIOgq83er4x36mk2xTodbZAMfacwkteMiar5eGznmgpxK8IU9cGjProxNiao6qRUlymgKkQgBRjXOWQxm3aPkA/0',`nick_name`='刘泽中' WHERE `openid` = 'oUpv60E98MOGnr9Z9Ele1UYroiLQ' [ RunTime:0.0740s ]
INFO: [ app_end ] --START--
INFO: Run Behavior\ShowPageTraceBehavior [ RunTime:0.001000s ]
INFO: [ app_end ] --END-- [ RunTime:0.001000s ]

[ 2017-08-10T09:39:10+08:00 ] 192.168.100.252 /index.php?m=activity&c=index&a=getActivityForms
INFO: [ app_init ] --START--
INFO: Run Behavior\BuildLiteBehavior [ RunTime:0.000000s ]
INFO: [ app_init ] --END-- [ RunTime:0.000000s ]
INFO: [ app_begin ] --START--
INFO: Run Behavior\ReadHtmlCacheBehavior [ RunTime:0.001000s ]
INFO: [ app_begin ] --END-- [ RunTime:0.001000s ]
SQL: SHOW COLUMNS FROM `zk_tasks` [ RunTime:0.0030s ]
SQL: SELECT * FROM `zk_tasks` WHERE ( tasks_id = 29 ) LIMIT 1   [ RunTime:0.0010s ]
SQL: SHOW COLUMNS FROM `zk_enrol_k` [ RunTime:0.0030s ]
SQL: SELECT * FROM `zk_enrol_k` WHERE ( tasks_id = 29 )  [ RunTime:0.0000s ]
SQL: SHOW COLUMNS FROM `zk_enrol_name` [ RunTime:0.0030s ]
SQL: SELECT * FROM `zk_enrol_name` WHERE `name_id` IN ('1','2','3','4','5','7','9','10','11','12','13','14','15','16','18')  [ RunTime:0.0010s ]
SQL: SHOW COLUMNS FROM `zk_project` [ RunTime:0.0030s ]
SQL: SELECT * FROM `zk_project` WHERE ( project_id = 5 ) LIMIT 1   [ RunTime:0.0000s ]

[ 2017-08-10T09:39:18+08:00 ] 192.168.103.146 /index.php?m=activity&c=index&a=getActivityForms
INFO: [ app_init ] --START--
INFO: Run Behavior\BuildLiteBehavior [ RunTime:0.000000s ]
INFO: [ app_init ] --END-- [ RunTime:0.001000s ]
INFO: [ app_begin ] --START--
INFO: Run Behavior\ReadHtmlCacheBehavior [ RunTime:0.002000s ]
INFO: [ app_begin ] --END-- [ RunTime:0.002000s ]
SQL: SHOW COLUMNS FROM `zk_tasks` [ RunTime:0.0050s ]
SQL: SELECT * FROM `zk_tasks` WHERE ( tasks_id = 29 ) LIMIT 1   [ RunTime:0.0010s ]
SQL: SHOW COLUMNS FROM `zk_enrol_k` [ RunTime:0.0040s ]
SQL: SELECT * FROM `zk_enrol_k` WHERE ( tasks_id = 29 )  [ RunTime:0.0010s ]
SQL: SHOW COLUMNS FROM `zk_enrol_name` [ RunTime:0.0040s ]
SQL: SELECT * FROM `zk_enrol_name` WHERE `name_id` IN ('1','2','3','4','5','7','9','10','11','12','13','14','15','16','18')  [ RunTime:0.0010s ]
SQL: SHOW COLUMNS FROM `zk_project` [ RunTime:0.0030s ]
SQL: SELECT * FROM `zk_project` WHERE ( project_id = 5 ) LIMIT 1   [ RunTime:0.0000s ]

[ 2017-08-10T09:39:19+08:00 ] 192.168.103.146 /index.php?m=activity&c=user&a=saveUserInfo
INFO: [ app_init ] --START--
INFO: Run Behavior\BuildLiteBehavior [ RunTime:0.000000s ]
INFO: [ app_init ] --END-- [ RunTime:0.001000s ]
INFO: [ app_begin ] --START--
INFO: Run Behavior\ReadHtmlCacheBehavior [ RunTime:0.000000s ]
INFO: [ app_begin ] --END-- [ RunTime:0.000000s ]
SQL: SHOW COLUMNS FROM `zk_session` [ RunTime:0.0040s ]
SQL: SELECT * FROM `zk_session` WHERE `skey` = '365cef59705182d17119bf3637e6fd15' LIMIT 1   [ RunTime:0.0000s ]
INFO: [ app_end ] --START--
INFO: Run Behavior\ShowPageTraceBehavior [ RunTime:0.001000s ]
INFO: [ app_end ] --END-- [ RunTime:0.001000s ]

[ 2017-08-10T09:40:24+08:00 ] 192.168.100.252 /index.php?m=activity&c=user&a=saveUserInfo
INFO: [ app_init ] --START--
INFO: Run Behavior\BuildLiteBehavior [ RunTime:0.000000s ]
INFO: [ app_init ] --END-- [ RunTime:0.000000s ]
INFO: [ app_begin ] --START--
INFO: Run Behavior\ReadHtmlCacheBehavior [ RunTime:0.001001s ]
INFO: [ app_begin ] --END-- [ RunTime:0.001001s ]
SQL: SHOW COLUMNS FROM `zk_session` [ RunTime:0.0040s ]
SQL: SELECT * FROM `zk_session` WHERE `skey` = '7992be2bc645fde3fef29737192784aa' LIMIT 1   [ RunTime:0.0000s ]
INFO: [ app_end ] --START--
INFO: Run Behavior\ShowPageTraceBehavior [ RunTime:0.001000s ]
INFO: [ app_end ] --END-- [ RunTime:0.001000s ]

[ 2017-08-10T09:40:25+08:00 ] 192.168.100.252 /index.php?m=activity&c=index&a=getActivityForms
INFO: [ app_init ] --START--
INFO: Run Behavior\BuildLiteBehavior [ RunTime:0.000000s ]
INFO: [ app_init ] --END-- [ RunTime:0.000000s ]
INFO: [ app_begin ] --START--
INFO: Run Behavior\ReadHtmlCacheBehavior [ RunTime:0.000000s ]
INFO: [ app_begin ] --END-- [ RunTime:0.000000s ]
SQL: SHOW COLUMNS FROM `zk_tasks` [ RunTime:0.0030s ]
SQL: SELECT * FROM `zk_tasks` WHERE ( tasks_id = 29 ) LIMIT 1   [ RunTime:0.0000s ]
SQL: SHOW COLUMNS FROM `zk_enrol_k` [ RunTime:0.0020s ]
SQL: SELECT * FROM `zk_enrol_k` WHERE ( tasks_id = 29 )  [ RunTime:0.0000s ]
SQL: SHOW COLUMNS FROM `zk_enrol_name` [ RunTime:0.0020s ]
SQL: SELECT * FROM `zk_enrol_name` WHERE `name_id` IN ('1','2','3','4','5','7','9','10','11','12','13','14','15','16','18')  [ RunTime:0.0000s ]
SQL: SHOW COLUMNS FROM `zk_project` [ RunTime:0.0020s ]
SQL: SELECT * FROM `zk_project` WHERE ( project_id = 5 ) LIMIT 1   [ RunTime:0.0130s ]

[ 2017-08-10T09:40:34+08:00 ] 192.168.103.146 /index.php?m=activity&c=index&a=getActivityForms
INFO: [ app_init ] --START--
INFO: Run Behavior\BuildLiteBehavior [ RunTime:0.000000s ]
INFO: [ app_init ] --END-- [ RunTime:0.000000s ]
INFO: [ app_begin ] --START--
INFO: Run Behavior\ReadHtmlCacheBehavior [ RunTime:0.001000s ]
INFO: [ app_begin ] --END-- [ RunTime:0.001000s ]
SQL: SHOW COLUMNS FROM `zk_tasks` [ RunTime:0.0030s ]
SQL: SELECT * FROM `zk_tasks` WHERE ( tasks_id = 29 ) LIMIT 1   [ RunTime:0.0000s ]
SQL: SHOW COLUMNS FROM `zk_enrol_k` [ RunTime:0.0020s ]
SQL: SELECT * FROM `zk_enrol_k` WHERE ( tasks_id = 29 )  [ RunTime:0.0000s ]
SQL: SHOW COLUMNS FROM `zk_enrol_name` [ RunTime:0.0030s ]
SQL: SELECT * FROM `zk_enrol_name` WHERE `name_id` IN ('1','2','3','4','5','7','9','10','11','12','13','14','15','16','18')  [ RunTime:0.0000s ]
SQL: SHOW COLUMNS FROM `zk_project` [ RunTime:0.0020s ]
SQL: SELECT * FROM `zk_project` WHERE ( project_id = 5 ) LIMIT 1   [ RunTime:0.0000s ]

[ 2017-08-10T10:14:01+08:00 ] 192.168.100.252 /index.php?m=activity&c=user&a=saveUserInfo
INFO: [ app_init ] --START--
INFO: Run Behavior\BuildLiteBehavior [ RunTime:0.000000s ]
INFO: [ app_init ] --END-- [ RunTime:0.001000s ]
INFO: [ app_begin ] --START--
INFO: Run Behavior\ReadHtmlCacheBehavior [ RunTime:0.000000s ]
INFO: [ app_begin ] --END-- [ RunTime:0.000000s ]
SQL: SHOW COLUMNS FROM `zk_session` [ RunTime:0.0030s ]
SQL: SELECT * FROM `zk_session` WHERE `skey` = 'b9cd8d6ffa9f98a9a7a85a65ac96ab5a' LIMIT 1   [ RunTime:0.0000s ]
INFO: [ app_end ] --START--
INFO: Run Behavior\ShowPageTraceBehavior [ RunTime:0.001000s ]
INFO: [ app_end ] --END-- [ RunTime:0.001000s ]

[ 2017-08-10T10:14:01+08:00 ] 192.168.100.252 /index.php?m=activity&c=index&a=getActivityForms
INFO: [ app_init ] --START--
INFO: Run Behavior\BuildLiteBehavior [ RunTime:0.000000s ]
INFO: [ app_init ] --END-- [ RunTime:0.000000s ]
INFO: [ app_begin ] --START--
INFO: Run Behavior\ReadHtmlCacheBehavior [ RunTime:0.000000s ]
INFO: [ app_begin ] --END-- [ RunTime:0.000000s ]
SQL: SHOW COLUMNS FROM `zk_tasks` [ RunTime:0.0030s ]
SQL: SELECT * FROM `zk_tasks` WHERE ( tasks_id = 29 ) LIMIT 1   [ RunTime:0.0000s ]
SQL: SHOW COLUMNS FROM `zk_enrol_k` [ RunTime:0.0020s ]
SQL: SELECT * FROM `zk_enrol_k` WHERE ( tasks_id = 29 )  [ RunTime:0.0010s ]
SQL: SHOW COLUMNS FROM `zk_enrol_name` [ RunTime:0.0030s ]
SQL: SELECT * FROM `zk_enrol_name` WHERE `name_id` IN ('1','2','3','4','5','7','9','10','11','12','13','14','15','16','18')  [ RunTime:0.0000s ]
SQL: SHOW COLUMNS FROM `zk_project` [ RunTime:0.0020s ]
SQL: SELECT * FROM `zk_project` WHERE ( project_id = 5 ) LIMIT 1   [ RunTime:0.0000s ]

[ 2017-08-10T10:15:35+08:00 ] 192.168.100.252 /index.php?m=activity&c=user&a=saveUserInfo
INFO: [ app_init ] --START--
INFO: Run Behavior\BuildLiteBehavior [ RunTime:0.000000s ]
INFO: [ app_init ] --END-- [ RunTime:0.001000s ]
INFO: [ app_begin ] --START--
INFO: Run Behavior\ReadHtmlCacheBehavior [ RunTime:0.000000s ]
INFO: [ app_begin ] --END-- [ RunTime:0.000000s ]
SQL: SHOW COLUMNS FROM `zk_session` [ RunTime:0.0090s ]
SQL: SELECT * FROM `zk_session` WHERE `skey` = 'a9b12521550d5914ed64553515b59339' LIMIT 1   [ RunTime:0.0000s ]
SQL: SHOW COLUMNS FROM `zk_user` [ RunTime:0.0030s ]
SQL: SELECT * FROM `zk_user` WHERE `openid` = 'oUpv60E98MOGnr9Z9Ele1UYroiLQ' LIMIT 1   [ RunTime:0.0050s ]
SQL: UPDATE `zk_user` SET `avatarurl`='https://wx.qlogo.cn/mmopen/vi_32/DYAIOgq83er4x36mk2xTodbZAMfacwkteMiar5eGznmgpxK8IU9cGjProxNiao6qRUlymgKkQgBRjXOWQxm3aPkA/0',`nick_name`='刘泽中' WHERE `openid` = 'oUpv60E98MOGnr9Z9Ele1UYroiLQ' [ RunTime:0.0420s ]
INFO: [ app_end ] --START--
INFO: Run Behavior\ShowPageTraceBehavior [ RunTime:0.001000s ]
INFO: [ app_end ] --END-- [ RunTime:0.001000s ]

[ 2017-08-10T10:15:35+08:00 ] 192.168.100.252 /index.php?m=activity&c=index&a=getActivityForms
INFO: [ app_init ] --START--
INFO: Run Behavior\BuildLiteBehavior [ RunTime:0.000000s ]
INFO: [ app_init ] --END-- [ RunTime:0.000000s ]
INFO: [ app_begin ] --START--
INFO: Run Behavior\ReadHtmlCacheBehavior [ RunTime:0.000000s ]
INFO: [ app_begin ] --END-- [ RunTime:0.000000s ]
SQL: SHOW COLUMNS FROM `zk_tasks` [ RunTime:0.0030s ]
SQL: SELECT * FROM `zk_tasks` WHERE ( tasks_id = 29 ) LIMIT 1   [ RunTime:0.0000s ]
SQL: SHOW COLUMNS FROM `zk_enrol_k` [ RunTime:0.0020s ]
SQL: SELECT * FROM `zk_enrol_k` WHERE ( tasks_id = 29 )  [ RunTime:0.0000s ]
SQL: SHOW COLUMNS FROM `zk_enrol_name` [ RunTime:0.0020s ]
SQL: SELECT * FROM `zk_enrol_name` WHERE `name_id` IN ('1','2','3','4','5','7','9','10','11','12','13','14','15','16','18')  [ RunTime:0.0000s ]
SQL: SHOW COLUMNS FROM `zk_project` [ RunTime:0.0060s ]
SQL: SELECT * FROM `zk_project` WHERE ( project_id = 5 ) LIMIT 1   [ RunTime:0.0000s ]

[ 2017-08-10T10:22:09+08:00 ] 192.168.100.252 /index.php?m=activity&c=user&a=saveUserInfo
INFO: [ app_init ] --START--
INFO: Run Behavior\BuildLiteBehavior [ RunTime:0.000000s ]
INFO: [ app_init ] --END-- [ RunTime:0.000000s ]
INFO: [ app_begin ] --START--
INFO: Run Behavior\ReadHtmlCacheBehavior [ RunTime:0.000000s ]
INFO: [ app_begin ] --END-- [ RunTime:0.000000s ]
SQL: SHOW COLUMNS FROM `zk_session` [ RunTime:0.0040s ]
SQL: SELECT * FROM `zk_session` WHERE `skey` = 'a9b12521550d5914ed64553515b59339' LIMIT 1   [ RunTime:0.0000s ]
SQL: SHOW COLUMNS FROM `zk_user` [ RunTime:0.0020s ]
SQL: SELECT * FROM `zk_user` WHERE `openid` = 'oUpv60E98MOGnr9Z9Ele1UYroiLQ' LIMIT 1   [ RunTime:0.0000s ]
SQL: UPDATE `zk_user` SET `avatarurl`='https://wx.qlogo.cn/mmopen/vi_32/DYAIOgq83er4x36mk2xTodbZAMfacwkteMiar5eGznmgpxK8IU9cGjProxNiao6qRUlymgKkQgBRjXOWQxm3aPkA/0',`nick_name`='刘泽中' WHERE `openid` = 'oUpv60E98MOGnr9Z9Ele1UYroiLQ' [ RunTime:0.1530s ]
INFO: [ app_end ] --START--
INFO: Run Behavior\ShowPageTraceBehavior [ RunTime:0.001000s ]
INFO: [ app_end ] --END-- [ RunTime:0.001000s ]

[ 2017-08-10T10:22:10+08:00 ] 192.168.100.252 /index.php?m=activity&c=index&a=getActivityForms
INFO: [ app_init ] --START--
INFO: Run Behavior\BuildLiteBehavior [ RunTime:0.000000s ]
INFO: [ app_init ] --END-- [ RunTime:0.000000s ]
INFO: [ app_begin ] --START--
INFO: Run Behavior\ReadHtmlCacheBehavior [ RunTime:0.000000s ]
INFO: [ app_begin ] --END-- [ RunTime:0.000000s ]
SQL: SHOW COLUMNS FROM `zk_tasks` [ RunTime:0.0030s ]
SQL: SELECT * FROM `zk_tasks` WHERE ( tasks_id = 29 ) LIMIT 1   [ RunTime:0.0000s ]
SQL: SHOW COLUMNS FROM `zk_enrol_k` [ RunTime:0.0020s ]
SQL: SELECT * FROM `zk_enrol_k` WHERE ( tasks_id = 29 )  [ RunTime:0.0000s ]
SQL: SHOW COLUMNS FROM `zk_enrol_name` [ RunTime:0.0030s ]
SQL: SELECT * FROM `zk_enrol_name` WHERE `name_id` IN ('1','2','3','4','5','7','9','10','11','12','13','14','15','16','18')  [ RunTime:0.0000s ]
SQL: SHOW COLUMNS FROM `zk_project` [ RunTime:0.0020s ]
SQL: SELECT * FROM `zk_project` WHERE ( project_id = 5 ) LIMIT 1   [ RunTime:0.0010s ]

[ 2017-08-10T10:22:23+08:00 ] 192.168.100.252 /index.php?m=activity&c=user&a=saveUserInfo
INFO: [ app_init ] --START--
INFO: Run Behavior\BuildLiteBehavior [ RunTime:0.000000s ]
INFO: [ app_init ] --END-- [ RunTime:0.001000s ]
INFO: [ app_begin ] --START--
INFO: Run Behavior\ReadHtmlCacheBehavior [ RunTime:0.000000s ]
INFO: [ app_begin ] --END-- [ RunTime:0.000000s ]
SQL: SHOW COLUMNS FROM `zk_session` [ RunTime:0.0050s ]
SQL: SELECT * FROM `zk_session` WHERE `skey` = 'a9b12521550d5914ed64553515b59339' LIMIT 1   [ RunTime:0.0000s ]
SQL: SHOW COLUMNS FROM `zk_user` [ RunTime:0.0030s ]
SQL: SELECT * FROM `zk_user` WHERE `openid` = 'oUpv60E98MOGnr9Z9Ele1UYroiLQ' LIMIT 1   [ RunTime:0.0010s ]
SQL: UPDATE `zk_user` SET `avatarurl`='https://wx.qlogo.cn/mmopen/vi_32/DYAIOgq83er4x36mk2xTodbZAMfacwkteMiar5eGznmgpxK8IU9cGjProxNiao6qRUlymgKkQgBRjXOWQxm3aPkA/0',`nick_name`='刘泽中' WHERE `openid` = 'oUpv60E98MOGnr9Z9Ele1UYroiLQ' [ RunTime:0.0470s ]
INFO: [ app_end ] --START--
INFO: Run Behavior\ShowPageTraceBehavior [ RunTime:0.000000s ]
INFO: [ app_end ] --END-- [ RunTime:0.000000s ]

[ 2017-08-10T10:22:23+08:00 ] 192.168.100.252 /index.php?m=activity&c=index&a=getActivityForms
INFO: [ app_init ] --START--
INFO: Run Behavior\BuildLiteBehavior [ RunTime:0.000000s ]
INFO: [ app_init ] --END-- [ RunTime:0.001000s ]
INFO: [ app_begin ] --START--
INFO: Run Behavior\ReadHtmlCacheBehavior [ RunTime:0.001000s ]
INFO: [ app_begin ] --END-- [ RunTime:0.001000s ]
SQL: SHOW COLUMNS FROM `zk_tasks` [ RunTime:0.0040s ]
SQL: SELECT * FROM `zk_tasks` WHERE ( tasks_id = 29 ) LIMIT 1   [ RunTime:0.0010s ]
SQL: SHOW COLUMNS FROM `zk_enrol_k` [ RunTime:0.0040s ]
SQL: SELECT * FROM `zk_enrol_k` WHERE ( tasks_id = 29 )  [ RunTime:0.0000s ]
SQL: SHOW COLUMNS FROM `zk_enrol_name` [ RunTime:0.0030s ]
SQL: SELECT * FROM `zk_enrol_name` WHERE `name_id` IN ('1','2','3','4','5','7','9','10','11','12','13','14','15','16','18')  [ RunTime:0.0010s ]
SQL: SHOW COLUMNS FROM `zk_project` [ RunTime:0.0030s ]
SQL: SELECT * FROM `zk_project` WHERE ( project_id = 5 ) LIMIT 1   [ RunTime:0.0000s ]

[ 2017-08-10T10:26:11+08:00 ] 192.168.100.252 /index.php?m=activity&c=user&a=saveUserInfo
INFO: [ app_init ] --START--
INFO: Run Behavior\BuildLiteBehavior [ RunTime:0.000000s ]
INFO: [ app_init ] --END-- [ RunTime:0.000000s ]
INFO: [ app_begin ] --START--
INFO: Run Behavior\ReadHtmlCacheBehavior [ RunTime:0.000000s ]
INFO: [ app_begin ] --END-- [ RunTime:0.000000s ]
SQL: SHOW COLUMNS FROM `zk_session` [ RunTime:0.0020s ]
SQL: SELECT * FROM `zk_session` WHERE `skey` = 'a9b12521550d5914ed64553515b59339' LIMIT 1   [ RunTime:0.0010s ]
SQL: SHOW COLUMNS FROM `zk_user` [ RunTime:0.0020s ]
SQL: SELECT * FROM `zk_user` WHERE `openid` = 'oUpv60E98MOGnr9Z9Ele1UYroiLQ' LIMIT 1   [ RunTime:0.0000s ]
SQL: UPDATE `zk_user` SET `avatarurl`='https://wx.qlogo.cn/mmopen/vi_32/DYAIOgq83er4x36mk2xTodbZAMfacwkteMiar5eGznmgpxK8IU9cGjProxNiao6qRUlymgKkQgBRjXOWQxm3aPkA/0',`nick_name`='刘泽中' WHERE `openid` = 'oUpv60E98MOGnr9Z9Ele1UYroiLQ' [ RunTime:0.0510s ]
INFO: [ app_end ] --START--
INFO: Run Behavior\ShowPageTraceBehavior [ RunTime:0.001000s ]
INFO: [ app_end ] --END-- [ RunTime:0.001000s ]

[ 2017-08-10T10:26:11+08:00 ] 192.168.100.252 /index.php?m=activity&c=index&a=getActivityForms
INFO: [ app_init ] --START--
INFO: Run Behavior\BuildLiteBehavior [ RunTime:0.000000s ]
INFO: [ app_init ] --END-- [ RunTime:0.001000s ]
INFO: [ app_begin ] --START--
INFO: Run Behavior\ReadHtmlCacheBehavior [ RunTime:0.000000s ]
INFO: [ app_begin ] --END-- [ RunTime:0.000000s ]
SQL: SHOW COLUMNS FROM `zk_tasks` [ RunTime:0.0030s ]
SQL: SELECT * FROM `zk_tasks` WHERE ( tasks_id = 29 ) LIMIT 1   [ RunTime:0.0010s ]
SQL: SHOW COLUMNS FROM `zk_enrol_k` [ RunTime:0.0030s ]
SQL: SELECT * FROM `zk_enrol_k` WHERE ( tasks_id = 29 )  [ RunTime:0.0000s ]
SQL: SHOW COLUMNS FROM `zk_enrol_name` [ RunTime:0.0030s ]
SQL: SELECT * FROM `zk_enrol_name` WHERE `name_id` IN ('1','2','3','4','5','7','9','10','11','12','13','14','15','16','18')  [ RunTime:0.0010s ]
SQL: SHOW COLUMNS FROM `zk_project` [ RunTime:0.0030s ]
SQL: SELECT * FROM `zk_project` WHERE ( project_id = 5 ) LIMIT 1   [ RunTime:0.0000s ]

[ 2017-08-10T10:26:31+08:00 ] 192.168.100.252 /index.php?m=activity&c=user&a=saveUserInfo
INFO: [ app_init ] --START--
INFO: Run Behavior\BuildLiteBehavior [ RunTime:0.000000s ]
INFO: [ app_init ] --END-- [ RunTime:0.001000s ]
INFO: [ app_begin ] --START--
INFO: Run Behavior\ReadHtmlCacheBehavior [ RunTime:0.001001s ]
INFO: [ app_begin ] --END-- [ RunTime:0.001001s ]
SQL: SHOW COLUMNS FROM `zk_session` [ RunTime:0.0030s ]
SQL: SELECT * FROM `zk_session` WHERE `skey` = 'a9b12521550d5914ed64553515b59339' LIMIT 1   [ RunTime:0.0000s ]
SQL: SHOW COLUMNS FROM `zk_user` [ RunTime:0.0090s ]
SQL: SELECT * FROM `zk_user` WHERE `openid` = 'oUpv60E98MOGnr9Z9Ele1UYroiLQ' LIMIT 1   [ RunTime:0.0010s ]
SQL: UPDATE `zk_user` SET `avatarurl`='https://wx.qlogo.cn/mmopen/vi_32/DYAIOgq83er4x36mk2xTodbZAMfacwkteMiar5eGznmgpxK8IU9cGjProxNiao6qRUlymgKkQgBRjXOWQxm3aPkA/0',`nick_name`='刘泽中' WHERE `openid` = 'oUpv60E98MOGnr9Z9Ele1UYroiLQ' [ RunTime:0.0440s ]
INFO: [ app_end ] --START--
INFO: Run Behavior\ShowPageTraceBehavior [ RunTime:0.001000s ]
INFO: [ app_end ] --END-- [ RunTime:0.001000s ]

[ 2017-08-10T10:26:31+08:00 ] 192.168.100.252 /index.php?m=activity&c=index&a=getActivityForms
INFO: [ app_init ] --START--
INFO: Run Behavior\BuildLiteBehavior [ RunTime:0.000000s ]
INFO: [ app_init ] --END-- [ RunTime:0.001000s ]
INFO: [ app_begin ] --START--
INFO: Run Behavior\ReadHtmlCacheBehavior [ RunTime:0.001000s ]
INFO: [ app_begin ] --END-- [ RunTime:0.001000s ]
SQL: SHOW COLUMNS FROM `zk_tasks` [ RunTime:0.0060s ]
SQL: SELECT * FROM `zk_tasks` WHERE ( tasks_id = 29 ) LIMIT 1   [ RunTime:0.0000s ]
SQL: SHOW COLUMNS FROM `zk_enrol_k` [ RunTime:0.0020s ]
SQL: SELECT * FROM `zk_enrol_k` WHERE ( tasks_id = 29 )  [ RunTime:0.0010s ]
SQL: SHOW COLUMNS FROM `zk_enrol_name` [ RunTime:0.0030s ]
SQL: SELECT * FROM `zk_enrol_name` WHERE `name_id` IN ('1','2','3','4','5','7','9','10','11','12','13','14','15','16','18')  [ RunTime:0.0000s ]
SQL: SHOW COLUMNS FROM `zk_project` [ RunTime:0.0050s ]
SQL: SELECT * FROM `zk_project` WHERE ( project_id = 5 ) LIMIT 1   [ RunTime:0.0010s ]

[ 2017-08-10T10:31:31+08:00 ] 192.168.100.252 /index.php?m=activity&c=index&a=getActivityForms
INFO: [ app_init ] --START--
INFO: Run Behavior\BuildLiteBehavior [ RunTime:0.000000s ]
INFO: [ app_init ] --END-- [ RunTime:0.000000s ]
INFO: [ app_begin ] --START--
INFO: Run Behavior\ReadHtmlCacheBehavior [ RunTime:0.000000s ]
INFO: [ app_begin ] --END-- [ RunTime:0.000000s ]
SQL: SHOW COLUMNS FROM `zk_tasks` [ RunTime:0.0030s ]
SQL: SELECT * FROM `zk_tasks` WHERE ( tasks_id = 29 ) LIMIT 1   [ RunTime:0.0000s ]
SQL: SHOW COLUMNS FROM `zk_enrol_k` [ RunTime:0.0020s ]
SQL: SELECT * FROM `zk_enrol_k` WHERE ( tasks_id = 29 )  [ RunTime:0.0000s ]
SQL: SHOW COLUMNS FROM `zk_enrol_name` [ RunTime:0.0030s ]
SQL: SELECT * FROM `zk_enrol_name` WHERE `name_id` IN ('1','2','3','4','5','7','9','10','11','12','13','14','15','16','18')  [ RunTime:0.0000s ]
SQL: SHOW COLUMNS FROM `zk_project` [ RunTime:0.0020s ]
SQL: SELECT * FROM `zk_project` WHERE ( project_id = 5 ) LIMIT 1   [ RunTime:0.0000s ]

[ 2017-08-10T10:31:32+08:00 ] 192.168.100.252 /index.php?m=activity&c=user&a=saveUserInfo
INFO: [ app_init ] --START--
INFO: Run Behavior\BuildLiteBehavior [ RunTime:0.000000s ]
INFO: [ app_init ] --END-- [ RunTime:0.001000s ]
INFO: [ app_begin ] --START--
INFO: Run Behavior\ReadHtmlCacheBehavior [ RunTime:0.001001s ]
INFO: [ app_begin ] --END-- [ RunTime:0.001001s ]
SQL: SHOW COLUMNS FROM `zk_session` [ RunTime:0.0020s ]
SQL: SELECT * FROM `zk_session` WHERE `skey` = 'a9b12521550d5914ed64553515b59339' LIMIT 1   [ RunTime:0.0000s ]
SQL: SHOW COLUMNS FROM `zk_user` [ RunTime:0.0030s ]
SQL: SELECT * FROM `zk_user` WHERE `openid` = 'oUpv60E98MOGnr9Z9Ele1UYroiLQ' LIMIT 1   [ RunTime:0.0000s ]
SQL: UPDATE `zk_user` SET `avatarurl`='https://wx.qlogo.cn/mmopen/vi_32/DYAIOgq83er4x36mk2xTodbZAMfacwkteMiar5eGznmgpxK8IU9cGjProxNiao6qRUlymgKkQgBRjXOWQxm3aPkA/0',`nick_name`='刘泽中' WHERE `openid` = 'oUpv60E98MOGnr9Z9Ele1UYroiLQ' [ RunTime:0.0410s ]
INFO: [ app_end ] --START--
INFO: Run Behavior\ShowPageTraceBehavior [ RunTime:0.001000s ]
INFO: [ app_end ] --END-- [ RunTime:0.001000s ]

[ 2017-08-10T10:32:00+08:00 ] 192.168.100.252 /index.php?m=activity&c=user&a=saveUserInfo
INFO: [ app_init ] --START--
INFO: Run Behavior\BuildLiteBehavior [ RunTime:0.000000s ]
INFO: [ app_init ] --END-- [ RunTime:0.001000s ]
INFO: [ app_begin ] --START--
INFO: Run Behavior\ReadHtmlCacheBehavior [ RunTime:0.000000s ]
INFO: [ app_begin ] --END-- [ RunTime:0.000000s ]
SQL: SHOW COLUMNS FROM `zk_session` [ RunTime:0.0020s ]
SQL: SELECT * FROM `zk_session` WHERE `skey` = 'a9b12521550d5914ed64553515b59339' LIMIT 1   [ RunTime:0.0010s ]
SQL: SHOW COLUMNS FROM `zk_user` [ RunTime:0.0020s ]
SQL: SELECT * FROM `zk_user` WHERE `openid` = 'oUpv60E98MOGnr9Z9Ele1UYroiLQ' LIMIT 1   [ RunTime:0.0000s ]
SQL: UPDATE `zk_user` SET `avatarurl`='https://wx.qlogo.cn/mmopen/vi_32/DYAIOgq83er4x36mk2xTodbZAMfacwkteMiar5eGznmgpxK8IU9cGjProxNiao6qRUlymgKkQgBRjXOWQxm3aPkA/0',`nick_name`='刘泽中' WHERE `openid` = 'oUpv60E98MOGnr9Z9Ele1UYroiLQ' [ RunTime:0.0490s ]
INFO: [ app_end ] --START--
INFO: Run Behavior\ShowPageTraceBehavior [ RunTime:0.001000s ]
INFO: [ app_end ] --END-- [ RunTime:0.001000s ]

[ 2017-08-10T10:32:00+08:00 ] 192.168.100.252 /index.php?m=activity&c=index&a=getActivityForms
INFO: [ app_init ] --START--
INFO: Run Behavior\BuildLiteBehavior [ RunTime:0.000000s ]
INFO: [ app_init ] --END-- [ RunTime:0.000000s ]
INFO: [ app_begin ] --START--
INFO: Run Behavior\ReadHtmlCacheBehavior [ RunTime:0.000000s ]
INFO: [ app_begin ] --END-- [ RunTime:0.000000s ]
SQL: SHOW COLUMNS FROM `zk_tasks` [ RunTime:0.0030s ]
SQL: SELECT * FROM `zk_tasks` WHERE ( tasks_id = 29 ) LIMIT 1   [ RunTime:0.0000s ]
SQL: SHOW COLUMNS FROM `zk_enrol_k` [ RunTime:0.0020s ]
SQL: SELECT * FROM `zk_enrol_k` WHERE ( tasks_id = 29 )  [ RunTime:0.0000s ]
SQL: SHOW COLUMNS FROM `zk_enrol_name` [ RunTime:0.0020s ]
SQL: SELECT * FROM `zk_enrol_name` WHERE `name_id` IN ('1','2','3','4','5','7','9','10','11','12','13','14','15','16','18')  [ RunTime:0.0000s ]
SQL: SHOW COLUMNS FROM `zk_project` [ RunTime:0.0020s ]
SQL: SELECT * FROM `zk_project` WHERE ( project_id = 5 ) LIMIT 1   [ RunTime:0.0010s ]

[ 2017-08-10T10:35:52+08:00 ] 192.168.100.252 /index.php?m=activity&c=user&a=saveUserInfo
INFO: [ app_init ] --START--
INFO: Run Behavior\BuildLiteBehavior [ RunTime:0.000000s ]
INFO: [ app_init ] --END-- [ RunTime:0.000000s ]
INFO: [ app_begin ] --START--
INFO: Run Behavior\ReadHtmlCacheBehavior [ RunTime:0.000000s ]
INFO: [ app_begin ] --END-- [ RunTime:0.000000s ]
SQL: SHOW COLUMNS FROM `zk_session` [ RunTime:0.0020s ]
SQL: SELECT * FROM `zk_session` WHERE `skey` = 'a9b12521550d5914ed64553515b59339' LIMIT 1   [ RunTime:0.0000s ]
SQL: SHOW COLUMNS FROM `zk_user` [ RunTime:0.0030s ]
SQL: SELECT * FROM `zk_user` WHERE `openid` = 'oUpv60E98MOGnr9Z9Ele1UYroiLQ' LIMIT 1   [ RunTime:0.0000s ]
SQL: UPDATE `zk_user` SET `avatarurl`='https://wx.qlogo.cn/mmopen/vi_32/DYAIOgq83er4x36mk2xTodbZAMfacwkteMiar5eGznmgpxK8IU9cGjProxNiao6qRUlymgKkQgBRjXOWQxm3aPkA/0',`nick_name`='刘泽中' WHERE `openid` = 'oUpv60E98MOGnr9Z9Ele1UYroiLQ' [ RunTime:0.0550s ]
INFO: [ app_end ] --START--
INFO: Run Behavior\ShowPageTraceBehavior [ RunTime:0.001000s ]
INFO: [ app_end ] --END-- [ RunTime:0.001000s ]

[ 2017-08-10T10:35:52+08:00 ] 192.168.100.252 /index.php?m=activity&c=index&a=getActivityForms
INFO: [ app_init ] --START--
INFO: Run Behavior\BuildLiteBehavior [ RunTime:0.000000s ]
INFO: [ app_init ] --END-- [ RunTime:0.000000s ]
INFO: [ app_begin ] --START--
INFO: Run Behavior\ReadHtmlCacheBehavior [ RunTime:0.001000s ]
INFO: [ app_begin ] --END-- [ RunTime:0.001000s ]
SQL: SHOW COLUMNS FROM `zk_tasks` [ RunTime:0.0040s ]
SQL: SELECT * FROM `zk_tasks` WHERE ( tasks_id = 29 ) LIMIT 1   [ RunTime:0.0000s ]
SQL: SHOW COLUMNS FROM `zk_enrol_k` [ RunTime:0.0020s ]
SQL: SELECT * FROM `zk_enrol_k` WHERE ( tasks_id = 29 )  [ RunTime:0.0000s ]
SQL: SHOW COLUMNS FROM `zk_enrol_name` [ RunTime:0.0040s ]
SQL: SELECT * FROM `zk_enrol_name` WHERE `name_id` IN ('1','2','3','4','5','7','9','10','11','12','13','14','15','16','18')  [ RunTime:0.0010s ]
SQL: SHOW COLUMNS FROM `zk_project` [ RunTime:0.0050s ]
SQL: SELECT * FROM `zk_project` WHERE ( project_id = 5 ) LIMIT 1   [ RunTime:0.0000s ]

[ 2017-08-10T10:37:10+08:00 ] 192.168.100.252 /index.php?m=activity&c=user&a=saveUserInfo
INFO: [ app_init ] --START--
INFO: Run Behavior\BuildLiteBehavior [ RunTime:0.000000s ]
INFO: [ app_init ] --END-- [ RunTime:0.001000s ]
INFO: [ app_begin ] --START--
INFO: Run Behavior\ReadHtmlCacheBehavior [ RunTime:0.000000s ]
INFO: [ app_begin ] --END-- [ RunTime:0.000000s ]
SQL: SHOW COLUMNS FROM `zk_session` [ RunTime:0.0020s ]
SQL: SELECT * FROM `zk_session` WHERE `skey` = 'a9b12521550d5914ed64553515b59339' LIMIT 1   [ RunTime:0.0010s ]
SQL: SHOW COLUMNS FROM `zk_user` [ RunTime:0.0020s ]
SQL: SELECT * FROM `zk_user` WHERE `openid` = 'oUpv60E98MOGnr9Z9Ele1UYroiLQ' LIMIT 1   [ RunTime:0.0000s ]
SQL: UPDATE `zk_user` SET `avatarurl`='https://wx.qlogo.cn/mmopen/vi_32/DYAIOgq83er4x36mk2xTodbZAMfacwkteMiar5eGznmgpxK8IU9cGjProxNiao6qRUlymgKkQgBRjXOWQxm3aPkA/0',`nick_name`='刘泽中' WHERE `openid` = 'oUpv60E98MOGnr9Z9Ele1UYroiLQ' [ RunTime:0.0450s ]
INFO: [ app_end ] --START--
INFO: Run Behavior\ShowPageTraceBehavior [ RunTime:0.001000s ]
INFO: [ app_end ] --END-- [ RunTime:0.001000s ]

[ 2017-08-10T10:37:10+08:00 ] 192.168.100.252 /index.php?m=activity&c=index&a=getActivityForms
INFO: [ app_init ] --START--
INFO: Run Behavior\BuildLiteBehavior [ RunTime:0.000000s ]
INFO: [ app_init ] --END-- [ RunTime:0.001000s ]
INFO: [ app_begin ] --START--
INFO: Run Behavior\ReadHtmlCacheBehavior [ RunTime:0.001000s ]
INFO: [ app_begin ] --END-- [ RunTime:0.001000s ]
SQL: SHOW COLUMNS FROM `zk_tasks` [ RunTime:0.0050s ]
SQL: SELECT * FROM `zk_tasks` WHERE ( tasks_id = 29 ) LIMIT 1   [ RunTime:0.0010s ]
SQL: SHOW COLUMNS FROM `zk_enrol_k` [ RunTime:0.0030s ]
SQL: SELECT * FROM `zk_enrol_k` WHERE ( tasks_id = 29 )  [ RunTime:0.0000s ]
SQL: SHOW COLUMNS FROM `zk_enrol_name` [ RunTime:0.0050s ]
SQL: SELECT * FROM `zk_enrol_name` WHERE `name_id` IN ('1','2','3','4','5','7','9','10','11','12','13','14','15','16','18')  [ RunTime:0.0000s ]
SQL: SHOW COLUMNS FROM `zk_project` [ RunTime:0.0100s ]
SQL: SELECT * FROM `zk_project` WHERE ( project_id = 5 ) LIMIT 1   [ RunTime:0.0000s ]

[ 2017-08-10T17:51:58+08:00 ] 192.168.100.252 /index.php?m=activity&c=index&a=getActivityForms
INFO: [ app_init ] --START--
INFO: Run Behavior\BuildLiteBehavior [ RunTime:0.000000s ]
INFO: [ app_init ] --END-- [ RunTime:0.001000s ]
INFO: [ app_begin ] --START--
INFO: Run Behavior\ReadHtmlCacheBehavior [ RunTime:0.000000s ]
INFO: [ app_begin ] --END-- [ RunTime:0.000000s ]
SQL: SHOW COLUMNS FROM `zk_tasks` [ RunTime:0.0040s ]
SQL: SELECT * FROM `zk_tasks` WHERE ( tasks_id = 29 ) LIMIT 1   [ RunTime:0.0560s ]
SQL: SHOW COLUMNS FROM `zk_enrol_k` [ RunTime:0.0020s ]
SQL: SELECT * FROM `zk_enrol_k` WHERE ( tasks_id = 29 )  [ RunTime:0.0000s ]
SQL: SHOW COLUMNS FROM `zk_enrol_name` [ RunTime:0.0030s ]
SQL: SELECT * FROM `zk_enrol_name` WHERE `name_id` IN ('1','2','3','4','5','7','9','10','11','12','13','14','15','16','18')  [ RunTime:0.0970s ]
SQL: SHOW COLUMNS FROM `zk_project` [ RunTime:0.0030s ]
SQL: SELECT * FROM `zk_project` WHERE ( project_id = 5 ) LIMIT 1   [ RunTime:0.0000s ]

ior\ShowPageTraceBehavior [ RunTime:0.038002s ]
INFO: [ app_end ] --END-- [ RunTime:0.038002s ]

[ 2017-08-10T17:51:59+08:00 ] 192.168.100.252 /index.php?m=activity&c=user&a=saveUserInfo
INFO: [ app_init ] --START--
INFO: Run Behavior\BuildLiteBehavior [ RunTime:0.000000s ]
INFO: [ app_init ] --END-- [ RunTime:0.000000s ]
INFO: [ app_begin ] --START--
INFO: Run Behavior\ReadHtmlCacheBehavior [ RunTime:0.000000s ]
INFO: [ app_begin ] --END-- [ RunTime:0.000000s ]
SQL: SHOW COLUMNS FROM `zk_session` [ RunTime:0.0370s ]
SQL: SELECT * FROM `zk_session` WHERE `skey` = 'a9b12521550d5914ed64553515b59339' LIMIT 1   [ RunTime:0.0010s ]
SQL: SHOW COLUMNS FROM `zk_user` [ RunTime:0.0030s ]
SQL: SELECT * FROM `zk_user` WHERE `openid` = 'oUpv60E98MOGnr9Z9Ele1UYroiLQ' LIMIT 1   [ RunTime:0.0010s ]
SQL: UPDATE `zk_user` SET `avatarurl`='https://wx.qlogo.cn/mmopen/vi_32/DYAIOgq83er4x36mk2xTodbZAMfacwkteMiar5eGznmgpxK8IU9cGjProxNiao6qRUlymgKkQgBRjXOWQxm3aPkA/0',`nick_name`='刘泽中' WHERE `openid` = 'oUpv60E98MOGnr9Z9Ele1UYroiLQ' [ RunTime:0.3670s ]
INFO: [ app_end ] --START--
INFO: Run Behavior\ShowPageTraceBehavior [ RunTime:0.002000s ]
INFO: [ app_end ] --END-- [ RunTime:0.002000s ]

[ 2017-08-10T17:52:00+08:00 ] 192.168.100.252 /index.php?m=activity&c=index&a=getActivityForms
INFO: [ app_init ] --START--
INFO: Run Behavior\BuildLiteBehavior [ RunTime:0.000000s ]
INFO: [ app_init ] --END-- [ RunTime:0.000000s ]
INFO: [ app_begin ] --START--
INFO: Run Behavior\ReadHtmlCacheBehavior [ RunTime:0.000000s ]
INFO: [ app_begin ] --END-- [ RunTime:0.000000s ]
SQL: SHOW COLUMNS FROM `zk_tasks` [ RunTime:0.0030s ]
SQL: SELECT * FROM `zk_tasks` WHERE ( tasks_id = 29 ) LIMIT 1   [ RunTime:0.0000s ]
SQL: SHOW COLUMNS FROM `zk_enrol_k` [ RunTime:0.0020s ]
SQL: SELECT * FROM `zk_enrol_k` WHERE ( tasks_id = 29 )  [ RunTime:0.0010s ]
SQL: SHOW COLUMNS FROM `zk_enrol_name` [ RunTime:0.0030s ]
SQL: SELECT * FROM `zk_enrol_name` WHERE `name_id` IN ('1','2','3','4','5','7','9','10','11','12','13','14','15','16','18')  [ RunTime:0.0000s ]
SQL: SHOW COLUMNS FROM `zk_project` [ RunTime:0.0020s ]
SQL: SELECT * FROM `zk_project` WHERE ( project_id = 5 ) LIMIT 1   [ RunTime:0.0010s ]

[ 2017-08-10T17:52:20+08:00 ] 192.168.103.146 /index.php?m=activity&c=index&a=getActivityForms
INFO: [ app_init ] --START--
INFO: Run Behavior\BuildLiteBehavior [ RunTime:0.000000s ]
INFO: [ app_init ] --END-- [ RunTime:0.000000s ]
INFO: [ app_begin ] --START--
INFO: Run Behavior\ReadHtmlCacheBehavior [ RunTime:0.000000s ]
INFO: [ app_begin ] --END-- [ RunTime:0.000000s ]
SQL: SHOW COLUMNS FROM `zk_tasks` [ RunTime:0.0030s ]
SQL: SELECT * FROM `zk_tasks` WHERE ( tasks_id = 29 ) LIMIT 1   [ RunTime:0.0000s ]
SQL: SHOW COLUMNS FROM `zk_enrol_k` [ RunTime:0.0020s ]
SQL: SELECT * FROM `zk_enrol_k` WHERE ( tasks_id = 29 )  [ RunTime:0.0000s ]
SQL: SHOW COLUMNS FROM `zk_enrol_name` [ RunTime:0.0030s ]
SQL: SELECT * FROM `zk_enrol_name` WHERE `name_id` IN ('1','2','3','4','5','7','9','10','11','12','13','14','15','16','18')  [ RunTime:0.0000s ]
SQL: SHOW COLUMNS FROM `zk_project` [ RunTime:0.0020s ]
SQL: SELECT * FROM `zk_project` WHERE ( project_id = 5 ) LIMIT 1   [ RunTime:0.0000s ]

