[ 2017-07-29T09:20:55+08:00 ] 192.168.100.252 /index.php?m=activity&c=user&a=index
INFO: [ app_init ] --START--
INFO: Run Behavior\BuildLiteBehavior [ RunTime:0.000000s ]
INFO: [ app_init ] --END-- [ RunTime:0.001000s ]
INFO: [ app_begin ] --START--
INFO: Run Behavior\ReadHtmlCacheBehavior [ RunTime:0.000000s ]
INFO: [ app_begin ] --END-- [ RunTime:0.000000s ]
SQL: SHOW COLUMNS FROM `zk_session` [ RunTime:0.0020s ]
SQL: SELECT * FROM `zk_session` WHERE `skey` = '1b37ea7ca4f39525cc88d851e3c47c69' LIMIT 1   [ RunTime:0.0000s ]
SQL: SHOW COLUMNS FROM `zk_user` [ RunTime:0.0010s ]
SQL: SELECT * FROM `zk_user` WHERE `openid` = 'oUpv60E98MOGnr9Z9Ele1UYroiLQ' LIMIT 1   [ RunTime:0.0000s ]
SQL: SHOW COLUMNS FROM `zk_enrol` [ RunTime:0.0030s ]
SQL: SELECT * FROM `zk_enrol` WHERE ( user_id = 24 )  [ RunTime:0.0000s ]
SQL: SHOW COLUMNS FROM `zk_tasks` [ RunTime:0.0020s ]
SQL: SELECT * FROM `zk_tasks` WHERE ( tasks_id = 29 ) LIMIT 1   [ RunTime:0.0010s ]
SQL: SELECT * FROM `zk_tasks` WHERE ( tasks_id = 31 ) LIMIT 1   [ RunTime:0.0000s ]
SQL: SELECT * FROM `zk_tasks` WHERE ( tasks_id = 31 ) LIMIT 1   [ RunTime:0.0000s ]
SQL: SELECT * FROM `zk_tasks` WHERE ( tasks_id = 31 ) LIMIT 1   [ RunTime:0.0000s ]
SQL: SELECT * FROM `zk_tasks` WHERE ( tasks_id = 31 ) LIMIT 1   [ RunTime:0.0000s ]
SQL: SELECT * FROM `zk_user` ORDER BY rankmoney desc  [ RunTime:0.0010s ]

[ 2017-07-29T09:20:55+08:00 ] 192.168.100.252 /index.php?m=activity&c=index&a=setSign
INFO: [ app_init ] --START--
INFO: Run Behavior\BuildLiteBehavior [ RunTime:0.000000s ]
INFO: [ app_init ] --END-- [ RunTime:0.000000s ]
INFO: [ app_begin ] --START--
INFO: Run Behavior\ReadHtmlCacheBehavior [ RunTime:0.001000s ]
INFO: [ app_begin ] --END-- [ RunTime:0.001000s ]
SQL: SHOW COLUMNS FROM `zk_session` [ RunTime:0.0020s ]
SQL: SELECT * FROM `zk_session` WHERE `skey` = '1b37ea7ca4f39525cc88d851e3c47c69' LIMIT 1   [ RunTime:0.0010s ]
SQL: SHOW COLUMNS FROM `zk_user` [ RunTime:0.0020s ]
SQL: SELECT * FROM `zk_user` WHERE `openid` = 'oUpv60E98MOGnr9Z9Ele1UYroiLQ' LIMIT 1   [ RunTime:0.0000s ]
SQL: SHOW COLUMNS FROM `zk_enrol` [ RunTime:0.0020s ]
NOTIC: 建议使用E方法替代throw_exception

[ 2017-07-29T09:21:17+08:00 ] 192.168.100.252 /index.php?m=activity&c=index&a=getActivity
INFO: [ app_init ] --START--
INFO: Run Behavior\BuildLiteBehavior [ RunTime:0.000000s ]
INFO: [ app_init ] --END-- [ RunTime:0.000000s ]
INFO: [ app_begin ] --START--
INFO: Run Behavior\ReadHtmlCacheBehavior [ RunTime:0.000000s ]
INFO: [ app_begin ] --END-- [ RunTime:0.000000s ]
SQL: SHOW COLUMNS FROM `zk_tasks` [ RunTime:0.0020s ]
SQL: SELECT * FROM `zk_tasks`  [ RunTime:0.0000s ]

[ 2017-07-29T09:21:55+08:00 ] 192.168.100.252 /index.php?m=activity&c=user&a=index
INFO: [ app_init ] --START--
INFO: Run Behavior\BuildLiteBehavior [ RunTime:0.000000s ]
INFO: [ app_init ] --END-- [ RunTime:0.001000s ]
INFO: [ app_begin ] --START--
INFO: Run Behavior\ReadHtmlCacheBehavior [ RunTime:0.000000s ]
INFO: [ app_begin ] --END-- [ RunTime:0.000000s ]
SQL: SHOW COLUMNS FROM `zk_session` [ RunTime:0.0020s ]
SQL: SELECT * FROM `zk_session` WHERE `skey` = '1b37ea7ca4f39525cc88d851e3c47c69' LIMIT 1   [ RunTime:0.0000s ]
SQL: SHOW COLUMNS FROM `zk_user` [ RunTime:0.0010s ]
SQL: SELECT * FROM `zk_user` WHERE `openid` = 'oUpv60E98MOGnr9Z9Ele1UYroiLQ' LIMIT 1   [ RunTime:0.0000s ]
SQL: SHOW COLUMNS FROM `zk_enrol` [ RunTime:0.0010s ]
SQL: SELECT * FROM `zk_enrol` WHERE ( user_id = 24 )  [ RunTime:0.0000s ]
SQL: SHOW COLUMNS FROM `zk_tasks` [ RunTime:0.0020s ]
SQL: SELECT * FROM `zk_tasks` WHERE ( tasks_id = 29 ) LIMIT 1   [ RunTime:0.0000s ]
SQL: SELECT * FROM `zk_tasks` WHERE ( tasks_id = 31 ) LIMIT 1   [ RunTime:0.0000s ]
SQL: SELECT * FROM `zk_tasks` WHERE ( tasks_id = 31 ) LIMIT 1   [ RunTime:0.0000s ]
SQL: SELECT * FROM `zk_tasks` WHERE ( tasks_id = 31 ) LIMIT 1   [ RunTime:0.0000s ]
SQL: SELECT * FROM `zk_tasks` WHERE ( tasks_id = 31 ) LIMIT 1   [ RunTime:0.0000s ]
SQL: SELECT * FROM `zk_user` ORDER BY rankmoney desc  [ RunTime:0.0000s ]

[ 2017-07-29T09:21:55+08:00 ] 192.168.100.252 /index.php?m=activity&c=index&a=setSign
INFO: [ app_init ] --START--
INFO: Run Behavior\BuildLiteBehavior [ RunTime:0.000000s ]
INFO: [ app_init ] --END-- [ RunTime:0.000000s ]
INFO: [ app_begin ] --START--
INFO: Run Behavior\ReadHtmlCacheBehavior [ RunTime:0.001000s ]
INFO: [ app_begin ] --END-- [ RunTime:0.001000s ]
SQL: SHOW COLUMNS FROM `zk_session` [ RunTime:0.0020s ]
SQL: SELECT * FROM `zk_session` WHERE `skey` = '1b37ea7ca4f39525cc88d851e3c47c69' LIMIT 1   [ RunTime:0.0010s ]
SQL: SHOW COLUMNS FROM `zk_user` [ RunTime:0.0020s ]
SQL: SELECT * FROM `zk_user` WHERE `openid` = 'oUpv60E98MOGnr9Z9Ele1UYroiLQ' LIMIT 1   [ RunTime:0.0000s ]
SQL: SHOW COLUMNS FROM `zk_enrol` [ RunTime:0.0020s ]
NOTIC: 建议使用E方法替代throw_exception

[ 2017-07-29T09:44:36+08:00 ] 192.168.100.252 /index.php?m=activity&c=user&a=index
INFO: [ app_init ] --START--
INFO: Run Behavior\BuildLiteBehavior [ RunTime:0.000000s ]
INFO: [ app_init ] --END-- [ RunTime:0.000000s ]
INFO: [ app_begin ] --START--
INFO: Run Behavior\ReadHtmlCacheBehavior [ RunTime:0.000000s ]
INFO: [ app_begin ] --END-- [ RunTime:0.000000s ]
SQL: SHOW COLUMNS FROM `zk_session` [ RunTime:0.0020s ]
SQL: SELECT * FROM `zk_session` WHERE `skey` = '1b37ea7ca4f39525cc88d851e3c47c69' LIMIT 1   [ RunTime:0.0000s ]
SQL: SHOW COLUMNS FROM `zk_user` [ RunTime:0.0020s ]
SQL: SELECT * FROM `zk_user` WHERE `openid` = 'oUpv60E98MOGnr9Z9Ele1UYroiLQ' LIMIT 1   [ RunTime:0.0000s ]
SQL: SHOW COLUMNS FROM `zk_enrol` [ RunTime:0.0010s ]
SQL: SELECT * FROM `zk_enrol` WHERE ( user_id = 24 )  [ RunTime:0.0000s ]
SQL: SHOW COLUMNS FROM `zk_tasks` [ RunTime:0.0020s ]
SQL: SELECT * FROM `zk_tasks` WHERE ( tasks_id = 29 ) LIMIT 1   [ RunTime:0.0000s ]
SQL: SELECT * FROM `zk_tasks` WHERE ( tasks_id = 31 ) LIMIT 1   [ RunTime:0.0000s ]
SQL: SELECT * FROM `zk_tasks` WHERE ( tasks_id = 31 ) LIMIT 1   [ RunTime:0.0000s ]
SQL: SELECT * FROM `zk_tasks` WHERE ( tasks_id = 31 ) LIMIT 1   [ RunTime:0.0000s ]
SQL: SELECT * FROM `zk_tasks` WHERE ( tasks_id = 31 ) LIMIT 1   [ RunTime:0.0010s ]
SQL: SELECT * FROM `zk_user` ORDER BY rankmoney desc  [ RunTime:0.0000s ]

[ 2017-07-29T09:44:36+08:00 ] 192.168.100.252 /index.php?m=activity&c=index&a=setSign
INFO: [ app_init ] --START--
INFO: Run Behavior\BuildLiteBehavior [ RunTime:0.000000s ]
INFO: [ app_init ] --END-- [ RunTime:0.000000s ]
INFO: [ app_begin ] --START--
INFO: Run Behavior\ReadHtmlCacheBehavior [ RunTime:0.000000s ]
INFO: [ app_begin ] --END-- [ RunTime:0.000000s ]
SQL: SHOW COLUMNS FROM `zk_session` [ RunTime:0.0020s ]
SQL: SELECT * FROM `zk_session` WHERE `skey` = '1b37ea7ca4f39525cc88d851e3c47c69' LIMIT 1   [ RunTime:0.0000s ]
SQL: SHOW COLUMNS FROM `zk_user` [ RunTime:0.0020s ]
SQL: SELECT * FROM `zk_user` WHERE `openid` = 'oUpv60E98MOGnr9Z9Ele1UYroiLQ' LIMIT 1   [ RunTime:0.0000s ]
SQL: SHOW COLUMNS FROM `zk_enrol` [ RunTime:0.0020s ]
NOTIC: 建议使用E方法替代throw_exception

[ 2017-07-29T09:47:47+08:00 ] 192.168.100.252 /index.php?m=activity&c=index&a=getActivity
INFO: [ app_init ] --START--
INFO: Run Behavior\BuildLiteBehavior [ RunTime:0.000000s ]
INFO: [ app_init ] --END-- [ RunTime:0.001000s ]
INFO: [ app_begin ] --START--
INFO: Run Behavior\ReadHtmlCacheBehavior [ RunTime:0.001000s ]
INFO: [ app_begin ] --END-- [ RunTime:0.001000s ]
SQL: SHOW COLUMNS FROM `zk_tasks` [ RunTime:0.0020s ]
SQL: SELECT * FROM `zk_tasks`  [ RunTime:0.0000s ]

[ 2017-07-29T09:47:52+08:00 ] 192.168.100.252 /index.php?m=activity&c=index&a=getActivityDetails
INFO: [ app_init ] --START--
INFO: Run Behavior\BuildLiteBehavior [ RunTime:0.000000s ]
INFO: [ app_init ] --END-- [ RunTime:0.000000s ]
INFO: [ app_begin ] --START--
INFO: Run Behavior\ReadHtmlCacheBehavior [ RunTime:0.000000s ]
INFO: [ app_begin ] --END-- [ RunTime:0.000000s ]
SQL: SHOW COLUMNS FROM `zk_tasks` [ RunTime:0.0020s ]
SQL: SELECT * FROM `zk_tasks` WHERE ( tasks_id = 29 ) LIMIT 1   [ RunTime:0.0010s ]
SQL: SHOW COLUMNS FROM `zk_project` [ RunTime:0.0200s ]
SQL: SELECT * FROM `zk_project` WHERE ( tasks_id = 29 )  [ RunTime:0.0480s ]

