[ 2017-07-21T09:21:27+08:00 ] 192.168.100.252 /index.php?m=activity&c=index&a=getActivity
INFO: [ app_init ] --START--
INFO: Run Behavior\BuildLiteBehavior [ RunTime:0.000000s ]
INFO: [ app_init ] --END-- [ RunTime:0.000000s ]
INFO: [ app_begin ] --START--
INFO: Run Behavior\ReadHtmlCacheBehavior [ RunTime:0.000000s ]
INFO: [ app_begin ] --END-- [ RunTime:0.000000s ]
SQL: SHOW COLUMNS FROM `zk_tasks` [ RunTime:0.0020s ]
SQL: SELECT * FROM `zk_tasks`  [ RunTime:0.0010s ]

[ 2017-07-21T09:21:28+08:00 ] 192.168.100.252 /index.php?m=activity&c=index&a=getActivityDetails
INFO: [ app_init ] --START--
INFO: Run Behavior\BuildLiteBehavior [ RunTime:0.000000s ]
INFO: [ app_init ] --END-- [ RunTime:0.000000s ]
INFO: [ app_begin ] --START--
INFO: Run Behavior\ReadHtmlCacheBehavior [ RunTime:0.000000s ]
INFO: [ app_begin ] --END-- [ RunTime:0.000000s ]
SQL: SHOW COLUMNS FROM `zk_tasks` [ RunTime:0.0020s ]
SQL: SELECT * FROM `zk_tasks` WHERE ( tasks_id = 2 ) LIMIT 1   [ RunTime:0.0000s ]
SQL: SHOW COLUMNS FROM `zk_project` [ RunTime:0.0010s ]
SQL: SELECT * FROM `zk_project` WHERE ( tasks_id = 2 )  [ RunTime:0.0000s ]

[ 2017-07-21T09:23:04+08:00 ] 192.168.100.252 /index.php?m=activity&c=index&a=getActivityForms
INFO: [ app_init ] --START--
INFO: Run Behavior\BuildLiteBehavior [ RunTime:0.000000s ]
INFO: [ app_init ] --END-- [ RunTime:0.000000s ]
INFO: [ app_begin ] --START--
INFO: Run Behavior\ReadHtmlCacheBehavior [ RunTime:0.001000s ]
INFO: [ app_begin ] --END-- [ RunTime:0.001000s ]
SQL: SHOW COLUMNS FROM `zk_tasks` [ RunTime:0.0020s ]
SQL: SELECT * FROM `zk_tasks` WHERE ( tasks_id = 2 ) LIMIT 1   [ RunTime:0.0000s ]
SQL: SHOW COLUMNS FROM `zk_enrol_k` [ RunTime:0.0020s ]
SQL: SELECT * FROM `zk_enrol_k` WHERE ( tasks_id = 2 )  [ RunTime:0.0000s ]
SQL: SHOW COLUMNS FROM `zk_enrol_name` [ RunTime:0.0020s ]
SQL: SELECT * FROM `zk_enrol_name` WHERE `name_id` IN ('1','2','11','12','13','14','17','19')  [ RunTime:0.0000s ]
SQL: SHOW COLUMNS FROM `zk_project` [ RunTime:0.0010s ]
SQL: SELECT * FROM `zk_project` WHERE ( project_id = 4 ) LIMIT 1   [ RunTime:0.0010s ]

[ 2017-07-21T09:23:34+08:00 ] 192.168.100.252 /index.php?m=activity&c=index&a=saveForms
INFO: [ app_init ] --START--
INFO: Run Behavior\BuildLiteBehavior [ RunTime:0.000000s ]
INFO: [ app_init ] --END-- [ RunTime:0.000000s ]
INFO: [ app_begin ] --START--
INFO: Run Behavior\ReadHtmlCacheBehavior [ RunTime:0.001000s ]
INFO: [ app_begin ] --END-- [ RunTime:0.001000s ]
SQL: SHOW COLUMNS FROM `zk_enrol` [ RunTime:0.0020s ]
SQL: INSERT INTO `zk_enrol` (`tasks_id`,`project_id`,`user_id`,`create_time`) VALUES ('2','4','0','1500600214') [ RunTime:0.0380s ]
SQL: SHOW COLUMNS FROM `zk_enrol_value` [ RunTime:0.0020s ]
SQL: INSERT INTO `zk_enrol_value` (`enrol_id`,`name_id`,`value`,`create_time`) VALUES ('25','1','12','1500600214') [ RunTime:0.0390s ]
SQL: INSERT INTO `zk_enrol_value` (`enrol_id`,`name_id`,`value`,`create_time`) VALUES ('25','2','12','1500600214') [ RunTime:0.0280s ]
SQL: INSERT INTO `zk_enrol_value` (`enrol_id`,`name_id`,`value`,`create_time`) VALUES ('25','11','12','1500600214') [ RunTime:0.0310s ]
SQL: INSERT INTO `zk_enrol_value` (`enrol_id`,`name_id`,`value`,`create_time`) VALUES ('25','12','12','1500600214') [ RunTime:0.0280s ]
SQL: INSERT INTO `zk_enrol_value` (`enrol_id`,`name_id`,`value`,`create_time`) VALUES ('25','13','12','1500600214') [ RunTime:0.0210s ]
SQL: INSERT INTO `zk_enrol_value` (`enrol_id`,`name_id`,`value`,`create_time`) VALUES ('25','14','12','1500600214') [ RunTime:0.0280s ]
SQL: INSERT INTO `zk_enrol_value` (`enrol_id`,`name_id`,`value`,`create_time`) VALUES ('25','17','12','1500600214') [ RunTime:0.0580s ]
SQL: INSERT INTO `zk_enrol_value` (`enrol_id`,`name_id`,`value`,`create_time`) VALUES ('25','19','12','1500600214') [ RunTime:0.0330s ]

[ 2017-07-21T09:28:19+08:00 ] 192.168.100.252 /index.php?m=activity&c=index&a=getActivity
INFO: [ app_init ] --START--
INFO: Run Behavior\BuildLiteBehavior [ RunTime:0.000000s ]
INFO: [ app_init ] --END-- [ RunTime:0.000000s ]
INFO: [ app_begin ] --START--
INFO: Run Behavior\ReadHtmlCacheBehavior [ RunTime:0.000000s ]
INFO: [ app_begin ] --END-- [ RunTime:0.000000s ]
SQL: SHOW COLUMNS FROM `zk_tasks` [ RunTime:0.0020s ]
SQL: SELECT * FROM `zk_tasks`  [ RunTime:0.0000s ]

[ 2017-07-21T09:28:20+08:00 ] 192.168.100.252 /index.php?m=activity&c=index&a=getActivityDetails
INFO: [ app_init ] --START--
INFO: Run Behavior\BuildLiteBehavior [ RunTime:0.000000s ]
INFO: [ app_init ] --END-- [ RunTime:0.000000s ]
INFO: [ app_begin ] --START--
INFO: Run Behavior\ReadHtmlCacheBehavior [ RunTime:0.001000s ]
INFO: [ app_begin ] --END-- [ RunTime:0.001000s ]
SQL: SHOW COLUMNS FROM `zk_tasks` [ RunTime:0.0020s ]
SQL: SELECT * FROM `zk_tasks` WHERE ( tasks_id = 2 ) LIMIT 1   [ RunTime:0.0000s ]
SQL: SHOW COLUMNS FROM `zk_project` [ RunTime:0.0020s ]
SQL: SELECT * FROM `zk_project` WHERE ( tasks_id = 2 )  [ RunTime:0.0000s ]

[ 2017-07-21T09:28:23+08:00 ] 192.168.100.252 /index.php?m=activity&c=index&a=getActivityForms
INFO: [ app_init ] --START--
INFO: Run Behavior\BuildLiteBehavior [ RunTime:0.000000s ]
INFO: [ app_init ] --END-- [ RunTime:0.000000s ]
INFO: [ app_begin ] --START--
INFO: Run Behavior\ReadHtmlCacheBehavior [ RunTime:0.000000s ]
INFO: [ app_begin ] --END-- [ RunTime:0.000000s ]
SQL: SHOW COLUMNS FROM `zk_tasks` [ RunTime:0.0160s ]
SQL: SELECT * FROM `zk_tasks` WHERE ( tasks_id = 2 ) LIMIT 1   [ RunTime:0.0000s ]
SQL: SHOW COLUMNS FROM `zk_enrol_k` [ RunTime:0.0010s ]
SQL: SELECT * FROM `zk_enrol_k` WHERE ( tasks_id = 2 )  [ RunTime:0.0000s ]
SQL: SHOW COLUMNS FROM `zk_enrol_name` [ RunTime:0.0020s ]
SQL: SELECT * FROM `zk_enrol_name` WHERE `name_id` IN ('1','2','11','12','13','14','17','19')  [ RunTime:0.0010s ]
SQL: SHOW COLUMNS FROM `zk_project` [ RunTime:0.0010s ]
SQL: SELECT * FROM `zk_project` WHERE ( project_id = 42 ) LIMIT 1   [ RunTime:0.0000s ]

[ 2017-07-21T09:28:25+08:00 ] 192.168.100.252 /index.php?m=activity&c=index&a=saveForms
INFO: [ app_init ] --START--
INFO: Run Behavior\BuildLiteBehavior [ RunTime:0.000000s ]
INFO: [ app_init ] --END-- [ RunTime:0.000000s ]
INFO: [ app_begin ] --START--
INFO: Run Behavior\ReadHtmlCacheBehavior [ RunTime:0.000000s ]
INFO: [ app_begin ] --END-- [ RunTime:0.000000s ]
SQL: SHOW COLUMNS FROM `zk_enrol` [ RunTime:0.0020s ]
SQL: INSERT INTO `zk_enrol` (`tasks_id`,`project_id`,`user_id`,`create_time`) VALUES ('2','42','0','1500600505') [ RunTime:0.0490s ]
SQL: SHOW COLUMNS FROM `zk_enrol_value` [ RunTime:0.0020s ]
SQL: INSERT INTO `zk_enrol_value` (`enrol_id`,`name_id`,`value`,`create_time`) VALUES ('26','1','','1500600505') [ RunTime:0.0480s ]
SQL: INSERT INTO `zk_enrol_value` (`enrol_id`,`name_id`,`value`,`create_time`) VALUES ('26','2','','1500600505') [ RunTime:0.0330s ]
SQL: INSERT INTO `zk_enrol_value` (`enrol_id`,`name_id`,`value`,`create_time`) VALUES ('26','11','','1500600505') [ RunTime:0.0220s ]
SQL: INSERT INTO `zk_enrol_value` (`enrol_id`,`name_id`,`value`,`create_time`) VALUES ('26','12','','1500600505') [ RunTime:0.0280s ]
SQL: INSERT INTO `zk_enrol_value` (`enrol_id`,`name_id`,`value`,`create_time`) VALUES ('26','13','','1500600505') [ RunTime:0.0220s ]
SQL: INSERT INTO `zk_enrol_value` (`enrol_id`,`name_id`,`value`,`create_time`) VALUES ('26','14','','1500600505') [ RunTime:0.0280s ]
SQL: INSERT INTO `zk_enrol_value` (`enrol_id`,`name_id`,`value`,`create_time`) VALUES ('26','17','','1500600505') [ RunTime:0.0220s ]
SQL: INSERT INTO `zk_enrol_value` (`enrol_id`,`name_id`,`value`,`create_time`) VALUES ('26','19','','1500600505') [ RunTime:0.0280s ]

[ 2017-07-21T09:29:43+08:00 ] 192.168.100.252 /index.php?m=activity&c=index&a=getActivity
INFO: [ app_init ] --START--
INFO: Run Behavior\BuildLiteBehavior [ RunTime:0.000000s ]
INFO: [ app_init ] --END-- [ RunTime:0.000000s ]
INFO: [ app_begin ] --START--
INFO: Run Behavior\ReadHtmlCacheBehavior [ RunTime:0.000000s ]
INFO: [ app_begin ] --END-- [ RunTime:0.000000s ]
SQL: SHOW COLUMNS FROM `zk_tasks` [ RunTime:0.0030s ]
SQL: SELECT * FROM `zk_tasks`  [ RunTime:0.0010s ]

[ 2017-07-21T09:29:44+08:00 ] 192.168.100.252 /index.php?m=activity&c=index&a=getActivityDetails
INFO: [ app_init ] --START--
INFO: Run Behavior\BuildLiteBehavior [ RunTime:0.000000s ]
INFO: [ app_init ] --END-- [ RunTime:0.000000s ]
INFO: [ app_begin ] --START--
INFO: Run Behavior\ReadHtmlCacheBehavior [ RunTime:0.000000s ]
INFO: [ app_begin ] --END-- [ RunTime:0.000000s ]
SQL: SHOW COLUMNS FROM `zk_tasks` [ RunTime:0.0020s ]
SQL: SELECT * FROM `zk_tasks` WHERE ( tasks_id = 2 ) LIMIT 1   [ RunTime:0.0000s ]
SQL: SHOW COLUMNS FROM `zk_project` [ RunTime:0.0010s ]
SQL: SELECT * FROM `zk_project` WHERE ( tasks_id = 2 )  [ RunTime:0.0000s ]

[ 2017-07-21T09:29:48+08:00 ] 192.168.100.252 /index.php?m=activity&c=index&a=getActivityForms
INFO: [ app_init ] --START--
INFO: Run Behavior\BuildLiteBehavior [ RunTime:0.000000s ]
INFO: [ app_init ] --END-- [ RunTime:0.001000s ]
INFO: [ app_begin ] --START--
INFO: Run Behavior\ReadHtmlCacheBehavior [ RunTime:0.000000s ]
INFO: [ app_begin ] --END-- [ RunTime:0.000000s ]
SQL: SHOW COLUMNS FROM `zk_tasks` [ RunTime:0.0020s ]
SQL: SELECT * FROM `zk_tasks` WHERE ( tasks_id = 2 ) LIMIT 1   [ RunTime:0.0000s ]
SQL: SHOW COLUMNS FROM `zk_enrol_k` [ RunTime:0.0020s ]
SQL: SELECT * FROM `zk_enrol_k` WHERE ( tasks_id = 2 )  [ RunTime:0.0000s ]
SQL: SHOW COLUMNS FROM `zk_enrol_name` [ RunTime:0.0020s ]
SQL: SELECT * FROM `zk_enrol_name` WHERE `name_id` IN ('1','2','11','12','13','14','17','19')  [ RunTime:0.0000s ]
SQL: SHOW COLUMNS FROM `zk_project` [ RunTime:0.0020s ]
SQL: SELECT * FROM `zk_project` WHERE ( project_id = 42 ) LIMIT 1   [ RunTime:0.0000s ]

[ 2017-07-21T09:29:49+08:00 ] 192.168.100.252 /index.php?m=activity&c=index&a=saveForms
INFO: [ app_init ] --START--
INFO: Run Behavior\BuildLiteBehavior [ RunTime:0.000000s ]
INFO: [ app_init ] --END-- [ RunTime:0.000000s ]
INFO: [ app_begin ] --START--
INFO: Run Behavior\ReadHtmlCacheBehavior [ RunTime:0.000000s ]
INFO: [ app_begin ] --END-- [ RunTime:0.000000s ]
SQL: SHOW COLUMNS FROM `zk_enrol` [ RunTime:0.0030s ]
SQL: INSERT INTO `zk_enrol` (`tasks_id`,`project_id`,`user_id`,`create_time`) VALUES ('2','42','0','1500600589') [ RunTime:0.0430s ]
SQL: SHOW COLUMNS FROM `zk_enrol_value` [ RunTime:0.0070s ]
SQL: INSERT INTO `zk_enrol_value` (`enrol_id`,`name_id`,`value`,`create_time`) VALUES ('27','1','','1500600589') [ RunTime:0.0590s ]
SQL: INSERT INTO `zk_enrol_value` (`enrol_id`,`name_id`,`value`,`create_time`) VALUES ('27','2','','1500600589') [ RunTime:0.0410s ]
SQL: INSERT INTO `zk_enrol_value` (`enrol_id`,`name_id`,`value`,`create_time`) VALUES ('27','11','','1500600589') [ RunTime:0.0740s ]
SQL: INSERT INTO `zk_enrol_value` (`enrol_id`,`name_id`,`value`,`create_time`) VALUES ('27','12','','1500600589') [ RunTime:0.0270s ]
SQL: INSERT INTO `zk_enrol_value` (`enrol_id`,`name_id`,`value`,`create_time`) VALUES ('27','13','','1500600589') [ RunTime:0.0380s ]
SQL: INSERT INTO `zk_enrol_value` (`enrol_id`,`name_id`,`value`,`create_time`) VALUES ('27','14','','1500600589') [ RunTime:0.0500s ]
SQL: INSERT INTO `zk_enrol_value` (`enrol_id`,`name_id`,`value`,`create_time`) VALUES ('27','17','','1500600589') [ RunTime:0.0610s ]
SQL: INSERT INTO `zk_enrol_value` (`enrol_id`,`name_id`,`value`,`create_time`) VALUES ('27','19','','1500600589') [ RunTime:0.0210s ]

[ 2017-07-21T09:30:05+08:00 ] 192.168.100.252 /index.php?m=activity&c=index&a=getActivity
INFO: [ app_init ] --START--
INFO: Run Behavior\BuildLiteBehavior [ RunTime:0.000000s ]
INFO: [ app_init ] --END-- [ RunTime:0.000000s ]
INFO: [ app_begin ] --START--
INFO: Run Behavior\ReadHtmlCacheBehavior [ RunTime:0.000000s ]
INFO: [ app_begin ] --END-- [ RunTime:0.000000s ]
SQL: SHOW COLUMNS FROM `zk_tasks` [ RunTime:0.0030s ]
SQL: SELECT * FROM `zk_tasks`  [ RunTime:0.0000s ]

[ 2017-07-21T09:30:06+08:00 ] 192.168.100.252 /index.php?m=activity&c=index&a=getActivityDetails
INFO: [ app_init ] --START--
INFO: Run Behavior\BuildLiteBehavior [ RunTime:0.000000s ]
INFO: [ app_init ] --END-- [ RunTime:0.000000s ]
INFO: [ app_begin ] --START--
INFO: Run Behavior\ReadHtmlCacheBehavior [ RunTime:0.001000s ]
INFO: [ app_begin ] --END-- [ RunTime:0.001000s ]
SQL: SHOW COLUMNS FROM `zk_tasks` [ RunTime:0.0030s ]
SQL: SELECT * FROM `zk_tasks` WHERE ( tasks_id = 2 ) LIMIT 1   [ RunTime:0.0000s ]
SQL: SHOW COLUMNS FROM `zk_project` [ RunTime:0.0020s ]
SQL: SELECT * FROM `zk_project` WHERE ( tasks_id = 2 )  [ RunTime:0.0000s ]

[ 2017-07-21T09:30:09+08:00 ] 192.168.100.252 /index.php?m=activity&c=index&a=getActivityForms
INFO: [ app_init ] --START--
INFO: Run Behavior\BuildLiteBehavior [ RunTime:0.000000s ]
INFO: [ app_init ] --END-- [ RunTime:0.001000s ]
INFO: [ app_begin ] --START--
INFO: Run Behavior\ReadHtmlCacheBehavior [ RunTime:0.000000s ]
INFO: [ app_begin ] --END-- [ RunTime:0.000000s ]
SQL: SHOW COLUMNS FROM `zk_tasks` [ RunTime:0.0040s ]
SQL: SELECT * FROM `zk_tasks` WHERE ( tasks_id = 2 ) LIMIT 1   [ RunTime:0.0000s ]
SQL: SHOW COLUMNS FROM `zk_enrol_k` [ RunTime:0.0020s ]
SQL: SELECT * FROM `zk_enrol_k` WHERE ( tasks_id = 2 )  [ RunTime:0.0000s ]
SQL: SHOW COLUMNS FROM `zk_enrol_name` [ RunTime:0.0020s ]
SQL: SELECT * FROM `zk_enrol_name` WHERE `name_id` IN ('1','2','11','12','13','14','17','19')  [ RunTime:0.0010s ]
SQL: SHOW COLUMNS FROM `zk_project` [ RunTime:0.0010s ]
SQL: SELECT * FROM `zk_project` WHERE ( project_id = 42 ) LIMIT 1   [ RunTime:0.0000s ]

[ 2017-07-21T09:30:10+08:00 ] 192.168.100.252 /index.php?m=activity&c=index&a=saveForms
INFO: [ app_init ] --START--
INFO: Run Behavior\BuildLiteBehavior [ RunTime:0.000000s ]
INFO: [ app_init ] --END-- [ RunTime:0.001000s ]
INFO: [ app_begin ] --START--
INFO: Run Behavior\ReadHtmlCacheBehavior [ RunTime:0.000000s ]
INFO: [ app_begin ] --END-- [ RunTime:0.000000s ]
SQL: SHOW COLUMNS FROM `zk_enrol` [ RunTime:0.0040s ]
SQL: INSERT INTO `zk_enrol` (`tasks_id`,`project_id`,`user_id`,`create_time`) VALUES ('2','42','0','1500600610') [ RunTime:0.0480s ]
SQL: SHOW COLUMNS FROM `zk_enrol_value` [ RunTime:0.0020s ]
SQL: INSERT INTO `zk_enrol_value` (`enrol_id`,`name_id`,`value`,`create_time`) VALUES ('28','1','','1500600610') [ RunTime:0.0300s ]
SQL: INSERT INTO `zk_enrol_value` (`enrol_id`,`name_id`,`value`,`create_time`) VALUES ('28','2','','1500600610') [ RunTime:0.0340s ]
SQL: INSERT INTO `zk_enrol_value` (`enrol_id`,`name_id`,`value`,`create_time`) VALUES ('28','11','','1500600610') [ RunTime:0.0210s ]
SQL: INSERT INTO `zk_enrol_value` (`enrol_id`,`name_id`,`value`,`create_time`) VALUES ('28','12','','1500600610') [ RunTime:0.0270s ]
SQL: INSERT INTO `zk_enrol_value` (`enrol_id`,`name_id`,`value`,`create_time`) VALUES ('28','13','','1500600610') [ RunTime:0.0210s ]
SQL: INSERT INTO `zk_enrol_value` (`enrol_id`,`name_id`,`value`,`create_time`) VALUES ('28','14','','1500600610') [ RunTime:0.0270s ]
SQL: INSERT INTO `zk_enrol_value` (`enrol_id`,`name_id`,`value`,`create_time`) VALUES ('28','17','','1500600610') [ RunTime:0.0210s ]
SQL: INSERT INTO `zk_enrol_value` (`enrol_id`,`name_id`,`value`,`create_time`) VALUES ('28','19','','1500600610') [ RunTime:0.0270s ]

[ 2017-07-21T09:32:13+08:00 ] 192.168.103.114 /index.php?m=activity&c=index&a=getActivity
INFO: [ app_init ] --START--
INFO: Run Behavior\BuildLiteBehavior [ RunTime:0.000000s ]
INFO: [ app_init ] --END-- [ RunTime:0.001000s ]
INFO: [ app_begin ] --START--
INFO: Run Behavior\ReadHtmlCacheBehavior [ RunTime:0.001000s ]
INFO: [ app_begin ] --END-- [ RunTime:0.002000s ]
SQL: SHOW COLUMNS FROM `zk_tasks` [ RunTime:0.0040s ]
SQL: SELECT * FROM `zk_tasks`  [ RunTime:0.0010s ]

[ 2017-07-21T09:32:16+08:00 ] 192.168.103.114 /index.php?m=activity&c=index&a=getActivityDetails
INFO: [ app_init ] --START--
INFO: Run Behavior\BuildLiteBehavior [ RunTime:0.000000s ]
INFO: [ app_init ] --END-- [ RunTime:0.000000s ]
INFO: [ app_begin ] --START--
INFO: Run Behavior\ReadHtmlCacheBehavior [ RunTime:0.000000s ]
INFO: [ app_begin ] --END-- [ RunTime:0.000000s ]
SQL: SHOW COLUMNS FROM `zk_tasks` [ RunTime:0.0030s ]
SQL: SELECT * FROM `zk_tasks` WHERE ( tasks_id = 2 ) LIMIT 1   [ RunTime:0.0000s ]
SQL: SHOW COLUMNS FROM `zk_project` [ RunTime:0.0030s ]
SQL: SELECT * FROM `zk_project` WHERE ( tasks_id = 2 )  [ RunTime:0.0000s ]

[ 2017-07-21T09:32:19+08:00 ] 192.168.103.114 /index.php?m=activity&c=index&a=getActivityDetails
INFO: [ app_init ] --START--
INFO: Run Behavior\BuildLiteBehavior [ RunTime:0.000000s ]
INFO: [ app_init ] --END-- [ RunTime:0.001000s ]
INFO: [ app_begin ] --START--
INFO: Run Behavior\ReadHtmlCacheBehavior [ RunTime:0.002000s ]
INFO: [ app_begin ] --END-- [ RunTime:0.002000s ]
SQL: SHOW COLUMNS FROM `zk_tasks` [ RunTime:0.0070s ]
SQL: SELECT * FROM `zk_tasks` WHERE ( tasks_id = 25 ) LIMIT 1   [ RunTime:0.0010s ]
SQL: SHOW COLUMNS FROM `zk_project` [ RunTime:0.0060s ]
SQL: SELECT * FROM `zk_project` WHERE ( tasks_id = 25 )  [ RunTime:0.0010s ]

[ 2017-07-21T09:32:22+08:00 ] 192.168.103.114 /index.php?m=activity&c=index&a=getActivityDetails
INFO: [ app_init ] --START--
INFO: Run Behavior\BuildLiteBehavior [ RunTime:0.000000s ]
INFO: [ app_init ] --END-- [ RunTime:0.001001s ]
INFO: [ app_begin ] --START--
INFO: Run Behavior\ReadHtmlCacheBehavior [ RunTime:0.001000s ]
INFO: [ app_begin ] --END-- [ RunTime:0.001000s ]
SQL: SHOW COLUMNS FROM `zk_tasks` [ RunTime:0.0030s ]
SQL: SELECT * FROM `zk_tasks` WHERE ( tasks_id = 2 ) LIMIT 1   [ RunTime:0.0010s ]
SQL: SHOW COLUMNS FROM `zk_project` [ RunTime:0.0030s ]
SQL: SELECT * FROM `zk_project` WHERE ( tasks_id = 2 )  [ RunTime:0.0000s ]

[ 2017-07-21T09:32:30+08:00 ] 192.168.103.114 /index.php?m=activity&c=index&a=getActivityForms
INFO: [ app_init ] --START--
INFO: Run Behavior\BuildLiteBehavior [ RunTime:0.000000s ]
INFO: [ app_init ] --END-- [ RunTime:0.001000s ]
INFO: [ app_begin ] --START--
INFO: Run Behavior\ReadHtmlCacheBehavior [ RunTime:0.001000s ]
INFO: [ app_begin ] --END-- [ RunTime:0.001000s ]
SQL: SHOW COLUMNS FROM `zk_tasks` [ RunTime:0.0040s ]
SQL: SELECT * FROM `zk_tasks` WHERE ( tasks_id = 2 ) LIMIT 1   [ RunTime:0.0010s ]
SQL: SHOW COLUMNS FROM `zk_enrol_k` [ RunTime:0.0030s ]
SQL: SELECT * FROM `zk_enrol_k` WHERE ( tasks_id = 2 )  [ RunTime:0.0000s ]
SQL: SHOW COLUMNS FROM `zk_enrol_name` [ RunTime:0.0030s ]
SQL: SELECT * FROM `zk_enrol_name` WHERE `name_id` IN ('1','2','11','12','13','14','17','19')  [ RunTime:0.0000s ]
SQL: SHOW COLUMNS FROM `zk_project` [ RunTime:0.0030s ]
SQL: SELECT * FROM `zk_project` WHERE ( project_id = 4 ) LIMIT 1   [ RunTime:0.0000s ]

[ 2017-07-21T09:32:56+08:00 ] 192.168.103.114 /index.php?m=activity&c=index&a=saveForms
INFO: [ app_init ] --START--
INFO: Run Behavior\BuildLiteBehavior [ RunTime:0.000000s ]
INFO: [ app_init ] --END-- [ RunTime:0.001000s ]
INFO: [ app_begin ] --START--
INFO: Run Behavior\ReadHtmlCacheBehavior [ RunTime:0.000000s ]
INFO: [ app_begin ] --END-- [ RunTime:0.000000s ]
SQL: SHOW COLUMNS FROM `zk_enrol` [ RunTime:0.0030s ]
SQL: INSERT INTO `zk_enrol` (`tasks_id`,`project_id`,`user_id`,`create_time`) VALUES ('2','4','0','1500600776') [ RunTime:0.1220s ]
SQL: SHOW COLUMNS FROM `zk_enrol_value` [ RunTime:0.0060s ]
SQL: INSERT INTO `zk_enrol_value` (`enrol_id`,`name_id`,`value`,`create_time`) VALUES ('29','1','','1500600776') [ RunTime:0.0340s ]
SQL: INSERT INTO `zk_enrol_value` (`enrol_id`,`name_id`,`value`,`create_time`) VALUES ('29','2','','1500600776') [ RunTime:0.0210s ]
SQL: INSERT INTO `zk_enrol_value` (`enrol_id`,`name_id`,`value`,`create_time`) VALUES ('29','11','','1500600776') [ RunTime:0.0280s ]
SQL: INSERT INTO `zk_enrol_value` (`enrol_id`,`name_id`,`value`,`create_time`) VALUES ('29','12','','1500600776') [ RunTime:0.0220s ]
SQL: INSERT INTO `zk_enrol_value` (`enrol_id`,`name_id`,`value`,`create_time`) VALUES ('29','13','','1500600776') [ RunTime:0.0460s ]
SQL: INSERT INTO `zk_enrol_value` (`enrol_id`,`name_id`,`value`,`create_time`) VALUES ('29','14','','1500600776') [ RunTime:0.0400s ]
SQL: INSERT INTO `zk_enrol_value` (`enrol_id`,`name_id`,`value`,`create_time`) VALUES ('29','17','','1500600776') [ RunTime:0.0500s ]
SQL: INSERT INTO `zk_enrol_value` (`enrol_id`,`name_id`,`value`,`create_time`) VALUES ('29','19','','1500600776') [ RunTime:0.0500s ]

[ 2017-07-21T09:33:03+08:00 ] 192.168.103.114 /index.php?m=activity&c=index&a=getActivity
INFO: [ app_init ] --START--
INFO: Run Behavior\BuildLiteBehavior [ RunTime:0.000000s ]
INFO: [ app_init ] --END-- [ RunTime:0.001001s ]
INFO: [ app_begin ] --START--
INFO: Run Behavior\ReadHtmlCacheBehavior [ RunTime:0.001000s ]
INFO: [ app_begin ] --END-- [ RunTime:0.001000s ]
SQL: SHOW COLUMNS FROM `zk_tasks` [ RunTime:0.0040s ]
SQL: SELECT * FROM `zk_tasks`  [ RunTime:0.0010s ]

[ 2017-07-21T09:33:06+08:00 ] 192.168.103.114 /index.php?m=activity&c=index&a=getActivityDetails
INFO: [ app_init ] --START--
INFO: Run Behavior\BuildLiteBehavior [ RunTime:0.000000s ]
INFO: [ app_init ] --END-- [ RunTime:0.000000s ]
INFO: [ app_begin ] --START--
INFO: Run Behavior\ReadHtmlCacheBehavior [ RunTime:0.001000s ]
INFO: [ app_begin ] --END-- [ RunTime:0.001000s ]
SQL: SHOW COLUMNS FROM `zk_tasks` [ RunTime:0.0030s ]
SQL: SELECT * FROM `zk_tasks` WHERE ( tasks_id = 2 ) LIMIT 1   [ RunTime:0.0000s ]
SQL: SHOW COLUMNS FROM `zk_project` [ RunTime:0.0020s ]
SQL: SELECT * FROM `zk_project` WHERE ( tasks_id = 2 )  [ RunTime:0.0000s ]

[ 2017-07-21T09:33:10+08:00 ] 192.168.103.114 /index.php?m=activity&c=index&a=getActivityForms
INFO: [ app_init ] --START--
INFO: Run Behavior\BuildLiteBehavior [ RunTime:0.000000s ]
INFO: [ app_init ] --END-- [ RunTime:0.001000s ]
INFO: [ app_begin ] --START--
INFO: Run Behavior\ReadHtmlCacheBehavior [ RunTime:0.001000s ]
INFO: [ app_begin ] --END-- [ RunTime:0.001000s ]
SQL: SHOW COLUMNS FROM `zk_tasks` [ RunTime:0.0030s ]
SQL: SELECT * FROM `zk_tasks` WHERE ( tasks_id = 2 ) LIMIT 1   [ RunTime:0.0010s ]
SQL: SHOW COLUMNS FROM `zk_enrol_k` [ RunTime:0.0030s ]
SQL: SELECT * FROM `zk_enrol_k` WHERE ( tasks_id = 2 )  [ RunTime:0.0000s ]
SQL: SHOW COLUMNS FROM `zk_enrol_name` [ RunTime:0.0020s ]
SQL: SELECT * FROM `zk_enrol_name` WHERE `name_id` IN ('1','2','11','12','13','14','17','19')  [ RunTime:0.0000s ]
SQL: SHOW COLUMNS FROM `zk_project` [ RunTime:0.0020s ]
SQL: SELECT * FROM `zk_project` WHERE ( project_id = 42 ) LIMIT 1   [ RunTime:0.0010s ]

[ 2017-07-21T09:33:11+08:00 ] 192.168.103.114 /index.php?m=activity&c=index&a=saveForms
INFO: [ app_init ] --START--
INFO: Run Behavior\BuildLiteBehavior [ RunTime:0.000000s ]
INFO: [ app_init ] --END-- [ RunTime:0.001000s ]
INFO: [ app_begin ] --START--
INFO: Run Behavior\ReadHtmlCacheBehavior [ RunTime:0.001000s ]
INFO: [ app_begin ] --END-- [ RunTime:0.001000s ]
SQL: SHOW COLUMNS FROM `zk_enrol` [ RunTime:0.0060s ]
SQL: INSERT INTO `zk_enrol` (`tasks_id`,`project_id`,`user_id`,`create_time`) VALUES ('2','42','0','1500600791') [ RunTime:0.0410s ]
SQL: SHOW COLUMNS FROM `zk_enrol_value` [ RunTime:0.0060s ]
SQL: INSERT INTO `zk_enrol_value` (`enrol_id`,`name_id`,`value`,`create_time`) VALUES ('30','1','','1500600791') [ RunTime:0.0290s ]
SQL: INSERT INTO `zk_enrol_value` (`enrol_id`,`name_id`,`value`,`create_time`) VALUES ('30','2','','1500600791') [ RunTime:0.0280s ]
SQL: INSERT INTO `zk_enrol_value` (`enrol_id`,`name_id`,`value`,`create_time`) VALUES ('30','11','','1500600791') [ RunTime:0.0450s ]
SQL: INSERT INTO `zk_enrol_value` (`enrol_id`,`name_id`,`value`,`create_time`) VALUES ('30','12','','1500600791') [ RunTime:0.0370s ]
SQL: INSERT INTO `zk_enrol_value` (`enrol_id`,`name_id`,`value`,`create_time`) VALUES ('30','13','','1500600791') [ RunTime:0.0300s ]
SQL: INSERT INTO `zk_enrol_value` (`enrol_id`,`name_id`,`value`,`create_time`) VALUES ('30','14','','1500600791') [ RunTime:0.0280s ]
SQL: INSERT INTO `zk_enrol_value` (`enrol_id`,`name_id`,`value`,`create_time`) VALUES ('30','17','','1500600791') [ RunTime:0.0220s ]
SQL: INSERT INTO `zk_enrol_value` (`enrol_id`,`name_id`,`value`,`create_time`) VALUES ('30','19','','1500600791') [ RunTime:0.0280s ]

[ 2017-07-21T09:34:10+08:00 ] 192.168.100.252 /index.php?m=activity&c=index&a=getActivity
INFO: [ app_init ] --START--
INFO: Run Behavior\BuildLiteBehavior [ RunTime:0.000000s ]
INFO: [ app_init ] --END-- [ RunTime:0.001000s ]
INFO: [ app_begin ] --START--
INFO: Run Behavior\ReadHtmlCacheBehavior [ RunTime:0.000000s ]
INFO: [ app_begin ] --END-- [ RunTime:0.000000s ]
SQL: SHOW COLUMNS FROM `zk_tasks` [ RunTime:0.0020s ]
SQL: SELECT * FROM `zk_tasks`  [ RunTime:0.0000s ]

[ 2017-07-21T09:34:13+08:00 ] 192.168.100.252 /index.php?m=activity&c=index&a=getActivity
INFO: [ app_init ] --START--
INFO: Run Behavior\BuildLiteBehavior [ RunTime:0.000000s ]
INFO: [ app_init ] --END-- [ RunTime:0.000000s ]
INFO: [ app_begin ] --START--
INFO: Run Behavior\ReadHtmlCacheBehavior [ RunTime:0.001000s ]
INFO: [ app_begin ] --END-- [ RunTime:0.001000s ]
SQL: SHOW COLUMNS FROM `zk_tasks` [ RunTime:0.0020s ]
SQL: SELECT * FROM `zk_tasks`  [ RunTime:0.0010s ]

[ 2017-07-21T09:35:17+08:00 ] 192.168.100.252 /index.php?m=activity&c=index&a=getActivity
INFO: [ app_init ] --START--
INFO: Run Behavior\BuildLiteBehavior [ RunTime:0.000000s ]
INFO: [ app_init ] --END-- [ RunTime:0.000000s ]
INFO: [ app_begin ] --START--
INFO: Run Behavior\ReadHtmlCacheBehavior [ RunTime:0.001000s ]
INFO: [ app_begin ] --END-- [ RunTime:0.001000s ]
SQL: SHOW COLUMNS FROM `zk_tasks` [ RunTime:0.0030s ]
SQL: SELECT * FROM `zk_tasks`  [ RunTime:0.0000s ]

[ 2017-07-21T10:23:57+08:00 ] 192.168.100.252 /index.php?m=activity&c=index&a=getActivity
INFO: [ app_init ] --START--
INFO: Run Behavior\BuildLiteBehavior [ RunTime:0.000000s ]
INFO: [ app_init ] --END-- [ RunTime:0.000000s ]
INFO: [ app_begin ] --START--
INFO: Run Behavior\ReadHtmlCacheBehavior [ RunTime:0.000000s ]
INFO: [ app_begin ] --END-- [ RunTime:0.000000s ]
SQL: SHOW COLUMNS FROM `zk_tasks` [ RunTime:0.0400s ]
SQL: SELECT * FROM `zk_tasks`  [ RunTime:0.0010s ]

[ 2017-07-21T10:24:00+08:00 ] 192.168.100.252 /index.php?m=activity&c=index&a=getActivityDetails
INFO: [ app_init ] --START--
INFO: Run Behavior\BuildLiteBehavior [ RunTime:0.000000s ]
INFO: [ app_init ] --END-- [ RunTime:0.000000s ]
INFO: [ app_begin ] --START--
INFO: Run Behavior\ReadHtmlCacheBehavior [ RunTime:0.000000s ]
INFO: [ app_begin ] --END-- [ RunTime:0.000000s ]
SQL: SHOW COLUMNS FROM `zk_tasks` [ RunTime:0.0040s ]
SQL: SELECT * FROM `zk_tasks` WHERE ( tasks_id = 2 ) LIMIT 1   [ RunTime:0.0000s ]
SQL: SHOW COLUMNS FROM `zk_project` [ RunTime:0.0240s ]
SQL: SELECT * FROM `zk_project` WHERE ( tasks_id = 2 )  [ RunTime:0.0010s ]

[ 2017-07-21T10:24:12+08:00 ] 127.0.0.1 /index.php?m=activity&c=index&a=index
INFO: [ app_init ] --START--
INFO: Run Behavior\BuildLiteBehavior [ RunTime:0.000000s ]
INFO: [ app_init ] --END-- [ RunTime:0.000000s ]
INFO: [ app_begin ] --START--
INFO: Run Behavior\ReadHtmlCacheBehavior [ RunTime:0.001000s ]
INFO: [ app_begin ] --END-- [ RunTime:0.001000s ]
SQL: SHOW COLUMNS FROM `zk_event` [ RunTime:0.0370s ]
SQL: SELECT * FROM `zk_event` WHERE ( status != -1 )  [ RunTime:0.0370s ]
NOTIC: [8] Undefined index: tasks_id E:\wwwroot\Application\Activity\Controller\IndexController.class.php 第 21 行.
NOTIC: [8] Undefined variable: tasks E:\wwwroot\Application\Activity\Controller\IndexController.class.php 第 36 行.
NOTIC: [8] Undefined variable: tasks_id E:\wwwroot\Application\Activity\Controller\IndexController.class.php 第 37 行.
NOTIC: [8] Undefined variable: project_status E:\wwwroot\Application\Activity\Controller\IndexController.class.php 第 38 行.
NOTIC: [8] Undefined variable: registration E:\wwwroot\Application\Activity\Controller\IndexController.class.php 第 39 行.
INFO: [ view_parse ] --START--
INFO: [ template_filter ] --START--
INFO: Run Behavior\ContentReplaceBehavior [ RunTime:0.000000s ]
INFO: [ template_filter ] --END-- [ RunTime:0.000000s ]
NOTIC: [2] is_null() expects exactly 1 parameter, 0 given E:\wwwroot\Application\Runtime\Cache\Activity\031f960a0526cfaf914778c7e8ea5709.php 第 88 行.
NOTIC: [2] is_null() expects exactly 1 parameter, 0 given E:\wwwroot\Application\Runtime\Cache\Activity\031f960a0526cfaf914778c7e8ea5709.php 第 95 行.
NOTIC: [2] is_null() expects exactly 1 parameter, 0 given E:\wwwroot\Application\Runtime\Cache\Activity\031f960a0526cfaf914778c7e8ea5709.php 第 209 行.
INFO: Run Behavior\ParseTemplateBehavior [ RunTime:0.030002s ]
INFO: [ view_parse ] --END-- [ RunTime:0.030002s ]
INFO: [ view_filter ] --START--
INFO: Run Behavior\WriteHtmlCacheBehavior [ RunTime:0.001000s ]
INFO: [ view_filter ] --END-- [ RunTime:0.001000s ]
INFO: [ app_end ] --START--
INFO: Run Behavior\ShowPageTraceBehavior [ RunTime:0.001000s ]
INFO: [ app_end ] --END-- [ RunTime:0.001000s ]

[ 2017-07-21T10:25:58+08:00 ] 127.0.0.1 /index.php?m=activity&c=index&a=index
INFO: [ app_init ] --START--
INFO: Run Behavior\BuildLiteBehavior [ RunTime:0.000000s ]
INFO: [ app_init ] --END-- [ RunTime:0.001000s ]
INFO: [ app_begin ] --START--
INFO: Run Behavior\ReadHtmlCacheBehavior [ RunTime:0.000000s ]
INFO: [ app_begin ] --END-- [ RunTime:0.001000s ]
SQL: SHOW COLUMNS FROM `zk_event` [ RunTime:0.0140s ]
SQL: SELECT * FROM `zk_event` WHERE ( status != -1 )  [ RunTime:0.0000s ]
NOTIC: [8] Undefined index: tasks_id E:\wwwroot\Application\Activity\Controller\IndexController.class.php 第 21 行.
NOTIC: [8] Undefined variable: tasks E:\wwwroot\Application\Activity\Controller\IndexController.class.php 第 36 行.
NOTIC: [8] Undefined variable: tasks_id E:\wwwroot\Application\Activity\Controller\IndexController.class.php 第 37 行.
NOTIC: [8] Undefined variable: project_status E:\wwwroot\Application\Activity\Controller\IndexController.class.php 第 38 行.
NOTIC: [8] Undefined variable: registration E:\wwwroot\Application\Activity\Controller\IndexController.class.php 第 39 行.
INFO: [ view_parse ] --START--
INFO: [ template_filter ] --START--
INFO: Run Behavior\ContentReplaceBehavior [ RunTime:0.000000s ]
INFO: [ template_filter ] --END-- [ RunTime:0.000000s ]
NOTIC: [2] is_null() expects exactly 1 parameter, 0 given E:\wwwroot\Application\Runtime\Cache\Activity\031f960a0526cfaf914778c7e8ea5709.php 第 88 行.
NOTIC: [2] is_null() expects exactly 1 parameter, 0 given E:\wwwroot\Application\Runtime\Cache\Activity\031f960a0526cfaf914778c7e8ea5709.php 第 95 行.
NOTIC: [2] is_null() expects exactly 1 parameter, 0 given E:\wwwroot\Application\Runtime\Cache\Activity\031f960a0526cfaf914778c7e8ea5709.php 第 209 行.
INFO: Run Behavior\ParseTemplateBehavior [ RunTime:0.019001s ]
INFO: [ view_parse ] --END-- [ RunTime:0.019001s ]
INFO: [ view_filter ] --START--
INFO: Run Behavior\WriteHtmlCacheBehavior [ RunTime:0.001000s ]
INFO: [ view_filter ] --END-- [ RunTime:0.001000s ]
INFO: [ app_end ] --START--
INFO: Run Behavior\ShowPageTraceBehavior [ RunTime:0.001000s ]
INFO: [ app_end ] --END-- [ RunTime:0.001000s ]

[ 2017-07-21T10:26:08+08:00 ] 192.168.100.252 /index.php?m=activity&c=index&a=getActivity
INFO: [ app_init ] --START--
INFO: Run Behavior\BuildLiteBehavior [ RunTime:0.000000s ]
INFO: [ app_init ] --END-- [ RunTime:0.001000s ]
INFO: [ app_begin ] --START--
INFO: Run Behavior\ReadHtmlCacheBehavior [ RunTime:0.000000s ]
INFO: [ app_begin ] --END-- [ RunTime:0.000000s ]
SQL: SHOW COLUMNS FROM `zk_tasks` [ RunTime:0.0040s ]
SQL: SELECT * FROM `zk_tasks`  [ RunTime:0.0010s ]

[ 2017-07-21T10:27:26+08:00 ] 127.0.0.1 /index.php?m=activity&c=index&a=checkActivityBody
INFO: [ app_init ] --START--
INFO: Run Behavior\BuildLiteBehavior [ RunTime:0.000000s ]
INFO: [ app_init ] --END-- [ RunTime:0.001000s ]
INFO: [ app_begin ] --START--
INFO: Run Behavior\ReadHtmlCacheBehavior [ RunTime:0.000000s ]
INFO: [ app_begin ] --END-- [ RunTime:0.000000s ]
SQL: SHOW COLUMNS FROM `zk_tasks` [ RunTime:0.0060s ]
SQL: INSERT INTO `zk_tasks` (`title`,`category`,`start_time`,`end_time`,`description`,`leader`,`contact`,`create_time`,`reward`,`user_id`) VALUES ('中铠街区篮球赛','5','1500825600','1501257600','（一）竞赛采用国家体育总局最新审定的《篮球竞赛规则》，规则与规程发生矛盾时，按规程执行。

   （二）竞赛还将执行以下特殊规定

    1、比赛分为四节，每节10分钟，每节全队累计4次犯规后执行罚球。第一、二节之间和第三、四节之间休息2分钟，第二、三节之间休息10分钟。加时赛休息2分钟。加时赛为5分钟。

    2、每队应分成甲、乙两组各六名运动员参加第一、二节比赛（上场5名、参加第一、二节的各六名运动员不得互换）；第三、四节上场运动员可以自由组合。在第一、二节比赛中，某队如因运动员比赛受罚、受伤或生病（受伤和生病者须有医生证明并在以后的比赛中不得上场）使参赛运动员不足10人时，则由对方的教练员指定不足10人方的任何一名运动员上场比赛（不足9人时不再由对方指定运动员，则以少打多）。

(三)竞赛日程分两阶段，第一阶段实施分组循环；第二阶段将根据具体情况采用循环、交叉办法。

计分办法：胜一场得2分，负一场得分1，弃权得0分，积分多者名次列在前。如遇两队积分相等，按两队相互间比赛的胜负决定名次；如遇三队或三队以上积分相等，则以相互间比赛的得失分率（得分之和除以失分之和）决定名次，如再相等，以所有比赛的得失分率决定名次。

(四)各参赛队服装必须统一，须有不少于两套（深色、浅色各一套）的上场参赛服。比赛服装后背上方印参赛队员姓名。','刘泽中','18852983610','1500604046','100','0') [ RunTime:0.0470s ]

[ 2017-07-21T10:27:27+08:00 ] 127.0.0.1 /index.php?m=activity&c=index&a=project&tasks_id=28
INFO: [ app_init ] --START--
INFO: Run Behavior\BuildLiteBehavior [ RunTime:0.001000s ]
INFO: [ app_init ] --END-- [ RunTime:0.001000s ]
INFO: [ app_begin ] --START--
INFO: Run Behavior\ReadHtmlCacheBehavior [ RunTime:0.000000s ]
INFO: [ app_begin ] --END-- [ RunTime:0.000000s ]
SQL: SHOW COLUMNS FROM `zk_project` [ RunTime:0.0160s ]
SQL: SELECT * FROM `zk_project` WHERE ( tasks_id = 28 )  [ RunTime:0.0000s ]
INFO: [ view_parse ] --START--
INFO: [ template_filter ] --START--
INFO: Run Behavior\ContentReplaceBehavior [ RunTime:0.000000s ]
INFO: [ template_filter ] --END-- [ RunTime:0.000000s ]
INFO: Run Behavior\ParseTemplateBehavior [ RunTime:0.046003s ]
INFO: [ view_parse ] --END-- [ RunTime:0.046003s ]
INFO: [ view_filter ] --START--
INFO: Run Behavior\WriteHtmlCacheBehavior [ RunTime:0.000000s ]
INFO: [ view_filter ] --END-- [ RunTime:0.000000s ]
INFO: [ app_end ] --START--
INFO: Run Behavior\ShowPageTraceBehavior [ RunTime:0.001000s ]
INFO: [ app_end ] --END-- [ RunTime:0.001000s ]

[ 2017-07-21T10:28:19+08:00 ] 127.0.0.1 /index.php?m=activity&c=index&a=checkProject
INFO: [ app_init ] --START--
INFO: Run Behavior\BuildLiteBehavior [ RunTime:0.000000s ]
INFO: [ app_init ] --END-- [ RunTime:0.000000s ]
INFO: [ app_begin ] --START--
INFO: Run Behavior\ReadHtmlCacheBehavior [ RunTime:0.000000s ]
INFO: [ app_begin ] --END-- [ RunTime:0.000000s ]
SQL: SHOW COLUMNS FROM `zk_project` [ RunTime:0.0070s ]
SQL: SELECT * FROM `zk_project` WHERE ( tasks_id = 28 )  [ RunTime:0.0010s ]
SQL: INSERT INTO `zk_project` (`tasks_id`,`title`,`price`,`create_time`) VALUES ('28','5v5篮球赛','50','1500604099') [ RunTime:0.0460s ]
SQL: INSERT INTO `zk_project` (`tasks_id`,`title`,`price`,`create_time`) VALUES ('28','3v3篮球赛','30','1500604099') [ RunTime:0.0410s ]
SQL: INSERT INTO `zk_project` (`tasks_id`,`title`,`price`,`create_time`) VALUES ('28','1v1篮球赛','10','1500604099') [ RunTime:0.0390s ]
SQL: INSERT INTO `zk_project` (`tasks_id`,`title`,`price`,`create_time`) VALUES ('28','花式篮球赛','0','1500604099') [ RunTime:0.0270s ]

[ 2017-07-21T10:28:20+08:00 ] 127.0.0.1 /index.php?m=activity&c=index&a=registration&tasks_id=28&project_status=1
INFO: [ app_init ] --START--
INFO: Run Behavior\BuildLiteBehavior [ RunTime:0.000000s ]
INFO: [ app_init ] --END-- [ RunTime:0.001000s ]
INFO: [ app_begin ] --START--
INFO: Run Behavior\ReadHtmlCacheBehavior [ RunTime:0.000000s ]
INFO: [ app_begin ] --END-- [ RunTime:0.000000s ]
NOTIC: [8] Undefined variable: tasks E:\wwwroot\Application\Activity\Controller\IndexController.class.php 第 401 行.
INFO: [ view_parse ] --START--
INFO: [ template_filter ] --START--
INFO: Run Behavior\ContentReplaceBehavior [ RunTime:0.000000s ]
INFO: [ template_filter ] --END-- [ RunTime:0.000000s ]
INFO: Run Behavior\ParseTemplateBehavior [ RunTime:0.025002s ]
INFO: [ view_parse ] --END-- [ RunTime:0.025002s ]
INFO: [ view_filter ] --START--
INFO: Run Behavior\WriteHtmlCacheBehavior [ RunTime:0.000000s ]
INFO: [ view_filter ] --END-- [ RunTime:0.000000s ]
INFO: [ app_end ] --START--
INFO: Run Behavior\ShowPageTraceBehavior [ RunTime:0.000000s ]
INFO: [ app_end ] --END-- [ RunTime:0.000000s ]

[ 2017-07-21T10:30:09+08:00 ] 127.0.0.1 /index.php?m=activity&c=index&a=checkRegistration
INFO: [ app_init ] --START--
INFO: Run Behavior\BuildLiteBehavior [ RunTime:0.000000s ]
INFO: [ app_init ] --END-- [ RunTime:0.000000s ]
INFO: [ app_begin ] --START--
INFO: Run Behavior\ReadHtmlCacheBehavior [ RunTime:0.001000s ]
INFO: [ app_begin ] --END-- [ RunTime:0.001000s ]
SQL: SHOW COLUMNS FROM `zk_tasks` [ RunTime:0.0080s ]
SQL: SELECT * FROM `zk_tasks` WHERE ( tasks_id = 28 ) LIMIT 1   [ RunTime:0.0000s ]
SQL: UPDATE `zk_tasks` SET `enrol_start_time`='1500220800',`enrol_end_time`='1500566400',`personal_limit`='25',`team_limit`='5',`team_personal_limit`='5',`total_personal`='50',`minimum_age`='20',`maximum_age`='50',`statement`='请列出将要参赛选手的相关约定或竞赛规程，并详细介绍活动信息。请列出将要参赛选手的相关约定或竞赛规程，并详细介绍活动信息。请列出将要参赛选手的相关约定或竞赛规程，并详细介绍活动信息。请列出将要参赛选手的相关约定或竞赛规程，并详细介绍活动信息。' WHERE ( tasks_id = 28 ) [ RunTime:0.0370s ]

[ 2017-07-21T10:30:10+08:00 ] 127.0.0.1 /index.php?m=activity&c=index&a=form&tasks_id=28&project_status=1&registration=1
INFO: [ app_init ] --START--
INFO: Run Behavior\BuildLiteBehavior [ RunTime:0.000000s ]
INFO: [ app_init ] --END-- [ RunTime:0.000000s ]
INFO: [ app_begin ] --START--
INFO: Run Behavior\ReadHtmlCacheBehavior [ RunTime:0.001000s ]
INFO: [ app_begin ] --END-- [ RunTime:0.001000s ]
SQL: SHOW COLUMNS FROM `zk_enrol_name` [ RunTime:0.0090s ]
SQL: SELECT * FROM `zk_enrol_name` WHERE ( attribute = 1 )  [ RunTime:0.0010s ]
INFO: [ view_parse ] --START--
INFO: [ template_filter ] --START--
INFO: Run Behavior\ContentReplaceBehavior [ RunTime:0.000000s ]
INFO: [ template_filter ] --END-- [ RunTime:0.000000s ]
INFO: Run Behavior\ParseTemplateBehavior [ RunTime:0.018001s ]
INFO: [ view_parse ] --END-- [ RunTime:0.018001s ]
INFO: [ view_filter ] --START--
INFO: Run Behavior\WriteHtmlCacheBehavior [ RunTime:0.001001s ]
INFO: [ view_filter ] --END-- [ RunTime:0.001001s ]
INFO: [ app_end ] --START--
INFO: Run Behavior\ShowPageTraceBehavior [ RunTime:0.000000s ]
INFO: [ app_end ] --END-- [ RunTime:0.000000s ]

[ 2017-07-21T10:32:54+08:00 ] 127.0.0.1 /index.php?m=activity&c=index&a=checkForm
INFO: [ app_init ] --START--
INFO: Run Behavior\BuildLiteBehavior [ RunTime:0.000000s ]
INFO: [ app_init ] --END-- [ RunTime:0.001000s ]
INFO: [ app_begin ] --START--
INFO: Run Behavior\ReadHtmlCacheBehavior [ RunTime:0.002001s ]
INFO: [ app_begin ] --END-- [ RunTime:0.002001s ]
SQL: SHOW COLUMNS FROM `zk_enrol_k` [ RunTime:0.0060s ]
SQL: INSERT INTO `zk_enrol_k` (`tasks_id`,`name_id`) VALUES ('28','1') [ RunTime:0.0290s ]
SQL: INSERT INTO `zk_enrol_k` (`tasks_id`,`name_id`) VALUES ('28','2') [ RunTime:0.0360s ]
SQL: INSERT INTO `zk_enrol_k` (`tasks_id`,`name_id`) VALUES ('28','3') [ RunTime:0.0330s ]
SQL: INSERT INTO `zk_enrol_k` (`tasks_id`,`name_id`) VALUES ('28','4') [ RunTime:0.0410s ]
SQL: INSERT INTO `zk_enrol_k` (`tasks_id`,`name_id`) VALUES ('28','5') [ RunTime:0.0820s ]
SQL: INSERT INTO `zk_enrol_k` (`tasks_id`,`name_id`) VALUES ('28','7') [ RunTime:0.0520s ]
SQL: INSERT INTO `zk_enrol_k` (`tasks_id`,`name_id`) VALUES ('28','9') [ RunTime:0.0220s ]
SQL: INSERT INTO `zk_enrol_k` (`tasks_id`,`name_id`) VALUES ('28','10') [ RunTime:0.0270s ]
SQL: INSERT INTO `zk_enrol_k` (`tasks_id`,`name_id`) VALUES ('28','13') [ RunTime:0.0220s ]
SQL: INSERT INTO `zk_enrol_k` (`tasks_id`,`name_id`) VALUES ('28','14') [ RunTime:0.0270s ]
SQL: INSERT INTO `zk_enrol_k` (`tasks_id`,`name_id`) VALUES ('28','15') [ RunTime:0.0220s ]
SQL: INSERT INTO `zk_enrol_k` (`tasks_id`,`name_id`) VALUES ('28','19') [ RunTime:0.0700s ]

[ 2017-07-21T10:32:55+08:00 ] 127.0.0.1 /index.php?m=activity&c=index&a=index
INFO: [ app_init ] --START--
INFO: Run Behavior\BuildLiteBehavior [ RunTime:0.000000s ]
INFO: [ app_init ] --END-- [ RunTime:0.001000s ]
INFO: [ app_begin ] --START--
INFO: Run Behavior\ReadHtmlCacheBehavior [ RunTime:0.001000s ]
INFO: [ app_begin ] --END-- [ RunTime:0.001000s ]
SQL: SHOW COLUMNS FROM `zk_event` [ RunTime:0.0140s ]
SQL: SELECT * FROM `zk_event` WHERE ( status != -1 )  [ RunTime:0.0010s ]
NOTIC: [8] Undefined index: tasks_id E:\wwwroot\Application\Activity\Controller\IndexController.class.php 第 21 行.
NOTIC: [8] Undefined variable: tasks E:\wwwroot\Application\Activity\Controller\IndexController.class.php 第 36 行.
NOTIC: [8] Undefined variable: tasks_id E:\wwwroot\Application\Activity\Controller\IndexController.class.php 第 37 行.
NOTIC: [8] Undefined variable: project_status E:\wwwroot\Application\Activity\Controller\IndexController.class.php 第 38 行.
NOTIC: [8] Undefined variable: registration E:\wwwroot\Application\Activity\Controller\IndexController.class.php 第 39 行.
INFO: [ view_parse ] --START--
INFO: [ template_filter ] --START--
INFO: Run Behavior\ContentReplaceBehavior [ RunTime:0.000000s ]
INFO: [ template_filter ] --END-- [ RunTime:0.000000s ]
NOTIC: [2] is_null() expects exactly 1 parameter, 0 given E:\wwwroot\Application\Runtime\Cache\Activity\031f960a0526cfaf914778c7e8ea5709.php 第 88 行.
NOTIC: [2] is_null() expects exactly 1 parameter, 0 given E:\wwwroot\Application\Runtime\Cache\Activity\031f960a0526cfaf914778c7e8ea5709.php 第 95 行.
NOTIC: [2] is_null() expects exactly 1 parameter, 0 given E:\wwwroot\Application\Runtime\Cache\Activity\031f960a0526cfaf914778c7e8ea5709.php 第 209 行.
INFO: Run Behavior\ParseTemplateBehavior [ RunTime:0.017001s ]
INFO: [ view_parse ] --END-- [ RunTime:0.017001s ]
INFO: [ view_filter ] --START--
INFO: Run Behavior\WriteHtmlCacheBehavior [ RunTime:0.000000s ]
INFO: [ view_filter ] --END-- [ RunTime:0.000000s ]
INFO: [ app_end ] --START--
INFO: Run Behavior\ShowPageTraceBehavior [ RunTime:0.001000s ]
INFO: [ app_end ] --END-- [ RunTime:0.001000s ]

[ 2017-07-21T10:33:06+08:00 ] 192.168.100.252 /index.php?m=activity&c=index&a=getActivity
INFO: [ app_init ] --START--
INFO: Run Behavior\BuildLiteBehavior [ RunTime:0.000000s ]
INFO: [ app_init ] --END-- [ RunTime:0.000000s ]
INFO: [ app_begin ] --START--
INFO: Run Behavior\ReadHtmlCacheBehavior [ RunTime:0.000000s ]
INFO: [ app_begin ] --END-- [ RunTime:0.000000s ]
SQL: SHOW COLUMNS FROM `zk_tasks` [ RunTime:0.0040s ]
SQL: SELECT * FROM `zk_tasks`  [ RunTime:0.0010s ]

[ 2017-07-21T10:33:18+08:00 ] 192.168.100.252 /index.php?m=activity&c=index&a=getActivityDetails
INFO: [ app_init ] --START--
INFO: Run Behavior\BuildLiteBehavior [ RunTime:0.000000s ]
INFO: [ app_init ] --END-- [ RunTime:0.001000s ]
INFO: [ app_begin ] --START--
INFO: Run Behavior\ReadHtmlCacheBehavior [ RunTime:0.001000s ]
INFO: [ app_begin ] --END-- [ RunTime:0.001000s ]
SQL: SHOW COLUMNS FROM `zk_tasks` [ RunTime:0.0060s ]
SQL: SELECT * FROM `zk_tasks` WHERE ( tasks_id = 28 ) LIMIT 1   [ RunTime:0.0000s ]
SQL: SHOW COLUMNS FROM `zk_project` [ RunTime:0.0080s ]
SQL: SELECT * FROM `zk_project` WHERE ( tasks_id = 28 )  [ RunTime:0.0000s ]

[ 2017-07-21T10:33:29+08:00 ] 192.168.100.252 /index.php?m=activity&c=index&a=getActivityForms
INFO: [ app_init ] --START--
INFO: Run Behavior\BuildLiteBehavior [ RunTime:0.000000s ]
INFO: [ app_init ] --END-- [ RunTime:0.000000s ]
INFO: [ app_begin ] --START--
INFO: Run Behavior\ReadHtmlCacheBehavior [ RunTime:0.001000s ]
INFO: [ app_begin ] --END-- [ RunTime:0.001000s ]
SQL: SHOW COLUMNS FROM `zk_tasks` [ RunTime:0.0040s ]
SQL: SELECT * FROM `zk_tasks` WHERE ( tasks_id = 28 ) LIMIT 1   [ RunTime:0.0010s ]
SQL: SHOW COLUMNS FROM `zk_enrol_k` [ RunTime:0.0050s ]
SQL: SELECT * FROM `zk_enrol_k` WHERE ( tasks_id = 28 )  [ RunTime:0.0000s ]
SQL: SHOW COLUMNS FROM `zk_enrol_name` [ RunTime:0.0040s ]
SQL: SELECT * FROM `zk_enrol_name` WHERE `name_id` IN ('1','2','3','4','5','7','9','10','13','14','15','19')  [ RunTime:0.0000s ]
SQL: SHOW COLUMNS FROM `zk_project` [ RunTime:0.0050s ]
SQL: SELECT * FROM `zk_project` WHERE ( project_id = 3 ) LIMIT 1   [ RunTime:0.0000s ]

[ 2017-07-21T10:37:12+08:00 ] 192.168.100.252 /index.php?m=activity&c=index&a=getActivity
INFO: [ app_init ] --START--
INFO: Run Behavior\BuildLiteBehavior [ RunTime:0.000000s ]
INFO: [ app_init ] --END-- [ RunTime:0.000000s ]
INFO: [ app_begin ] --START--
INFO: Run Behavior\ReadHtmlCacheBehavior [ RunTime:0.000000s ]
INFO: [ app_begin ] --END-- [ RunTime:0.000000s ]
SQL: SHOW COLUMNS FROM `zk_tasks` [ RunTime:0.0030s ]
SQL: SELECT * FROM `zk_tasks`  [ RunTime:0.0000s ]

[ 2017-07-21T10:37:13+08:00 ] 192.168.100.252 /index.php?m=activity&c=index&a=getActivityDetails
INFO: [ app_init ] --START--
INFO: Run Behavior\BuildLiteBehavior [ RunTime:0.000000s ]
INFO: [ app_init ] --END-- [ RunTime:0.000000s ]
INFO: [ app_begin ] --START--
INFO: Run Behavior\ReadHtmlCacheBehavior [ RunTime:0.000000s ]
INFO: [ app_begin ] --END-- [ RunTime:0.000000s ]
SQL: SHOW COLUMNS FROM `zk_tasks` [ RunTime:0.0050s ]
SQL: SELECT * FROM `zk_tasks` WHERE ( tasks_id = 28 ) LIMIT 1   [ RunTime:0.0000s ]
SQL: SHOW COLUMNS FROM `zk_project` [ RunTime:0.0050s ]
SQL: SELECT * FROM `zk_project` WHERE ( tasks_id = 28 )  [ RunTime:0.0000s ]

[ 2017-07-21T10:37:44+08:00 ] 192.168.100.252 /index.php?m=activity&c=index&a=getActivity
INFO: [ app_init ] --START--
INFO: Run Behavior\BuildLiteBehavior [ RunTime:0.000000s ]
INFO: [ app_init ] --END-- [ RunTime:0.001000s ]
INFO: [ app_begin ] --START--
INFO: Run Behavior\ReadHtmlCacheBehavior [ RunTime:0.000000s ]
INFO: [ app_begin ] --END-- [ RunTime:0.000000s ]
SQL: SHOW COLUMNS FROM `zk_tasks` [ RunTime:0.0020s ]
SQL: SELECT * FROM `zk_tasks`  [ RunTime:0.0000s ]

[ 2017-07-21T10:37:46+08:00 ] 192.168.100.252 /index.php?m=activity&c=index&a=getActivity
INFO: [ app_init ] --START--
INFO: Run Behavior\BuildLiteBehavior [ RunTime:0.000000s ]
INFO: [ app_init ] --END-- [ RunTime:0.001000s ]
INFO: [ app_begin ] --START--
INFO: Run Behavior\ReadHtmlCacheBehavior [ RunTime:0.000000s ]
INFO: [ app_begin ] --END-- [ RunTime:0.000000s ]
SQL: SHOW COLUMNS FROM `zk_tasks` [ RunTime:0.0030s ]
SQL: SELECT * FROM `zk_tasks`  [ RunTime:0.0010s ]

[ 2017-07-21T11:07:21+08:00 ] 192.168.103.114 /index.php?m=activity&c=index&a=getActivity
INFO: [ app_init ] --START--
INFO: Run Behavior\BuildLiteBehavior [ RunTime:0.000000s ]
INFO: [ app_init ] --END-- [ RunTime:0.001000s ]
INFO: [ app_begin ] --START--
INFO: Run Behavior\ReadHtmlCacheBehavior [ RunTime:0.001001s ]
INFO: [ app_begin ] --END-- [ RunTime:0.002001s ]
SQL: SHOW COLUMNS FROM `zk_tasks` [ RunTime:0.0090s ]
SQL: SELECT * FROM `zk_tasks`  [ RunTime:0.0080s ]

[ 2017-07-21T11:07:38+08:00 ] 192.168.103.114 /index.php?m=activity&c=index&a=getActivity
INFO: [ app_init ] --START--
INFO: Run Behavior\BuildLiteBehavior [ RunTime:0.000000s ]
INFO: [ app_init ] --END-- [ RunTime:0.000000s ]
INFO: [ app_begin ] --START--
INFO: Run Behavior\ReadHtmlCacheBehavior [ RunTime:0.000000s ]
INFO: [ app_begin ] --END-- [ RunTime:0.000000s ]
SQL: SHOW COLUMNS FROM `zk_tasks` [ RunTime:0.0090s ]
SQL: SELECT * FROM `zk_tasks`  [ RunTime:0.0010s ]

[ 2017-07-21T11:07:39+08:00 ] 192.168.103.114 /index.php?m=activity&c=index&a=getActivityDetails
INFO: [ app_init ] --START--
INFO: Run Behavior\BuildLiteBehavior [ RunTime:0.000000s ]
INFO: [ app_init ] --END-- [ RunTime:0.001000s ]
INFO: [ app_begin ] --START--
INFO: Run Behavior\ReadHtmlCacheBehavior [ RunTime:0.001000s ]
INFO: [ app_begin ] --END-- [ RunTime:0.002000s ]
SQL: SHOW COLUMNS FROM `zk_tasks` [ RunTime:0.0090s ]
SQL: SELECT * FROM `zk_tasks` WHERE ( tasks_id = 28 ) LIMIT 1   [ RunTime:0.0000s ]
SQL: SHOW COLUMNS FROM `zk_project` [ RunTime:0.0090s ]
SQL: SELECT * FROM `zk_project` WHERE ( tasks_id = 28 )  [ RunTime:0.0100s ]

[ 2017-07-21T11:07:44+08:00 ] 192.168.103.114 /index.php?m=activity&c=index&a=getActivityForms
INFO: [ app_init ] --START--
INFO: Run Behavior\BuildLiteBehavior [ RunTime:0.000000s ]
INFO: [ app_init ] --END-- [ RunTime:0.001000s ]
INFO: [ app_begin ] --START--
INFO: Run Behavior\ReadHtmlCacheBehavior [ RunTime:0.001000s ]
INFO: [ app_begin ] --END-- [ RunTime:0.001000s ]
SQL: SHOW COLUMNS FROM `zk_tasks` [ RunTime:0.0090s ]
SQL: SELECT * FROM `zk_tasks` WHERE ( tasks_id = 28 ) LIMIT 1   [ RunTime:0.0010s ]
SQL: SHOW COLUMNS FROM `zk_enrol_k` [ RunTime:0.0090s ]
SQL: SELECT * FROM `zk_enrol_k` WHERE ( tasks_id = 28 )  [ RunTime:0.0090s ]
SQL: SHOW COLUMNS FROM `zk_enrol_name` [ RunTime:0.0050s ]
SQL: SELECT * FROM `zk_enrol_name` WHERE `name_id` IN ('1','2','3','4','5','7','9','10','13','14','15','19')  [ RunTime:0.0060s ]
SQL: SHOW COLUMNS FROM `zk_project` [ RunTime:0.0060s ]
SQL: SELECT * FROM `zk_project` WHERE ( project_id = 1 ) LIMIT 1   [ RunTime:0.0000s ]

[ 2017-07-21T11:07:50+08:00 ] 192.168.103.114 /index.php?m=activity&c=index&a=saveForms
INFO: [ app_init ] --START--
INFO: Run Behavior\BuildLiteBehavior [ RunTime:0.000000s ]
INFO: [ app_init ] --END-- [ RunTime:0.000000s ]
INFO: [ app_begin ] --START--
INFO: Run Behavior\ReadHtmlCacheBehavior [ RunTime:0.001000s ]
INFO: [ app_begin ] --END-- [ RunTime:0.001000s ]
SQL: SHOW COLUMNS FROM `zk_enrol` [ RunTime:0.0130s ]
SQL: INSERT INTO `zk_enrol` (`tasks_id`,`project_id`,`user_id`,`create_time`) VALUES ('28','1','0','1500606469') [ RunTime:0.0570s ]
SQL: SHOW COLUMNS FROM `zk_enrol_value` [ RunTime:0.0220s ]
SQL: INSERT INTO `zk_enrol_value` (`enrol_id`,`name_id`,`value`,`create_time`) VALUES ('1','1','','1500606469') [ RunTime:0.0500s ]
SQL: INSERT INTO `zk_enrol_value` (`enrol_id`,`name_id`,`value`,`create_time`) VALUES ('1','2','','1500606469') [ RunTime:0.0220s ]
SQL: INSERT INTO `zk_enrol_value` (`enrol_id`,`name_id`,`value`,`create_time`) VALUES ('1','3','','1500606469') [ RunTime:0.0490s ]
SQL: INSERT INTO `zk_enrol_value` (`enrol_id`,`name_id`,`value`,`create_time`) VALUES ('1','4','','1500606469') [ RunTime:0.0580s ]
SQL: INSERT INTO `zk_enrol_value` (`enrol_id`,`name_id`,`value`,`create_time`) VALUES ('1','5','','1500606469') [ RunTime:0.0270s ]
SQL: INSERT INTO `zk_enrol_value` (`enrol_id`,`name_id`,`value`,`create_time`) VALUES ('1','7','','1500606469') [ RunTime:0.0230s ]
SQL: INSERT INTO `zk_enrol_value` (`enrol_id`,`name_id`,`value`,`create_time`) VALUES ('1','9','','1500606469') [ RunTime:0.0270s ]
SQL: INSERT INTO `zk_enrol_value` (`enrol_id`,`name_id`,`value`,`create_time`) VALUES ('1','10','','1500606469') [ RunTime:0.0230s ]
SQL: INSERT INTO `zk_enrol_value` (`enrol_id`,`name_id`,`value`,`create_time`) VALUES ('1','13','','1500606469') [ RunTime:0.0270s ]
SQL: INSERT INTO `zk_enrol_value` (`enrol_id`,`name_id`,`value`,`create_time`) VALUES ('1','14','','1500606470') [ RunTime:0.0230s ]
SQL: INSERT INTO `zk_enrol_value` (`enrol_id`,`name_id`,`value`,`create_time`) VALUES ('1','15','','1500606470') [ RunTime:0.0350s ]
SQL: INSERT INTO `zk_enrol_value` (`enrol_id`,`name_id`,`value`,`create_time`) VALUES ('1','19','','1500606470') [ RunTime:0.0500s ]

[ 2017-07-21T11:08:24+08:00 ] 192.168.100.252 /index.php?m=activity&c=index&a=getActivity
INFO: [ app_init ] --START--
INFO: Run Behavior\BuildLiteBehavior [ RunTime:0.000000s ]
INFO: [ app_init ] --END-- [ RunTime:0.000000s ]
INFO: [ app_begin ] --START--
INFO: Run Behavior\ReadHtmlCacheBehavior [ RunTime:0.000000s ]
INFO: [ app_begin ] --END-- [ RunTime:0.000000s ]
SQL: SHOW COLUMNS FROM `zk_tasks` [ RunTime:0.0060s ]
SQL: SELECT * FROM `zk_tasks`  [ RunTime:0.0000s ]

[ 2017-07-21T11:09:18+08:00 ] 192.168.103.114 /index.php?m=activity&c=index&a=getActivity
INFO: [ app_init ] --START--
INFO: Run Behavior\BuildLiteBehavior [ RunTime:0.000000s ]
INFO: [ app_init ] --END-- [ RunTime:0.000000s ]
INFO: [ app_begin ] --START--
INFO: Run Behavior\ReadHtmlCacheBehavior [ RunTime:0.001000s ]
INFO: [ app_begin ] --END-- [ RunTime:0.001000s ]
SQL: SHOW COLUMNS FROM `zk_tasks` [ RunTime:0.0120s ]
SQL: SELECT * FROM `zk_tasks`  [ RunTime:0.0010s ]

[ 2017-07-21T11:09:21+08:00 ] 192.168.103.114 /index.php?m=activity&c=index&a=getActivity
INFO: [ app_init ] --START--
INFO: Run Behavior\BuildLiteBehavior [ RunTime:0.000000s ]
INFO: [ app_init ] --END-- [ RunTime:0.000000s ]
INFO: [ app_begin ] --START--
INFO: Run Behavior\ReadHtmlCacheBehavior [ RunTime:0.001000s ]
INFO: [ app_begin ] --END-- [ RunTime:0.001000s ]
SQL: SHOW COLUMNS FROM `zk_tasks` [ RunTime:0.0100s ]
SQL: SELECT * FROM `zk_tasks`  [ RunTime:0.0000s ]

[ 2017-07-21T11:09:34+08:00 ] 192.168.103.154 /index.php?m=activity&c=index&a=getActivity
INFO: [ app_init ] --START--
INFO: Run Behavior\BuildLiteBehavior [ RunTime:0.000000s ]
INFO: [ app_init ] --END-- [ RunTime:0.001000s ]
INFO: [ app_begin ] --START--
INFO: Run Behavior\ReadHtmlCacheBehavior [ RunTime:0.001000s ]
INFO: [ app_begin ] --END-- [ RunTime:0.001000s ]
SQL: SHOW COLUMNS FROM `zk_tasks` [ RunTime:0.0100s ]
SQL: SELECT * FROM `zk_tasks`  [ RunTime:0.0010s ]

[ 2017-07-21T11:09:37+08:00 ] 192.168.103.154 /index.php?m=activity&c=index&a=getActivity
INFO: [ app_init ] --START--
INFO: Run Behavior\BuildLiteBehavior [ RunTime:0.000000s ]
INFO: [ app_init ] --END-- [ RunTime:0.001000s ]
INFO: [ app_begin ] --START--
INFO: Run Behavior\ReadHtmlCacheBehavior [ RunTime:0.001000s ]
INFO: [ app_begin ] --END-- [ RunTime:0.001000s ]
SQL: SHOW COLUMNS FROM `zk_tasks` [ RunTime:0.0120s ]
SQL: SELECT * FROM `zk_tasks`  [ RunTime:0.0000s ]

[ 2017-07-21T11:09:38+08:00 ] 192.168.103.154 /index.php?m=activity&c=index&a=getActivityDetails
INFO: [ app_init ] --START--
INFO: Run Behavior\BuildLiteBehavior [ RunTime:0.001000s ]
INFO: [ app_init ] --END-- [ RunTime:0.001000s ]
INFO: [ app_begin ] --START--
INFO: Run Behavior\ReadHtmlCacheBehavior [ RunTime:0.001000s ]
INFO: [ app_begin ] --END-- [ RunTime:0.001000s ]
SQL: SHOW COLUMNS FROM `zk_tasks` [ RunTime:0.0100s ]
SQL: SELECT * FROM `zk_tasks` WHERE ( tasks_id = 28 ) LIMIT 1   [ RunTime:0.0010s ]
SQL: SHOW COLUMNS FROM `zk_project` [ RunTime:0.0110s ]
SQL: SELECT * FROM `zk_project` WHERE ( tasks_id = 28 )  [ RunTime:0.0000s ]

[ 2017-07-21T11:16:51+08:00 ] 192.168.103.114 /index.php?m=activity&c=index&a=getActivity
INFO: [ app_init ] --START--
INFO: Run Behavior\BuildLiteBehavior [ RunTime:0.000000s ]
INFO: [ app_init ] --END-- [ RunTime:0.000000s ]
INFO: [ app_begin ] --START--
INFO: Run Behavior\ReadHtmlCacheBehavior [ RunTime:0.000000s ]
INFO: [ app_begin ] --END-- [ RunTime:0.000000s ]
SQL: SHOW COLUMNS FROM `zk_tasks` [ RunTime:0.0070s ]
SQL: SELECT * FROM `zk_tasks`  [ RunTime:0.0000s ]

[ 2017-07-21T12:27:26+08:00 ] 192.168.103.114 /index.php?m=activity&c=index&a=getActivity
INFO: [ app_init ] --START--
INFO: Run Behavior\BuildLiteBehavior [ RunTime:0.000000s ]
INFO: [ app_init ] --END-- [ RunTime:0.001000s ]
INFO: [ app_begin ] --START--
INFO: Run Behavior\ReadHtmlCacheBehavior [ RunTime:0.002000s ]
INFO: [ app_begin ] --END-- [ RunTime:0.002000s ]
SQL: SHOW COLUMNS FROM `zk_tasks` [ RunTime:0.0040s ]
SQL: SELECT * FROM `zk_tasks`  [ RunTime:0.0010s ]

[ 2017-07-21T12:27:38+08:00 ] 192.168.103.114 /index.php?m=activity&c=index&a=getActivity
INFO: [ app_init ] --START--
INFO: Run Behavior\BuildLiteBehavior [ RunTime:0.000000s ]
INFO: [ app_init ] --END-- [ RunTime:0.000000s ]
INFO: [ app_begin ] --START--
INFO: Run Behavior\ReadHtmlCacheBehavior [ RunTime:0.001000s ]
INFO: [ app_begin ] --END-- [ RunTime:0.001000s ]
SQL: SHOW COLUMNS FROM `zk_tasks` [ RunTime:0.0060s ]
SQL: SELECT * FROM `zk_tasks`  [ RunTime:0.0010s ]

[ 2017-07-21T12:45:44+08:00 ] 192.168.100.252 /index.php?m=activity&c=index&a=getActivity
INFO: [ app_init ] --START--
INFO: Run Behavior\BuildLiteBehavior [ RunTime:0.000000s ]
INFO: [ app_init ] --END-- [ RunTime:0.000000s ]
INFO: [ app_begin ] --START--
INFO: Run Behavior\ReadHtmlCacheBehavior [ RunTime:0.000000s ]
INFO: [ app_begin ] --END-- [ RunTime:0.000000s ]
SQL: SHOW COLUMNS FROM `zk_tasks` [ RunTime:0.0050s ]
SQL: SELECT * FROM `zk_tasks`  [ RunTime:0.0010s ]

[ 2017-07-21T13:08:47+08:00 ] 192.168.103.114 /index.php?m=activity&c=index&a=getActivity
INFO: [ app_init ] --START--
INFO: Run Behavior\BuildLiteBehavior [ RunTime:0.000000s ]
INFO: [ app_init ] --END-- [ RunTime:0.001000s ]
INFO: [ app_begin ] --START--
INFO: Run Behavior\ReadHtmlCacheBehavior [ RunTime:0.001000s ]
INFO: [ app_begin ] --END-- [ RunTime:0.001000s ]
SQL: SHOW COLUMNS FROM `zk_tasks` [ RunTime:0.0120s ]
SQL: SELECT * FROM `zk_tasks`  [ RunTime:0.0000s ]

[ 2017-07-21T13:10:45+08:00 ] 192.168.103.114 /index.php?m=activity&c=index&a=getActivity
INFO: [ app_init ] --START--
INFO: Run Behavior\BuildLiteBehavior [ RunTime:0.000000s ]
INFO: [ app_init ] --END-- [ RunTime:0.000000s ]
INFO: [ app_begin ] --START--
INFO: Run Behavior\ReadHtmlCacheBehavior [ RunTime:0.001000s ]
INFO: [ app_begin ] --END-- [ RunTime:0.001000s ]
SQL: SHOW COLUMNS FROM `zk_tasks` [ RunTime:0.0090s ]
SQL: SELECT * FROM `zk_tasks`  [ RunTime:0.0000s ]

[ 2017-07-21T13:10:46+08:00 ] 192.168.103.114 /index.php?m=activity&c=index&a=getActivity
INFO: [ app_init ] --START--
INFO: Run Behavior\BuildLiteBehavior [ RunTime:0.000000s ]
INFO: [ app_init ] --END-- [ RunTime:0.001000s ]
INFO: [ app_begin ] --START--
INFO: Run Behavior\ReadHtmlCacheBehavior [ RunTime:0.000000s ]
INFO: [ app_begin ] --END-- [ RunTime:0.000000s ]
SQL: SHOW COLUMNS FROM `zk_tasks` [ RunTime:0.0070s ]
SQL: SELECT * FROM `zk_tasks`  [ RunTime:0.0010s ]

[ 2017-07-21T13:42:18+08:00 ] 192.168.103.114 /index.php?m=activity&c=index&a=getActivity
INFO: [ app_init ] --START--
INFO: Run Behavior\BuildLiteBehavior [ RunTime:0.000000s ]
INFO: [ app_init ] --END-- [ RunTime:0.001000s ]
INFO: [ app_begin ] --START--
INFO: Run Behavior\ReadHtmlCacheBehavior [ RunTime:0.001000s ]
INFO: [ app_begin ] --END-- [ RunTime:0.001000s ]
SQL: SHOW COLUMNS FROM `zk_tasks` [ RunTime:0.0140s ]
SQL: SELECT * FROM `zk_tasks`  [ RunTime:0.0000s ]

[ 2017-07-21T14:09:16+08:00 ] 192.168.100.252 /index.php?m=activity&c=index&a=getActivity
INFO: [ app_init ] --START--
INFO: Run Behavior\BuildLiteBehavior [ RunTime:0.000000s ]
INFO: [ app_init ] --END-- [ RunTime:0.000000s ]
INFO: [ app_begin ] --START--
INFO: Run Behavior\ReadHtmlCacheBehavior [ RunTime:0.000000s ]
INFO: [ app_begin ] --END-- [ RunTime:0.000000s ]
SQL: SHOW COLUMNS FROM `zk_tasks` [ RunTime:0.0050s ]
SQL: SELECT * FROM `zk_tasks`  [ RunTime:0.0010s ]

[ 2017-07-21T14:10:09+08:00 ] 192.168.100.252 /index.php?m=activity&c=index&a=getActivity
INFO: [ app_init ] --START--
INFO: Run Behavior\BuildLiteBehavior [ RunTime:0.000000s ]
INFO: [ app_init ] --END-- [ RunTime:0.001000s ]
INFO: [ app_begin ] --START--
INFO: Run Behavior\ReadHtmlCacheBehavior [ RunTime:0.000000s ]
INFO: [ app_begin ] --END-- [ RunTime:0.000000s ]
SQL: SHOW COLUMNS FROM `zk_tasks` [ RunTime:0.0050s ]
SQL: SELECT * FROM `zk_tasks`  [ RunTime:0.0000s ]

[ 2017-07-21T14:10:13+08:00 ] 192.168.100.252 /index.php?m=activity&c=index&a=getActivity
INFO: [ app_init ] --START--
INFO: Run Behavior\BuildLiteBehavior [ RunTime:0.000000s ]
INFO: [ app_init ] --END-- [ RunTime:0.000000s ]
INFO: [ app_begin ] --START--
INFO: Run Behavior\ReadHtmlCacheBehavior [ RunTime:0.000000s ]
INFO: [ app_begin ] --END-- [ RunTime:0.000000s ]
SQL: SHOW COLUMNS FROM `zk_tasks` [ RunTime:0.0050s ]
SQL: SELECT * FROM `zk_tasks`  [ RunTime:0.0000s ]

[ 2017-07-21T14:10:19+08:00 ] 192.168.100.252 /index.php?m=activity&c=index&a=getActivity
INFO: [ app_init ] --START--
INFO: Run Behavior\BuildLiteBehavior [ RunTime:0.000000s ]
INFO: [ app_init ] --END-- [ RunTime:0.000000s ]
INFO: [ app_begin ] --START--
INFO: Run Behavior\ReadHtmlCacheBehavior [ RunTime:0.001000s ]
INFO: [ app_begin ] --END-- [ RunTime:0.001000s ]
SQL: SHOW COLUMNS FROM `zk_tasks` [ RunTime:0.0060s ]
SQL: SELECT * FROM `zk_tasks`  [ RunTime:0.0000s ]

[ 2017-07-21T14:10:21+08:00 ] 192.168.100.252 /index.php?m=activity&c=index&a=getActivityDetails
INFO: [ app_init ] --START--
INFO: Run Behavior\BuildLiteBehavior [ RunTime:0.000000s ]
INFO: [ app_init ] --END-- [ RunTime:0.000000s ]
INFO: [ app_begin ] --START--
INFO: Run Behavior\ReadHtmlCacheBehavior [ RunTime:0.000000s ]
INFO: [ app_begin ] --END-- [ RunTime:0.000000s ]
SQL: SHOW COLUMNS FROM `zk_tasks` [ RunTime:0.0060s ]
SQL: SELECT * FROM `zk_tasks` WHERE ( tasks_id = 28 ) LIMIT 1   [ RunTime:0.0000s ]
SQL: SHOW COLUMNS FROM `zk_project` [ RunTime:0.0060s ]
SQL: SELECT * FROM `zk_project` WHERE ( tasks_id = 28 )  [ RunTime:0.0000s ]

[ 2017-07-21T14:10:32+08:00 ] 192.168.100.252 /index.php?m=activity&c=index&a=getActivity
INFO: [ app_init ] --START--
INFO: Run Behavior\BuildLiteBehavior [ RunTime:0.000000s ]
INFO: [ app_init ] --END-- [ RunTime:0.000000s ]
INFO: [ app_begin ] --START--
INFO: Run Behavior\ReadHtmlCacheBehavior [ RunTime:0.000000s ]
INFO: [ app_begin ] --END-- [ RunTime:0.000000s ]
SQL: SHOW COLUMNS FROM `zk_tasks` [ RunTime:0.0060s ]
SQL: SELECT * FROM `zk_tasks`  [ RunTime:0.0010s ]

[ 2017-07-21T14:11:52+08:00 ] 192.168.100.252 /index.php?m=activity&c=index&a=getActivity
INFO: [ app_init ] --START--
INFO: Run Behavior\BuildLiteBehavior [ RunTime:0.000000s ]
INFO: [ app_init ] --END-- [ RunTime:0.000000s ]
INFO: [ app_begin ] --START--
INFO: Run Behavior\ReadHtmlCacheBehavior [ RunTime:0.001000s ]
INFO: [ app_begin ] --END-- [ RunTime:0.001000s ]
SQL: SHOW COLUMNS FROM `zk_tasks` [ RunTime:0.0050s ]
SQL: SELECT * FROM `zk_tasks`  [ RunTime:0.0010s ]

[ 2017-07-21T14:12:11+08:00 ] 192.168.100.252 /index.php?m=activity&c=index&a=getActivityDetails
INFO: [ app_init ] --START--
INFO: Run Behavior\BuildLiteBehavior [ RunTime:0.000000s ]
INFO: [ app_init ] --END-- [ RunTime:0.001000s ]
INFO: [ app_begin ] --START--
INFO: Run Behavior\ReadHtmlCacheBehavior [ RunTime:0.000000s ]
INFO: [ app_begin ] --END-- [ RunTime:0.001000s ]
SQL: SHOW COLUMNS FROM `zk_tasks` [ RunTime:0.0050s ]
SQL: SELECT * FROM `zk_tasks` WHERE ( tasks_id = 28 ) LIMIT 1   [ RunTime:0.0010s ]
SQL: SHOW COLUMNS FROM `zk_project` [ RunTime:0.0060s ]
SQL: SELECT * FROM `zk_project` WHERE ( tasks_id = 28 )  [ RunTime:0.0010s ]

[ 2017-07-21T14:12:16+08:00 ] 192.168.100.252 /index.php?m=activity&c=index&a=getActivity
INFO: [ app_init ] --START--
INFO: Run Behavior\BuildLiteBehavior [ RunTime:0.000000s ]
INFO: [ app_init ] --END-- [ RunTime:0.000000s ]
INFO: [ app_begin ] --START--
INFO: Run Behavior\ReadHtmlCacheBehavior [ RunTime:0.000000s ]
INFO: [ app_begin ] --END-- [ RunTime:0.000000s ]
SQL: SHOW COLUMNS FROM `zk_tasks` [ RunTime:0.0060s ]
SQL: SELECT * FROM `zk_tasks`  [ RunTime:0.0010s ]

[ 2017-07-21T14:12:43+08:00 ] 192.168.100.252 /index.php?m=activity&c=index&a=getActivity
INFO: [ app_init ] --START--
INFO: Run Behavior\BuildLiteBehavior [ RunTime:0.000000s ]
INFO: [ app_init ] --END-- [ RunTime:0.000000s ]
INFO: [ app_begin ] --START--
INFO: Run Behavior\ReadHtmlCacheBehavior [ RunTime:0.001001s ]
INFO: [ app_begin ] --END-- [ RunTime:0.001001s ]
SQL: SHOW COLUMNS FROM `zk_tasks` [ RunTime:0.0040s ]
SQL: SELECT * FROM `zk_tasks`  [ RunTime:0.0000s ]

[ 2017-07-21T14:13:08+08:00 ] 192.168.100.252 /index.php?m=activity&c=index&a=getActivity
INFO: [ app_init ] --START--
INFO: Run Behavior\BuildLiteBehavior [ RunTime:0.000000s ]
INFO: [ app_init ] --END-- [ RunTime:0.000000s ]
INFO: [ app_begin ] --START--
INFO: Run Behavior\ReadHtmlCacheBehavior [ RunTime:0.000000s ]
INFO: [ app_begin ] --END-- [ RunTime:0.000000s ]
SQL: SHOW COLUMNS FROM `zk_tasks` [ RunTime:0.0060s ]
SQL: SELECT * FROM `zk_tasks`  [ RunTime:0.0000s ]

[ 2017-07-21T14:13:09+08:00 ] 192.168.100.252 /index.php?m=activity&c=index&a=getActivityDetails
INFO: [ app_init ] --START--
INFO: Run Behavior\BuildLiteBehavior [ RunTime:0.000000s ]
INFO: [ app_init ] --END-- [ RunTime:0.001000s ]
INFO: [ app_begin ] --START--
INFO: Run Behavior\ReadHtmlCacheBehavior [ RunTime:0.000000s ]
INFO: [ app_begin ] --END-- [ RunTime:0.000000s ]
SQL: SHOW COLUMNS FROM `zk_tasks` [ RunTime:0.0040s ]
SQL: SELECT * FROM `zk_tasks` WHERE ( tasks_id = 28 ) LIMIT 1   [ RunTime:0.0010s ]
SQL: SHOW COLUMNS FROM `zk_project` [ RunTime:0.0050s ]
SQL: SELECT * FROM `zk_project` WHERE ( tasks_id = 28 )  [ RunTime:0.0000s ]

[ 2017-07-21T14:13:12+08:00 ] 192.168.100.252 /index.php?m=activity&c=index&a=getActivityForms
INFO: [ app_init ] --START--
INFO: Run Behavior\BuildLiteBehavior [ RunTime:0.000000s ]
INFO: [ app_init ] --END-- [ RunTime:0.001000s ]
INFO: [ app_begin ] --START--
INFO: Run Behavior\ReadHtmlCacheBehavior [ RunTime:0.000000s ]
INFO: [ app_begin ] --END-- [ RunTime:0.000000s ]
NOTIC: [8] Undefined variable: tasks E:\wwwroot\Application\Activity\Controller\IndexController.class.php 第 231 行.
NOTIC: [8] Undefined variable: project E:\wwwroot\Application\Activity\Controller\IndexController.class.php 第 232 行.
NOTIC: [8] Undefined variable: enrol_name E:\wwwroot\Application\Activity\Controller\IndexController.class.php 第 233 行.

[ 2017-07-21T14:14:23+08:00 ] 192.168.100.252 /index.php?m=activity&c=index&a=getActivity
INFO: [ app_init ] --START--
INFO: Run Behavior\BuildLiteBehavior [ RunTime:0.000000s ]
INFO: [ app_init ] --END-- [ RunTime:0.000000s ]
INFO: [ app_begin ] --START--
INFO: Run Behavior\ReadHtmlCacheBehavior [ RunTime:0.000000s ]
INFO: [ app_begin ] --END-- [ RunTime:0.000000s ]
SQL: SHOW COLUMNS FROM `zk_tasks` [ RunTime:0.0060s ]
SQL: SELECT * FROM `zk_tasks`  [ RunTime:0.0000s ]

[ 2017-07-21T14:14:25+08:00 ] 192.168.100.252 /index.php?m=activity&c=index&a=getActivityDetails
INFO: [ app_init ] --START--
INFO: Run Behavior\BuildLiteBehavior [ RunTime:0.000000s ]
INFO: [ app_init ] --END-- [ RunTime:0.000000s ]
INFO: [ app_begin ] --START--
INFO: Run Behavior\ReadHtmlCacheBehavior [ RunTime:0.000000s ]
INFO: [ app_begin ] --END-- [ RunTime:0.000000s ]
SQL: SHOW COLUMNS FROM `zk_tasks` [ RunTime:0.0060s ]
SQL: SELECT * FROM `zk_tasks` WHERE ( tasks_id = 28 ) LIMIT 1   [ RunTime:0.0000s ]
SQL: SHOW COLUMNS FROM `zk_project` [ RunTime:0.0060s ]
SQL: SELECT * FROM `zk_project` WHERE ( tasks_id = 28 )  [ RunTime:0.0010s ]

[ 2017-07-21T14:14:27+08:00 ] 192.168.100.252 /index.php?m=activity&c=index&a=getActivityForms
INFO: [ app_init ] --START--
INFO: Run Behavior\BuildLiteBehavior [ RunTime:0.000000s ]
INFO: [ app_init ] --END-- [ RunTime:0.000000s ]
INFO: [ app_begin ] --START--
INFO: Run Behavior\ReadHtmlCacheBehavior [ RunTime:0.000000s ]
INFO: [ app_begin ] --END-- [ RunTime:0.000000s ]
NOTIC: [8] Undefined variable: tasks E:\wwwroot\Application\Activity\Controller\IndexController.class.php 第 231 行.
NOTIC: [8] Undefined variable: project E:\wwwroot\Application\Activity\Controller\IndexController.class.php 第 232 行.
NOTIC: [8] Undefined variable: enrol_name E:\wwwroot\Application\Activity\Controller\IndexController.class.php 第 233 行.

[ 2017-07-21T14:14:49+08:00 ] 192.168.100.252 /index.php?m=activity&c=index&a=getActivity
INFO: [ app_init ] --START--
INFO: Run Behavior\BuildLiteBehavior [ RunTime:0.000000s ]
INFO: [ app_init ] --END-- [ RunTime:0.000000s ]
INFO: [ app_begin ] --START--
INFO: Run Behavior\ReadHtmlCacheBehavior [ RunTime:0.000000s ]
INFO: [ app_begin ] --END-- [ RunTime:0.000000s ]
SQL: SHOW COLUMNS FROM `zk_tasks` [ RunTime:0.0190s ]
SQL: SELECT * FROM `zk_tasks`  [ RunTime:0.0000s ]

[ 2017-07-21T14:14:51+08:00 ] 192.168.100.252 /index.php?m=activity&c=index&a=getActivityDetails
INFO: [ app_init ] --START--
INFO: Run Behavior\BuildLiteBehavior [ RunTime:0.000000s ]
INFO: [ app_init ] --END-- [ RunTime:0.001000s ]
INFO: [ app_begin ] --START--
INFO: Run Behavior\ReadHtmlCacheBehavior [ RunTime:0.000000s ]
INFO: [ app_begin ] --END-- [ RunTime:0.000000s ]
SQL: SHOW COLUMNS FROM `zk_tasks` [ RunTime:0.0060s ]
SQL: SELECT * FROM `zk_tasks` WHERE ( tasks_id = 28 ) LIMIT 1   [ RunTime:0.0010s ]
SQL: SHOW COLUMNS FROM `zk_project` [ RunTime:0.0060s ]
SQL: SELECT * FROM `zk_project` WHERE ( tasks_id = 28 )  [ RunTime:0.0000s ]

[ 2017-07-21T14:14:54+08:00 ] 192.168.100.252 /index.php?m=activity&c=index&a=getActivityForms
INFO: [ app_init ] --START--
INFO: Run Behavior\BuildLiteBehavior [ RunTime:0.000000s ]
INFO: [ app_init ] --END-- [ RunTime:0.000000s ]
INFO: [ app_begin ] --START--
INFO: Run Behavior\ReadHtmlCacheBehavior [ RunTime:0.000000s ]
INFO: [ app_begin ] --END-- [ RunTime:0.000000s ]
NOTIC: [8] Undefined variable: tasks E:\wwwroot\Application\Activity\Controller\IndexController.class.php 第 231 行.
NOTIC: [8] Undefined variable: project E:\wwwroot\Application\Activity\Controller\IndexController.class.php 第 232 行.
NOTIC: [8] Undefined variable: enrol_name E:\wwwroot\Application\Activity\Controller\IndexController.class.php 第 233 行.

[ 2017-07-21T14:15:35+08:00 ] 192.168.100.252 /index.php?m=activity&c=index&a=getActivity
INFO: [ app_init ] --START--
INFO: Run Behavior\BuildLiteBehavior [ RunTime:0.000000s ]
INFO: [ app_init ] --END-- [ RunTime:0.001000s ]
INFO: [ app_begin ] --START--
INFO: Run Behavior\ReadHtmlCacheBehavior [ RunTime:0.001000s ]
INFO: [ app_begin ] --END-- [ RunTime:0.001000s ]
SQL: SHOW COLUMNS FROM `zk_tasks` [ RunTime:0.0060s ]
SQL: SELECT * FROM `zk_tasks`  [ RunTime:0.0000s ]

[ 2017-07-21T14:15:36+08:00 ] 192.168.100.252 /index.php?m=activity&c=index&a=getActivityDetails
INFO: [ app_init ] --START--
INFO: Run Behavior\BuildLiteBehavior [ RunTime:0.000000s ]
INFO: [ app_init ] --END-- [ RunTime:0.000000s ]
INFO: [ app_begin ] --START--
INFO: Run Behavior\ReadHtmlCacheBehavior [ RunTime:0.000000s ]
INFO: [ app_begin ] --END-- [ RunTime:0.000000s ]
SQL: SHOW COLUMNS FROM `zk_tasks` [ RunTime:0.0070s ]
SQL: SELECT * FROM `zk_tasks` WHERE ( tasks_id = 28 ) LIMIT 1   [ RunTime:0.0010s ]
SQL: SHOW COLUMNS FROM `zk_project` [ RunTime:0.0040s ]
SQL: SELECT * FROM `zk_project` WHERE ( tasks_id = 28 )  [ RunTime:0.0000s ]

[ 2017-07-21T14:15:39+08:00 ] 192.168.100.252 /index.php?m=activity&c=index&a=getActivityForms
INFO: [ app_init ] --START--
INFO: Run Behavior\BuildLiteBehavior [ RunTime:0.000000s ]
INFO: [ app_init ] --END-- [ RunTime:0.000000s ]
INFO: [ app_begin ] --START--
INFO: Run Behavior\ReadHtmlCacheBehavior [ RunTime:0.000000s ]
INFO: [ app_begin ] --END-- [ RunTime:0.000000s ]
SQL: SHOW COLUMNS FROM `zk_tasks` [ RunTime:0.0080s ]
NOTIC: [8] Array to string conversion E:\wwwroot\Application\Activity\Model\ActivityModel.class.php 第 30 行.
ERR: 1054:Unknown column 'Array' in 'where clause'
 [ SQL语句 ] : SELECT * FROM `zk_tasks` WHERE ( tasks_id = Array ) LIMIT 1  
ERR: 1054:Unknown column 'Array' in 'where clause'
 [ SQL语句 ] : SELECT * FROM `zk_tasks` WHERE ( tasks_id = Array ) LIMIT 1  

[ 2017-07-21T14:33:42+08:00 ] 192.168.103.114 /index.php?m=activity&c=index&a=getActivity
INFO: [ app_init ] --START--
INFO: Run Behavior\BuildLiteBehavior [ RunTime:0.000000s ]
INFO: [ app_init ] --END-- [ RunTime:0.000000s ]
INFO: [ app_begin ] --START--
INFO: Run Behavior\ReadHtmlCacheBehavior [ RunTime:0.001000s ]
INFO: [ app_begin ] --END-- [ RunTime:0.001000s ]
SQL: SHOW COLUMNS FROM `zk_tasks` [ RunTime:0.0130s ]
SQL: SELECT * FROM `zk_tasks`  [ RunTime:0.0000s ]

[ 2017-07-21T14:57:34+08:00 ] 192.168.103.154 /index.php?m=activity&c=index&a=getActivity
INFO: [ app_init ] --START--
INFO: Run Behavior\BuildLiteBehavior [ RunTime:0.000000s ]
INFO: [ app_init ] --END-- [ RunTime:0.001000s ]
INFO: [ app_begin ] --START--
INFO: Run Behavior\ReadHtmlCacheBehavior [ RunTime:0.001000s ]
INFO: [ app_begin ] --END-- [ RunTime:0.001000s ]
SQL: SHOW COLUMNS FROM `zk_tasks` [ RunTime:0.0230s ]
SQL: SELECT * FROM `zk_tasks`  [ RunTime:0.0010s ]

[ 2017-07-21T15:04:43+08:00 ] 192.168.103.154 /index.php?m=activity&c=index&a=getActivity
INFO: [ app_init ] --START--
INFO: Run Behavior\BuildLiteBehavior [ RunTime:0.000000s ]
INFO: [ app_init ] --END-- [ RunTime:0.001001s ]
INFO: [ app_begin ] --START--
INFO: Run Behavior\ReadHtmlCacheBehavior [ RunTime:0.001000s ]
INFO: [ app_begin ] --END-- [ RunTime:0.001000s ]
SQL: SHOW COLUMNS FROM `zk_tasks` [ RunTime:0.0150s ]
SQL: SELECT * FROM `zk_tasks`  [ RunTime:0.0010s ]

[ 2017-07-21T15:04:45+08:00 ] 192.168.103.114 /index.php?m=activity&c=index&a=getActivity
INFO: [ app_init ] --START--
INFO: Run Behavior\BuildLiteBehavior [ RunTime:0.000000s ]
INFO: [ app_init ] --END-- [ RunTime:0.001000s ]
INFO: [ app_begin ] --START--
INFO: Run Behavior\ReadHtmlCacheBehavior [ RunTime:0.001000s ]
INFO: [ app_begin ] --END-- [ RunTime:0.001000s ]
SQL: SHOW COLUMNS FROM `zk_tasks` [ RunTime:0.0120s ]
SQL: SELECT * FROM `zk_tasks`  [ RunTime:0.0010s ]

[ 2017-07-21T15:06:08+08:00 ] 192.168.103.114 /index.php?m=activity&c=index&a=getActivity
INFO: [ app_init ] --START--
INFO: Run Behavior\BuildLiteBehavior [ RunTime:0.000000s ]
INFO: [ app_init ] --END-- [ RunTime:0.001000s ]
INFO: [ app_begin ] --START--
INFO: Run Behavior\ReadHtmlCacheBehavior [ RunTime:0.002000s ]
INFO: [ app_begin ] --END-- [ RunTime:0.002000s ]
SQL: SHOW COLUMNS FROM `zk_tasks` [ RunTime:0.0080s ]
SQL: SELECT * FROM `zk_tasks`  [ RunTime:0.0000s ]

[ 2017-07-21T15:06:08+08:00 ] 192.168.103.114 /index.php?m=activity&c=index&a=getActivity
INFO: [ app_init ] --START--
INFO: Run Behavior\BuildLiteBehavior [ RunTime:0.000000s ]
INFO: [ app_init ] --END-- [ RunTime:0.001000s ]
INFO: [ app_begin ] --START--
INFO: Run Behavior\ReadHtmlCacheBehavior [ RunTime:0.001000s ]
INFO: [ app_begin ] --END-- [ RunTime:0.001000s ]
SQL: SHOW COLUMNS FROM `zk_tasks` [ RunTime:0.0090s ]
SQL: SELECT * FROM `zk_tasks`  [ RunTime:0.0000s ]

[ 2017-07-21T15:06:20+08:00 ] 192.168.103.114 /index.php?m=activity&c=index&a=getActivity
INFO: [ app_init ] --START--
INFO: Run Behavior\BuildLiteBehavior [ RunTime:0.000000s ]
INFO: [ app_init ] --END-- [ RunTime:0.001000s ]
INFO: [ app_begin ] --START--
INFO: Run Behavior\ReadHtmlCacheBehavior [ RunTime:0.001000s ]
INFO: [ app_begin ] --END-- [ RunTime:0.002001s ]
SQL: SHOW COLUMNS FROM `zk_tasks` [ RunTime:0.0180s ]
SQL: SELECT * FROM `zk_tasks`  [ RunTime:0.0010s ]

[ 2017-07-21T15:07:22+08:00 ] 192.168.103.154 /index.php?m=activity&c=index&a=getActivityDetails
INFO: [ app_init ] --START--
INFO: Run Behavior\BuildLiteBehavior [ RunTime:0.000000s ]
INFO: [ app_init ] --END-- [ RunTime:0.001000s ]
INFO: [ app_begin ] --START--
INFO: Run Behavior\ReadHtmlCacheBehavior [ RunTime:0.001000s ]
INFO: [ app_begin ] --END-- [ RunTime:0.001000s ]
SQL: SHOW COLUMNS FROM `zk_tasks` [ RunTime:0.0090s ]
SQL: SELECT * FROM `zk_tasks` WHERE ( tasks_id = 28 ) LIMIT 1   [ RunTime:0.0000s ]
SQL: SHOW COLUMNS FROM `zk_project` [ RunTime:0.0090s ]
SQL: SELECT * FROM `zk_project` WHERE ( tasks_id = 28 )  [ RunTime:0.0140s ]

[ 2017-07-21T15:19:18+08:00 ] 192.168.103.114 /index.php?m=activity&c=index&a=getActivity
INFO: [ app_init ] --START--
INFO: Run Behavior\BuildLiteBehavior [ RunTime:0.000000s ]
INFO: [ app_init ] --END-- [ RunTime:0.001000s ]
INFO: [ app_begin ] --START--
INFO: Run Behavior\ReadHtmlCacheBehavior [ RunTime:0.001000s ]
INFO: [ app_begin ] --END-- [ RunTime:0.001000s ]
SQL: SHOW COLUMNS FROM `zk_tasks` [ RunTime:0.0230s ]
SQL: SELECT * FROM `zk_tasks`  [ RunTime:0.0010s ]

[ 2017-07-21T15:19:20+08:00 ] 192.168.103.114 /index.php?m=activity&c=index&a=getActivityDetails
INFO: [ app_init ] --START--
INFO: Run Behavior\BuildLiteBehavior [ RunTime:0.000000s ]
INFO: [ app_init ] --END-- [ RunTime:0.001000s ]
INFO: [ app_begin ] --START--
INFO: Run Behavior\ReadHtmlCacheBehavior [ RunTime:0.001000s ]
INFO: [ app_begin ] --END-- [ RunTime:0.001000s ]
SQL: SHOW COLUMNS FROM `zk_tasks` [ RunTime:0.0140s ]
SQL: SELECT * FROM `zk_tasks` WHERE ( tasks_id = 28 ) LIMIT 1   [ RunTime:0.0000s ]
SQL: SHOW COLUMNS FROM `zk_project` [ RunTime:0.0140s ]
SQL: SELECT * FROM `zk_project` WHERE ( tasks_id = 28 )  [ RunTime:0.0010s ]

